Results from VORTEX 10.5.4.0
Project: Bubulcus_ibis
Scenario: Default Scenario

Population 1: Population1

Year 0
     N[Extinct] =    0, P[E] =  0.000
     N[Surviving] =  5000, P[S] =  1.000
     N[1st extinct] =  0, P[1st extinct] =  0.000
     Mean size (all populations) = 371037.00 (0.00 SE; 0.00 SD)
  Means across extant populations only:
     Population size =          371037.00 (0.00 SE; 0.00 SD)

Year 1
     N[Extinct] =    0, P[E] =  0.000
     N[Surviving] =  5000, P[S] =  1.000
     N[1st extinct] =  0, P[1st extinct] =  0.000
     Mean size (all populations) = 370179.22 (514.11 SE; 36352.82 SD)
  Means across extant populations only:
     Population size =          370179.22 (514.11 SE; 36352.82 SD)

Year 2
     N[Extinct] =    0, P[E] =  0.000
     N[Surviving] =  5000, P[S] =  1.000
     N[1st extinct] =  0, P[1st extinct] =  0.000
     Mean size (all populations) = 368103.30 (510.64 SE; 36107.46 SD)
  Means across extant populations only:
     Population size =          368103.30 (510.64 SE; 36107.46 SD)

Year 3
     N[Extinct] =    0, P[E] =  0.000
     N[Surviving] =  5000, P[S] =  1.000
     N[1st extinct] =  0, P[1st extinct] =  0.000
     Mean size (all populations) = 368948.56 (500.35 SE; 35379.82 SD)
  Means across extant populations only:
     Population size =          368948.56 (500.35 SE; 35379.82 SD)

Year 4
     N[Extinct] =    0, P[E] =  0.000
     N[Surviving] =  5000, P[S] =  1.000
     N[1st extinct] =  0, P[1st extinct] =  0.000
     Mean size (all populations) = 368471.61 (493.77 SE; 34914.90 SD)
  Means across extant populations only:
     Population size =          368471.61 (493.77 SE; 34914.90 SD)

Year 5
     N[Extinct] =    0, P[E] =  0.000
     N[Surviving] =  5000, P[S] =  1.000
     N[1st extinct] =  0, P[1st extinct] =  0.000
     Mean size (all populations) = 368530.74 (504.37 SE; 35664.48 SD)
  Means across extant populations only:
     Population size =          368530.74 (504.37 SE; 35664.48 SD)

Year 6
     N[Extinct] =    0, P[E] =  0.000
     N[Surviving] =  5000, P[S] =  1.000
     N[1st extinct] =  0, P[1st extinct] =  0.000
     Mean size (all populations) = 368655.68 (499.87 SE; 35346.48 SD)
  Means across extant populations only:
     Population size =          368655.68 (499.87 SE; 35346.48 SD)

Year 7
     N[Extinct] =    0, P[E] =  0.000
     N[Surviving] =  5000, P[S] =  1.000
     N[1st extinct] =  0, P[1st extinct] =  0.000
     Mean size (all populations) = 367950.35 (494.46 SE; 34963.60 SD)
  Means across extant populations only:
     Population size =          367950.35 (494.46 SE; 34963.60 SD)

Year 8
     N[Extinct] =    0, P[E] =  0.000
     N[Surviving] =  5000, P[S] =  1.000
     N[1st extinct] =  0, P[1st extinct] =  0.000
     Mean size (all populations) = 369093.39 (491.37 SE; 34744.76 SD)
  Means across extant populations only:
     Population size =          369093.39 (491.37 SE; 34744.76 SD)

Year 9
     N[Extinct] =    0, P[E] =  0.000
     N[Surviving] =  5000, P[S] =  1.000
     N[1st extinct] =  0, P[1st extinct] =  0.000
     Mean size (all populations) = 368108.68 (497.59 SE; 35185.04 SD)
  Means across extant populations only:
     Population size =          368108.68 (497.59 SE; 35185.04 SD)

Year 10
     N[Extinct] =    0, P[E] =  0.000
     N[Surviving] =  5000, P[S] =  1.000
     N[1st extinct] =  0, P[1st extinct] =  0.000
     Mean size (all populations) = 367994.73 (490.64 SE; 34693.15 SD)
  Means across extant populations only:
     Population size =          367994.73 (490.64 SE; 34693.15 SD)

Year 11
     N[Extinct] =    0, P[E] =  0.000
     N[Surviving] =  5000, P[S] =  1.000
     N[1st extinct] =  0, P[1st extinct] =  0.000
     Mean size (all populations) = 368664.72 (496.06 SE; 35076.66 SD)
  Means across extant populations only:
     Population size =          368664.72 (496.06 SE; 35076.66 SD)

Year 12
     N[Extinct] =    0, P[E] =  0.000
     N[Surviving] =  5000, P[S] =  1.000
     N[1st extinct] =  0, P[1st extinct] =  0.000
     Mean size (all populations) = 368654.15 (493.93 SE; 34925.81 SD)
  Means across extant populations only:
     Population size =          368654.15 (493.93 SE; 34925.81 SD)

Year 13
     N[Extinct] =    0, P[E] =  0.000
     N[Surviving] =  5000, P[S] =  1.000
     N[1st extinct] =  0, P[1st extinct] =  0.000
     Mean size (all populations) = 367824.28 (498.52 SE; 35250.98 SD)
  Means across extant populations only:
     Population size =          367824.28 (498.52 SE; 35250.98 SD)

Year 14
     N[Extinct] =    0, P[E] =  0.000
     N[Surviving] =  5000, P[S] =  1.000
     N[1st extinct] =  0, P[1st extinct] =  0.000
     Mean size (all populations) = 367957.25 (492.09 SE; 34795.73 SD)
  Means across extant populations only:
     Population size =          367957.25 (492.09 SE; 34795.73 SD)

Year 15
     N[Extinct] =    0, P[E] =  0.000
     N[Surviving] =  5000, P[S] =  1.000
     N[1st extinct] =  0, P[1st extinct] =  0.000
     Mean size (all populations) = 367337.57 (497.83 SE; 35202.08 SD)
  Means across extant populations only:
     Population size =          367337.57 (497.83 SE; 35202.08 SD)

Year 16
     N[Extinct] =    0, P[E] =  0.000
     N[Surviving] =  5000, P[S] =  1.000
     N[1st extinct] =  0, P[1st extinct] =  0.000
     Mean size (all populations) = 368799.94 (499.60 SE; 35326.88 SD)
  Means across extant populations only:
     Population size =          368799.94 (499.60 SE; 35326.88 SD)

Year 17
     N[Extinct] =    0, P[E] =  0.000
     N[Surviving] =  5000, P[S] =  1.000
     N[1st extinct] =  0, P[1st extinct] =  0.000
     Mean size (all populations) = 368655.50 (501.84 SE; 35485.64 SD)
  Means across extant populations only:
     Population size =          368655.50 (501.84 SE; 35485.64 SD)

Year 18
     N[Extinct] =    0, P[E] =  0.000
     N[Surviving] =  5000, P[S] =  1.000
     N[1st extinct] =  0, P[1st extinct] =  0.000
     Mean size (all populations) = 367829.67 (497.01 SE; 35144.15 SD)
  Means across extant populations only:
     Population size =          367829.67 (497.01 SE; 35144.15 SD)

Year 19
     N[Extinct] =    0, P[E] =  0.000
     N[Surviving] =  5000, P[S] =  1.000
     N[1st extinct] =  0, P[1st extinct] =  0.000
     Mean size (all populations) = 367666.30 (505.29 SE; 35729.23 SD)
  Means across extant populations only:
     Population size =          367666.30 (505.29 SE; 35729.23 SD)

Year 20
     N[Extinct] =    0, P[E] =  0.000
     N[Surviving] =  5000, P[S] =  1.000
     N[1st extinct] =  0, P[1st extinct] =  0.000
     Mean size (all populations) = 368081.89 (504.23 SE; 35654.13 SD)
  Means across extant populations only:
     Population size =          368081.89 (504.23 SE; 35654.13 SD)

Year 21
     N[Extinct] =    0, P[E] =  0.000
     N[Surviving] =  5000, P[S] =  1.000
     N[1st extinct] =  0, P[1st extinct] =  0.000
     Mean size (all populations) = 368031.56 (493.52 SE; 34897.23 SD)
  Means across extant populations only:
     Population size =          368031.56 (493.52 SE; 34897.23 SD)

Year 22
     N[Extinct] =    0, P[E] =  0.000
     N[Surviving] =  5000, P[S] =  1.000
     N[1st extinct] =  0, P[1st extinct] =  0.000
     Mean size (all populations) = 368368.59 (491.91 SE; 34783.16 SD)
  Means across extant populations only:
     Population size =          368368.59 (491.91 SE; 34783.16 SD)

Year 23
     N[Extinct] =    0, P[E] =  0.000
     N[Surviving] =  5000, P[S] =  1.000
     N[1st extinct] =  0, P[1st extinct] =  0.000
     Mean size (all populations) = 368988.77 (492.01 SE; 34790.53 SD)
  Means across extant populations only:
     Population size =          368988.77 (492.01 SE; 34790.53 SD)

Year 24
     N[Extinct] =    0, P[E] =  0.000
     N[Surviving] =  5000, P[S] =  1.000
     N[1st extinct] =  0, P[1st extinct] =  0.000
     Mean size (all populations) = 368777.19 (500.90 SE; 35419.02 SD)
  Means across extant populations only:
     Population size =          368777.19 (500.90 SE; 35419.02 SD)

Year 25
     N[Extinct] =    0, P[E] =  0.000
     N[Surviving] =  5000, P[S] =  1.000
     N[1st extinct] =  0, P[1st extinct] =  0.000
     Mean size (all populations) = 369298.84 (501.24 SE; 35443.07 SD)
  Means across extant populations only:
     Population size =          369298.84 (501.24 SE; 35443.07 SD)

Year 26
     N[Extinct] =    0, P[E] =  0.000
     N[Surviving] =  5000, P[S] =  1.000
     N[1st extinct] =  0, P[1st extinct] =  0.000
     Mean size (all populations) = 368362.26 (494.68 SE; 34978.96 SD)
  Means across extant populations only:
     Population size =          368362.26 (494.68 SE; 34978.96 SD)

Year 27
     N[Extinct] =    0, P[E] =  0.000
     N[Surviving] =  5000, P[S] =  1.000
     N[1st extinct] =  0, P[1st extinct] =  0.000
     Mean size (all populations) = 368961.84 (499.30 SE; 35305.55 SD)
  Means across extant populations only:
     Population size =          368961.84 (499.30 SE; 35305.55 SD)

Year 28
     N[Extinct] =    0, P[E] =  0.000
     N[Surviving] =  5000, P[S] =  1.000
     N[1st extinct] =  0, P[1st extinct] =  0.000
     Mean size (all populations) = 368734.59 (504.48 SE; 35671.92 SD)
  Means across extant populations only:
     Population size =          368734.59 (504.48 SE; 35671.92 SD)

Year 29
     N[Extinct] =    0, P[E] =  0.000
     N[Surviving] =  5000, P[S] =  1.000
     N[1st extinct] =  0, P[1st extinct] =  0.000
     Mean size (all populations) = 367800.75 (505.92 SE; 35774.08 SD)
  Means across extant populations only:
     Population size =          367800.75 (505.92 SE; 35774.08 SD)

Year 30
     N[Extinct] =    0, P[E] =  0.000
     N[Surviving] =  5000, P[S] =  1.000
     N[1st extinct] =  0, P[1st extinct] =  0.000
     Mean size (all populations) = 368550.56 (508.40 SE; 35949.34 SD)
  Means across extant populations only:
     Population size =          368550.56 (508.40 SE; 35949.34 SD)

Year 31
     N[Extinct] =    0, P[E] =  0.000
     N[Surviving] =  5000, P[S] =  1.000
     N[1st extinct] =  0, P[1st extinct] =  0.000
     Mean size (all populations) = 367786.81 (491.38 SE; 34745.59 SD)
  Means across extant populations only:
     Population size =          367786.81 (491.38 SE; 34745.59 SD)

Year 32
     N[Extinct] =    0, P[E] =  0.000
     N[Surviving] =  5000, P[S] =  1.000
     N[1st extinct] =  0, P[1st extinct] =  0.000
     Mean size (all populations) = 368230.34 (503.29 SE; 35587.64 SD)
  Means across extant populations only:
     Population size =          368230.34 (503.29 SE; 35587.64 SD)

Year 33
     N[Extinct] =    0, P[E] =  0.000
     N[Surviving] =  5000, P[S] =  1.000
     N[1st extinct] =  0, P[1st extinct] =  0.000
     Mean size (all populations) = 368322.27 (499.08 SE; 35290.21 SD)
  Means across extant populations only:
     Population size =          368322.27 (499.08 SE; 35290.21 SD)

Year 34
     N[Extinct] =    0, P[E] =  0.000
     N[Surviving] =  5000, P[S] =  1.000
     N[1st extinct] =  0, P[1st extinct] =  0.000
     Mean size (all populations) = 369047.15 (492.49 SE; 34824.12 SD)
  Means across extant populations only:
     Population size =          369047.15 (492.49 SE; 34824.12 SD)

Year 35
     N[Extinct] =    0, P[E] =  0.000
     N[Surviving] =  5000, P[S] =  1.000
     N[1st extinct] =  0, P[1st extinct] =  0.000
     Mean size (all populations) = 368364.82 (499.73 SE; 35335.93 SD)
  Means across extant populations only:
     Population size =          368364.82 (499.73 SE; 35335.93 SD)

Year 36
     N[Extinct] =    0, P[E] =  0.000
     N[Surviving] =  5000, P[S] =  1.000
     N[1st extinct] =  0, P[1st extinct] =  0.000
     Mean size (all populations) = 369610.56 (489.05 SE; 34581.39 SD)
  Means across extant populations only:
     Population size =          369610.56 (489.05 SE; 34581.39 SD)

Year 37
     N[Extinct] =    0, P[E] =  0.000
     N[Surviving] =  5000, P[S] =  1.000
     N[1st extinct] =  0, P[1st extinct] =  0.000
     Mean size (all populations) = 368452.46 (505.43 SE; 35739.07 SD)
  Means across extant populations only:
     Population size =          368452.46 (505.43 SE; 35739.07 SD)

Year 38
     N[Extinct] =    0, P[E] =  0.000
     N[Surviving] =  5000, P[S] =  1.000
     N[1st extinct] =  0, P[1st extinct] =  0.000
     Mean size (all populations) = 368411.39 (502.66 SE; 35543.31 SD)
  Means across extant populations only:
     Population size =          368411.39 (502.66 SE; 35543.31 SD)

Year 39
     N[Extinct] =    0, P[E] =  0.000
     N[Surviving] =  5000, P[S] =  1.000
     N[1st extinct] =  0, P[1st extinct] =  0.000
     Mean size (all populations) = 367794.81 (498.56 SE; 35253.36 SD)
  Means across extant populations only:
     Population size =          367794.81 (498.56 SE; 35253.36 SD)

Year 40
     N[Extinct] =    0, P[E] =  0.000
     N[Surviving] =  5000, P[S] =  1.000
     N[1st extinct] =  0, P[1st extinct] =  0.000
     Mean size (all populations) = 368708.84 (504.60 SE; 35680.39 SD)
  Means across extant populations only:
     Population size =          368708.84 (504.60 SE; 35680.39 SD)

Year 41
     N[Extinct] =    0, P[E] =  0.000
     N[Surviving] =  5000, P[S] =  1.000
     N[1st extinct] =  0, P[1st extinct] =  0.000
     Mean size (all populations) = 368815.25 (505.02 SE; 35710.18 SD)
  Means across extant populations only:
     Population size =          368815.25 (505.02 SE; 35710.18 SD)

Year 42
     N[Extinct] =    0, P[E] =  0.000
     N[Surviving] =  5000, P[S] =  1.000
     N[1st extinct] =  0, P[1st extinct] =  0.000
     Mean size (all populations) = 368989.55 (501.19 SE; 35439.19 SD)
  Means across extant populations only:
     Population size =          368989.55 (501.19 SE; 35439.19 SD)

Year 43
     N[Extinct] =    0, P[E] =  0.000
     N[Surviving] =  5000, P[S] =  1.000
     N[1st extinct] =  0, P[1st extinct] =  0.000
     Mean size (all populations) = 368015.73 (505.17 SE; 35720.91 SD)
  Means across extant populations only:
     Population size =          368015.73 (505.17 SE; 35720.91 SD)

Year 44
     N[Extinct] =    0, P[E] =  0.000
     N[Surviving] =  5000, P[S] =  1.000
     N[1st extinct] =  0, P[1st extinct] =  0.000
     Mean size (all populations) = 368360.55 (503.49 SE; 35601.89 SD)
  Means across extant populations only:
     Population size =          368360.55 (503.49 SE; 35601.89 SD)

Year 45
     N[Extinct] =    0, P[E] =  0.000
     N[Surviving] =  5000, P[S] =  1.000
     N[1st extinct] =  0, P[1st extinct] =  0.000
     Mean size (all populations) = 368786.18 (506.10 SE; 35786.35 SD)
  Means across extant populations only:
     Population size =          368786.18 (506.10 SE; 35786.35 SD)

Year 46
     N[Extinct] =    0, P[E] =  0.000
     N[Surviving] =  5000, P[S] =  1.000
     N[1st extinct] =  0, P[1st extinct] =  0.000
     Mean size (all populations) = 367445.59 (496.85 SE; 35132.88 SD)
  Means across extant populations only:
     Population size =          367445.59 (496.85 SE; 35132.88 SD)

Year 47
     N[Extinct] =    0, P[E] =  0.000
     N[Surviving] =  5000, P[S] =  1.000
     N[1st extinct] =  0, P[1st extinct] =  0.000
     Mean size (all populations) = 368331.21 (497.42 SE; 35172.87 SD)
  Means across extant populations only:
     Population size =          368331.21 (497.42 SE; 35172.87 SD)

Year 48
     N[Extinct] =    0, P[E] =  0.000
     N[Surviving] =  5000, P[S] =  1.000
     N[1st extinct] =  0, P[1st extinct] =  0.000
     Mean size (all populations) = 369105.40 (499.70 SE; 35334.11 SD)
  Means across extant populations only:
     Population size =          369105.40 (499.70 SE; 35334.11 SD)

Year 49
     N[Extinct] =    0, P[E] =  0.000
     N[Surviving] =  5000, P[S] =  1.000
     N[1st extinct] =  0, P[1st extinct] =  0.000
     Mean size (all populations) = 368427.18 (497.04 SE; 35145.83 SD)
  Means across extant populations only:
     Population size =          368427.18 (497.04 SE; 35145.83 SD)

Year 50
     N[Extinct] =    0, P[E] =  0.000
     N[Surviving] =  5000, P[S] =  1.000
     N[1st extinct] =  0, P[1st extinct] =  0.000
     Mean size (all populations) = 368284.96 (496.64 SE; 35117.75 SD)
  Means across extant populations only:
     Population size =          368284.96 (496.64 SE; 35117.75 SD)

Year 51
     N[Extinct] =    0, P[E] =  0.000
     N[Surviving] =  5000, P[S] =  1.000
     N[1st extinct] =  0, P[1st extinct] =  0.000
     Mean size (all populations) = 369149.35 (494.37 SE; 34957.53 SD)
  Means across extant populations only:
     Population size =          369149.35 (494.37 SE; 34957.53 SD)

Year 52
     N[Extinct] =    0, P[E] =  0.000
     N[Surviving] =  5000, P[S] =  1.000
     N[1st extinct] =  0, P[1st extinct] =  0.000
     Mean size (all populations) = 368952.27 (501.21 SE; 35440.62 SD)
  Means across extant populations only:
     Population size =          368952.27 (501.21 SE; 35440.62 SD)

Year 53
     N[Extinct] =    0, P[E] =  0.000
     N[Surviving] =  5000, P[S] =  1.000
     N[1st extinct] =  0, P[1st extinct] =  0.000
     Mean size (all populations) = 368753.40 (497.97 SE; 35211.61 SD)
  Means across extant populations only:
     Population size =          368753.40 (497.97 SE; 35211.61 SD)

Year 54
     N[Extinct] =    0, P[E] =  0.000
     N[Surviving] =  5000, P[S] =  1.000
     N[1st extinct] =  0, P[1st extinct] =  0.000
     Mean size (all populations) = 368252.77 (502.09 SE; 35503.43 SD)
  Means across extant populations only:
     Population size =          368252.77 (502.09 SE; 35503.43 SD)

Year 55
     N[Extinct] =    0, P[E] =  0.000
     N[Surviving] =  5000, P[S] =  1.000
     N[1st extinct] =  0, P[1st extinct] =  0.000
     Mean size (all populations) = 368101.47 (501.55 SE; 35464.74 SD)
  Means across extant populations only:
     Population size =          368101.47 (501.55 SE; 35464.74 SD)

Year 56
     N[Extinct] =    0, P[E] =  0.000
     N[Surviving] =  5000, P[S] =  1.000
     N[1st extinct] =  0, P[1st extinct] =  0.000
     Mean size (all populations) = 368261.90 (492.32 SE; 34812.06 SD)
  Means across extant populations only:
     Population size =          368261.90 (492.32 SE; 34812.06 SD)

Year 57
     N[Extinct] =    0, P[E] =  0.000
     N[Surviving] =  5000, P[S] =  1.000
     N[1st extinct] =  0, P[1st extinct] =  0.000
     Mean size (all populations) = 368731.68 (492.21 SE; 34804.62 SD)
  Means across extant populations only:
     Population size =          368731.68 (492.21 SE; 34804.62 SD)

Year 58
     N[Extinct] =    0, P[E] =  0.000
     N[Surviving] =  5000, P[S] =  1.000
     N[1st extinct] =  0, P[1st extinct] =  0.000
     Mean size (all populations) = 368115.63 (498.27 SE; 35233.34 SD)
  Means across extant populations only:
     Population size =          368115.63 (498.27 SE; 35233.34 SD)

Year 59
     N[Extinct] =    0, P[E] =  0.000
     N[Surviving] =  5000, P[S] =  1.000
     N[1st extinct] =  0, P[1st extinct] =  0.000
     Mean size (all populations) = 369166.24 (500.11 SE; 35363.46 SD)
  Means across extant populations only:
     Population size =          369166.24 (500.11 SE; 35363.46 SD)

Year 60
     N[Extinct] =    0, P[E] =  0.000
     N[Surviving] =  5000, P[S] =  1.000
     N[1st extinct] =  0, P[1st extinct] =  0.000
     Mean size (all populations) = 368790.14 (505.23 SE; 35725.27 SD)
  Means across extant populations only:
     Population size =          368790.14 (505.23 SE; 35725.27 SD)

Year 61
     N[Extinct] =    0, P[E] =  0.000
     N[Surviving] =  5000, P[S] =  1.000
     N[1st extinct] =  0, P[1st extinct] =  0.000
     Mean size (all populations) = 368344.38 (494.79 SE; 34986.99 SD)
  Means across extant populations only:
     Population size =          368344.38 (494.79 SE; 34986.99 SD)

Year 62
     N[Extinct] =    0, P[E] =  0.000
     N[Surviving] =  5000, P[S] =  1.000
     N[1st extinct] =  0, P[1st extinct] =  0.000
     Mean size (all populations) = 368791.43 (499.91 SE; 35349.29 SD)
  Means across extant populations only:
     Population size =          368791.43 (499.91 SE; 35349.29 SD)

Year 63
     N[Extinct] =    0, P[E] =  0.000
     N[Surviving] =  5000, P[S] =  1.000
     N[1st extinct] =  0, P[1st extinct] =  0.000
     Mean size (all populations) = 367746.41 (502.29 SE; 35517.04 SD)
  Means across extant populations only:
     Population size =          367746.41 (502.29 SE; 35517.04 SD)

Year 64
     N[Extinct] =    0, P[E] =  0.000
     N[Surviving] =  5000, P[S] =  1.000
     N[1st extinct] =  0, P[1st extinct] =  0.000
     Mean size (all populations) = 369031.71 (498.25 SE; 35231.44 SD)
  Means across extant populations only:
     Population size =          369031.71 (498.25 SE; 35231.44 SD)

Year 65
     N[Extinct] =    0, P[E] =  0.000
     N[Surviving] =  5000, P[S] =  1.000
     N[1st extinct] =  0, P[1st extinct] =  0.000
     Mean size (all populations) = 368141.56 (499.07 SE; 35289.71 SD)
  Means across extant populations only:
     Population size =          368141.56 (499.07 SE; 35289.71 SD)

Year 66
     N[Extinct] =    0, P[E] =  0.000
     N[Surviving] =  5000, P[S] =  1.000
     N[1st extinct] =  0, P[1st extinct] =  0.000
     Mean size (all populations) = 368361.51 (500.56 SE; 35395.03 SD)
  Means across extant populations only:
     Population size =          368361.51 (500.56 SE; 35395.03 SD)

Year 67
     N[Extinct] =    0, P[E] =  0.000
     N[Surviving] =  5000, P[S] =  1.000
     N[1st extinct] =  0, P[1st extinct] =  0.000
     Mean size (all populations) = 368241.31 (496.23 SE; 35088.87 SD)
  Means across extant populations only:
     Population size =          368241.31 (496.23 SE; 35088.87 SD)

Year 68
     N[Extinct] =    0, P[E] =  0.000
     N[Surviving] =  5000, P[S] =  1.000
     N[1st extinct] =  0, P[1st extinct] =  0.000
     Mean size (all populations) = 369016.19 (500.13 SE; 35364.69 SD)
  Means across extant populations only:
     Population size =          369016.19 (500.13 SE; 35364.69 SD)

Year 69
     N[Extinct] =    0, P[E] =  0.000
     N[Surviving] =  5000, P[S] =  1.000
     N[1st extinct] =  0, P[1st extinct] =  0.000
     Mean size (all populations) = 369133.33 (491.42 SE; 34748.31 SD)
  Means across extant populations only:
     Population size =          369133.33 (491.42 SE; 34748.31 SD)

Year 70
     N[Extinct] =    0, P[E] =  0.000
     N[Surviving] =  5000, P[S] =  1.000
     N[1st extinct] =  0, P[1st extinct] =  0.000
     Mean size (all populations) = 367869.15 (497.02 SE; 35144.54 SD)
  Means across extant populations only:
     Population size =          367869.15 (497.02 SE; 35144.54 SD)

Year 71
     N[Extinct] =    0, P[E] =  0.000
     N[Surviving] =  5000, P[S] =  1.000
     N[1st extinct] =  0, P[1st extinct] =  0.000
     Mean size (all populations) = 368887.06 (498.09 SE; 35220.46 SD)
  Means across extant populations only:
     Population size =          368887.06 (498.09 SE; 35220.46 SD)

Year 72
     N[Extinct] =    0, P[E] =  0.000
     N[Surviving] =  5000, P[S] =  1.000
     N[1st extinct] =  0, P[1st extinct] =  0.000
     Mean size (all populations) = 369018.67 (498.19 SE; 35227.59 SD)
  Means across extant populations only:
     Population size =          369018.67 (498.19 SE; 35227.59 SD)

Year 73
     N[Extinct] =    0, P[E] =  0.000
     N[Surviving] =  5000, P[S] =  1.000
     N[1st extinct] =  0, P[1st extinct] =  0.000
     Mean size (all populations) = 367481.19 (499.33 SE; 35307.93 SD)
  Means across extant populations only:
     Population size =          367481.19 (499.33 SE; 35307.93 SD)

Year 74
     N[Extinct] =    0, P[E] =  0.000
     N[Surviving] =  5000, P[S] =  1.000
     N[1st extinct] =  0, P[1st extinct] =  0.000
     Mean size (all populations) = 368928.55 (502.29 SE; 35517.19 SD)
  Means across extant populations only:
     Population size =          368928.55 (502.29 SE; 35517.19 SD)

Year 75
     N[Extinct] =    0, P[E] =  0.000
     N[Surviving] =  5000, P[S] =  1.000
     N[1st extinct] =  0, P[1st extinct] =  0.000
     Mean size (all populations) = 368163.23 (496.95 SE; 35139.67 SD)
  Means across extant populations only:
     Population size =          368163.23 (496.95 SE; 35139.67 SD)

Year 76
     N[Extinct] =    0, P[E] =  0.000
     N[Surviving] =  5000, P[S] =  1.000
     N[1st extinct] =  0, P[1st extinct] =  0.000
     Mean size (all populations) = 367703.25 (500.65 SE; 35401.44 SD)
  Means across extant populations only:
     Population size =          367703.25 (500.65 SE; 35401.44 SD)

Year 77
     N[Extinct] =    0, P[E] =  0.000
     N[Surviving] =  5000, P[S] =  1.000
     N[1st extinct] =  0, P[1st extinct] =  0.000
     Mean size (all populations) = 368281.49 (492.12 SE; 34797.88 SD)
  Means across extant populations only:
     Population size =          368281.49 (492.12 SE; 34797.88 SD)

Year 78
     N[Extinct] =    0, P[E] =  0.000
     N[Surviving] =  5000, P[S] =  1.000
     N[1st extinct] =  0, P[1st extinct] =  0.000
     Mean size (all populations) = 368283.18 (494.12 SE; 34939.56 SD)
  Means across extant populations only:
     Population size =          368283.18 (494.12 SE; 34939.56 SD)

Year 79
     N[Extinct] =    0, P[E] =  0.000
     N[Surviving] =  5000, P[S] =  1.000
     N[1st extinct] =  0, P[1st extinct] =  0.000
     Mean size (all populations) = 368704.93 (499.12 SE; 35293.34 SD)
  Means across extant populations only:
     Population size =          368704.93 (499.12 SE; 35293.34 SD)

Year 80
     N[Extinct] =    0, P[E] =  0.000
     N[Surviving] =  5000, P[S] =  1.000
     N[1st extinct] =  0, P[1st extinct] =  0.000
     Mean size (all populations) = 367271.80 (491.19 SE; 34732.44 SD)
  Means across extant populations only:
     Population size =          367271.80 (491.19 SE; 34732.44 SD)

Year 81
     N[Extinct] =    0, P[E] =  0.000
     N[Surviving] =  5000, P[S] =  1.000
     N[1st extinct] =  0, P[1st extinct] =  0.000
     Mean size (all populations) = 368539.28 (501.16 SE; 35437.23 SD)
  Means across extant populations only:
     Population size =          368539.28 (501.16 SE; 35437.23 SD)

Year 82
     N[Extinct] =    0, P[E] =  0.000
     N[Surviving] =  5000, P[S] =  1.000
     N[1st extinct] =  0, P[1st extinct] =  0.000
     Mean size (all populations) = 368398.92 (498.23 SE; 35230.36 SD)
  Means across extant populations only:
     Population size =          368398.92 (498.23 SE; 35230.36 SD)

Year 83
     N[Extinct] =    0, P[E] =  0.000
     N[Surviving] =  5000, P[S] =  1.000
     N[1st extinct] =  0, P[1st extinct] =  0.000
     Mean size (all populations) = 367514.38 (496.49 SE; 35107.44 SD)
  Means across extant populations only:
     Population size =          367514.38 (496.49 SE; 35107.44 SD)

Year 84
     N[Extinct] =    0, P[E] =  0.000
     N[Surviving] =  5000, P[S] =  1.000
     N[1st extinct] =  0, P[1st extinct] =  0.000
     Mean size (all populations) = 368207.68 (494.00 SE; 34931.03 SD)
  Means across extant populations only:
     Population size =          368207.68 (494.00 SE; 34931.03 SD)

Year 85
     N[Extinct] =    0, P[E] =  0.000
     N[Surviving] =  5000, P[S] =  1.000
     N[1st extinct] =  0, P[1st extinct] =  0.000
     Mean size (all populations) = 368444.61 (494.76 SE; 34985.10 SD)
  Means across extant populations only:
     Population size =          368444.61 (494.76 SE; 34985.10 SD)

Year 86
     N[Extinct] =    0, P[E] =  0.000
     N[Surviving] =  5000, P[S] =  1.000
     N[1st extinct] =  0, P[1st extinct] =  0.000
     Mean size (all populations) = 368151.22 (496.99 SE; 35142.76 SD)
  Means across extant populations only:
     Population size =          368151.22 (496.99 SE; 35142.76 SD)

Year 87
     N[Extinct] =    0, P[E] =  0.000
     N[Surviving] =  5000, P[S] =  1.000
     N[1st extinct] =  0, P[1st extinct] =  0.000
     Mean size (all populations) = 369391.34 (500.46 SE; 35388.11 SD)
  Means across extant populations only:
     Population size =          369391.34 (500.46 SE; 35388.11 SD)

Year 88
     N[Extinct] =    0, P[E] =  0.000
     N[Surviving] =  5000, P[S] =  1.000
     N[1st extinct] =  0, P[1st extinct] =  0.000
     Mean size (all populations) = 368314.51 (488.96 SE; 34574.76 SD)
  Means across extant populations only:
     Population size =          368314.51 (488.96 SE; 34574.76 SD)

Year 89
     N[Extinct] =    0, P[E] =  0.000
     N[Surviving] =  5000, P[S] =  1.000
     N[1st extinct] =  0, P[1st extinct] =  0.000
     Mean size (all populations) = 368571.95 (501.74 SE; 35478.57 SD)
  Means across extant populations only:
     Population size =          368571.95 (501.74 SE; 35478.57 SD)

Year 90
     N[Extinct] =    0, P[E] =  0.000
     N[Surviving] =  5000, P[S] =  1.000
     N[1st extinct] =  0, P[1st extinct] =  0.000
     Mean size (all populations) = 368680.15 (501.41 SE; 35454.88 SD)
  Means across extant populations only:
     Population size =          368680.15 (501.41 SE; 35454.88 SD)

Year 91
     N[Extinct] =    0, P[E] =  0.000
     N[Surviving] =  5000, P[S] =  1.000
     N[1st extinct] =  0, P[1st extinct] =  0.000
     Mean size (all populations) = 368223.02 (491.03 SE; 34721.38 SD)
  Means across extant populations only:
     Population size =          368223.02 (491.03 SE; 34721.38 SD)

Year 92
     N[Extinct] =    0, P[E] =  0.000
     N[Surviving] =  5000, P[S] =  1.000
     N[1st extinct] =  0, P[1st extinct] =  0.000
     Mean size (all populations) = 369184.35 (498.92 SE; 35278.68 SD)
  Means across extant populations only:
     Population size =          369184.35 (498.92 SE; 35278.68 SD)

Year 93
     N[Extinct] =    0, P[E] =  0.000
     N[Surviving] =  5000, P[S] =  1.000
     N[1st extinct] =  0, P[1st extinct] =  0.000
     Mean size (all populations) = 368402.21 (509.46 SE; 36023.98 SD)
  Means across extant populations only:
     Population size =          368402.21 (509.46 SE; 36023.98 SD)

Year 94
     N[Extinct] =    0, P[E] =  0.000
     N[Surviving] =  5000, P[S] =  1.000
     N[1st extinct] =  0, P[1st extinct] =  0.000
     Mean size (all populations) = 369436.19 (497.55 SE; 35182.19 SD)
  Means across extant populations only:
     Population size =          369436.19 (497.55 SE; 35182.19 SD)

Year 95
     N[Extinct] =    0, P[E] =  0.000
     N[Surviving] =  5000, P[S] =  1.000
     N[1st extinct] =  0, P[1st extinct] =  0.000
     Mean size (all populations) = 368793.31 (500.12 SE; 35363.88 SD)
  Means across extant populations only:
     Population size =          368793.31 (500.12 SE; 35363.88 SD)

Year 96
     N[Extinct] =    0, P[E] =  0.000
     N[Surviving] =  5000, P[S] =  1.000
     N[1st extinct] =  0, P[1st extinct] =  0.000
     Mean size (all populations) = 368831.10 (505.88 SE; 35771.34 SD)
  Means across extant populations only:
     Population size =          368831.10 (505.88 SE; 35771.34 SD)

Year 97
     N[Extinct] =    0, P[E] =  0.000
     N[Surviving] =  5000, P[S] =  1.000
     N[1st extinct] =  0, P[1st extinct] =  0.000
     Mean size (all populations) = 368539.91 (498.74 SE; 35266.40 SD)
  Means across extant populations only:
     Population size =          368539.91 (498.74 SE; 35266.40 SD)

Year 98
     N[Extinct] =    0, P[E] =  0.000
     N[Surviving] =  5000, P[S] =  1.000
     N[1st extinct] =  0, P[1st extinct] =  0.000
     Mean size (all populations) = 368004.95 (497.20 SE; 35157.29 SD)
  Means across extant populations only:
     Population size =          368004.95 (497.20 SE; 35157.29 SD)

Year 99
     N[Extinct] =    0, P[E] =  0.000
     N[Surviving] =  5000, P[S] =  1.000
     N[1st extinct] =  0, P[1st extinct] =  0.000
     Mean size (all populations) = 368162.35 (489.58 SE; 34618.45 SD)
  Means across extant populations only:
     Population size =          368162.35 (489.58 SE; 34618.45 SD)

Year 100
     N[Extinct] =    0, P[E] =  0.000
     N[Surviving] =  5000, P[S] =  1.000
     N[1st extinct] =  0, P[1st extinct] =  0.000
     Mean size (all populations) = 367841.00 (493.16 SE; 34871.99 SD)
  Means across extant populations only:
     Population size =          367841.00 (493.16 SE; 34871.99 SD)



In 5000 simulations of Default Scenario for 100 years:
  0 went extinct and 5000 survived.

This gives a probability of extinction of 0.00000 (0.00000 SE),
  or a probability of success of          1.00000 (0.00000 SE).

Means across all populations (extant and extinct) ...
Mean final population was 367841.00 (493.16 SE; 34871.99 SD).
   Age 0       1   Adults    Total
    0.0076955.78106964.74 183920.52 Males
    0.0076955.79106964.68 183920.47 Females

Across all years, prior to carrying capacity truncation,
  mean growth rate (r) was 0.2550 (0.0001 SE, 0.0821 SD)

0 of 0 harvests of females could not be completed because of insufficient animals.
0 of 0 harvests of males could not be completed because of insufficient animals.
*************************************************************************

