Results from VORTEX 10.5.4.0
Project: Mentocrex_kioloides
Scenario: Default Scenario

Population 1: Population1

Year 0
     N[Extinct] =    0, P[E] =  0.000
     N[Surviving] =  5000, P[S] =  1.000
     N[1st extinct] =  0, P[1st extinct] =  0.000
     Mean size (all populations) = 191454.00 (0.00 SE; 0.00 SD)
  Means across extant populations only:
     Population size =          191454.00 (0.00 SE; 0.00 SD)

Year 1
     N[Extinct] =    0, P[E] =  0.000
     N[Surviving] =  5000, P[S] =  1.000
     N[1st extinct] =  0, P[1st extinct] =  0.000
     Mean size (all populations) = 191520.87 (266.74 SE; 18861.33 SD)
  Means across extant populations only:
     Population size =          191520.87 (266.74 SE; 18861.33 SD)

Year 2
     N[Extinct] =    0, P[E] =  0.000
     N[Surviving] =  5000, P[S] =  1.000
     N[1st extinct] =  0, P[1st extinct] =  0.000
     Mean size (all populations) = 191327.20 (269.46 SE; 19053.56 SD)
  Means across extant populations only:
     Population size =          191327.20 (269.46 SE; 19053.56 SD)

Year 3
     N[Extinct] =    0, P[E] =  0.000
     N[Surviving] =  5000, P[S] =  1.000
     N[1st extinct] =  0, P[1st extinct] =  0.000
     Mean size (all populations) = 191027.94 (266.22 SE; 18824.33 SD)
  Means across extant populations only:
     Population size =          191027.94 (266.22 SE; 18824.33 SD)

Year 4
     N[Extinct] =    0, P[E] =  0.000
     N[Surviving] =  5000, P[S] =  1.000
     N[1st extinct] =  0, P[1st extinct] =  0.000
     Mean size (all populations) = 191280.39 (263.94 SE; 18663.49 SD)
  Means across extant populations only:
     Population size =          191280.39 (263.94 SE; 18663.49 SD)

Year 5
     N[Extinct] =    0, P[E] =  0.000
     N[Surviving] =  5000, P[S] =  1.000
     N[1st extinct] =  0, P[1st extinct] =  0.000
     Mean size (all populations) = 191053.28 (262.84 SE; 18585.52 SD)
  Means across extant populations only:
     Population size =          191053.28 (262.84 SE; 18585.52 SD)

Year 6
     N[Extinct] =    0, P[E] =  0.000
     N[Surviving] =  5000, P[S] =  1.000
     N[1st extinct] =  0, P[1st extinct] =  0.000
     Mean size (all populations) = 190904.91 (266.03 SE; 18811.19 SD)
  Means across extant populations only:
     Population size =          190904.91 (266.03 SE; 18811.19 SD)

Year 7
     N[Extinct] =    0, P[E] =  0.000
     N[Surviving] =  5000, P[S] =  1.000
     N[1st extinct] =  0, P[1st extinct] =  0.000
     Mean size (all populations) = 191003.19 (261.81 SE; 18512.57 SD)
  Means across extant populations only:
     Population size =          191003.19 (261.81 SE; 18512.57 SD)

Year 8
     N[Extinct] =    0, P[E] =  0.000
     N[Surviving] =  5000, P[S] =  1.000
     N[1st extinct] =  0, P[1st extinct] =  0.000
     Mean size (all populations) = 190782.41 (265.27 SE; 18757.69 SD)
  Means across extant populations only:
     Population size =          190782.41 (265.27 SE; 18757.69 SD)

Year 9
     N[Extinct] =    0, P[E] =  0.000
     N[Surviving] =  5000, P[S] =  1.000
     N[1st extinct] =  0, P[1st extinct] =  0.000
     Mean size (all populations) = 190981.49 (261.94 SE; 18521.81 SD)
  Means across extant populations only:
     Population size =          190981.49 (261.94 SE; 18521.81 SD)

Year 10
     N[Extinct] =    0, P[E] =  0.000
     N[Surviving] =  5000, P[S] =  1.000
     N[1st extinct] =  0, P[1st extinct] =  0.000
     Mean size (all populations) = 191475.23 (268.92 SE; 19015.66 SD)
  Means across extant populations only:
     Population size =          191475.23 (268.92 SE; 19015.66 SD)

Year 11
     N[Extinct] =    0, P[E] =  0.000
     N[Surviving] =  5000, P[S] =  1.000
     N[1st extinct] =  0, P[1st extinct] =  0.000
     Mean size (all populations) = 191187.75 (265.42 SE; 18768.33 SD)
  Means across extant populations only:
     Population size =          191187.75 (265.42 SE; 18768.33 SD)

Year 12
     N[Extinct] =    0, P[E] =  0.000
     N[Surviving] =  5000, P[S] =  1.000
     N[1st extinct] =  0, P[1st extinct] =  0.000
     Mean size (all populations) = 190729.01 (263.73 SE; 18648.19 SD)
  Means across extant populations only:
     Population size =          190729.01 (263.73 SE; 18648.19 SD)

Year 13
     N[Extinct] =    0, P[E] =  0.000
     N[Surviving] =  5000, P[S] =  1.000
     N[1st extinct] =  0, P[1st extinct] =  0.000
     Mean size (all populations) = 191191.84 (268.38 SE; 18977.04 SD)
  Means across extant populations only:
     Population size =          191191.84 (268.38 SE; 18977.04 SD)

Year 14
     N[Extinct] =    0, P[E] =  0.000
     N[Surviving] =  5000, P[S] =  1.000
     N[1st extinct] =  0, P[1st extinct] =  0.000
     Mean size (all populations) = 190817.41 (265.28 SE; 18758.04 SD)
  Means across extant populations only:
     Population size =          190817.41 (265.28 SE; 18758.04 SD)

Year 15
     N[Extinct] =    0, P[E] =  0.000
     N[Surviving] =  5000, P[S] =  1.000
     N[1st extinct] =  0, P[1st extinct] =  0.000
     Mean size (all populations) = 191213.11 (270.06 SE; 19096.16 SD)
  Means across extant populations only:
     Population size =          191213.11 (270.06 SE; 19096.16 SD)

Year 16
     N[Extinct] =    0, P[E] =  0.000
     N[Surviving] =  5000, P[S] =  1.000
     N[1st extinct] =  0, P[1st extinct] =  0.000
     Mean size (all populations) = 191227.48 (267.79 SE; 18935.56 SD)
  Means across extant populations only:
     Population size =          191227.48 (267.79 SE; 18935.56 SD)

Year 17
     N[Extinct] =    0, P[E] =  0.000
     N[Surviving] =  5000, P[S] =  1.000
     N[1st extinct] =  0, P[1st extinct] =  0.000
     Mean size (all populations) = 191339.15 (264.76 SE; 18721.46 SD)
  Means across extant populations only:
     Population size =          191339.15 (264.76 SE; 18721.46 SD)

Year 18
     N[Extinct] =    0, P[E] =  0.000
     N[Surviving] =  5000, P[S] =  1.000
     N[1st extinct] =  0, P[1st extinct] =  0.000
     Mean size (all populations) = 190526.93 (263.56 SE; 18636.84 SD)
  Means across extant populations only:
     Population size =          190526.93 (263.56 SE; 18636.84 SD)

Year 19
     N[Extinct] =    0, P[E] =  0.000
     N[Surviving] =  5000, P[S] =  1.000
     N[1st extinct] =  0, P[1st extinct] =  0.000
     Mean size (all populations) = 190774.48 (271.75 SE; 19215.46 SD)
  Means across extant populations only:
     Population size =          190774.48 (271.75 SE; 19215.46 SD)

Year 20
     N[Extinct] =    0, P[E] =  0.000
     N[Surviving] =  5000, P[S] =  1.000
     N[1st extinct] =  0, P[1st extinct] =  0.000
     Mean size (all populations) = 191032.78 (258.90 SE; 18306.80 SD)
  Means across extant populations only:
     Population size =          191032.78 (258.90 SE; 18306.80 SD)

Year 21
     N[Extinct] =    0, P[E] =  0.000
     N[Surviving] =  5000, P[S] =  1.000
     N[1st extinct] =  0, P[1st extinct] =  0.000
     Mean size (all populations) = 190560.70 (268.77 SE; 19004.72 SD)
  Means across extant populations only:
     Population size =          190560.70 (268.77 SE; 19004.72 SD)

Year 22
     N[Extinct] =    0, P[E] =  0.000
     N[Surviving] =  5000, P[S] =  1.000
     N[1st extinct] =  0, P[1st extinct] =  0.000
     Mean size (all populations) = 190978.00 (261.39 SE; 18483.36 SD)
  Means across extant populations only:
     Population size =          190978.00 (261.39 SE; 18483.36 SD)

Year 23
     N[Extinct] =    0, P[E] =  0.000
     N[Surviving] =  5000, P[S] =  1.000
     N[1st extinct] =  0, P[1st extinct] =  0.000
     Mean size (all populations) = 191626.11 (265.37 SE; 18764.66 SD)
  Means across extant populations only:
     Population size =          191626.11 (265.37 SE; 18764.66 SD)

Year 24
     N[Extinct] =    0, P[E] =  0.000
     N[Surviving] =  5000, P[S] =  1.000
     N[1st extinct] =  0, P[1st extinct] =  0.000
     Mean size (all populations) = 191282.27 (264.78 SE; 18722.76 SD)
  Means across extant populations only:
     Population size =          191282.27 (264.78 SE; 18722.76 SD)

Year 25
     N[Extinct] =    0, P[E] =  0.000
     N[Surviving] =  5000, P[S] =  1.000
     N[1st extinct] =  0, P[1st extinct] =  0.000
     Mean size (all populations) = 191426.57 (263.94 SE; 18663.42 SD)
  Means across extant populations only:
     Population size =          191426.57 (263.94 SE; 18663.42 SD)

Year 26
     N[Extinct] =    0, P[E] =  0.000
     N[Surviving] =  5000, P[S] =  1.000
     N[1st extinct] =  0, P[1st extinct] =  0.000
     Mean size (all populations) = 191445.42 (268.27 SE; 18969.28 SD)
  Means across extant populations only:
     Population size =          191445.42 (268.27 SE; 18969.28 SD)

Year 27
     N[Extinct] =    0, P[E] =  0.000
     N[Surviving] =  5000, P[S] =  1.000
     N[1st extinct] =  0, P[1st extinct] =  0.000
     Mean size (all populations) = 190712.43 (262.38 SE; 18552.78 SD)
  Means across extant populations only:
     Population size =          190712.43 (262.38 SE; 18552.78 SD)

Year 28
     N[Extinct] =    0, P[E] =  0.000
     N[Surviving] =  5000, P[S] =  1.000
     N[1st extinct] =  0, P[1st extinct] =  0.000
     Mean size (all populations) = 191583.63 (262.83 SE; 18585.22 SD)
  Means across extant populations only:
     Population size =          191583.63 (262.83 SE; 18585.22 SD)

Year 29
     N[Extinct] =    0, P[E] =  0.000
     N[Surviving] =  5000, P[S] =  1.000
     N[1st extinct] =  0, P[1st extinct] =  0.000
     Mean size (all populations) = 191690.83 (264.13 SE; 18677.02 SD)
  Means across extant populations only:
     Population size =          191690.83 (264.13 SE; 18677.02 SD)

Year 30
     N[Extinct] =    0, P[E] =  0.000
     N[Surviving] =  5000, P[S] =  1.000
     N[1st extinct] =  0, P[1st extinct] =  0.000
     Mean size (all populations) = 191192.31 (258.54 SE; 18281.21 SD)
  Means across extant populations only:
     Population size =          191192.31 (258.54 SE; 18281.21 SD)

Year 31
     N[Extinct] =    0, P[E] =  0.000
     N[Surviving] =  5000, P[S] =  1.000
     N[1st extinct] =  0, P[1st extinct] =  0.000
     Mean size (all populations) = 191231.49 (266.32 SE; 18831.40 SD)
  Means across extant populations only:
     Population size =          191231.49 (266.32 SE; 18831.40 SD)

Year 32
     N[Extinct] =    0, P[E] =  0.000
     N[Surviving] =  5000, P[S] =  1.000
     N[1st extinct] =  0, P[1st extinct] =  0.000
     Mean size (all populations) = 191052.02 (266.53 SE; 18846.59 SD)
  Means across extant populations only:
     Population size =          191052.02 (266.53 SE; 18846.59 SD)

Year 33
     N[Extinct] =    0, P[E] =  0.000
     N[Surviving] =  5000, P[S] =  1.000
     N[1st extinct] =  0, P[1st extinct] =  0.000
     Mean size (all populations) = 190966.24 (269.01 SE; 19022.02 SD)
  Means across extant populations only:
     Population size =          190966.24 (269.01 SE; 19022.02 SD)

Year 34
     N[Extinct] =    0, P[E] =  0.000
     N[Surviving] =  5000, P[S] =  1.000
     N[1st extinct] =  0, P[1st extinct] =  0.000
     Mean size (all populations) = 191151.94 (265.32 SE; 18761.04 SD)
  Means across extant populations only:
     Population size =          191151.94 (265.32 SE; 18761.04 SD)

Year 35
     N[Extinct] =    0, P[E] =  0.000
     N[Surviving] =  5000, P[S] =  1.000
     N[1st extinct] =  0, P[1st extinct] =  0.000
     Mean size (all populations) = 190810.16 (265.60 SE; 18780.77 SD)
  Means across extant populations only:
     Population size =          190810.16 (265.60 SE; 18780.77 SD)

Year 36
     N[Extinct] =    0, P[E] =  0.000
     N[Surviving] =  5000, P[S] =  1.000
     N[1st extinct] =  0, P[1st extinct] =  0.000
     Mean size (all populations) = 191456.39 (261.58 SE; 18496.56 SD)
  Means across extant populations only:
     Population size =          191456.39 (261.58 SE; 18496.56 SD)

Year 37
     N[Extinct] =    0, P[E] =  0.000
     N[Surviving] =  5000, P[S] =  1.000
     N[1st extinct] =  0, P[1st extinct] =  0.000
     Mean size (all populations) = 190958.56 (270.85 SE; 19152.15 SD)
  Means across extant populations only:
     Population size =          190958.56 (270.85 SE; 19152.15 SD)

Year 38
     N[Extinct] =    0, P[E] =  0.000
     N[Surviving] =  5000, P[S] =  1.000
     N[1st extinct] =  0, P[1st extinct] =  0.000
     Mean size (all populations) = 191376.58 (261.99 SE; 18525.59 SD)
  Means across extant populations only:
     Population size =          191376.58 (261.99 SE; 18525.59 SD)

Year 39
     N[Extinct] =    0, P[E] =  0.000
     N[Surviving] =  5000, P[S] =  1.000
     N[1st extinct] =  0, P[1st extinct] =  0.000
     Mean size (all populations) = 190979.72 (261.49 SE; 18490.04 SD)
  Means across extant populations only:
     Population size =          190979.72 (261.49 SE; 18490.04 SD)

Year 40
     N[Extinct] =    0, P[E] =  0.000
     N[Surviving] =  5000, P[S] =  1.000
     N[1st extinct] =  0, P[1st extinct] =  0.000
     Mean size (all populations) = 191167.63 (270.52 SE; 19128.73 SD)
  Means across extant populations only:
     Population size =          191167.63 (270.52 SE; 19128.73 SD)

Year 41
     N[Extinct] =    0, P[E] =  0.000
     N[Surviving] =  5000, P[S] =  1.000
     N[1st extinct] =  0, P[1st extinct] =  0.000
     Mean size (all populations) = 190690.21 (265.25 SE; 18756.09 SD)
  Means across extant populations only:
     Population size =          190690.21 (265.25 SE; 18756.09 SD)

Year 42
     N[Extinct] =    0, P[E] =  0.000
     N[Surviving] =  5000, P[S] =  1.000
     N[1st extinct] =  0, P[1st extinct] =  0.000
     Mean size (all populations) = 191013.92 (263.26 SE; 18615.05 SD)
  Means across extant populations only:
     Population size =          191013.92 (263.26 SE; 18615.05 SD)

Year 43
     N[Extinct] =    0, P[E] =  0.000
     N[Surviving] =  5000, P[S] =  1.000
     N[1st extinct] =  0, P[1st extinct] =  0.000
     Mean size (all populations) = 191371.50 (263.58 SE; 18637.58 SD)
  Means across extant populations only:
     Population size =          191371.50 (263.58 SE; 18637.58 SD)

Year 44
     N[Extinct] =    0, P[E] =  0.000
     N[Surviving] =  5000, P[S] =  1.000
     N[1st extinct] =  0, P[1st extinct] =  0.000
     Mean size (all populations) = 191418.84 (268.41 SE; 18979.44 SD)
  Means across extant populations only:
     Population size =          191418.84 (268.41 SE; 18979.44 SD)

Year 45
     N[Extinct] =    0, P[E] =  0.000
     N[Surviving] =  5000, P[S] =  1.000
     N[1st extinct] =  0, P[1st extinct] =  0.000
     Mean size (all populations) = 191105.88 (264.82 SE; 18725.29 SD)
  Means across extant populations only:
     Population size =          191105.88 (264.82 SE; 18725.29 SD)

Year 46
     N[Extinct] =    0, P[E] =  0.000
     N[Surviving] =  5000, P[S] =  1.000
     N[1st extinct] =  0, P[1st extinct] =  0.000
     Mean size (all populations) = 191317.18 (265.89 SE; 18801.25 SD)
  Means across extant populations only:
     Population size =          191317.18 (265.89 SE; 18801.25 SD)

Year 47
     N[Extinct] =    0, P[E] =  0.000
     N[Surviving] =  5000, P[S] =  1.000
     N[1st extinct] =  0, P[1st extinct] =  0.000
     Mean size (all populations) = 191252.58 (266.75 SE; 18862.02 SD)
  Means across extant populations only:
     Population size =          191252.58 (266.75 SE; 18862.02 SD)

Year 48
     N[Extinct] =    0, P[E] =  0.000
     N[Surviving] =  5000, P[S] =  1.000
     N[1st extinct] =  0, P[1st extinct] =  0.000
     Mean size (all populations) = 191049.41 (267.93 SE; 18945.82 SD)
  Means across extant populations only:
     Population size =          191049.41 (267.93 SE; 18945.82 SD)

Year 49
     N[Extinct] =    0, P[E] =  0.000
     N[Surviving] =  5000, P[S] =  1.000
     N[1st extinct] =  0, P[1st extinct] =  0.000
     Mean size (all populations) = 191092.86 (263.65 SE; 18642.88 SD)
  Means across extant populations only:
     Population size =          191092.86 (263.65 SE; 18642.88 SD)

Year 50
     N[Extinct] =    0, P[E] =  0.000
     N[Surviving] =  5000, P[S] =  1.000
     N[1st extinct] =  0, P[1st extinct] =  0.000
     Mean size (all populations) = 191233.27 (268.36 SE; 18976.20 SD)
  Means across extant populations only:
     Population size =          191233.27 (268.36 SE; 18976.20 SD)

Year 51
     N[Extinct] =    0, P[E] =  0.000
     N[Surviving] =  5000, P[S] =  1.000
     N[1st extinct] =  0, P[1st extinct] =  0.000
     Mean size (all populations) = 191004.94 (267.66 SE; 18926.72 SD)
  Means across extant populations only:
     Population size =          191004.94 (267.66 SE; 18926.72 SD)

Year 52
     N[Extinct] =    0, P[E] =  0.000
     N[Surviving] =  5000, P[S] =  1.000
     N[1st extinct] =  0, P[1st extinct] =  0.000
     Mean size (all populations) = 191251.41 (268.08 SE; 18956.10 SD)
  Means across extant populations only:
     Population size =          191251.41 (268.08 SE; 18956.10 SD)

Year 53
     N[Extinct] =    0, P[E] =  0.000
     N[Surviving] =  5000, P[S] =  1.000
     N[1st extinct] =  0, P[1st extinct] =  0.000
     Mean size (all populations) = 190943.91 (266.28 SE; 18828.67 SD)
  Means across extant populations only:
     Population size =          190943.91 (266.28 SE; 18828.67 SD)

Year 54
     N[Extinct] =    0, P[E] =  0.000
     N[Surviving] =  5000, P[S] =  1.000
     N[1st extinct] =  0, P[1st extinct] =  0.000
     Mean size (all populations) = 191148.46 (264.33 SE; 18691.29 SD)
  Means across extant populations only:
     Population size =          191148.46 (264.33 SE; 18691.29 SD)

Year 55
     N[Extinct] =    0, P[E] =  0.000
     N[Surviving] =  5000, P[S] =  1.000
     N[1st extinct] =  0, P[1st extinct] =  0.000
     Mean size (all populations) = 191295.60 (265.41 SE; 18767.13 SD)
  Means across extant populations only:
     Population size =          191295.60 (265.41 SE; 18767.13 SD)

Year 56
     N[Extinct] =    0, P[E] =  0.000
     N[Surviving] =  5000, P[S] =  1.000
     N[1st extinct] =  0, P[1st extinct] =  0.000
     Mean size (all populations) = 190984.78 (264.17 SE; 18679.38 SD)
  Means across extant populations only:
     Population size =          190984.78 (264.17 SE; 18679.38 SD)

Year 57
     N[Extinct] =    0, P[E] =  0.000
     N[Surviving] =  5000, P[S] =  1.000
     N[1st extinct] =  0, P[1st extinct] =  0.000
     Mean size (all populations) = 190803.61 (264.95 SE; 18734.78 SD)
  Means across extant populations only:
     Population size =          190803.61 (264.95 SE; 18734.78 SD)

Year 58
     N[Extinct] =    0, P[E] =  0.000
     N[Surviving] =  5000, P[S] =  1.000
     N[1st extinct] =  0, P[1st extinct] =  0.000
     Mean size (all populations) = 191034.87 (265.29 SE; 18759.02 SD)
  Means across extant populations only:
     Population size =          191034.87 (265.29 SE; 18759.02 SD)

Year 59
     N[Extinct] =    0, P[E] =  0.000
     N[Surviving] =  5000, P[S] =  1.000
     N[1st extinct] =  0, P[1st extinct] =  0.000
     Mean size (all populations) = 191486.13 (261.74 SE; 18507.83 SD)
  Means across extant populations only:
     Population size =          191486.13 (261.74 SE; 18507.83 SD)

Year 60
     N[Extinct] =    0, P[E] =  0.000
     N[Surviving] =  5000, P[S] =  1.000
     N[1st extinct] =  0, P[1st extinct] =  0.000
     Mean size (all populations) = 190780.08 (265.33 SE; 18761.54 SD)
  Means across extant populations only:
     Population size =          190780.08 (265.33 SE; 18761.54 SD)

Year 61
     N[Extinct] =    0, P[E] =  0.000
     N[Surviving] =  5000, P[S] =  1.000
     N[1st extinct] =  0, P[1st extinct] =  0.000
     Mean size (all populations) = 190967.13 (267.55 SE; 18918.97 SD)
  Means across extant populations only:
     Population size =          190967.13 (267.55 SE; 18918.97 SD)

Year 62
     N[Extinct] =    0, P[E] =  0.000
     N[Surviving] =  5000, P[S] =  1.000
     N[1st extinct] =  0, P[1st extinct] =  0.000
     Mean size (all populations) = 191551.94 (265.91 SE; 18802.46 SD)
  Means across extant populations only:
     Population size =          191551.94 (265.91 SE; 18802.46 SD)

Year 63
     N[Extinct] =    0, P[E] =  0.000
     N[Surviving] =  5000, P[S] =  1.000
     N[1st extinct] =  0, P[1st extinct] =  0.000
     Mean size (all populations) = 190999.79 (266.00 SE; 18809.02 SD)
  Means across extant populations only:
     Population size =          190999.79 (266.00 SE; 18809.02 SD)

Year 64
     N[Extinct] =    0, P[E] =  0.000
     N[Surviving] =  5000, P[S] =  1.000
     N[1st extinct] =  0, P[1st extinct] =  0.000
     Mean size (all populations) = 191185.62 (263.94 SE; 18663.70 SD)
  Means across extant populations only:
     Population size =          191185.62 (263.94 SE; 18663.70 SD)

Year 65
     N[Extinct] =    0, P[E] =  0.000
     N[Surviving] =  5000, P[S] =  1.000
     N[1st extinct] =  0, P[1st extinct] =  0.000
     Mean size (all populations) = 191137.36 (266.21 SE; 18823.61 SD)
  Means across extant populations only:
     Population size =          191137.36 (266.21 SE; 18823.61 SD)

Year 66
     N[Extinct] =    0, P[E] =  0.000
     N[Surviving] =  5000, P[S] =  1.000
     N[1st extinct] =  0, P[1st extinct] =  0.000
     Mean size (all populations) = 190713.92 (263.61 SE; 18639.74 SD)
  Means across extant populations only:
     Population size =          190713.92 (263.61 SE; 18639.74 SD)

Year 67
     N[Extinct] =    0, P[E] =  0.000
     N[Surviving] =  5000, P[S] =  1.000
     N[1st extinct] =  0, P[1st extinct] =  0.000
     Mean size (all populations) = 190884.87 (265.81 SE; 18795.48 SD)
  Means across extant populations only:
     Population size =          190884.87 (265.81 SE; 18795.48 SD)

Year 68
     N[Extinct] =    0, P[E] =  0.000
     N[Surviving] =  5000, P[S] =  1.000
     N[1st extinct] =  0, P[1st extinct] =  0.000
     Mean size (all populations) = 190643.57 (264.44 SE; 18698.79 SD)
  Means across extant populations only:
     Population size =          190643.57 (264.44 SE; 18698.79 SD)

Year 69
     N[Extinct] =    0, P[E] =  0.000
     N[Surviving] =  5000, P[S] =  1.000
     N[1st extinct] =  0, P[1st extinct] =  0.000
     Mean size (all populations) = 191180.81 (265.24 SE; 18755.64 SD)
  Means across extant populations only:
     Population size =          191180.81 (265.24 SE; 18755.64 SD)

Year 70
     N[Extinct] =    0, P[E] =  0.000
     N[Surviving] =  5000, P[S] =  1.000
     N[1st extinct] =  0, P[1st extinct] =  0.000
     Mean size (all populations) = 190854.10 (265.15 SE; 18749.23 SD)
  Means across extant populations only:
     Population size =          190854.10 (265.15 SE; 18749.23 SD)

Year 71
     N[Extinct] =    0, P[E] =  0.000
     N[Surviving] =  5000, P[S] =  1.000
     N[1st extinct] =  0, P[1st extinct] =  0.000
     Mean size (all populations) = 191177.53 (267.63 SE; 18924.28 SD)
  Means across extant populations only:
     Population size =          191177.53 (267.63 SE; 18924.28 SD)

Year 72
     N[Extinct] =    0, P[E] =  0.000
     N[Surviving] =  5000, P[S] =  1.000
     N[1st extinct] =  0, P[1st extinct] =  0.000
     Mean size (all populations) = 191259.03 (268.34 SE; 18974.56 SD)
  Means across extant populations only:
     Population size =          191259.03 (268.34 SE; 18974.56 SD)

Year 73
     N[Extinct] =    0, P[E] =  0.000
     N[Surviving] =  5000, P[S] =  1.000
     N[1st extinct] =  0, P[1st extinct] =  0.000
     Mean size (all populations) = 191253.13 (263.19 SE; 18610.02 SD)
  Means across extant populations only:
     Population size =          191253.13 (263.19 SE; 18610.02 SD)

Year 74
     N[Extinct] =    0, P[E] =  0.000
     N[Surviving] =  5000, P[S] =  1.000
     N[1st extinct] =  0, P[1st extinct] =  0.000
     Mean size (all populations) = 191186.97 (267.29 SE; 18900.60 SD)
  Means across extant populations only:
     Population size =          191186.97 (267.29 SE; 18900.60 SD)

Year 75
     N[Extinct] =    0, P[E] =  0.000
     N[Surviving] =  5000, P[S] =  1.000
     N[1st extinct] =  0, P[1st extinct] =  0.000
     Mean size (all populations) = 190893.69 (271.07 SE; 19167.37 SD)
  Means across extant populations only:
     Population size =          190893.69 (271.07 SE; 19167.37 SD)

Year 76
     N[Extinct] =    0, P[E] =  0.000
     N[Surviving] =  5000, P[S] =  1.000
     N[1st extinct] =  0, P[1st extinct] =  0.000
     Mean size (all populations) = 191219.71 (261.82 SE; 18513.54 SD)
  Means across extant populations only:
     Population size =          191219.71 (261.82 SE; 18513.54 SD)

Year 77
     N[Extinct] =    0, P[E] =  0.000
     N[Surviving] =  5000, P[S] =  1.000
     N[1st extinct] =  0, P[1st extinct] =  0.000
     Mean size (all populations) = 191436.04 (269.45 SE; 19053.00 SD)
  Means across extant populations only:
     Population size =          191436.04 (269.45 SE; 19053.00 SD)

Year 78
     N[Extinct] =    0, P[E] =  0.000
     N[Surviving] =  5000, P[S] =  1.000
     N[1st extinct] =  0, P[1st extinct] =  0.000
     Mean size (all populations) = 191070.93 (266.72 SE; 18859.91 SD)
  Means across extant populations only:
     Population size =          191070.93 (266.72 SE; 18859.91 SD)

Year 79
     N[Extinct] =    0, P[E] =  0.000
     N[Surviving] =  5000, P[S] =  1.000
     N[1st extinct] =  0, P[1st extinct] =  0.000
     Mean size (all populations) = 191251.49 (260.78 SE; 18440.26 SD)
  Means across extant populations only:
     Population size =          191251.49 (260.78 SE; 18440.26 SD)

Year 80
     N[Extinct] =    0, P[E] =  0.000
     N[Surviving] =  5000, P[S] =  1.000
     N[1st extinct] =  0, P[1st extinct] =  0.000
     Mean size (all populations) = 191202.60 (262.49 SE; 18561.02 SD)
  Means across extant populations only:
     Population size =          191202.60 (262.49 SE; 18561.02 SD)

Year 81
     N[Extinct] =    0, P[E] =  0.000
     N[Surviving] =  5000, P[S] =  1.000
     N[1st extinct] =  0, P[1st extinct] =  0.000
     Mean size (all populations) = 191251.12 (263.58 SE; 18637.61 SD)
  Means across extant populations only:
     Population size =          191251.12 (263.58 SE; 18637.61 SD)

Year 82
     N[Extinct] =    0, P[E] =  0.000
     N[Surviving] =  5000, P[S] =  1.000
     N[1st extinct] =  0, P[1st extinct] =  0.000
     Mean size (all populations) = 190567.28 (265.94 SE; 18804.47 SD)
  Means across extant populations only:
     Population size =          190567.28 (265.94 SE; 18804.47 SD)

Year 83
     N[Extinct] =    0, P[E] =  0.000
     N[Surviving] =  5000, P[S] =  1.000
     N[1st extinct] =  0, P[1st extinct] =  0.000
     Mean size (all populations) = 190749.82 (262.79 SE; 18581.86 SD)
  Means across extant populations only:
     Population size =          190749.82 (262.79 SE; 18581.86 SD)

Year 84
     N[Extinct] =    0, P[E] =  0.000
     N[Surviving] =  5000, P[S] =  1.000
     N[1st extinct] =  0, P[1st extinct] =  0.000
     Mean size (all populations) = 191257.07 (264.50 SE; 18703.02 SD)
  Means across extant populations only:
     Population size =          191257.07 (264.50 SE; 18703.02 SD)

Year 85
     N[Extinct] =    0, P[E] =  0.000
     N[Surviving] =  5000, P[S] =  1.000
     N[1st extinct] =  0, P[1st extinct] =  0.000
     Mean size (all populations) = 190904.45 (261.51 SE; 18491.46 SD)
  Means across extant populations only:
     Population size =          190904.45 (261.51 SE; 18491.46 SD)

Year 86
     N[Extinct] =    0, P[E] =  0.000
     N[Surviving] =  5000, P[S] =  1.000
     N[1st extinct] =  0, P[1st extinct] =  0.000
     Mean size (all populations) = 190790.99 (265.11 SE; 18746.04 SD)
  Means across extant populations only:
     Population size =          190790.99 (265.11 SE; 18746.04 SD)

Year 87
     N[Extinct] =    0, P[E] =  0.000
     N[Surviving] =  5000, P[S] =  1.000
     N[1st extinct] =  0, P[1st extinct] =  0.000
     Mean size (all populations) = 190890.39 (264.88 SE; 18729.66 SD)
  Means across extant populations only:
     Population size =          190890.39 (264.88 SE; 18729.66 SD)

Year 88
     N[Extinct] =    0, P[E] =  0.000
     N[Surviving] =  5000, P[S] =  1.000
     N[1st extinct] =  0, P[1st extinct] =  0.000
     Mean size (all populations) = 191060.11 (263.57 SE; 18637.53 SD)
  Means across extant populations only:
     Population size =          191060.11 (263.57 SE; 18637.53 SD)

Year 89
     N[Extinct] =    0, P[E] =  0.000
     N[Surviving] =  5000, P[S] =  1.000
     N[1st extinct] =  0, P[1st extinct] =  0.000
     Mean size (all populations) = 191140.57 (263.28 SE; 18616.66 SD)
  Means across extant populations only:
     Population size =          191140.57 (263.28 SE; 18616.66 SD)

Year 90
     N[Extinct] =    0, P[E] =  0.000
     N[Surviving] =  5000, P[S] =  1.000
     N[1st extinct] =  0, P[1st extinct] =  0.000
     Mean size (all populations) = 191061.95 (265.00 SE; 18738.05 SD)
  Means across extant populations only:
     Population size =          191061.95 (265.00 SE; 18738.05 SD)

Year 91
     N[Extinct] =    0, P[E] =  0.000
     N[Surviving] =  5000, P[S] =  1.000
     N[1st extinct] =  0, P[1st extinct] =  0.000
     Mean size (all populations) = 191342.55 (263.77 SE; 18651.41 SD)
  Means across extant populations only:
     Population size =          191342.55 (263.77 SE; 18651.41 SD)

Year 92
     N[Extinct] =    0, P[E] =  0.000
     N[Surviving] =  5000, P[S] =  1.000
     N[1st extinct] =  0, P[1st extinct] =  0.000
     Mean size (all populations) = 191347.64 (266.48 SE; 18843.26 SD)
  Means across extant populations only:
     Population size =          191347.64 (266.48 SE; 18843.26 SD)

Year 93
     N[Extinct] =    0, P[E] =  0.000
     N[Surviving] =  5000, P[S] =  1.000
     N[1st extinct] =  0, P[1st extinct] =  0.000
     Mean size (all populations) = 191565.83 (264.64 SE; 18713.03 SD)
  Means across extant populations only:
     Population size =          191565.83 (264.64 SE; 18713.03 SD)

Year 94
     N[Extinct] =    0, P[E] =  0.000
     N[Surviving] =  5000, P[S] =  1.000
     N[1st extinct] =  0, P[1st extinct] =  0.000
     Mean size (all populations) = 190878.06 (272.23 SE; 19249.24 SD)
  Means across extant populations only:
     Population size =          190878.06 (272.23 SE; 19249.24 SD)

Year 95
     N[Extinct] =    0, P[E] =  0.000
     N[Surviving] =  5000, P[S] =  1.000
     N[1st extinct] =  0, P[1st extinct] =  0.000
     Mean size (all populations) = 190731.02 (264.42 SE; 18697.28 SD)
  Means across extant populations only:
     Population size =          190731.02 (264.42 SE; 18697.28 SD)

Year 96
     N[Extinct] =    0, P[E] =  0.000
     N[Surviving] =  5000, P[S] =  1.000
     N[1st extinct] =  0, P[1st extinct] =  0.000
     Mean size (all populations) = 190994.15 (265.82 SE; 18796.49 SD)
  Means across extant populations only:
     Population size =          190994.15 (265.82 SE; 18796.49 SD)

Year 97
     N[Extinct] =    0, P[E] =  0.000
     N[Surviving] =  5000, P[S] =  1.000
     N[1st extinct] =  0, P[1st extinct] =  0.000
     Mean size (all populations) = 191148.78 (263.61 SE; 18639.95 SD)
  Means across extant populations only:
     Population size =          191148.78 (263.61 SE; 18639.95 SD)

Year 98
     N[Extinct] =    0, P[E] =  0.000
     N[Surviving] =  5000, P[S] =  1.000
     N[1st extinct] =  0, P[1st extinct] =  0.000
     Mean size (all populations) = 191340.19 (264.02 SE; 18669.25 SD)
  Means across extant populations only:
     Population size =          191340.19 (264.02 SE; 18669.25 SD)

Year 99
     N[Extinct] =    0, P[E] =  0.000
     N[Surviving] =  5000, P[S] =  1.000
     N[1st extinct] =  0, P[1st extinct] =  0.000
     Mean size (all populations) = 191334.82 (263.78 SE; 18652.07 SD)
  Means across extant populations only:
     Population size =          191334.82 (263.78 SE; 18652.07 SD)

Year 100
     N[Extinct] =    0, P[E] =  0.000
     N[Surviving] =  5000, P[S] =  1.000
     N[1st extinct] =  0, P[1st extinct] =  0.000
     Mean size (all populations) = 191103.30 (264.66 SE; 18714.50 SD)
  Means across extant populations only:
     Population size =          191103.30 (264.66 SE; 18714.50 SD)



In 5000 simulations of Default Scenario for 100 years:
  0 went extinct and 5000 survived.

This gives a probability of extinction of 0.00000 (0.00000 SE),
  or a probability of success of          1.00000 (0.00000 SE).

Means across all populations (extant and extinct) ...
Mean final population was 191103.30 (264.66 SE; 18714.50 SD).
   Age 0       1   Adults    Total
    0.0039969.2155582.46  95551.67 Males
    0.0039969.1655582.46  95551.62 Females

Across all years, prior to carrying capacity truncation,
  mean growth rate (r) was 0.3382 (0.0001 SE, 0.0760 SD)

0 of 0 harvests of females could not be completed because of insufficient animals.
0 of 0 harvests of males could not be completed because of insufficient animals.
*************************************************************************

