Results from VORTEX 10.5.4.0
Project: Cuculus_rochii
Scenario: Default Scenario

Population 1: Population1

Year 0
     N[Extinct] =    0, P[E] =  0.000
     N[Surviving] =  5000, P[S] =  1.000
     N[1st extinct] =  0, P[1st extinct] =  0.000
     Mean size (all populations) = 6443.00 (0.00 SE; 0.00 SD)
  Means across extant populations only:
     Population size =          6443.00 (0.00 SE; 0.00 SD)

Year 1
     N[Extinct] =    0, P[E] =  0.000
     N[Surviving] =  5000, P[S] =  1.000
     N[1st extinct] =  0, P[1st extinct] =  0.000
     Mean size (all populations) = 6438.38 (8.98 SE; 634.75 SD)
  Means across extant populations only:
     Population size =          6438.38 (8.98 SE; 634.75 SD)

Year 2
     N[Extinct] =    0, P[E] =  0.000
     N[Surviving] =  5000, P[S] =  1.000
     N[1st extinct] =  0, P[1st extinct] =  0.000
     Mean size (all populations) = 6445.74 (9.08 SE; 641.93 SD)
  Means across extant populations only:
     Population size =          6445.74 (9.08 SE; 641.93 SD)

Year 3
     N[Extinct] =    0, P[E] =  0.000
     N[Surviving] =  5000, P[S] =  1.000
     N[1st extinct] =  0, P[1st extinct] =  0.000
     Mean size (all populations) = 6438.52 (9.12 SE; 644.82 SD)
  Means across extant populations only:
     Population size =          6438.52 (9.12 SE; 644.82 SD)

Year 4
     N[Extinct] =    0, P[E] =  0.000
     N[Surviving] =  5000, P[S] =  1.000
     N[1st extinct] =  0, P[1st extinct] =  0.000
     Mean size (all populations) = 6433.75 (9.10 SE; 643.65 SD)
  Means across extant populations only:
     Population size =          6433.75 (9.10 SE; 643.65 SD)

Year 5
     N[Extinct] =    0, P[E] =  0.000
     N[Surviving] =  5000, P[S] =  1.000
     N[1st extinct] =  0, P[1st extinct] =  0.000
     Mean size (all populations) = 6452.13 (9.06 SE; 640.35 SD)
  Means across extant populations only:
     Population size =          6452.13 (9.06 SE; 640.35 SD)

Year 6
     N[Extinct] =    0, P[E] =  0.000
     N[Surviving] =  5000, P[S] =  1.000
     N[1st extinct] =  0, P[1st extinct] =  0.000
     Mean size (all populations) = 6449.23 (9.06 SE; 640.59 SD)
  Means across extant populations only:
     Population size =          6449.23 (9.06 SE; 640.59 SD)

Year 7
     N[Extinct] =    0, P[E] =  0.000
     N[Surviving] =  5000, P[S] =  1.000
     N[1st extinct] =  0, P[1st extinct] =  0.000
     Mean size (all populations) = 6455.54 (9.13 SE; 645.55 SD)
  Means across extant populations only:
     Population size =          6455.54 (9.13 SE; 645.55 SD)

Year 8
     N[Extinct] =    0, P[E] =  0.000
     N[Surviving] =  5000, P[S] =  1.000
     N[1st extinct] =  0, P[1st extinct] =  0.000
     Mean size (all populations) = 6433.41 (8.89 SE; 628.95 SD)
  Means across extant populations only:
     Population size =          6433.41 (8.89 SE; 628.95 SD)

Year 9
     N[Extinct] =    0, P[E] =  0.000
     N[Surviving] =  5000, P[S] =  1.000
     N[1st extinct] =  0, P[1st extinct] =  0.000
     Mean size (all populations) = 6438.73 (8.91 SE; 630.19 SD)
  Means across extant populations only:
     Population size =          6438.73 (8.91 SE; 630.19 SD)

Year 10
     N[Extinct] =    0, P[E] =  0.000
     N[Surviving] =  5000, P[S] =  1.000
     N[1st extinct] =  0, P[1st extinct] =  0.000
     Mean size (all populations) = 6442.47 (8.98 SE; 634.98 SD)
  Means across extant populations only:
     Population size =          6442.47 (8.98 SE; 634.98 SD)

Year 11
     N[Extinct] =    0, P[E] =  0.000
     N[Surviving] =  5000, P[S] =  1.000
     N[1st extinct] =  0, P[1st extinct] =  0.000
     Mean size (all populations) = 6440.23 (8.84 SE; 625.36 SD)
  Means across extant populations only:
     Population size =          6440.23 (8.84 SE; 625.36 SD)

Year 12
     N[Extinct] =    0, P[E] =  0.000
     N[Surviving] =  5000, P[S] =  1.000
     N[1st extinct] =  0, P[1st extinct] =  0.000
     Mean size (all populations) = 6424.86 (8.96 SE; 633.64 SD)
  Means across extant populations only:
     Population size =          6424.86 (8.96 SE; 633.64 SD)

Year 13
     N[Extinct] =    0, P[E] =  0.000
     N[Surviving] =  5000, P[S] =  1.000
     N[1st extinct] =  0, P[1st extinct] =  0.000
     Mean size (all populations) = 6436.59 (9.08 SE; 641.75 SD)
  Means across extant populations only:
     Population size =          6436.59 (9.08 SE; 641.75 SD)

Year 14
     N[Extinct] =    0, P[E] =  0.000
     N[Surviving] =  5000, P[S] =  1.000
     N[1st extinct] =  0, P[1st extinct] =  0.000
     Mean size (all populations) = 6428.29 (8.88 SE; 628.25 SD)
  Means across extant populations only:
     Population size =          6428.29 (8.88 SE; 628.25 SD)

Year 15
     N[Extinct] =    0, P[E] =  0.000
     N[Surviving] =  5000, P[S] =  1.000
     N[1st extinct] =  0, P[1st extinct] =  0.000
     Mean size (all populations) = 6426.41 (8.99 SE; 635.61 SD)
  Means across extant populations only:
     Population size =          6426.41 (8.99 SE; 635.61 SD)

Year 16
     N[Extinct] =    0, P[E] =  0.000
     N[Surviving] =  5000, P[S] =  1.000
     N[1st extinct] =  0, P[1st extinct] =  0.000
     Mean size (all populations) = 6433.18 (9.11 SE; 644.07 SD)
  Means across extant populations only:
     Population size =          6433.18 (9.11 SE; 644.07 SD)

Year 17
     N[Extinct] =    0, P[E] =  0.000
     N[Surviving] =  5000, P[S] =  1.000
     N[1st extinct] =  0, P[1st extinct] =  0.000
     Mean size (all populations) = 6453.41 (8.98 SE; 634.91 SD)
  Means across extant populations only:
     Population size =          6453.41 (8.98 SE; 634.91 SD)

Year 18
     N[Extinct] =    0, P[E] =  0.000
     N[Surviving] =  5000, P[S] =  1.000
     N[1st extinct] =  0, P[1st extinct] =  0.000
     Mean size (all populations) = 6435.45 (9.00 SE; 636.07 SD)
  Means across extant populations only:
     Population size =          6435.45 (9.00 SE; 636.07 SD)

Year 19
     N[Extinct] =    0, P[E] =  0.000
     N[Surviving] =  5000, P[S] =  1.000
     N[1st extinct] =  0, P[1st extinct] =  0.000
     Mean size (all populations) = 6431.04 (9.03 SE; 638.77 SD)
  Means across extant populations only:
     Population size =          6431.04 (9.03 SE; 638.77 SD)

Year 20
     N[Extinct] =    0, P[E] =  0.000
     N[Surviving] =  5000, P[S] =  1.000
     N[1st extinct] =  0, P[1st extinct] =  0.000
     Mean size (all populations) = 6438.54 (9.11 SE; 643.93 SD)
  Means across extant populations only:
     Population size =          6438.54 (9.11 SE; 643.93 SD)

Year 21
     N[Extinct] =    0, P[E] =  0.000
     N[Surviving] =  5000, P[S] =  1.000
     N[1st extinct] =  0, P[1st extinct] =  0.000
     Mean size (all populations) = 6434.71 (9.01 SE; 637.28 SD)
  Means across extant populations only:
     Population size =          6434.71 (9.01 SE; 637.28 SD)

Year 22
     N[Extinct] =    0, P[E] =  0.000
     N[Surviving] =  5000, P[S] =  1.000
     N[1st extinct] =  0, P[1st extinct] =  0.000
     Mean size (all populations) = 6442.56 (8.98 SE; 635.24 SD)
  Means across extant populations only:
     Population size =          6442.56 (8.98 SE; 635.24 SD)

Year 23
     N[Extinct] =    0, P[E] =  0.000
     N[Surviving] =  5000, P[S] =  1.000
     N[1st extinct] =  0, P[1st extinct] =  0.000
     Mean size (all populations) = 6436.83 (9.07 SE; 641.06 SD)
  Means across extant populations only:
     Population size =          6436.83 (9.07 SE; 641.06 SD)

Year 24
     N[Extinct] =    0, P[E] =  0.000
     N[Surviving] =  5000, P[S] =  1.000
     N[1st extinct] =  0, P[1st extinct] =  0.000
     Mean size (all populations) = 6437.31 (8.96 SE; 633.38 SD)
  Means across extant populations only:
     Population size =          6437.31 (8.96 SE; 633.38 SD)

Year 25
     N[Extinct] =    0, P[E] =  0.000
     N[Surviving] =  5000, P[S] =  1.000
     N[1st extinct] =  0, P[1st extinct] =  0.000
     Mean size (all populations) = 6431.21 (9.10 SE; 643.34 SD)
  Means across extant populations only:
     Population size =          6431.21 (9.10 SE; 643.34 SD)

Year 26
     N[Extinct] =    0, P[E] =  0.000
     N[Surviving] =  5000, P[S] =  1.000
     N[1st extinct] =  0, P[1st extinct] =  0.000
     Mean size (all populations) = 6439.45 (9.08 SE; 642.36 SD)
  Means across extant populations only:
     Population size =          6439.45 (9.08 SE; 642.36 SD)

Year 27
     N[Extinct] =    0, P[E] =  0.000
     N[Surviving] =  5000, P[S] =  1.000
     N[1st extinct] =  0, P[1st extinct] =  0.000
     Mean size (all populations) = 6435.81 (9.07 SE; 641.21 SD)
  Means across extant populations only:
     Population size =          6435.81 (9.07 SE; 641.21 SD)

Year 28
     N[Extinct] =    0, P[E] =  0.000
     N[Surviving] =  5000, P[S] =  1.000
     N[1st extinct] =  0, P[1st extinct] =  0.000
     Mean size (all populations) = 6426.58 (8.88 SE; 627.56 SD)
  Means across extant populations only:
     Population size =          6426.58 (8.88 SE; 627.56 SD)

Year 29
     N[Extinct] =    0, P[E] =  0.000
     N[Surviving] =  5000, P[S] =  1.000
     N[1st extinct] =  0, P[1st extinct] =  0.000
     Mean size (all populations) = 6438.84 (9.07 SE; 641.53 SD)
  Means across extant populations only:
     Population size =          6438.84 (9.07 SE; 641.53 SD)

Year 30
     N[Extinct] =    0, P[E] =  0.000
     N[Surviving] =  5000, P[S] =  1.000
     N[1st extinct] =  0, P[1st extinct] =  0.000
     Mean size (all populations) = 6431.97 (9.07 SE; 641.57 SD)
  Means across extant populations only:
     Population size =          6431.97 (9.07 SE; 641.57 SD)

Year 31
     N[Extinct] =    0, P[E] =  0.000
     N[Surviving] =  5000, P[S] =  1.000
     N[1st extinct] =  0, P[1st extinct] =  0.000
     Mean size (all populations) = 6440.55 (8.96 SE; 633.83 SD)
  Means across extant populations only:
     Population size =          6440.55 (8.96 SE; 633.83 SD)

Year 32
     N[Extinct] =    0, P[E] =  0.000
     N[Surviving] =  5000, P[S] =  1.000
     N[1st extinct] =  0, P[1st extinct] =  0.000
     Mean size (all populations) = 6447.40 (8.95 SE; 632.84 SD)
  Means across extant populations only:
     Population size =          6447.40 (8.95 SE; 632.84 SD)

Year 33
     N[Extinct] =    0, P[E] =  0.000
     N[Surviving] =  5000, P[S] =  1.000
     N[1st extinct] =  0, P[1st extinct] =  0.000
     Mean size (all populations) = 6437.81 (9.02 SE; 637.93 SD)
  Means across extant populations only:
     Population size =          6437.81 (9.02 SE; 637.93 SD)

Year 34
     N[Extinct] =    0, P[E] =  0.000
     N[Surviving] =  5000, P[S] =  1.000
     N[1st extinct] =  0, P[1st extinct] =  0.000
     Mean size (all populations) = 6432.03 (9.00 SE; 636.44 SD)
  Means across extant populations only:
     Population size =          6432.03 (9.00 SE; 636.44 SD)

Year 35
     N[Extinct] =    0, P[E] =  0.000
     N[Surviving] =  5000, P[S] =  1.000
     N[1st extinct] =  0, P[1st extinct] =  0.000
     Mean size (all populations) = 6441.33 (9.10 SE; 643.64 SD)
  Means across extant populations only:
     Population size =          6441.33 (9.10 SE; 643.64 SD)

Year 36
     N[Extinct] =    0, P[E] =  0.000
     N[Surviving] =  5000, P[S] =  1.000
     N[1st extinct] =  0, P[1st extinct] =  0.000
     Mean size (all populations) = 6435.67 (9.02 SE; 637.99 SD)
  Means across extant populations only:
     Population size =          6435.67 (9.02 SE; 637.99 SD)

Year 37
     N[Extinct] =    0, P[E] =  0.000
     N[Surviving] =  5000, P[S] =  1.000
     N[1st extinct] =  0, P[1st extinct] =  0.000
     Mean size (all populations) = 6447.09 (9.07 SE; 641.24 SD)
  Means across extant populations only:
     Population size =          6447.09 (9.07 SE; 641.24 SD)

Year 38
     N[Extinct] =    0, P[E] =  0.000
     N[Surviving] =  5000, P[S] =  1.000
     N[1st extinct] =  0, P[1st extinct] =  0.000
     Mean size (all populations) = 6439.15 (8.90 SE; 629.28 SD)
  Means across extant populations only:
     Population size =          6439.15 (8.90 SE; 629.28 SD)

Year 39
     N[Extinct] =    0, P[E] =  0.000
     N[Surviving] =  5000, P[S] =  1.000
     N[1st extinct] =  0, P[1st extinct] =  0.000
     Mean size (all populations) = 6427.78 (8.89 SE; 628.32 SD)
  Means across extant populations only:
     Population size =          6427.78 (8.89 SE; 628.32 SD)

Year 40
     N[Extinct] =    0, P[E] =  0.000
     N[Surviving] =  5000, P[S] =  1.000
     N[1st extinct] =  0, P[1st extinct] =  0.000
     Mean size (all populations) = 6445.81 (8.93 SE; 631.15 SD)
  Means across extant populations only:
     Population size =          6445.81 (8.93 SE; 631.15 SD)

Year 41
     N[Extinct] =    0, P[E] =  0.000
     N[Surviving] =  5000, P[S] =  1.000
     N[1st extinct] =  0, P[1st extinct] =  0.000
     Mean size (all populations) = 6437.06 (8.94 SE; 631.94 SD)
  Means across extant populations only:
     Population size =          6437.06 (8.94 SE; 631.94 SD)

Year 42
     N[Extinct] =    0, P[E] =  0.000
     N[Surviving] =  5000, P[S] =  1.000
     N[1st extinct] =  0, P[1st extinct] =  0.000
     Mean size (all populations) = 6423.38 (9.12 SE; 644.89 SD)
  Means across extant populations only:
     Population size =          6423.38 (9.12 SE; 644.89 SD)

Year 43
     N[Extinct] =    0, P[E] =  0.000
     N[Surviving] =  5000, P[S] =  1.000
     N[1st extinct] =  0, P[1st extinct] =  0.000
     Mean size (all populations) = 6441.27 (9.31 SE; 658.18 SD)
  Means across extant populations only:
     Population size =          6441.27 (9.31 SE; 658.18 SD)

Year 44
     N[Extinct] =    0, P[E] =  0.000
     N[Surviving] =  5000, P[S] =  1.000
     N[1st extinct] =  0, P[1st extinct] =  0.000
     Mean size (all populations) = 6417.81 (9.12 SE; 644.83 SD)
  Means across extant populations only:
     Population size =          6417.81 (9.12 SE; 644.83 SD)

Year 45
     N[Extinct] =    0, P[E] =  0.000
     N[Surviving] =  5000, P[S] =  1.000
     N[1st extinct] =  0, P[1st extinct] =  0.000
     Mean size (all populations) = 6442.15 (9.06 SE; 640.85 SD)
  Means across extant populations only:
     Population size =          6442.15 (9.06 SE; 640.85 SD)

Year 46
     N[Extinct] =    0, P[E] =  0.000
     N[Surviving] =  5000, P[S] =  1.000
     N[1st extinct] =  0, P[1st extinct] =  0.000
     Mean size (all populations) = 6450.43 (8.74 SE; 617.69 SD)
  Means across extant populations only:
     Population size =          6450.43 (8.74 SE; 617.69 SD)

Year 47
     N[Extinct] =    0, P[E] =  0.000
     N[Surviving] =  5000, P[S] =  1.000
     N[1st extinct] =  0, P[1st extinct] =  0.000
     Mean size (all populations) = 6429.53 (9.01 SE; 637.05 SD)
  Means across extant populations only:
     Population size =          6429.53 (9.01 SE; 637.05 SD)

Year 48
     N[Extinct] =    0, P[E] =  0.000
     N[Surviving] =  5000, P[S] =  1.000
     N[1st extinct] =  0, P[1st extinct] =  0.000
     Mean size (all populations) = 6454.38 (8.91 SE; 630.13 SD)
  Means across extant populations only:
     Population size =          6454.38 (8.91 SE; 630.13 SD)

Year 49
     N[Extinct] =    0, P[E] =  0.000
     N[Surviving] =  5000, P[S] =  1.000
     N[1st extinct] =  0, P[1st extinct] =  0.000
     Mean size (all populations) = 6458.84 (8.94 SE; 632.36 SD)
  Means across extant populations only:
     Population size =          6458.84 (8.94 SE; 632.36 SD)

Year 50
     N[Extinct] =    0, P[E] =  0.000
     N[Surviving] =  5000, P[S] =  1.000
     N[1st extinct] =  0, P[1st extinct] =  0.000
     Mean size (all populations) = 6435.90 (9.03 SE; 638.18 SD)
  Means across extant populations only:
     Population size =          6435.90 (9.03 SE; 638.18 SD)

Year 51
     N[Extinct] =    0, P[E] =  0.000
     N[Surviving] =  5000, P[S] =  1.000
     N[1st extinct] =  0, P[1st extinct] =  0.000
     Mean size (all populations) = 6429.36 (9.19 SE; 649.58 SD)
  Means across extant populations only:
     Population size =          6429.36 (9.19 SE; 649.58 SD)

Year 52
     N[Extinct] =    0, P[E] =  0.000
     N[Surviving] =  5000, P[S] =  1.000
     N[1st extinct] =  0, P[1st extinct] =  0.000
     Mean size (all populations) = 6439.46 (8.97 SE; 634.10 SD)
  Means across extant populations only:
     Population size =          6439.46 (8.97 SE; 634.10 SD)

Year 53
     N[Extinct] =    0, P[E] =  0.000
     N[Surviving] =  5000, P[S] =  1.000
     N[1st extinct] =  0, P[1st extinct] =  0.000
     Mean size (all populations) = 6433.22 (9.29 SE; 657.11 SD)
  Means across extant populations only:
     Population size =          6433.22 (9.29 SE; 657.11 SD)

Year 54
     N[Extinct] =    0, P[E] =  0.000
     N[Surviving] =  5000, P[S] =  1.000
     N[1st extinct] =  0, P[1st extinct] =  0.000
     Mean size (all populations) = 6430.44 (8.99 SE; 635.38 SD)
  Means across extant populations only:
     Population size =          6430.44 (8.99 SE; 635.38 SD)

Year 55
     N[Extinct] =    0, P[E] =  0.000
     N[Surviving] =  5000, P[S] =  1.000
     N[1st extinct] =  0, P[1st extinct] =  0.000
     Mean size (all populations) = 6439.58 (9.08 SE; 642.22 SD)
  Means across extant populations only:
     Population size =          6439.58 (9.08 SE; 642.22 SD)

Year 56
     N[Extinct] =    0, P[E] =  0.000
     N[Surviving] =  5000, P[S] =  1.000
     N[1st extinct] =  0, P[1st extinct] =  0.000
     Mean size (all populations) = 6434.87 (9.04 SE; 639.10 SD)
  Means across extant populations only:
     Population size =          6434.87 (9.04 SE; 639.10 SD)

Year 57
     N[Extinct] =    0, P[E] =  0.000
     N[Surviving] =  5000, P[S] =  1.000
     N[1st extinct] =  0, P[1st extinct] =  0.000
     Mean size (all populations) = 6417.91 (9.03 SE; 638.74 SD)
  Means across extant populations only:
     Population size =          6417.91 (9.03 SE; 638.74 SD)

Year 58
     N[Extinct] =    0, P[E] =  0.000
     N[Surviving] =  5000, P[S] =  1.000
     N[1st extinct] =  0, P[1st extinct] =  0.000
     Mean size (all populations) = 6432.27 (9.11 SE; 644.29 SD)
  Means across extant populations only:
     Population size =          6432.27 (9.11 SE; 644.29 SD)

Year 59
     N[Extinct] =    0, P[E] =  0.000
     N[Surviving] =  5000, P[S] =  1.000
     N[1st extinct] =  0, P[1st extinct] =  0.000
     Mean size (all populations) = 6432.20 (8.80 SE; 622.20 SD)
  Means across extant populations only:
     Population size =          6432.20 (8.80 SE; 622.20 SD)

Year 60
     N[Extinct] =    0, P[E] =  0.000
     N[Surviving] =  5000, P[S] =  1.000
     N[1st extinct] =  0, P[1st extinct] =  0.000
     Mean size (all populations) = 6432.67 (8.92 SE; 630.40 SD)
  Means across extant populations only:
     Population size =          6432.67 (8.92 SE; 630.40 SD)

Year 61
     N[Extinct] =    0, P[E] =  0.000
     N[Surviving] =  5000, P[S] =  1.000
     N[1st extinct] =  0, P[1st extinct] =  0.000
     Mean size (all populations) = 6438.32 (9.03 SE; 638.20 SD)
  Means across extant populations only:
     Population size =          6438.32 (9.03 SE; 638.20 SD)

Year 62
     N[Extinct] =    0, P[E] =  0.000
     N[Surviving] =  5000, P[S] =  1.000
     N[1st extinct] =  0, P[1st extinct] =  0.000
     Mean size (all populations) = 6442.10 (8.89 SE; 628.56 SD)
  Means across extant populations only:
     Population size =          6442.10 (8.89 SE; 628.56 SD)

Year 63
     N[Extinct] =    0, P[E] =  0.000
     N[Surviving] =  5000, P[S] =  1.000
     N[1st extinct] =  0, P[1st extinct] =  0.000
     Mean size (all populations) = 6434.64 (9.02 SE; 637.88 SD)
  Means across extant populations only:
     Population size =          6434.64 (9.02 SE; 637.88 SD)

Year 64
     N[Extinct] =    0, P[E] =  0.000
     N[Surviving] =  5000, P[S] =  1.000
     N[1st extinct] =  0, P[1st extinct] =  0.000
     Mean size (all populations) = 6435.09 (8.99 SE; 635.68 SD)
  Means across extant populations only:
     Population size =          6435.09 (8.99 SE; 635.68 SD)

Year 65
     N[Extinct] =    0, P[E] =  0.000
     N[Surviving] =  5000, P[S] =  1.000
     N[1st extinct] =  0, P[1st extinct] =  0.000
     Mean size (all populations) = 6430.45 (8.92 SE; 631.08 SD)
  Means across extant populations only:
     Population size =          6430.45 (8.92 SE; 631.08 SD)

Year 66
     N[Extinct] =    0, P[E] =  0.000
     N[Surviving] =  5000, P[S] =  1.000
     N[1st extinct] =  0, P[1st extinct] =  0.000
     Mean size (all populations) = 6452.68 (9.10 SE; 643.52 SD)
  Means across extant populations only:
     Population size =          6452.68 (9.10 SE; 643.52 SD)

Year 67
     N[Extinct] =    0, P[E] =  0.000
     N[Surviving] =  5000, P[S] =  1.000
     N[1st extinct] =  0, P[1st extinct] =  0.000
     Mean size (all populations) = 6441.84 (8.99 SE; 635.53 SD)
  Means across extant populations only:
     Population size =          6441.84 (8.99 SE; 635.53 SD)

Year 68
     N[Extinct] =    0, P[E] =  0.000
     N[Surviving] =  5000, P[S] =  1.000
     N[1st extinct] =  0, P[1st extinct] =  0.000
     Mean size (all populations) = 6449.77 (9.18 SE; 648.85 SD)
  Means across extant populations only:
     Population size =          6449.77 (9.18 SE; 648.85 SD)

Year 69
     N[Extinct] =    0, P[E] =  0.000
     N[Surviving] =  5000, P[S] =  1.000
     N[1st extinct] =  0, P[1st extinct] =  0.000
     Mean size (all populations) = 6445.69 (8.93 SE; 631.11 SD)
  Means across extant populations only:
     Population size =          6445.69 (8.93 SE; 631.11 SD)

Year 70
     N[Extinct] =    0, P[E] =  0.000
     N[Surviving] =  5000, P[S] =  1.000
     N[1st extinct] =  0, P[1st extinct] =  0.000
     Mean size (all populations) = 6433.06 (8.87 SE; 626.92 SD)
  Means across extant populations only:
     Population size =          6433.06 (8.87 SE; 626.92 SD)

Year 71
     N[Extinct] =    0, P[E] =  0.000
     N[Surviving] =  5000, P[S] =  1.000
     N[1st extinct] =  0, P[1st extinct] =  0.000
     Mean size (all populations) = 6452.61 (8.97 SE; 633.98 SD)
  Means across extant populations only:
     Population size =          6452.61 (8.97 SE; 633.98 SD)

Year 72
     N[Extinct] =    0, P[E] =  0.000
     N[Surviving] =  5000, P[S] =  1.000
     N[1st extinct] =  0, P[1st extinct] =  0.000
     Mean size (all populations) = 6441.87 (9.04 SE; 639.33 SD)
  Means across extant populations only:
     Population size =          6441.87 (9.04 SE; 639.33 SD)

Year 73
     N[Extinct] =    0, P[E] =  0.000
     N[Surviving] =  5000, P[S] =  1.000
     N[1st extinct] =  0, P[1st extinct] =  0.000
     Mean size (all populations) = 6447.04 (9.00 SE; 636.54 SD)
  Means across extant populations only:
     Population size =          6447.04 (9.00 SE; 636.54 SD)

Year 74
     N[Extinct] =    0, P[E] =  0.000
     N[Surviving] =  5000, P[S] =  1.000
     N[1st extinct] =  0, P[1st extinct] =  0.000
     Mean size (all populations) = 6445.50 (8.93 SE; 631.13 SD)
  Means across extant populations only:
     Population size =          6445.50 (8.93 SE; 631.13 SD)

Year 75
     N[Extinct] =    0, P[E] =  0.000
     N[Surviving] =  5000, P[S] =  1.000
     N[1st extinct] =  0, P[1st extinct] =  0.000
     Mean size (all populations) = 6431.64 (9.03 SE; 638.71 SD)
  Means across extant populations only:
     Population size =          6431.64 (9.03 SE; 638.71 SD)

Year 76
     N[Extinct] =    0, P[E] =  0.000
     N[Surviving] =  5000, P[S] =  1.000
     N[1st extinct] =  0, P[1st extinct] =  0.000
     Mean size (all populations) = 6437.07 (9.00 SE; 636.17 SD)
  Means across extant populations only:
     Population size =          6437.07 (9.00 SE; 636.17 SD)

Year 77
     N[Extinct] =    0, P[E] =  0.000
     N[Surviving] =  5000, P[S] =  1.000
     N[1st extinct] =  0, P[1st extinct] =  0.000
     Mean size (all populations) = 6455.37 (9.00 SE; 636.65 SD)
  Means across extant populations only:
     Population size =          6455.37 (9.00 SE; 636.65 SD)

Year 78
     N[Extinct] =    0, P[E] =  0.000
     N[Surviving] =  5000, P[S] =  1.000
     N[1st extinct] =  0, P[1st extinct] =  0.000
     Mean size (all populations) = 6426.27 (8.96 SE; 633.59 SD)
  Means across extant populations only:
     Population size =          6426.27 (8.96 SE; 633.59 SD)

Year 79
     N[Extinct] =    0, P[E] =  0.000
     N[Surviving] =  5000, P[S] =  1.000
     N[1st extinct] =  0, P[1st extinct] =  0.000
     Mean size (all populations) = 6440.88 (8.89 SE; 628.83 SD)
  Means across extant populations only:
     Population size =          6440.88 (8.89 SE; 628.83 SD)

Year 80
     N[Extinct] =    0, P[E] =  0.000
     N[Surviving] =  5000, P[S] =  1.000
     N[1st extinct] =  0, P[1st extinct] =  0.000
     Mean size (all populations) = 6434.23 (8.94 SE; 631.81 SD)
  Means across extant populations only:
     Population size =          6434.23 (8.94 SE; 631.81 SD)

Year 81
     N[Extinct] =    0, P[E] =  0.000
     N[Surviving] =  5000, P[S] =  1.000
     N[1st extinct] =  0, P[1st extinct] =  0.000
     Mean size (all populations) = 6424.29 (8.81 SE; 623.28 SD)
  Means across extant populations only:
     Population size =          6424.29 (8.81 SE; 623.28 SD)

Year 82
     N[Extinct] =    0, P[E] =  0.000
     N[Surviving] =  5000, P[S] =  1.000
     N[1st extinct] =  0, P[1st extinct] =  0.000
     Mean size (all populations) = 6426.15 (9.02 SE; 638.12 SD)
  Means across extant populations only:
     Population size =          6426.15 (9.02 SE; 638.12 SD)

Year 83
     N[Extinct] =    0, P[E] =  0.000
     N[Surviving] =  5000, P[S] =  1.000
     N[1st extinct] =  0, P[1st extinct] =  0.000
     Mean size (all populations) = 6446.63 (8.96 SE; 633.23 SD)
  Means across extant populations only:
     Population size =          6446.63 (8.96 SE; 633.23 SD)

Year 84
     N[Extinct] =    0, P[E] =  0.000
     N[Surviving] =  5000, P[S] =  1.000
     N[1st extinct] =  0, P[1st extinct] =  0.000
     Mean size (all populations) = 6419.98 (9.07 SE; 641.49 SD)
  Means across extant populations only:
     Population size =          6419.98 (9.07 SE; 641.49 SD)

Year 85
     N[Extinct] =    0, P[E] =  0.000
     N[Surviving] =  5000, P[S] =  1.000
     N[1st extinct] =  0, P[1st extinct] =  0.000
     Mean size (all populations) = 6440.51 (9.02 SE; 637.66 SD)
  Means across extant populations only:
     Population size =          6440.51 (9.02 SE; 637.66 SD)

Year 86
     N[Extinct] =    0, P[E] =  0.000
     N[Surviving] =  5000, P[S] =  1.000
     N[1st extinct] =  0, P[1st extinct] =  0.000
     Mean size (all populations) = 6453.12 (8.80 SE; 622.10 SD)
  Means across extant populations only:
     Population size =          6453.12 (8.80 SE; 622.10 SD)

Year 87
     N[Extinct] =    0, P[E] =  0.000
     N[Surviving] =  5000, P[S] =  1.000
     N[1st extinct] =  0, P[1st extinct] =  0.000
     Mean size (all populations) = 6424.98 (9.17 SE; 648.61 SD)
  Means across extant populations only:
     Population size =          6424.98 (9.17 SE; 648.61 SD)

Year 88
     N[Extinct] =    0, P[E] =  0.000
     N[Surviving] =  5000, P[S] =  1.000
     N[1st extinct] =  0, P[1st extinct] =  0.000
     Mean size (all populations) = 6426.22 (9.15 SE; 646.68 SD)
  Means across extant populations only:
     Population size =          6426.22 (9.15 SE; 646.68 SD)

Year 89
     N[Extinct] =    0, P[E] =  0.000
     N[Surviving] =  5000, P[S] =  1.000
     N[1st extinct] =  0, P[1st extinct] =  0.000
     Mean size (all populations) = 6439.13 (9.06 SE; 640.89 SD)
  Means across extant populations only:
     Population size =          6439.13 (9.06 SE; 640.89 SD)

Year 90
     N[Extinct] =    0, P[E] =  0.000
     N[Surviving] =  5000, P[S] =  1.000
     N[1st extinct] =  0, P[1st extinct] =  0.000
     Mean size (all populations) = 6433.17 (8.91 SE; 629.70 SD)
  Means across extant populations only:
     Population size =          6433.17 (8.91 SE; 629.70 SD)

Year 91
     N[Extinct] =    0, P[E] =  0.000
     N[Surviving] =  5000, P[S] =  1.000
     N[1st extinct] =  0, P[1st extinct] =  0.000
     Mean size (all populations) = 6430.90 (9.09 SE; 642.72 SD)
  Means across extant populations only:
     Population size =          6430.90 (9.09 SE; 642.72 SD)

Year 92
     N[Extinct] =    0, P[E] =  0.000
     N[Surviving] =  5000, P[S] =  1.000
     N[1st extinct] =  0, P[1st extinct] =  0.000
     Mean size (all populations) = 6424.64 (8.92 SE; 630.77 SD)
  Means across extant populations only:
     Population size =          6424.64 (8.92 SE; 630.77 SD)

Year 93
     N[Extinct] =    0, P[E] =  0.000
     N[Surviving] =  5000, P[S] =  1.000
     N[1st extinct] =  0, P[1st extinct] =  0.000
     Mean size (all populations) = 6425.60 (9.02 SE; 637.63 SD)
  Means across extant populations only:
     Population size =          6425.60 (9.02 SE; 637.63 SD)

Year 94
     N[Extinct] =    0, P[E] =  0.000
     N[Surviving] =  5000, P[S] =  1.000
     N[1st extinct] =  0, P[1st extinct] =  0.000
     Mean size (all populations) = 6445.05 (9.01 SE; 637.09 SD)
  Means across extant populations only:
     Population size =          6445.05 (9.01 SE; 637.09 SD)

Year 95
     N[Extinct] =    0, P[E] =  0.000
     N[Surviving] =  5000, P[S] =  1.000
     N[1st extinct] =  0, P[1st extinct] =  0.000
     Mean size (all populations) = 6450.51 (9.02 SE; 637.53 SD)
  Means across extant populations only:
     Population size =          6450.51 (9.02 SE; 637.53 SD)

Year 96
     N[Extinct] =    0, P[E] =  0.000
     N[Surviving] =  5000, P[S] =  1.000
     N[1st extinct] =  0, P[1st extinct] =  0.000
     Mean size (all populations) = 6438.88 (8.94 SE; 631.92 SD)
  Means across extant populations only:
     Population size =          6438.88 (8.94 SE; 631.92 SD)

Year 97
     N[Extinct] =    0, P[E] =  0.000
     N[Surviving] =  5000, P[S] =  1.000
     N[1st extinct] =  0, P[1st extinct] =  0.000
     Mean size (all populations) = 6438.35 (9.03 SE; 638.66 SD)
  Means across extant populations only:
     Population size =          6438.35 (9.03 SE; 638.66 SD)

Year 98
     N[Extinct] =    0, P[E] =  0.000
     N[Surviving] =  5000, P[S] =  1.000
     N[1st extinct] =  0, P[1st extinct] =  0.000
     Mean size (all populations) = 6441.99 (8.91 SE; 629.99 SD)
  Means across extant populations only:
     Population size =          6441.99 (8.91 SE; 629.99 SD)

Year 99
     N[Extinct] =    0, P[E] =  0.000
     N[Surviving] =  5000, P[S] =  1.000
     N[1st extinct] =  0, P[1st extinct] =  0.000
     Mean size (all populations) = 6413.22 (9.13 SE; 645.32 SD)
  Means across extant populations only:
     Population size =          6413.22 (9.13 SE; 645.32 SD)

Year 100
     N[Extinct] =    0, P[E] =  0.000
     N[Surviving] =  5000, P[S] =  1.000
     N[1st extinct] =  0, P[1st extinct] =  0.000
     Mean size (all populations) = 6428.29 (9.16 SE; 647.46 SD)
  Means across extant populations only:
     Population size =          6428.29 (9.16 SE; 647.46 SD)



In 5000 simulations of Default Scenario for 100 years:
  0 went extinct and 5000 survived.

This gives a probability of extinction of 0.00000 (0.00000 SE),
  or a probability of success of          1.00000 (0.00000 SE).

Means across all populations (extant and extinct) ...
Mean final population was 6428.29 (9.16 SE; 647.46 SD).
   Age 0   Adults    Total
    0.00 3214.12   3214.12 Males
    0.00 3214.17   3214.17 Females

Across all years, prior to carrying capacity truncation,
  mean growth rate (r) was 0.4274 (0.0001 SE, 0.1017 SD)

0 of 0 harvests of females could not be completed because of insufficient animals.
0 of 0 harvests of males could not be completed because of insufficient animals.
*************************************************************************

