Results from VORTEX 10.5.4.0
Project: Coracopsis_nigra
Scenario: Default Scenario

Population 1: Population1

Year 0
     N[Extinct] =    0, P[E] =  0.000
     N[Surviving] =  5000, P[S] =  1.000
     N[1st extinct] =  0, P[1st extinct] =  0.000
     Mean size (all populations) = 72531.00 (0.00 SE; 0.00 SD)
  Means across extant populations only:
     Population size =          72531.00 (0.00 SE; 0.00 SD)

Year 1
     N[Extinct] =    0, P[E] =  0.000
     N[Surviving] =  5000, P[S] =  1.000
     N[1st extinct] =  0, P[1st extinct] =  0.000
     Mean size (all populations) = 72392.16 (98.66 SE; 6976.38 SD)
  Means across extant populations only:
     Population size =          72392.16 (98.66 SE; 6976.38 SD)

Year 2
     N[Extinct] =    0, P[E] =  0.000
     N[Surviving] =  5000, P[S] =  1.000
     N[1st extinct] =  0, P[1st extinct] =  0.000
     Mean size (all populations) = 50989.07 (91.91 SE; 6498.75 SD)
  Means across extant populations only:
     Population size =          50989.07 (91.91 SE; 6498.75 SD)

Year 3
     N[Extinct] =    0, P[E] =  0.000
     N[Surviving] =  5000, P[S] =  1.000
     N[1st extinct] =  0, P[1st extinct] =  0.000
     Mean size (all populations) = 26891.52 (46.08 SE; 3258.11 SD)
  Means across extant populations only:
     Population size =          26891.52 (46.08 SE; 3258.11 SD)

Year 4
     N[Extinct] =    0, P[E] =  0.000
     N[Surviving] =  5000, P[S] =  1.000
     N[1st extinct] =  0, P[1st extinct] =  0.000
     Mean size (all populations) = 19077.50 (42.76 SE; 3023.29 SD)
  Means across extant populations only:
     Population size =          19077.50 (42.76 SE; 3023.29 SD)

Year 5
     N[Extinct] =    0, P[E] =  0.000
     N[Surviving] =  5000, P[S] =  1.000
     N[1st extinct] =  0, P[1st extinct] =  0.000
     Mean size (all populations) = 9997.82 (19.94 SE; 1410.06 SD)
  Means across extant populations only:
     Population size =          9997.82 (19.94 SE; 1410.06 SD)

Year 6
     N[Extinct] =    0, P[E] =  0.000
     N[Surviving] =  5000, P[S] =  1.000
     N[1st extinct] =  0, P[1st extinct] =  0.000
     Mean size (all populations) = 7150.33 (18.51 SE; 1308.97 SD)
  Means across extant populations only:
     Population size =          7150.33 (18.51 SE; 1308.97 SD)

Year 7
     N[Extinct] =    0, P[E] =  0.000
     N[Surviving] =  5000, P[S] =  1.000
     N[1st extinct] =  0, P[1st extinct] =  0.000
     Mean size (all populations) = 3720.20 (8.36 SE; 591.15 SD)
  Means across extant populations only:
     Population size =          3720.20 (8.36 SE; 591.15 SD)

Year 8
     N[Extinct] =    0, P[E] =  0.000
     N[Surviving] =  5000, P[S] =  1.000
     N[1st extinct] =  0, P[1st extinct] =  0.000
     Mean size (all populations) = 2672.58 (7.79 SE; 550.59 SD)
  Means across extant populations only:
     Population size =          2672.58 (7.79 SE; 550.59 SD)

Year 9
     N[Extinct] =    0, P[E] =  0.000
     N[Surviving] =  5000, P[S] =  1.000
     N[1st extinct] =  0, P[1st extinct] =  0.000
     Mean size (all populations) = 1382.90 (3.40 SE; 240.19 SD)
  Means across extant populations only:
     Population size =          1382.90 (3.40 SE; 240.19 SD)

Year 10
     N[Extinct] =    0, P[E] =  0.000
     N[Surviving] =  5000, P[S] =  1.000
     N[1st extinct] =  0, P[1st extinct] =  0.000
     Mean size (all populations) = 999.04 (3.22 SE; 227.72 SD)
  Means across extant populations only:
     Population size =          999.04 (3.22 SE; 227.72 SD)

Year 11
     N[Extinct] =    0, P[E] =  0.000
     N[Surviving] =  5000, P[S] =  1.000
     N[1st extinct] =  0, P[1st extinct] =  0.000
     Mean size (all populations) = 513.81 (1.36 SE; 96.51 SD)
  Means across extant populations only:
     Population size =          513.81 (1.36 SE; 96.51 SD)

Year 12
     N[Extinct] =    0, P[E] =  0.000
     N[Surviving] =  5000, P[S] =  1.000
     N[1st extinct] =  0, P[1st extinct] =  0.000
     Mean size (all populations) = 374.67 (1.34 SE; 94.64 SD)
  Means across extant populations only:
     Population size =          374.67 (1.34 SE; 94.64 SD)

Year 13
     N[Extinct] =    0, P[E] =  0.000
     N[Surviving] =  5000, P[S] =  1.000
     N[1st extinct] =  0, P[1st extinct] =  0.000
     Mean size (all populations) = 191.66 (0.56 SE; 39.41 SD)
  Means across extant populations only:
     Population size =          191.66 (0.56 SE; 39.41 SD)

Year 14
     N[Extinct] =    0, P[E] =  0.000
     N[Surviving] =  5000, P[S] =  1.000
     N[1st extinct] =  0, P[1st extinct] =  0.000
     Mean size (all populations) = 140.66 (0.55 SE; 39.14 SD)
  Means across extant populations only:
     Population size =          140.66 (0.55 SE; 39.14 SD)

Year 15
     N[Extinct] =    0, P[E] =  0.000
     N[Surviving] =  5000, P[S] =  1.000
     N[1st extinct] =  0, P[1st extinct] =  0.000
     Mean size (all populations) = 71.49 (0.23 SE; 15.95 SD)
  Means across extant populations only:
     Population size =          71.49 (0.23 SE; 15.95 SD)

Year 16
     N[Extinct] =    0, P[E] =  0.000
     N[Surviving] =  5000, P[S] =  1.000
     N[1st extinct] =  0, P[1st extinct] =  0.000
     Mean size (all populations) = 52.81 (0.23 SE; 16.02 SD)
  Means across extant populations only:
     Population size =          52.81 (0.23 SE; 16.02 SD)

Year 17
     N[Extinct] =    0, P[E] =  0.000
     N[Surviving] =  5000, P[S] =  1.000
     N[1st extinct] =  0, P[1st extinct] =  0.000
     Mean size (all populations) = 26.60 (0.09 SE; 6.69 SD)
  Means across extant populations only:
     Population size =          26.60 (0.09 SE; 6.69 SD)

Year 18
     N[Extinct] =    0, P[E] =  0.000
     N[Surviving] =  5000, P[S] =  1.000
     N[1st extinct] =  0, P[1st extinct] =  0.000
     Mean size (all populations) = 19.98 (0.10 SE; 6.84 SD)
  Means across extant populations only:
     Population size =          19.98 (0.10 SE; 6.84 SD)

Year 19
     N[Extinct] =    51, P[E] =  0.010
     N[Surviving] =  4949, P[S] =  0.990
     N[1st extinct] =  51, P[1st extinct] =  0.010
     Mean size (all populations) = 9.74 (0.04 SE; 3.15 SD)
  Means across extant populations only:
     Population size =          9.80 (0.04 SE; 3.11 SD)

Year 20
     N[Extinct] =    242, P[E] =  0.048
     N[Surviving] =  4758, P[S] =  0.952
     N[1st extinct] =  191, P[1st extinct] =  0.038
     Mean size (all populations) = 7.77 (0.05 SE; 3.46 SD)
  Means across extant populations only:
     Population size =          8.02 (0.05 SE; 3.34 SD)

Year 21
     N[Extinct] =    1135, P[E] =  0.227
     N[Surviving] =  3865, P[S] =  0.773
     N[1st extinct] =  893, P[1st extinct] =  0.179
     Mean size (all populations) = 3.71 (0.02 SE; 1.75 SD)
  Means across extant populations only:
     Population size =          4.22 (0.03 SE; 1.60 SD)

Year 22
     N[Extinct] =    1842, P[E] =  0.368
     N[Surviving] =  3158, P[S] =  0.632
     N[1st extinct] =  707, P[1st extinct] =  0.141
     Mean size (all populations) = 3.13 (0.03 SE; 2.06 SD)
  Means across extant populations only:
     Population size =          4.21 (0.03 SE; 1.78 SD)

Year 23
     N[Extinct] =    3387, P[E] =  0.677
     N[Surviving] =  1613, P[S] =  0.323
     N[1st extinct] =  1545, P[1st extinct] =  0.309
     Mean size (all populations) = 1.55 (0.02 SE; 1.16 SD)
  Means across extant populations only:
     Population size =          2.75 (0.02 SE; 0.91 SD)

Year 24
     N[Extinct] =    3875, P[E] =  0.775
     N[Surviving] =  1125, P[S] =  0.225
     N[1st extinct] =  488, P[1st extinct] =  0.098
     Mean size (all populations) = 1.20 (0.02 SE; 1.28 SD)
  Means across extant populations only:
     Population size =          3.06 (0.03 SE; 1.10 SD)

Year 25
     N[Extinct] =    4618, P[E] =  0.924
     N[Surviving] =  382, P[S] =  0.076
     N[1st extinct] =  743, P[1st extinct] =  0.149
     Mean size (all populations) = 0.62 (0.01 SE; 0.81 SD)
  Means across extant populations only:
     Population size =          2.42 (0.04 SE; 0.70 SD)

Year 26
     N[Extinct] =    4756, P[E] =  0.951
     N[Surviving] =  244, P[S] =  0.049
     N[1st extinct] =  138, P[1st extinct] =  0.028
     Mean size (all populations) = 0.42 (0.01 SE; 0.74 SD)
  Means across extant populations only:
     Population size =          2.70 (0.05 SE; 0.85 SD)

Year 27
     N[Extinct] =    4926, P[E] =  0.985
     N[Surviving] =  74, P[S] =  0.015
     N[1st extinct] =  170, P[1st extinct] =  0.034
     Mean size (all populations) = 0.23 (0.01 SE; 0.50 SD)
  Means across extant populations only:
     Population size =          2.35 (0.08 SE; 0.65 SD)

Year 28
     N[Extinct] =    4965, P[E] =  0.993
     N[Surviving] =  35, P[S] =  0.007
     N[1st extinct] =  39, P[1st extinct] =  0.008
     Mean size (all populations) = 0.14 (0.01 SE; 0.40 SD)
  Means across extant populations only:
     Population size =          2.74 (0.16 SE; 0.92 SD)

Year 29
     N[Extinct] =    4990, P[E] =  0.998
     N[Surviving] =  10, P[S] =  0.002
     N[1st extinct] =  25, P[1st extinct] =  0.005
     Mean size (all populations) = 0.08 (0.00 SE; 0.28 SD)
  Means across extant populations only:
     Population size =          2.20 (0.13 SE; 0.42 SD)

Year 30
     N[Extinct] =    4992, P[E] =  0.998
     N[Surviving] =  8, P[S] =  0.002
     N[1st extinct] =  2, P[1st extinct] =  0.000
     Mean size (all populations) = 0.04 (0.00 SE; 0.22 SD)
  Means across extant populations only:
     Population size =          2.38 (0.26 SE; 0.74 SD)

Year 31
     N[Extinct] =    4998, P[E] =  1.000
     N[Surviving] =  2, P[S] =  0.000
     N[1st extinct] =  6, P[1st extinct] =  0.001
     Mean size (all populations) = 0.03 (0.00 SE; 0.17 SD)
  Means across extant populations only:
     Population size =          2.00 (0.00 SE; 0.00 SD)

Year 32
     N[Extinct] =    4999, P[E] =  1.000
     N[Surviving] =  1, P[S] =  0.000
     N[1st extinct] =  1, P[1st extinct] =  0.000
     Mean size (all populations) = 0.02 (0.00 SE; 0.12 SD)
  Means across extant populations only:
     Population size =          2.00 (0.00 SE; 0.00 SD)

Year 33
     N[Extinct] =    5000, P[E] =  1.000
     N[Surviving] =  0, P[S] =  0.000
     N[1st extinct] =  1, P[1st extinct] =  0.000
     Mean size (all populations) = 0.01 (0.00 SE; 0.10 SD)

Year 34
     N[Extinct] =    5000, P[E] =  1.000
     N[Surviving] =  0, P[S] =  0.000
     N[1st extinct] =  0, P[1st extinct] =  0.000
     Mean size (all populations) = 0.01 (0.00 SE; 0.08 SD)

Year 35
     N[Extinct] =    5000, P[E] =  1.000
     N[Surviving] =  0, P[S] =  0.000
     N[1st extinct] =  0, P[1st extinct] =  0.000
     Mean size (all populations) = 0.00 (0.00 SE; 0.06 SD)

Year 36
     N[Extinct] =    5000, P[E] =  1.000
     N[Surviving] =  0, P[S] =  0.000
     N[1st extinct] =  0, P[1st extinct] =  0.000
     Mean size (all populations) = 0.00 (0.00 SE; 0.05 SD)

Year 37
     N[Extinct] =    5000, P[E] =  1.000
     N[Surviving] =  0, P[S] =  0.000
     N[1st extinct] =  0, P[1st extinct] =  0.000
     Mean size (all populations) = 0.00 (0.00 SE; 0.04 SD)

Year 38
     N[Extinct] =    5000, P[E] =  1.000
     N[Surviving] =  0, P[S] =  0.000
     N[1st extinct] =  0, P[1st extinct] =  0.000
     Mean size (all populations) = 0.00 (0.00 SE; 0.03 SD)

Year 39
     N[Extinct] =    5000, P[E] =  1.000
     N[Surviving] =  0, P[S] =  0.000
     N[1st extinct] =  0, P[1st extinct] =  0.000
     Mean size (all populations) = 0.00 (0.00 SE; 0.03 SD)

Year 40
     N[Extinct] =    5000, P[E] =  1.000
     N[Surviving] =  0, P[S] =  0.000
     N[1st extinct] =  0, P[1st extinct] =  0.000
     Mean size (all populations) = 0.00 (0.00 SE; 0.02 SD)

Year 41
     N[Extinct] =    5000, P[E] =  1.000
     N[Surviving] =  0, P[S] =  0.000
     N[1st extinct] =  0, P[1st extinct] =  0.000
     Mean size (all populations) = 0.00 (0.00 SE; 0.02 SD)

Year 42
     N[Extinct] =    5000, P[E] =  1.000
     N[Surviving] =  0, P[S] =  0.000
     N[1st extinct] =  0, P[1st extinct] =  0.000
     Mean size (all populations) = 0.00 (0.00 SE; 0.01 SD)

Year 43
     N[Extinct] =    5000, P[E] =  1.000
     N[Surviving] =  0, P[S] =  0.000
     N[1st extinct] =  0, P[1st extinct] =  0.000
     Mean size (all populations) = 0.00 (0.00 SE; 0.00 SD)

Year 44
     N[Extinct] =    5000, P[E] =  1.000
     N[Surviving] =  0, P[S] =  0.000
     N[1st extinct] =  0, P[1st extinct] =  0.000
     Mean size (all populations) = 0.00 (0.00 SE; 0.00 SD)

Year 45
     N[Extinct] =    5000, P[E] =  1.000
     N[Surviving] =  0, P[S] =  0.000
     N[1st extinct] =  0, P[1st extinct] =  0.000
     Mean size (all populations) = 0.00 (0.00 SE; 0.00 SD)

Year 46
     N[Extinct] =    5000, P[E] =  1.000
     N[Surviving] =  0, P[S] =  0.000
     N[1st extinct] =  0, P[1st extinct] =  0.000
     Mean size (all populations) = 0.00 (0.00 SE; 0.00 SD)

Year 47
     N[Extinct] =    5000, P[E] =  1.000
     N[Surviving] =  0, P[S] =  0.000
     N[1st extinct] =  0, P[1st extinct] =  0.000
     Mean size (all populations) = 0.00 (0.00 SE; 0.00 SD)

Year 48
     N[Extinct] =    5000, P[E] =  1.000
     N[Surviving] =  0, P[S] =  0.000
     N[1st extinct] =  0, P[1st extinct] =  0.000
     Mean size (all populations) = 0.00 (0.00 SE; 0.00 SD)

Year 49
     N[Extinct] =    5000, P[E] =  1.000
     N[Surviving] =  0, P[S] =  0.000
     N[1st extinct] =  0, P[1st extinct] =  0.000
     Mean size (all populations) = 0.00 (0.00 SE; 0.00 SD)

Year 50
     N[Extinct] =    5000, P[E] =  1.000
     N[Surviving] =  0, P[S] =  0.000
     N[1st extinct] =  0, P[1st extinct] =  0.000
     Mean size (all populations) = 0.00 (0.00 SE; 0.00 SD)

Year 51
     N[Extinct] =    5000, P[E] =  1.000
     N[Surviving] =  0, P[S] =  0.000
     N[1st extinct] =  0, P[1st extinct] =  0.000
     Mean size (all populations) = 0.00 (0.00 SE; 0.00 SD)

Year 52
     N[Extinct] =    5000, P[E] =  1.000
     N[Surviving] =  0, P[S] =  0.000
     N[1st extinct] =  0, P[1st extinct] =  0.000
     Mean size (all populations) = 0.00 (0.00 SE; 0.00 SD)

Year 53
     N[Extinct] =    5000, P[E] =  1.000
     N[Surviving] =  0, P[S] =  0.000
     N[1st extinct] =  0, P[1st extinct] =  0.000
     Mean size (all populations) = 0.00 (0.00 SE; 0.00 SD)

Year 54
     N[Extinct] =    5000, P[E] =  1.000
     N[Surviving] =  0, P[S] =  0.000
     N[1st extinct] =  0, P[1st extinct] =  0.000
     Mean size (all populations) = 0.00 (0.00 SE; 0.00 SD)

Year 55
     N[Extinct] =    5000, P[E] =  1.000
     N[Surviving] =  0, P[S] =  0.000
     N[1st extinct] =  0, P[1st extinct] =  0.000
     Mean size (all populations) = 0.00 (0.00 SE; 0.00 SD)

Year 56
     N[Extinct] =    5000, P[E] =  1.000
     N[Surviving] =  0, P[S] =  0.000
     N[1st extinct] =  0, P[1st extinct] =  0.000
     Mean size (all populations) = 0.00 (0.00 SE; 0.00 SD)

Year 57
     N[Extinct] =    5000, P[E] =  1.000
     N[Surviving] =  0, P[S] =  0.000
     N[1st extinct] =  0, P[1st extinct] =  0.000
     Mean size (all populations) = 0.00 (0.00 SE; 0.00 SD)

Year 58
     N[Extinct] =    5000, P[E] =  1.000
     N[Surviving] =  0, P[S] =  0.000
     N[1st extinct] =  0, P[1st extinct] =  0.000
     Mean size (all populations) = 0.00 (0.00 SE; 0.00 SD)

Year 59
     N[Extinct] =    5000, P[E] =  1.000
     N[Surviving] =  0, P[S] =  0.000
     N[1st extinct] =  0, P[1st extinct] =  0.000
     Mean size (all populations) = 0.00 (0.00 SE; 0.00 SD)

Year 60
     N[Extinct] =    5000, P[E] =  1.000
     N[Surviving] =  0, P[S] =  0.000
     N[1st extinct] =  0, P[1st extinct] =  0.000
     Mean size (all populations) = 0.00 (0.00 SE; 0.00 SD)

Year 61
     N[Extinct] =    5000, P[E] =  1.000
     N[Surviving] =  0, P[S] =  0.000
     N[1st extinct] =  0, P[1st extinct] =  0.000
     Mean size (all populations) = 0.00 (0.00 SE; 0.00 SD)

Year 62
     N[Extinct] =    5000, P[E] =  1.000
     N[Surviving] =  0, P[S] =  0.000
     N[1st extinct] =  0, P[1st extinct] =  0.000
     Mean size (all populations) = 0.00 (0.00 SE; 0.00 SD)

Year 63
     N[Extinct] =    5000, P[E] =  1.000
     N[Surviving] =  0, P[S] =  0.000
     N[1st extinct] =  0, P[1st extinct] =  0.000
     Mean size (all populations) = 0.00 (0.00 SE; 0.00 SD)

Year 64
     N[Extinct] =    5000, P[E] =  1.000
     N[Surviving] =  0, P[S] =  0.000
     N[1st extinct] =  0, P[1st extinct] =  0.000
     Mean size (all populations) = 0.00 (0.00 SE; 0.00 SD)

Year 65
     N[Extinct] =    5000, P[E] =  1.000
     N[Surviving] =  0, P[S] =  0.000
     N[1st extinct] =  0, P[1st extinct] =  0.000
     Mean size (all populations) = 0.00 (0.00 SE; 0.00 SD)

Year 66
     N[Extinct] =    5000, P[E] =  1.000
     N[Surviving] =  0, P[S] =  0.000
     N[1st extinct] =  0, P[1st extinct] =  0.000
     Mean size (all populations) = 0.00 (0.00 SE; 0.00 SD)

Year 67
     N[Extinct] =    5000, P[E] =  1.000
     N[Surviving] =  0, P[S] =  0.000
     N[1st extinct] =  0, P[1st extinct] =  0.000
     Mean size (all populations) = 0.00 (0.00 SE; 0.00 SD)

Year 68
     N[Extinct] =    5000, P[E] =  1.000
     N[Surviving] =  0, P[S] =  0.000
     N[1st extinct] =  0, P[1st extinct] =  0.000
     Mean size (all populations) = 0.00 (0.00 SE; 0.00 SD)

Year 69
     N[Extinct] =    5000, P[E] =  1.000
     N[Surviving] =  0, P[S] =  0.000
     N[1st extinct] =  0, P[1st extinct] =  0.000
     Mean size (all populations) = 0.00 (0.00 SE; 0.00 SD)

Year 70
     N[Extinct] =    5000, P[E] =  1.000
     N[Surviving] =  0, P[S] =  0.000
     N[1st extinct] =  0, P[1st extinct] =  0.000
     Mean size (all populations) = 0.00 (0.00 SE; 0.00 SD)

Year 71
     N[Extinct] =    5000, P[E] =  1.000
     N[Surviving] =  0, P[S] =  0.000
     N[1st extinct] =  0, P[1st extinct] =  0.000
     Mean size (all populations) = 0.00 (0.00 SE; 0.00 SD)

Year 72
     N[Extinct] =    5000, P[E] =  1.000
     N[Surviving] =  0, P[S] =  0.000
     N[1st extinct] =  0, P[1st extinct] =  0.000
     Mean size (all populations) = 0.00 (0.00 SE; 0.00 SD)

Year 73
     N[Extinct] =    5000, P[E] =  1.000
     N[Surviving] =  0, P[S] =  0.000
     N[1st extinct] =  0, P[1st extinct] =  0.000
     Mean size (all populations) = 0.00 (0.00 SE; 0.00 SD)

Year 74
     N[Extinct] =    5000, P[E] =  1.000
     N[Surviving] =  0, P[S] =  0.000
     N[1st extinct] =  0, P[1st extinct] =  0.000
     Mean size (all populations) = 0.00 (0.00 SE; 0.00 SD)

Year 75
     N[Extinct] =    5000, P[E] =  1.000
     N[Surviving] =  0, P[S] =  0.000
     N[1st extinct] =  0, P[1st extinct] =  0.000
     Mean size (all populations) = 0.00 (0.00 SE; 0.00 SD)

Year 76
     N[Extinct] =    5000, P[E] =  1.000
     N[Surviving] =  0, P[S] =  0.000
     N[1st extinct] =  0, P[1st extinct] =  0.000
     Mean size (all populations) = 0.00 (0.00 SE; 0.00 SD)

Year 77
     N[Extinct] =    5000, P[E] =  1.000
     N[Surviving] =  0, P[S] =  0.000
     N[1st extinct] =  0, P[1st extinct] =  0.000
     Mean size (all populations) = 0.00 (0.00 SE; 0.00 SD)

Year 78
     N[Extinct] =    5000, P[E] =  1.000
     N[Surviving] =  0, P[S] =  0.000
     N[1st extinct] =  0, P[1st extinct] =  0.000
     Mean size (all populations) = 0.00 (0.00 SE; 0.00 SD)

Year 79
     N[Extinct] =    5000, P[E] =  1.000
     N[Surviving] =  0, P[S] =  0.000
     N[1st extinct] =  0, P[1st extinct] =  0.000
     Mean size (all populations) = 0.00 (0.00 SE; 0.00 SD)

Year 80
     N[Extinct] =    5000, P[E] =  1.000
     N[Surviving] =  0, P[S] =  0.000
     N[1st extinct] =  0, P[1st extinct] =  0.000
     Mean size (all populations) = 0.00 (0.00 SE; 0.00 SD)

Year 81
     N[Extinct] =    5000, P[E] =  1.000
     N[Surviving] =  0, P[S] =  0.000
     N[1st extinct] =  0, P[1st extinct] =  0.000
     Mean size (all populations) = 0.00 (0.00 SE; 0.00 SD)

Year 82
     N[Extinct] =    5000, P[E] =  1.000
     N[Surviving] =  0, P[S] =  0.000
     N[1st extinct] =  0, P[1st extinct] =  0.000
     Mean size (all populations) = 0.00 (0.00 SE; 0.00 SD)

Year 83
     N[Extinct] =    5000, P[E] =  1.000
     N[Surviving] =  0, P[S] =  0.000
     N[1st extinct] =  0, P[1st extinct] =  0.000
     Mean size (all populations) = 0.00 (0.00 SE; 0.00 SD)

Year 84
     N[Extinct] =    5000, P[E] =  1.000
     N[Surviving] =  0, P[S] =  0.000
     N[1st extinct] =  0, P[1st extinct] =  0.000
     Mean size (all populations) = 0.00 (0.00 SE; 0.00 SD)

Year 85
     N[Extinct] =    5000, P[E] =  1.000
     N[Surviving] =  0, P[S] =  0.000
     N[1st extinct] =  0, P[1st extinct] =  0.000
     Mean size (all populations) = 0.00 (0.00 SE; 0.00 SD)

Year 86
     N[Extinct] =    5000, P[E] =  1.000
     N[Surviving] =  0, P[S] =  0.000
     N[1st extinct] =  0, P[1st extinct] =  0.000
     Mean size (all populations) = 0.00 (0.00 SE; 0.00 SD)

Year 87
     N[Extinct] =    5000, P[E] =  1.000
     N[Surviving] =  0, P[S] =  0.000
     N[1st extinct] =  0, P[1st extinct] =  0.000
     Mean size (all populations) = 0.00 (0.00 SE; 0.00 SD)

Year 88
     N[Extinct] =    5000, P[E] =  1.000
     N[Surviving] =  0, P[S] =  0.000
     N[1st extinct] =  0, P[1st extinct] =  0.000
     Mean size (all populations) = 0.00 (0.00 SE; 0.00 SD)

Year 89
     N[Extinct] =    5000, P[E] =  1.000
     N[Surviving] =  0, P[S] =  0.000
     N[1st extinct] =  0, P[1st extinct] =  0.000
     Mean size (all populations) = 0.00 (0.00 SE; 0.00 SD)

Year 90
     N[Extinct] =    5000, P[E] =  1.000
     N[Surviving] =  0, P[S] =  0.000
     N[1st extinct] =  0, P[1st extinct] =  0.000
     Mean size (all populations) = 0.00 (0.00 SE; 0.00 SD)

Year 91
     N[Extinct] =    5000, P[E] =  1.000
     N[Surviving] =  0, P[S] =  0.000
     N[1st extinct] =  0, P[1st extinct] =  0.000
     Mean size (all populations) = 0.00 (0.00 SE; 0.00 SD)

Year 92
     N[Extinct] =    5000, P[E] =  1.000
     N[Surviving] =  0, P[S] =  0.000
     N[1st extinct] =  0, P[1st extinct] =  0.000
     Mean size (all populations) = 0.00 (0.00 SE; 0.00 SD)

Year 93
     N[Extinct] =    5000, P[E] =  1.000
     N[Surviving] =  0, P[S] =  0.000
     N[1st extinct] =  0, P[1st extinct] =  0.000
     Mean size (all populations) = 0.00 (0.00 SE; 0.00 SD)

Year 94
     N[Extinct] =    5000, P[E] =  1.000
     N[Surviving] =  0, P[S] =  0.000
     N[1st extinct] =  0, P[1st extinct] =  0.000
     Mean size (all populations) = 0.00 (0.00 SE; 0.00 SD)

Year 95
     N[Extinct] =    5000, P[E] =  1.000
     N[Surviving] =  0, P[S] =  0.000
     N[1st extinct] =  0, P[1st extinct] =  0.000
     Mean size (all populations) = 0.00 (0.00 SE; 0.00 SD)

Year 96
     N[Extinct] =    5000, P[E] =  1.000
     N[Surviving] =  0, P[S] =  0.000
     N[1st extinct] =  0, P[1st extinct] =  0.000
     Mean size (all populations) = 0.00 (0.00 SE; 0.00 SD)

Year 97
     N[Extinct] =    5000, P[E] =  1.000
     N[Surviving] =  0, P[S] =  0.000
     N[1st extinct] =  0, P[1st extinct] =  0.000
     Mean size (all populations) = 0.00 (0.00 SE; 0.00 SD)

Year 98
     N[Extinct] =    5000, P[E] =  1.000
     N[Surviving] =  0, P[S] =  0.000
     N[1st extinct] =  0, P[1st extinct] =  0.000
     Mean size (all populations) = 0.00 (0.00 SE; 0.00 SD)

Year 99
     N[Extinct] =    5000, P[E] =  1.000
     N[Surviving] =  0, P[S] =  0.000
     N[1st extinct] =  0, P[1st extinct] =  0.000
     Mean size (all populations) = 0.00 (0.00 SE; 0.00 SD)

Year 100
     N[Extinct] =    5000, P[E] =  1.000
     N[Surviving] =  0, P[S] =  0.000
     N[1st extinct] =  0, P[1st extinct] =  0.000
     Mean size (all populations) = 0.00 (0.00 SE; 0.00 SD)



In 5000 simulations of Default Scenario for 100 years:
  5000 went extinct and 0 survived.

This gives a probability of extinction of 1.00000 (0.00000 SE),
  or a probability of success of          0.00000 (0.00000 SE).

5000 simulations went extinct at least once.
Median time to first extinction was 23 years.

Of those going extinct,
    mean time to first extinction was 23.04 years (0.03 SE, 1.83 SD).

Means across all populations (extant and extinct) ...
Mean final population was 0.00 (0.00 SE; 0.00 SD).
   Age 0       1   Adults    Total
    0.00    0.00    0.00      0.00 Males
    0.00    0.00    0.00      0.00 Females

During 105224 simulation-years of harvest and/or supplementation
  mean growth rate (r) was -0.4723 (0.0008 SE, 0.2713 SD)

During 5000 simulation-years without harvest or supplementation
  mean growth rate (r) was 0.2487 (0.0011 SE, 0.0794 SD)

Across all years, prior to carrying capacity truncation,
  mean growth rate (r) was -0.4396 (0.0009 SE, 0.3050 SD)

9420 of 256535866 harvests of females could not be completed because of insufficient animals.
10631 of 256536083 harvests of males could not be completed because of insufficient animals.
*************************************************************************

