Results from VORTEX 10.5.4.0
Project: Buteo_brachypterus
Scenario: Default Scenario

Population 1: Population1

Year 0
     N[Extinct] =    0, P[E] =  0.000
     N[Surviving] =  5000, P[S] =  1.000
     N[1st extinct] =  0, P[1st extinct] =  0.000
     Mean size (all populations) = 8691.00 (0.00 SE; 0.00 SD)
  Means across extant populations only:
     Population size =          8691.00 (0.00 SE; 0.00 SD)

Year 1
     N[Extinct] =    0, P[E] =  0.000
     N[Surviving] =  5000, P[S] =  1.000
     N[1st extinct] =  0, P[1st extinct] =  0.000
     Mean size (all populations) = 8664.75 (12.34 SE; 872.25 SD)
  Means across extant populations only:
     Population size =          8664.75 (12.34 SE; 872.25 SD)

Year 2
     N[Extinct] =    0, P[E] =  0.000
     N[Surviving] =  5000, P[S] =  1.000
     N[1st extinct] =  0, P[1st extinct] =  0.000
     Mean size (all populations) = 8667.92 (12.08 SE; 854.32 SD)
  Means across extant populations only:
     Population size =          8667.92 (12.08 SE; 854.32 SD)

Year 3
     N[Extinct] =    0, P[E] =  0.000
     N[Surviving] =  5000, P[S] =  1.000
     N[1st extinct] =  0, P[1st extinct] =  0.000
     Mean size (all populations) = 8691.41 (11.97 SE; 846.69 SD)
  Means across extant populations only:
     Population size =          8691.41 (11.97 SE; 846.69 SD)

Year 4
     N[Extinct] =    0, P[E] =  0.000
     N[Surviving] =  5000, P[S] =  1.000
     N[1st extinct] =  0, P[1st extinct] =  0.000
     Mean size (all populations) = 8674.60 (12.12 SE; 856.78 SD)
  Means across extant populations only:
     Population size =          8674.60 (12.12 SE; 856.78 SD)

Year 5
     N[Extinct] =    0, P[E] =  0.000
     N[Surviving] =  5000, P[S] =  1.000
     N[1st extinct] =  0, P[1st extinct] =  0.000
     Mean size (all populations) = 8685.69 (12.21 SE; 863.43 SD)
  Means across extant populations only:
     Population size =          8685.69 (12.21 SE; 863.43 SD)

Year 6
     N[Extinct] =    0, P[E] =  0.000
     N[Surviving] =  5000, P[S] =  1.000
     N[1st extinct] =  0, P[1st extinct] =  0.000
     Mean size (all populations) = 8678.19 (11.87 SE; 839.60 SD)
  Means across extant populations only:
     Population size =          8678.19 (11.87 SE; 839.60 SD)

Year 7
     N[Extinct] =    0, P[E] =  0.000
     N[Surviving] =  5000, P[S] =  1.000
     N[1st extinct] =  0, P[1st extinct] =  0.000
     Mean size (all populations) = 8670.60 (11.77 SE; 832.41 SD)
  Means across extant populations only:
     Population size =          8670.60 (11.77 SE; 832.41 SD)

Year 8
     N[Extinct] =    0, P[E] =  0.000
     N[Surviving] =  5000, P[S] =  1.000
     N[1st extinct] =  0, P[1st extinct] =  0.000
     Mean size (all populations) = 8674.64 (12.18 SE; 860.94 SD)
  Means across extant populations only:
     Population size =          8674.64 (12.18 SE; 860.94 SD)

Year 9
     N[Extinct] =    0, P[E] =  0.000
     N[Surviving] =  5000, P[S] =  1.000
     N[1st extinct] =  0, P[1st extinct] =  0.000
     Mean size (all populations) = 8664.01 (12.33 SE; 871.92 SD)
  Means across extant populations only:
     Population size =          8664.01 (12.33 SE; 871.92 SD)

Year 10
     N[Extinct] =    0, P[E] =  0.000
     N[Surviving] =  5000, P[S] =  1.000
     N[1st extinct] =  0, P[1st extinct] =  0.000
     Mean size (all populations) = 8660.84 (12.02 SE; 849.85 SD)
  Means across extant populations only:
     Population size =          8660.84 (12.02 SE; 849.85 SD)

Year 11
     N[Extinct] =    0, P[E] =  0.000
     N[Surviving] =  5000, P[S] =  1.000
     N[1st extinct] =  0, P[1st extinct] =  0.000
     Mean size (all populations) = 8672.43 (11.88 SE; 840.33 SD)
  Means across extant populations only:
     Population size =          8672.43 (11.88 SE; 840.33 SD)

Year 12
     N[Extinct] =    0, P[E] =  0.000
     N[Surviving] =  5000, P[S] =  1.000
     N[1st extinct] =  0, P[1st extinct] =  0.000
     Mean size (all populations) = 8679.43 (12.10 SE; 855.51 SD)
  Means across extant populations only:
     Population size =          8679.43 (12.10 SE; 855.51 SD)

Year 13
     N[Extinct] =    0, P[E] =  0.000
     N[Surviving] =  5000, P[S] =  1.000
     N[1st extinct] =  0, P[1st extinct] =  0.000
     Mean size (all populations) = 8666.14 (12.15 SE; 858.82 SD)
  Means across extant populations only:
     Population size =          8666.14 (12.15 SE; 858.82 SD)

Year 14
     N[Extinct] =    0, P[E] =  0.000
     N[Surviving] =  5000, P[S] =  1.000
     N[1st extinct] =  0, P[1st extinct] =  0.000
     Mean size (all populations) = 8682.79 (12.09 SE; 855.10 SD)
  Means across extant populations only:
     Population size =          8682.79 (12.09 SE; 855.10 SD)

Year 15
     N[Extinct] =    0, P[E] =  0.000
     N[Surviving] =  5000, P[S] =  1.000
     N[1st extinct] =  0, P[1st extinct] =  0.000
     Mean size (all populations) = 8676.76 (12.00 SE; 848.44 SD)
  Means across extant populations only:
     Population size =          8676.76 (12.00 SE; 848.44 SD)

Year 16
     N[Extinct] =    0, P[E] =  0.000
     N[Surviving] =  5000, P[S] =  1.000
     N[1st extinct] =  0, P[1st extinct] =  0.000
     Mean size (all populations) = 8663.45 (12.06 SE; 853.09 SD)
  Means across extant populations only:
     Population size =          8663.45 (12.06 SE; 853.09 SD)

Year 17
     N[Extinct] =    0, P[E] =  0.000
     N[Surviving] =  5000, P[S] =  1.000
     N[1st extinct] =  0, P[1st extinct] =  0.000
     Mean size (all populations) = 8674.77 (12.15 SE; 859.11 SD)
  Means across extant populations only:
     Population size =          8674.77 (12.15 SE; 859.11 SD)

Year 18
     N[Extinct] =    0, P[E] =  0.000
     N[Surviving] =  5000, P[S] =  1.000
     N[1st extinct] =  0, P[1st extinct] =  0.000
     Mean size (all populations) = 8673.29 (12.03 SE; 850.67 SD)
  Means across extant populations only:
     Population size =          8673.29 (12.03 SE; 850.67 SD)

Year 19
     N[Extinct] =    0, P[E] =  0.000
     N[Surviving] =  5000, P[S] =  1.000
     N[1st extinct] =  0, P[1st extinct] =  0.000
     Mean size (all populations) = 8654.43 (12.08 SE; 854.07 SD)
  Means across extant populations only:
     Population size =          8654.43 (12.08 SE; 854.07 SD)

Year 20
     N[Extinct] =    0, P[E] =  0.000
     N[Surviving] =  5000, P[S] =  1.000
     N[1st extinct] =  0, P[1st extinct] =  0.000
     Mean size (all populations) = 8673.47 (12.02 SE; 850.24 SD)
  Means across extant populations only:
     Population size =          8673.47 (12.02 SE; 850.24 SD)

Year 21
     N[Extinct] =    0, P[E] =  0.000
     N[Surviving] =  5000, P[S] =  1.000
     N[1st extinct] =  0, P[1st extinct] =  0.000
     Mean size (all populations) = 8670.60 (12.13 SE; 857.87 SD)
  Means across extant populations only:
     Population size =          8670.60 (12.13 SE; 857.87 SD)

Year 22
     N[Extinct] =    0, P[E] =  0.000
     N[Surviving] =  5000, P[S] =  1.000
     N[1st extinct] =  0, P[1st extinct] =  0.000
     Mean size (all populations) = 8677.04 (12.10 SE; 855.45 SD)
  Means across extant populations only:
     Population size =          8677.04 (12.10 SE; 855.45 SD)

Year 23
     N[Extinct] =    0, P[E] =  0.000
     N[Surviving] =  5000, P[S] =  1.000
     N[1st extinct] =  0, P[1st extinct] =  0.000
     Mean size (all populations) = 8681.87 (12.06 SE; 852.84 SD)
  Means across extant populations only:
     Population size =          8681.87 (12.06 SE; 852.84 SD)

Year 24
     N[Extinct] =    0, P[E] =  0.000
     N[Surviving] =  5000, P[S] =  1.000
     N[1st extinct] =  0, P[1st extinct] =  0.000
     Mean size (all populations) = 8662.00 (11.82 SE; 835.83 SD)
  Means across extant populations only:
     Population size =          8662.00 (11.82 SE; 835.83 SD)

Year 25
     N[Extinct] =    0, P[E] =  0.000
     N[Surviving] =  5000, P[S] =  1.000
     N[1st extinct] =  0, P[1st extinct] =  0.000
     Mean size (all populations) = 8683.74 (12.18 SE; 861.34 SD)
  Means across extant populations only:
     Population size =          8683.74 (12.18 SE; 861.34 SD)

Year 26
     N[Extinct] =    0, P[E] =  0.000
     N[Surviving] =  5000, P[S] =  1.000
     N[1st extinct] =  0, P[1st extinct] =  0.000
     Mean size (all populations) = 8679.49 (12.12 SE; 856.92 SD)
  Means across extant populations only:
     Population size =          8679.49 (12.12 SE; 856.92 SD)

Year 27
     N[Extinct] =    0, P[E] =  0.000
     N[Surviving] =  5000, P[S] =  1.000
     N[1st extinct] =  0, P[1st extinct] =  0.000
     Mean size (all populations) = 8645.60 (11.94 SE; 844.00 SD)
  Means across extant populations only:
     Population size =          8645.60 (11.94 SE; 844.00 SD)

Year 28
     N[Extinct] =    0, P[E] =  0.000
     N[Surviving] =  5000, P[S] =  1.000
     N[1st extinct] =  0, P[1st extinct] =  0.000
     Mean size (all populations) = 8680.79 (11.82 SE; 835.95 SD)
  Means across extant populations only:
     Population size =          8680.79 (11.82 SE; 835.95 SD)

Year 29
     N[Extinct] =    0, P[E] =  0.000
     N[Surviving] =  5000, P[S] =  1.000
     N[1st extinct] =  0, P[1st extinct] =  0.000
     Mean size (all populations) = 8671.39 (12.06 SE; 852.88 SD)
  Means across extant populations only:
     Population size =          8671.39 (12.06 SE; 852.88 SD)

Year 30
     N[Extinct] =    0, P[E] =  0.000
     N[Surviving] =  5000, P[S] =  1.000
     N[1st extinct] =  0, P[1st extinct] =  0.000
     Mean size (all populations) = 8679.39 (12.32 SE; 871.34 SD)
  Means across extant populations only:
     Population size =          8679.39 (12.32 SE; 871.34 SD)

Year 31
     N[Extinct] =    0, P[E] =  0.000
     N[Surviving] =  5000, P[S] =  1.000
     N[1st extinct] =  0, P[1st extinct] =  0.000
     Mean size (all populations) = 8672.27 (12.08 SE; 854.00 SD)
  Means across extant populations only:
     Population size =          8672.27 (12.08 SE; 854.00 SD)

Year 32
     N[Extinct] =    0, P[E] =  0.000
     N[Surviving] =  5000, P[S] =  1.000
     N[1st extinct] =  0, P[1st extinct] =  0.000
     Mean size (all populations) = 8662.34 (11.84 SE; 837.11 SD)
  Means across extant populations only:
     Population size =          8662.34 (11.84 SE; 837.11 SD)

Year 33
     N[Extinct] =    0, P[E] =  0.000
     N[Surviving] =  5000, P[S] =  1.000
     N[1st extinct] =  0, P[1st extinct] =  0.000
     Mean size (all populations) = 8686.85 (12.18 SE; 861.48 SD)
  Means across extant populations only:
     Population size =          8686.85 (12.18 SE; 861.48 SD)

Year 34
     N[Extinct] =    0, P[E] =  0.000
     N[Surviving] =  5000, P[S] =  1.000
     N[1st extinct] =  0, P[1st extinct] =  0.000
     Mean size (all populations) = 8684.98 (11.97 SE; 846.34 SD)
  Means across extant populations only:
     Population size =          8684.98 (11.97 SE; 846.34 SD)

Year 35
     N[Extinct] =    0, P[E] =  0.000
     N[Surviving] =  5000, P[S] =  1.000
     N[1st extinct] =  0, P[1st extinct] =  0.000
     Mean size (all populations) = 8664.94 (12.18 SE; 861.21 SD)
  Means across extant populations only:
     Population size =          8664.94 (12.18 SE; 861.21 SD)

Year 36
     N[Extinct] =    0, P[E] =  0.000
     N[Surviving] =  5000, P[S] =  1.000
     N[1st extinct] =  0, P[1st extinct] =  0.000
     Mean size (all populations) = 8682.58 (12.09 SE; 854.56 SD)
  Means across extant populations only:
     Population size =          8682.58 (12.09 SE; 854.56 SD)

Year 37
     N[Extinct] =    0, P[E] =  0.000
     N[Surviving] =  5000, P[S] =  1.000
     N[1st extinct] =  0, P[1st extinct] =  0.000
     Mean size (all populations) = 8694.92 (12.01 SE; 849.32 SD)
  Means across extant populations only:
     Population size =          8694.92 (12.01 SE; 849.32 SD)

Year 38
     N[Extinct] =    0, P[E] =  0.000
     N[Surviving] =  5000, P[S] =  1.000
     N[1st extinct] =  0, P[1st extinct] =  0.000
     Mean size (all populations) = 8656.32 (12.02 SE; 849.67 SD)
  Means across extant populations only:
     Population size =          8656.32 (12.02 SE; 849.67 SD)

Year 39
     N[Extinct] =    0, P[E] =  0.000
     N[Surviving] =  5000, P[S] =  1.000
     N[1st extinct] =  0, P[1st extinct] =  0.000
     Mean size (all populations) = 8660.94 (12.14 SE; 858.42 SD)
  Means across extant populations only:
     Population size =          8660.94 (12.14 SE; 858.42 SD)

Year 40
     N[Extinct] =    0, P[E] =  0.000
     N[Surviving] =  5000, P[S] =  1.000
     N[1st extinct] =  0, P[1st extinct] =  0.000
     Mean size (all populations) = 8679.25 (12.13 SE; 857.55 SD)
  Means across extant populations only:
     Population size =          8679.25 (12.13 SE; 857.55 SD)

Year 41
     N[Extinct] =    0, P[E] =  0.000
     N[Surviving] =  5000, P[S] =  1.000
     N[1st extinct] =  0, P[1st extinct] =  0.000
     Mean size (all populations) = 8679.89 (11.89 SE; 840.81 SD)
  Means across extant populations only:
     Population size =          8679.89 (11.89 SE; 840.81 SD)

Year 42
     N[Extinct] =    0, P[E] =  0.000
     N[Surviving] =  5000, P[S] =  1.000
     N[1st extinct] =  0, P[1st extinct] =  0.000
     Mean size (all populations) = 8668.93 (12.03 SE; 850.32 SD)
  Means across extant populations only:
     Population size =          8668.93 (12.03 SE; 850.32 SD)

Year 43
     N[Extinct] =    0, P[E] =  0.000
     N[Surviving] =  5000, P[S] =  1.000
     N[1st extinct] =  0, P[1st extinct] =  0.000
     Mean size (all populations) = 8661.15 (12.16 SE; 859.97 SD)
  Means across extant populations only:
     Population size =          8661.15 (12.16 SE; 859.97 SD)

Year 44
     N[Extinct] =    0, P[E] =  0.000
     N[Surviving] =  5000, P[S] =  1.000
     N[1st extinct] =  0, P[1st extinct] =  0.000
     Mean size (all populations) = 8675.23 (11.95 SE; 845.17 SD)
  Means across extant populations only:
     Population size =          8675.23 (11.95 SE; 845.17 SD)

Year 45
     N[Extinct] =    0, P[E] =  0.000
     N[Surviving] =  5000, P[S] =  1.000
     N[1st extinct] =  0, P[1st extinct] =  0.000
     Mean size (all populations) = 8675.87 (11.78 SE; 833.18 SD)
  Means across extant populations only:
     Population size =          8675.87 (11.78 SE; 833.18 SD)

Year 46
     N[Extinct] =    0, P[E] =  0.000
     N[Surviving] =  5000, P[S] =  1.000
     N[1st extinct] =  0, P[1st extinct] =  0.000
     Mean size (all populations) = 8668.89 (11.85 SE; 837.59 SD)
  Means across extant populations only:
     Population size =          8668.89 (11.85 SE; 837.59 SD)

Year 47
     N[Extinct] =    0, P[E] =  0.000
     N[Surviving] =  5000, P[S] =  1.000
     N[1st extinct] =  0, P[1st extinct] =  0.000
     Mean size (all populations) = 8680.87 (11.93 SE; 843.90 SD)
  Means across extant populations only:
     Population size =          8680.87 (11.93 SE; 843.90 SD)

Year 48
     N[Extinct] =    0, P[E] =  0.000
     N[Surviving] =  5000, P[S] =  1.000
     N[1st extinct] =  0, P[1st extinct] =  0.000
     Mean size (all populations) = 8684.36 (12.25 SE; 866.22 SD)
  Means across extant populations only:
     Population size =          8684.36 (12.25 SE; 866.22 SD)

Year 49
     N[Extinct] =    0, P[E] =  0.000
     N[Surviving] =  5000, P[S] =  1.000
     N[1st extinct] =  0, P[1st extinct] =  0.000
     Mean size (all populations) = 8692.00 (12.02 SE; 850.19 SD)
  Means across extant populations only:
     Population size =          8692.00 (12.02 SE; 850.19 SD)

Year 50
     N[Extinct] =    0, P[E] =  0.000
     N[Surviving] =  5000, P[S] =  1.000
     N[1st extinct] =  0, P[1st extinct] =  0.000
     Mean size (all populations) = 8673.57 (12.31 SE; 870.63 SD)
  Means across extant populations only:
     Population size =          8673.57 (12.31 SE; 870.63 SD)

Year 51
     N[Extinct] =    0, P[E] =  0.000
     N[Surviving] =  5000, P[S] =  1.000
     N[1st extinct] =  0, P[1st extinct] =  0.000
     Mean size (all populations) = 8671.28 (12.12 SE; 856.80 SD)
  Means across extant populations only:
     Population size =          8671.28 (12.12 SE; 856.80 SD)

Year 52
     N[Extinct] =    0, P[E] =  0.000
     N[Surviving] =  5000, P[S] =  1.000
     N[1st extinct] =  0, P[1st extinct] =  0.000
     Mean size (all populations) = 8675.93 (11.90 SE; 841.28 SD)
  Means across extant populations only:
     Population size =          8675.93 (11.90 SE; 841.28 SD)

Year 53
     N[Extinct] =    0, P[E] =  0.000
     N[Surviving] =  5000, P[S] =  1.000
     N[1st extinct] =  0, P[1st extinct] =  0.000
     Mean size (all populations) = 8684.85 (12.27 SE; 867.86 SD)
  Means across extant populations only:
     Population size =          8684.85 (12.27 SE; 867.86 SD)

Year 54
     N[Extinct] =    0, P[E] =  0.000
     N[Surviving] =  5000, P[S] =  1.000
     N[1st extinct] =  0, P[1st extinct] =  0.000
     Mean size (all populations) = 8682.15 (11.99 SE; 848.14 SD)
  Means across extant populations only:
     Population size =          8682.15 (11.99 SE; 848.14 SD)

Year 55
     N[Extinct] =    0, P[E] =  0.000
     N[Surviving] =  5000, P[S] =  1.000
     N[1st extinct] =  0, P[1st extinct] =  0.000
     Mean size (all populations) = 8670.05 (12.14 SE; 858.28 SD)
  Means across extant populations only:
     Population size =          8670.05 (12.14 SE; 858.28 SD)

Year 56
     N[Extinct] =    0, P[E] =  0.000
     N[Surviving] =  5000, P[S] =  1.000
     N[1st extinct] =  0, P[1st extinct] =  0.000
     Mean size (all populations) = 8655.91 (12.08 SE; 853.92 SD)
  Means across extant populations only:
     Population size =          8655.91 (12.08 SE; 853.92 SD)

Year 57
     N[Extinct] =    0, P[E] =  0.000
     N[Surviving] =  5000, P[S] =  1.000
     N[1st extinct] =  0, P[1st extinct] =  0.000
     Mean size (all populations) = 8683.31 (12.14 SE; 858.52 SD)
  Means across extant populations only:
     Population size =          8683.31 (12.14 SE; 858.52 SD)

Year 58
     N[Extinct] =    0, P[E] =  0.000
     N[Surviving] =  5000, P[S] =  1.000
     N[1st extinct] =  0, P[1st extinct] =  0.000
     Mean size (all populations) = 8666.61 (12.01 SE; 849.08 SD)
  Means across extant populations only:
     Population size =          8666.61 (12.01 SE; 849.08 SD)

Year 59
     N[Extinct] =    0, P[E] =  0.000
     N[Surviving] =  5000, P[S] =  1.000
     N[1st extinct] =  0, P[1st extinct] =  0.000
     Mean size (all populations) = 8665.41 (11.95 SE; 845.35 SD)
  Means across extant populations only:
     Population size =          8665.41 (11.95 SE; 845.35 SD)

Year 60
     N[Extinct] =    0, P[E] =  0.000
     N[Surviving] =  5000, P[S] =  1.000
     N[1st extinct] =  0, P[1st extinct] =  0.000
     Mean size (all populations) = 8686.23 (11.84 SE; 836.86 SD)
  Means across extant populations only:
     Population size =          8686.23 (11.84 SE; 836.86 SD)

Year 61
     N[Extinct] =    0, P[E] =  0.000
     N[Surviving] =  5000, P[S] =  1.000
     N[1st extinct] =  0, P[1st extinct] =  0.000
     Mean size (all populations) = 8660.83 (12.21 SE; 863.52 SD)
  Means across extant populations only:
     Population size =          8660.83 (12.21 SE; 863.52 SD)

Year 62
     N[Extinct] =    0, P[E] =  0.000
     N[Surviving] =  5000, P[S] =  1.000
     N[1st extinct] =  0, P[1st extinct] =  0.000
     Mean size (all populations) = 8692.61 (11.82 SE; 835.83 SD)
  Means across extant populations only:
     Population size =          8692.61 (11.82 SE; 835.83 SD)

Year 63
     N[Extinct] =    0, P[E] =  0.000
     N[Surviving] =  5000, P[S] =  1.000
     N[1st extinct] =  0, P[1st extinct] =  0.000
     Mean size (all populations) = 8654.62 (12.02 SE; 849.87 SD)
  Means across extant populations only:
     Population size =          8654.62 (12.02 SE; 849.87 SD)

Year 64
     N[Extinct] =    0, P[E] =  0.000
     N[Surviving] =  5000, P[S] =  1.000
     N[1st extinct] =  0, P[1st extinct] =  0.000
     Mean size (all populations) = 8661.02 (12.17 SE; 860.24 SD)
  Means across extant populations only:
     Population size =          8661.02 (12.17 SE; 860.24 SD)

Year 65
     N[Extinct] =    0, P[E] =  0.000
     N[Surviving] =  5000, P[S] =  1.000
     N[1st extinct] =  0, P[1st extinct] =  0.000
     Mean size (all populations) = 8693.41 (12.14 SE; 858.38 SD)
  Means across extant populations only:
     Population size =          8693.41 (12.14 SE; 858.38 SD)

Year 66
     N[Extinct] =    0, P[E] =  0.000
     N[Surviving] =  5000, P[S] =  1.000
     N[1st extinct] =  0, P[1st extinct] =  0.000
     Mean size (all populations) = 8683.46 (12.14 SE; 858.20 SD)
  Means across extant populations only:
     Population size =          8683.46 (12.14 SE; 858.20 SD)

Year 67
     N[Extinct] =    0, P[E] =  0.000
     N[Surviving] =  5000, P[S] =  1.000
     N[1st extinct] =  0, P[1st extinct] =  0.000
     Mean size (all populations) = 8662.77 (12.19 SE; 862.28 SD)
  Means across extant populations only:
     Population size =          8662.77 (12.19 SE; 862.28 SD)

Year 68
     N[Extinct] =    0, P[E] =  0.000
     N[Surviving] =  5000, P[S] =  1.000
     N[1st extinct] =  0, P[1st extinct] =  0.000
     Mean size (all populations) = 8690.07 (11.97 SE; 846.71 SD)
  Means across extant populations only:
     Population size =          8690.07 (11.97 SE; 846.71 SD)

Year 69
     N[Extinct] =    0, P[E] =  0.000
     N[Surviving] =  5000, P[S] =  1.000
     N[1st extinct] =  0, P[1st extinct] =  0.000
     Mean size (all populations) = 8664.39 (12.03 SE; 850.83 SD)
  Means across extant populations only:
     Population size =          8664.39 (12.03 SE; 850.83 SD)

Year 70
     N[Extinct] =    0, P[E] =  0.000
     N[Surviving] =  5000, P[S] =  1.000
     N[1st extinct] =  0, P[1st extinct] =  0.000
     Mean size (all populations) = 8673.07 (12.04 SE; 851.55 SD)
  Means across extant populations only:
     Population size =          8673.07 (12.04 SE; 851.55 SD)

Year 71
     N[Extinct] =    0, P[E] =  0.000
     N[Surviving] =  5000, P[S] =  1.000
     N[1st extinct] =  0, P[1st extinct] =  0.000
     Mean size (all populations) = 8665.34 (12.01 SE; 849.37 SD)
  Means across extant populations only:
     Population size =          8665.34 (12.01 SE; 849.37 SD)

Year 72
     N[Extinct] =    0, P[E] =  0.000
     N[Surviving] =  5000, P[S] =  1.000
     N[1st extinct] =  0, P[1st extinct] =  0.000
     Mean size (all populations) = 8700.49 (11.98 SE; 847.15 SD)
  Means across extant populations only:
     Population size =          8700.49 (11.98 SE; 847.15 SD)

Year 73
     N[Extinct] =    0, P[E] =  0.000
     N[Surviving] =  5000, P[S] =  1.000
     N[1st extinct] =  0, P[1st extinct] =  0.000
     Mean size (all populations) = 8665.23 (11.96 SE; 845.39 SD)
  Means across extant populations only:
     Population size =          8665.23 (11.96 SE; 845.39 SD)

Year 74
     N[Extinct] =    0, P[E] =  0.000
     N[Surviving] =  5000, P[S] =  1.000
     N[1st extinct] =  0, P[1st extinct] =  0.000
     Mean size (all populations) = 8672.05 (12.07 SE; 853.39 SD)
  Means across extant populations only:
     Population size =          8672.05 (12.07 SE; 853.39 SD)

Year 75
     N[Extinct] =    0, P[E] =  0.000
     N[Surviving] =  5000, P[S] =  1.000
     N[1st extinct] =  0, P[1st extinct] =  0.000
     Mean size (all populations) = 8690.93 (12.05 SE; 852.18 SD)
  Means across extant populations only:
     Population size =          8690.93 (12.05 SE; 852.18 SD)

Year 76
     N[Extinct] =    0, P[E] =  0.000
     N[Surviving] =  5000, P[S] =  1.000
     N[1st extinct] =  0, P[1st extinct] =  0.000
     Mean size (all populations) = 8678.52 (12.22 SE; 863.80 SD)
  Means across extant populations only:
     Population size =          8678.52 (12.22 SE; 863.80 SD)

Year 77
     N[Extinct] =    0, P[E] =  0.000
     N[Surviving] =  5000, P[S] =  1.000
     N[1st extinct] =  0, P[1st extinct] =  0.000
     Mean size (all populations) = 8682.86 (12.08 SE; 854.35 SD)
  Means across extant populations only:
     Population size =          8682.86 (12.08 SE; 854.35 SD)

Year 78
     N[Extinct] =    0, P[E] =  0.000
     N[Surviving] =  5000, P[S] =  1.000
     N[1st extinct] =  0, P[1st extinct] =  0.000
     Mean size (all populations) = 8676.27 (12.10 SE; 855.31 SD)
  Means across extant populations only:
     Population size =          8676.27 (12.10 SE; 855.31 SD)

Year 79
     N[Extinct] =    0, P[E] =  0.000
     N[Surviving] =  5000, P[S] =  1.000
     N[1st extinct] =  0, P[1st extinct] =  0.000
     Mean size (all populations) = 8668.38 (11.95 SE; 844.66 SD)
  Means across extant populations only:
     Population size =          8668.38 (11.95 SE; 844.66 SD)

Year 80
     N[Extinct] =    0, P[E] =  0.000
     N[Surviving] =  5000, P[S] =  1.000
     N[1st extinct] =  0, P[1st extinct] =  0.000
     Mean size (all populations) = 8680.36 (12.11 SE; 856.65 SD)
  Means across extant populations only:
     Population size =          8680.36 (12.11 SE; 856.65 SD)

Year 81
     N[Extinct] =    0, P[E] =  0.000
     N[Surviving] =  5000, P[S] =  1.000
     N[1st extinct] =  0, P[1st extinct] =  0.000
     Mean size (all populations) = 8671.65 (12.10 SE; 855.28 SD)
  Means across extant populations only:
     Population size =          8671.65 (12.10 SE; 855.28 SD)

Year 82
     N[Extinct] =    0, P[E] =  0.000
     N[Surviving] =  5000, P[S] =  1.000
     N[1st extinct] =  0, P[1st extinct] =  0.000
     Mean size (all populations) = 8665.98 (11.83 SE; 836.50 SD)
  Means across extant populations only:
     Population size =          8665.98 (11.83 SE; 836.50 SD)

Year 83
     N[Extinct] =    0, P[E] =  0.000
     N[Surviving] =  5000, P[S] =  1.000
     N[1st extinct] =  0, P[1st extinct] =  0.000
     Mean size (all populations) = 8681.09 (12.01 SE; 848.93 SD)
  Means across extant populations only:
     Population size =          8681.09 (12.01 SE; 848.93 SD)

Year 84
     N[Extinct] =    0, P[E] =  0.000
     N[Surviving] =  5000, P[S] =  1.000
     N[1st extinct] =  0, P[1st extinct] =  0.000
     Mean size (all populations) = 8673.56 (12.07 SE; 853.52 SD)
  Means across extant populations only:
     Population size =          8673.56 (12.07 SE; 853.52 SD)

Year 85
     N[Extinct] =    0, P[E] =  0.000
     N[Surviving] =  5000, P[S] =  1.000
     N[1st extinct] =  0, P[1st extinct] =  0.000
     Mean size (all populations) = 8700.81 (11.80 SE; 834.72 SD)
  Means across extant populations only:
     Population size =          8700.81 (11.80 SE; 834.72 SD)

Year 86
     N[Extinct] =    0, P[E] =  0.000
     N[Surviving] =  5000, P[S] =  1.000
     N[1st extinct] =  0, P[1st extinct] =  0.000
     Mean size (all populations) = 8667.27 (12.22 SE; 863.88 SD)
  Means across extant populations only:
     Population size =          8667.27 (12.22 SE; 863.88 SD)

Year 87
     N[Extinct] =    0, P[E] =  0.000
     N[Surviving] =  5000, P[S] =  1.000
     N[1st extinct] =  0, P[1st extinct] =  0.000
     Mean size (all populations) = 8689.60 (12.21 SE; 863.34 SD)
  Means across extant populations only:
     Population size =          8689.60 (12.21 SE; 863.34 SD)

Year 88
     N[Extinct] =    0, P[E] =  0.000
     N[Surviving] =  5000, P[S] =  1.000
     N[1st extinct] =  0, P[1st extinct] =  0.000
     Mean size (all populations) = 8693.49 (12.08 SE; 853.90 SD)
  Means across extant populations only:
     Population size =          8693.49 (12.08 SE; 853.90 SD)

Year 89
     N[Extinct] =    0, P[E] =  0.000
     N[Surviving] =  5000, P[S] =  1.000
     N[1st extinct] =  0, P[1st extinct] =  0.000
     Mean size (all populations) = 8692.82 (12.04 SE; 851.67 SD)
  Means across extant populations only:
     Population size =          8692.82 (12.04 SE; 851.67 SD)

Year 90
     N[Extinct] =    0, P[E] =  0.000
     N[Surviving] =  5000, P[S] =  1.000
     N[1st extinct] =  0, P[1st extinct] =  0.000
     Mean size (all populations) = 8665.61 (12.13 SE; 858.02 SD)
  Means across extant populations only:
     Population size =          8665.61 (12.13 SE; 858.02 SD)

Year 91
     N[Extinct] =    0, P[E] =  0.000
     N[Surviving] =  5000, P[S] =  1.000
     N[1st extinct] =  0, P[1st extinct] =  0.000
     Mean size (all populations) = 8677.84 (12.05 SE; 852.29 SD)
  Means across extant populations only:
     Population size =          8677.84 (12.05 SE; 852.29 SD)

Year 92
     N[Extinct] =    0, P[E] =  0.000
     N[Surviving] =  5000, P[S] =  1.000
     N[1st extinct] =  0, P[1st extinct] =  0.000
     Mean size (all populations) = 8677.26 (11.96 SE; 845.48 SD)
  Means across extant populations only:
     Population size =          8677.26 (11.96 SE; 845.48 SD)

Year 93
     N[Extinct] =    0, P[E] =  0.000
     N[Surviving] =  5000, P[S] =  1.000
     N[1st extinct] =  0, P[1st extinct] =  0.000
     Mean size (all populations) = 8684.86 (12.10 SE; 855.74 SD)
  Means across extant populations only:
     Population size =          8684.86 (12.10 SE; 855.74 SD)

Year 94
     N[Extinct] =    0, P[E] =  0.000
     N[Surviving] =  5000, P[S] =  1.000
     N[1st extinct] =  0, P[1st extinct] =  0.000
     Mean size (all populations) = 8670.46 (12.11 SE; 856.03 SD)
  Means across extant populations only:
     Population size =          8670.46 (12.11 SE; 856.03 SD)

Year 95
     N[Extinct] =    0, P[E] =  0.000
     N[Surviving] =  5000, P[S] =  1.000
     N[1st extinct] =  0, P[1st extinct] =  0.000
     Mean size (all populations) = 8667.36 (12.19 SE; 861.89 SD)
  Means across extant populations only:
     Population size =          8667.36 (12.19 SE; 861.89 SD)

Year 96
     N[Extinct] =    0, P[E] =  0.000
     N[Surviving] =  5000, P[S] =  1.000
     N[1st extinct] =  0, P[1st extinct] =  0.000
     Mean size (all populations) = 8680.13 (12.17 SE; 860.81 SD)
  Means across extant populations only:
     Population size =          8680.13 (12.17 SE; 860.81 SD)

Year 97
     N[Extinct] =    0, P[E] =  0.000
     N[Surviving] =  5000, P[S] =  1.000
     N[1st extinct] =  0, P[1st extinct] =  0.000
     Mean size (all populations) = 8655.88 (11.93 SE; 843.41 SD)
  Means across extant populations only:
     Population size =          8655.88 (11.93 SE; 843.41 SD)

Year 98
     N[Extinct] =    0, P[E] =  0.000
     N[Surviving] =  5000, P[S] =  1.000
     N[1st extinct] =  0, P[1st extinct] =  0.000
     Mean size (all populations) = 8657.22 (11.98 SE; 847.16 SD)
  Means across extant populations only:
     Population size =          8657.22 (11.98 SE; 847.16 SD)

Year 99
     N[Extinct] =    0, P[E] =  0.000
     N[Surviving] =  5000, P[S] =  1.000
     N[1st extinct] =  0, P[1st extinct] =  0.000
     Mean size (all populations) = 8679.22 (12.06 SE; 853.11 SD)
  Means across extant populations only:
     Population size =          8679.22 (12.06 SE; 853.11 SD)

Year 100
     N[Extinct] =    0, P[E] =  0.000
     N[Surviving] =  5000, P[S] =  1.000
     N[1st extinct] =  0, P[1st extinct] =  0.000
     Mean size (all populations) = 8693.70 (12.15 SE; 858.80 SD)
  Means across extant populations only:
     Population size =          8693.70 (12.15 SE; 858.80 SD)



In 5000 simulations of Default Scenario for 100 years:
  0 went extinct and 5000 survived.

This gives a probability of extinction of 0.00000 (0.00000 SE),
  or a probability of success of          1.00000 (0.00000 SE).

Means across all populations (extant and extinct) ...
Mean final population was 8693.70 (12.15 SE; 858.80 SD).
   Age 0       1   Adults    Total
    0.00 1842.86 2504.00   4346.85 Males
    0.00 1842.85 2504.00   4346.85 Females

During 495000 simulation-years of harvest and/or supplementation
  mean growth rate (r) was 0.3425 (0.0001 SE, 0.0733 SD)

During 5000 simulation-years without harvest or supplementation
  mean growth rate (r) was 0.3643 (0.0010 SE, 0.0733 SD)

Across all years, prior to carrying capacity truncation,
  mean growth rate (r) was 0.3428 (0.0001 SE, 0.0733 SD)

0 of 57247547 harvests of females could not be completed because of insufficient animals.
0 of 57247954 harvests of males could not be completed because of insufficient animals.
*************************************************************************

