Results from VORTEX 10.5.4.0
Project: Agapornis_canus
Scenario: Default Scenario

Population 1: Population1

Year 0
     N[Extinct] =    0, P[E] =  0.000
     N[Surviving] =  5000, P[S] =  1.000
     N[1st extinct] =  0, P[1st extinct] =  0.000
     Mean size (all populations) = 117768.00 (0.00 SE; 0.00 SD)
  Means across extant populations only:
     Population size =          117768.00 (0.00 SE; 0.00 SD)

Year 1
     N[Extinct] =    0, P[E] =  0.000
     N[Surviving] =  5000, P[S] =  1.000
     N[1st extinct] =  0, P[1st extinct] =  0.000
     Mean size (all populations) = 117171.22 (162.04 SE; 11457.63 SD)
  Means across extant populations only:
     Population size =          117171.22 (162.04 SE; 11457.63 SD)

Year 2
     N[Extinct] =    0, P[E] =  0.000
     N[Surviving] =  5000, P[S] =  1.000
     N[1st extinct] =  0, P[1st extinct] =  0.000
     Mean size (all populations) = 106540.79 (204.57 SE; 14465.58 SD)
  Means across extant populations only:
     Population size =          106540.79 (204.57 SE; 14465.58 SD)

Year 3
     N[Extinct] =    0, P[E] =  0.000
     N[Surviving] =  5000, P[S] =  1.000
     N[1st extinct] =  0, P[1st extinct] =  0.000
     Mean size (all populations) = 97032.26 (273.10 SE; 19310.74 SD)
  Means across extant populations only:
     Population size =          97032.26 (273.10 SE; 19310.74 SD)

Year 4
     N[Extinct] =    22, P[E] =  0.004
     N[Surviving] =  4978, P[S] =  0.996
     N[1st extinct] =  22, P[1st extinct] =  0.004
     Mean size (all populations) = 86712.30 (364.59 SE; 25780.75 SD)
  Means across extant populations only:
     Population size =          87095.52 (356.93 SE; 25183.36 SD)

Year 5
     N[Extinct] =    176, P[E] =  0.035
     N[Surviving] =  4824, P[S] =  0.965
     N[1st extinct] =  154, P[1st extinct] =  0.031
     Mean size (all populations) = 74360.74 (465.61 SE; 32923.83 SD)
  Means across extant populations only:
     Population size =          77073.74 (435.37 SE; 30238.89 SD)

Year 6
     N[Extinct] =    668, P[E] =  0.134
     N[Surviving] =  4332, P[S] =  0.866
     N[1st extinct] =  492, P[1st extinct] =  0.098
     Mean size (all populations) = 60972.86 (547.74 SE; 38731.20 SD)
  Means across extant populations only:
     Population size =          70374.95 (496.91 SE; 32705.54 SD)

Year 7
     N[Extinct] =    1339, P[E] =  0.268
     N[Surviving] =  3661, P[S] =  0.732
     N[1st extinct] =  671, P[1st extinct] =  0.134
     Mean size (all populations) = 47517.60 (577.25 SE; 40817.63 SD)
  Means across extant populations only:
     Population size =          64897.02 (559.84 SE; 33873.70 SD)

Year 8
     N[Extinct] =    2101, P[E] =  0.420
     N[Surviving] =  2899, P[S] =  0.580
     N[1st extinct] =  762, P[1st extinct] =  0.152
     Mean size (all populations) = 35935.11 (569.74 SE; 40286.35 SD)
  Means across extant populations only:
     Population size =          61978.46 (639.33 SE; 34423.05 SD)

Year 9
     N[Extinct] =    2788, P[E] =  0.558
     N[Surviving] =  2212, P[S] =  0.442
     N[1st extinct] =  687, P[1st extinct] =  0.137
     Mean size (all populations) = 26749.39 (536.07 SE; 37905.98 SD)
  Means across extant populations only:
     Population size =          60464.26 (739.37 SE; 34774.06 SD)

Year 10
     N[Extinct] =    3356, P[E] =  0.671
     N[Surviving] =  1644, P[S] =  0.329
     N[1st extinct] =  568, P[1st extinct] =  0.114
     Mean size (all populations) = 19716.31 (486.39 SE; 34392.78 SD)
  Means across extant populations only:
     Population size =          59964.43 (848.66 SE; 34410.17 SD)

Year 11
     N[Extinct] =    3770, P[E] =  0.754
     N[Surviving] =  1230, P[S] =  0.246
     N[1st extinct] =  414, P[1st extinct] =  0.083
     Mean size (all populations) = 14502.38 (435.65 SE; 30805.40 SD)
  Means across extant populations only:
     Population size =          58952.76 (1002.99 SE; 35176.35 SD)

Year 12
     N[Extinct] =    4102, P[E] =  0.820
     N[Surviving] =  898, P[S] =  0.180
     N[1st extinct] =  332, P[1st extinct] =  0.066
     Mean size (all populations) = 10587.48 (382.05 SE; 27014.84 SD)
  Means across extant populations only:
     Population size =          58950.35 (1162.24 SE; 34828.36 SD)

Year 13
     N[Extinct] =    4355, P[E] =  0.871
     N[Surviving] =  645, P[S] =  0.129
     N[1st extinct] =  253, P[1st extinct] =  0.051
     Mean size (all populations) = 7764.31 (334.45 SE; 23649.17 SD)
  Means across extant populations only:
     Population size =          60188.48 (1353.24 SE; 34368.07 SD)

Year 14
     N[Extinct] =    4533, P[E] =  0.907
     N[Surviving] =  467, P[S] =  0.093
     N[1st extinct] =  178, P[1st extinct] =  0.036
     Mean size (all populations) = 5697.87 (292.20 SE; 20661.35 SD)
  Means across extant populations only:
     Population size =          61005.06 (1601.80 SE; 34615.12 SD)

Year 15
     N[Extinct] =    4636, P[E] =  0.927
     N[Surviving] =  364, P[S] =  0.073
     N[1st extinct] =  103, P[1st extinct] =  0.021
     Mean size (all populations) = 4219.02 (253.67 SE; 17937.25 SD)
  Means across extant populations only:
     Population size =          57953.55 (1895.76 SE; 36168.73 SD)

Year 16
     N[Extinct] =    4744, P[E] =  0.949
     N[Surviving] =  256, P[S] =  0.051
     N[1st extinct] =  108, P[1st extinct] =  0.022
     Mean size (all populations) = 3128.09 (219.83 SE; 15544.39 SD)
  Means across extant populations only:
     Population size =          61095.48 (2148.24 SE; 34371.82 SD)

Year 17
     N[Extinct] =    4801, P[E] =  0.960
     N[Surviving] =  199, P[S] =  0.040
     N[1st extinct] =  57, P[1st extinct] =  0.011
     Mean size (all populations) = 2336.54 (190.02 SE; 13436.19 SD)
  Means across extant populations only:
     Population size =          58706.96 (2488.07 SE; 35098.57 SD)

Year 18
     N[Extinct] =    4857, P[E] =  0.971
     N[Surviving] =  143, P[S] =  0.029
     N[1st extinct] =  56, P[1st extinct] =  0.011
     Mean size (all populations) = 1692.28 (161.80 SE; 11441.18 SD)
  Means across extant populations only:
     Population size =          59170.57 (2876.58 SE; 34398.84 SD)

Year 19
     N[Extinct] =    4896, P[E] =  0.979
     N[Surviving] =  104, P[S] =  0.021
     N[1st extinct] =  39, P[1st extinct] =  0.008
     Mean size (all populations) = 1271.00 (141.89 SE; 10033.32 SD)
  Means across extant populations only:
     Population size =          61105.64 (3388.42 SE; 34555.24 SD)

Year 20
     N[Extinct] =    4921, P[E] =  0.984
     N[Surviving] =  79, P[S] =  0.016
     N[1st extinct] =  25, P[1st extinct] =  0.005
     Mean size (all populations) = 921.17 (117.90 SE; 8336.53 SD)
  Means across extant populations only:
     Population size =          58301.78 (3673.05 SE; 32646.79 SD)

Year 21
     N[Extinct] =    4938, P[E] =  0.988
     N[Surviving] =  62, P[S] =  0.012
     N[1st extinct] =  17, P[1st extinct] =  0.003
     Mean size (all populations) = 656.68 (97.61 SE; 6902.19 SD)
  Means across extant populations only:
     Population size =          52957.77 (4191.01 SE; 33000.07 SD)

Year 22
     N[Extinct] =    4955, P[E] =  0.991
     N[Surviving] =  45, P[S] =  0.009
     N[1st extinct] =  17, P[1st extinct] =  0.003
     Mean size (all populations) = 428.37 (79.72 SE; 5637.01 SD)
  Means across extant populations only:
     Population size =          47596.44 (5403.94 SE; 36250.75 SD)

Year 23
     N[Extinct] =    4972, P[E] =  0.994
     N[Surviving] =  28, P[S] =  0.006
     N[1st extinct] =  17, P[1st extinct] =  0.003
     Mean size (all populations) = 294.43 (64.94 SE; 4592.01 SD)
  Means across extant populations only:
     Population size =          52575.96 (6134.15 SE; 32458.88 SD)

Year 24
     N[Extinct] =    4980, P[E] =  0.996
     N[Surviving] =  20, P[S] =  0.004
     N[1st extinct] =  8, P[1st extinct] =  0.002
     Mean size (all populations) = 182.74 (48.16 SE; 3405.24 SD)
  Means across extant populations only:
     Population size =          45684.55 (6567.90 SE; 29372.52 SD)

Year 25
     N[Extinct] =    4987, P[E] =  0.997
     N[Surviving] =  13, P[S] =  0.003
     N[1st extinct] =  7, P[1st extinct] =  0.001
     Mean size (all populations) = 113.73 (39.80 SE; 2813.94 SD)
  Means across extant populations only:
     Population size =          43743.92 (9731.02 SE; 35085.68 SD)

Year 26
     N[Extinct] =    4993, P[E] =  0.999
     N[Surviving] =  7, P[S] =  0.001
     N[1st extinct] =  6, P[1st extinct] =  0.001
     Mean size (all populations) = 72.58 (34.66 SE; 2450.51 SD)
  Means across extant populations only:
     Population size =          51846.14 (16351.25 SE; 43261.34 SD)

Year 27
     N[Extinct] =    4996, P[E] =  0.999
     N[Surviving] =  4, P[S] =  0.001
     N[1st extinct] =  3, P[1st extinct] =  0.001
     Mean size (all populations) = 48.85 (27.18 SE; 1921.92 SD)
  Means across extant populations only:
     Population size =          61058.75 (17234.74 SE; 34469.49 SD)

Year 28
     N[Extinct] =    4997, P[E] =  0.999
     N[Surviving] =  3, P[S] =  0.001
     N[1st extinct] =  1, P[1st extinct] =  0.000
     Mean size (all populations) = 36.59 (22.26 SE; 1574.17 SD)
  Means across extant populations only:
     Population size =          60977.33 (14373.73 SE; 24896.03 SD)

Year 29
     N[Extinct] =    4997, P[E] =  0.999
     N[Surviving] =  3, P[S] =  0.001
     N[1st extinct] =  0, P[1st extinct] =  0.000
     Mean size (all populations) = 20.28 (14.95 SE; 1057.17 SD)
  Means across extant populations only:
     Population size =          33796.00 (18984.49 SE; 32882.10 SD)

Year 30
     N[Extinct] =    4999, P[E] =  1.000
     N[Surviving] =  1, P[S] =  0.000
     N[1st extinct] =  2, P[1st extinct] =  0.000
     Mean size (all populations) = 9.35 (9.35 SE; 661.16 SD)
  Means across extant populations only:
     Population size =          46751.00 (0.00 SE; 0.00 SD)

Year 31
     N[Extinct] =    4999, P[E] =  1.000
     N[Surviving] =  1, P[S] =  0.000
     N[1st extinct] =  0, P[1st extinct] =  0.000
     Mean size (all populations) = 5.14 (5.14 SE; 363.58 SD)
  Means across extant populations only:
     Population size =          25709.00 (0.00 SE; 0.00 SD)

Year 32
     N[Extinct] =    5000, P[E] =  1.000
     N[Surviving] =  0, P[S] =  0.000
     N[1st extinct] =  1, P[1st extinct] =  0.000
     Mean size (all populations) = 0.00 (0.00 SE; 0.00 SD)

Year 33
     N[Extinct] =    5000, P[E] =  1.000
     N[Surviving] =  0, P[S] =  0.000
     N[1st extinct] =  0, P[1st extinct] =  0.000
     Mean size (all populations) = 0.00 (0.00 SE; 0.00 SD)

Year 34
     N[Extinct] =    5000, P[E] =  1.000
     N[Surviving] =  0, P[S] =  0.000
     N[1st extinct] =  0, P[1st extinct] =  0.000
     Mean size (all populations) = 0.00 (0.00 SE; 0.00 SD)

Year 35
     N[Extinct] =    5000, P[E] =  1.000
     N[Surviving] =  0, P[S] =  0.000
     N[1st extinct] =  0, P[1st extinct] =  0.000
     Mean size (all populations) = 0.00 (0.00 SE; 0.00 SD)

Year 36
     N[Extinct] =    5000, P[E] =  1.000
     N[Surviving] =  0, P[S] =  0.000
     N[1st extinct] =  0, P[1st extinct] =  0.000
     Mean size (all populations) = 0.00 (0.00 SE; 0.00 SD)

Year 37
     N[Extinct] =    5000, P[E] =  1.000
     N[Surviving] =  0, P[S] =  0.000
     N[1st extinct] =  0, P[1st extinct] =  0.000
     Mean size (all populations) = 0.00 (0.00 SE; 0.00 SD)

Year 38
     N[Extinct] =    5000, P[E] =  1.000
     N[Surviving] =  0, P[S] =  0.000
     N[1st extinct] =  0, P[1st extinct] =  0.000
     Mean size (all populations) = 0.00 (0.00 SE; 0.00 SD)

Year 39
     N[Extinct] =    5000, P[E] =  1.000
     N[Surviving] =  0, P[S] =  0.000
     N[1st extinct] =  0, P[1st extinct] =  0.000
     Mean size (all populations) = 0.00 (0.00 SE; 0.00 SD)

Year 40
     N[Extinct] =    5000, P[E] =  1.000
     N[Surviving] =  0, P[S] =  0.000
     N[1st extinct] =  0, P[1st extinct] =  0.000
     Mean size (all populations) = 0.00 (0.00 SE; 0.00 SD)

Year 41
     N[Extinct] =    5000, P[E] =  1.000
     N[Surviving] =  0, P[S] =  0.000
     N[1st extinct] =  0, P[1st extinct] =  0.000
     Mean size (all populations) = 0.00 (0.00 SE; 0.00 SD)

Year 42
     N[Extinct] =    5000, P[E] =  1.000
     N[Surviving] =  0, P[S] =  0.000
     N[1st extinct] =  0, P[1st extinct] =  0.000
     Mean size (all populations) = 0.00 (0.00 SE; 0.00 SD)

Year 43
     N[Extinct] =    5000, P[E] =  1.000
     N[Surviving] =  0, P[S] =  0.000
     N[1st extinct] =  0, P[1st extinct] =  0.000
     Mean size (all populations) = 0.00 (0.00 SE; 0.00 SD)

Year 44
     N[Extinct] =    5000, P[E] =  1.000
     N[Surviving] =  0, P[S] =  0.000
     N[1st extinct] =  0, P[1st extinct] =  0.000
     Mean size (all populations) = 0.00 (0.00 SE; 0.00 SD)

Year 45
     N[Extinct] =    5000, P[E] =  1.000
     N[Surviving] =  0, P[S] =  0.000
     N[1st extinct] =  0, P[1st extinct] =  0.000
     Mean size (all populations) = 0.00 (0.00 SE; 0.00 SD)

Year 46
     N[Extinct] =    5000, P[E] =  1.000
     N[Surviving] =  0, P[S] =  0.000
     N[1st extinct] =  0, P[1st extinct] =  0.000
     Mean size (all populations) = 0.00 (0.00 SE; 0.00 SD)

Year 47
     N[Extinct] =    5000, P[E] =  1.000
     N[Surviving] =  0, P[S] =  0.000
     N[1st extinct] =  0, P[1st extinct] =  0.000
     Mean size (all populations) = 0.00 (0.00 SE; 0.00 SD)

Year 48
     N[Extinct] =    5000, P[E] =  1.000
     N[Surviving] =  0, P[S] =  0.000
     N[1st extinct] =  0, P[1st extinct] =  0.000
     Mean size (all populations) = 0.00 (0.00 SE; 0.00 SD)

Year 49
     N[Extinct] =    5000, P[E] =  1.000
     N[Surviving] =  0, P[S] =  0.000
     N[1st extinct] =  0, P[1st extinct] =  0.000
     Mean size (all populations) = 0.00 (0.00 SE; 0.00 SD)

Year 50
     N[Extinct] =    5000, P[E] =  1.000
     N[Surviving] =  0, P[S] =  0.000
     N[1st extinct] =  0, P[1st extinct] =  0.000
     Mean size (all populations) = 0.00 (0.00 SE; 0.00 SD)

Year 51
     N[Extinct] =    5000, P[E] =  1.000
     N[Surviving] =  0, P[S] =  0.000
     N[1st extinct] =  0, P[1st extinct] =  0.000
     Mean size (all populations) = 0.00 (0.00 SE; 0.00 SD)

Year 52
     N[Extinct] =    5000, P[E] =  1.000
     N[Surviving] =  0, P[S] =  0.000
     N[1st extinct] =  0, P[1st extinct] =  0.000
     Mean size (all populations) = 0.00 (0.00 SE; 0.00 SD)

Year 53
     N[Extinct] =    5000, P[E] =  1.000
     N[Surviving] =  0, P[S] =  0.000
     N[1st extinct] =  0, P[1st extinct] =  0.000
     Mean size (all populations) = 0.00 (0.00 SE; 0.00 SD)

Year 54
     N[Extinct] =    5000, P[E] =  1.000
     N[Surviving] =  0, P[S] =  0.000
     N[1st extinct] =  0, P[1st extinct] =  0.000
     Mean size (all populations) = 0.00 (0.00 SE; 0.00 SD)

Year 55
     N[Extinct] =    5000, P[E] =  1.000
     N[Surviving] =  0, P[S] =  0.000
     N[1st extinct] =  0, P[1st extinct] =  0.000
     Mean size (all populations) = 0.00 (0.00 SE; 0.00 SD)

Year 56
     N[Extinct] =    5000, P[E] =  1.000
     N[Surviving] =  0, P[S] =  0.000
     N[1st extinct] =  0, P[1st extinct] =  0.000
     Mean size (all populations) = 0.00 (0.00 SE; 0.00 SD)

Year 57
     N[Extinct] =    5000, P[E] =  1.000
     N[Surviving] =  0, P[S] =  0.000
     N[1st extinct] =  0, P[1st extinct] =  0.000
     Mean size (all populations) = 0.00 (0.00 SE; 0.00 SD)

Year 58
     N[Extinct] =    5000, P[E] =  1.000
     N[Surviving] =  0, P[S] =  0.000
     N[1st extinct] =  0, P[1st extinct] =  0.000
     Mean size (all populations) = 0.00 (0.00 SE; 0.00 SD)

Year 59
     N[Extinct] =    5000, P[E] =  1.000
     N[Surviving] =  0, P[S] =  0.000
     N[1st extinct] =  0, P[1st extinct] =  0.000
     Mean size (all populations) = 0.00 (0.00 SE; 0.00 SD)

Year 60
     N[Extinct] =    5000, P[E] =  1.000
     N[Surviving] =  0, P[S] =  0.000
     N[1st extinct] =  0, P[1st extinct] =  0.000
     Mean size (all populations) = 0.00 (0.00 SE; 0.00 SD)

Year 61
     N[Extinct] =    5000, P[E] =  1.000
     N[Surviving] =  0, P[S] =  0.000
     N[1st extinct] =  0, P[1st extinct] =  0.000
     Mean size (all populations) = 0.00 (0.00 SE; 0.00 SD)

Year 62
     N[Extinct] =    5000, P[E] =  1.000
     N[Surviving] =  0, P[S] =  0.000
     N[1st extinct] =  0, P[1st extinct] =  0.000
     Mean size (all populations) = 0.00 (0.00 SE; 0.00 SD)

Year 63
     N[Extinct] =    5000, P[E] =  1.000
     N[Surviving] =  0, P[S] =  0.000
     N[1st extinct] =  0, P[1st extinct] =  0.000
     Mean size (all populations) = 0.00 (0.00 SE; 0.00 SD)

Year 64
     N[Extinct] =    5000, P[E] =  1.000
     N[Surviving] =  0, P[S] =  0.000
     N[1st extinct] =  0, P[1st extinct] =  0.000
     Mean size (all populations) = 0.00 (0.00 SE; 0.00 SD)

Year 65
     N[Extinct] =    5000, P[E] =  1.000
     N[Surviving] =  0, P[S] =  0.000
     N[1st extinct] =  0, P[1st extinct] =  0.000
     Mean size (all populations) = 0.00 (0.00 SE; 0.00 SD)

Year 66
     N[Extinct] =    5000, P[E] =  1.000
     N[Surviving] =  0, P[S] =  0.000
     N[1st extinct] =  0, P[1st extinct] =  0.000
     Mean size (all populations) = 0.00 (0.00 SE; 0.00 SD)

Year 67
     N[Extinct] =    5000, P[E] =  1.000
     N[Surviving] =  0, P[S] =  0.000
     N[1st extinct] =  0, P[1st extinct] =  0.000
     Mean size (all populations) = 0.00 (0.00 SE; 0.00 SD)

Year 68
     N[Extinct] =    5000, P[E] =  1.000
     N[Surviving] =  0, P[S] =  0.000
     N[1st extinct] =  0, P[1st extinct] =  0.000
     Mean size (all populations) = 0.00 (0.00 SE; 0.00 SD)

Year 69
     N[Extinct] =    5000, P[E] =  1.000
     N[Surviving] =  0, P[S] =  0.000
     N[1st extinct] =  0, P[1st extinct] =  0.000
     Mean size (all populations) = 0.00 (0.00 SE; 0.00 SD)

Year 70
     N[Extinct] =    5000, P[E] =  1.000
     N[Surviving] =  0, P[S] =  0.000
     N[1st extinct] =  0, P[1st extinct] =  0.000
     Mean size (all populations) = 0.00 (0.00 SE; 0.00 SD)

Year 71
     N[Extinct] =    5000, P[E] =  1.000
     N[Surviving] =  0, P[S] =  0.000
     N[1st extinct] =  0, P[1st extinct] =  0.000
     Mean size (all populations) = 0.00 (0.00 SE; 0.00 SD)

Year 72
     N[Extinct] =    5000, P[E] =  1.000
     N[Surviving] =  0, P[S] =  0.000
     N[1st extinct] =  0, P[1st extinct] =  0.000
     Mean size (all populations) = 0.00 (0.00 SE; 0.00 SD)

Year 73
     N[Extinct] =    5000, P[E] =  1.000
     N[Surviving] =  0, P[S] =  0.000
     N[1st extinct] =  0, P[1st extinct] =  0.000
     Mean size (all populations) = 0.00 (0.00 SE; 0.00 SD)

Year 74
     N[Extinct] =    5000, P[E] =  1.000
     N[Surviving] =  0, P[S] =  0.000
     N[1st extinct] =  0, P[1st extinct] =  0.000
     Mean size (all populations) = 0.00 (0.00 SE; 0.00 SD)

Year 75
     N[Extinct] =    5000, P[E] =  1.000
     N[Surviving] =  0, P[S] =  0.000
     N[1st extinct] =  0, P[1st extinct] =  0.000
     Mean size (all populations) = 0.00 (0.00 SE; 0.00 SD)

Year 76
     N[Extinct] =    5000, P[E] =  1.000
     N[Surviving] =  0, P[S] =  0.000
     N[1st extinct] =  0, P[1st extinct] =  0.000
     Mean size (all populations) = 0.00 (0.00 SE; 0.00 SD)

Year 77
     N[Extinct] =    5000, P[E] =  1.000
     N[Surviving] =  0, P[S] =  0.000
     N[1st extinct] =  0, P[1st extinct] =  0.000
     Mean size (all populations) = 0.00 (0.00 SE; 0.00 SD)

Year 78
     N[Extinct] =    5000, P[E] =  1.000
     N[Surviving] =  0, P[S] =  0.000
     N[1st extinct] =  0, P[1st extinct] =  0.000
     Mean size (all populations) = 0.00 (0.00 SE; 0.00 SD)

Year 79
     N[Extinct] =    5000, P[E] =  1.000
     N[Surviving] =  0, P[S] =  0.000
     N[1st extinct] =  0, P[1st extinct] =  0.000
     Mean size (all populations) = 0.00 (0.00 SE; 0.00 SD)

Year 80
     N[Extinct] =    5000, P[E] =  1.000
     N[Surviving] =  0, P[S] =  0.000
     N[1st extinct] =  0, P[1st extinct] =  0.000
     Mean size (all populations) = 0.00 (0.00 SE; 0.00 SD)

Year 81
     N[Extinct] =    5000, P[E] =  1.000
     N[Surviving] =  0, P[S] =  0.000
     N[1st extinct] =  0, P[1st extinct] =  0.000
     Mean size (all populations) = 0.00 (0.00 SE; 0.00 SD)

Year 82
     N[Extinct] =    5000, P[E] =  1.000
     N[Surviving] =  0, P[S] =  0.000
     N[1st extinct] =  0, P[1st extinct] =  0.000
     Mean size (all populations) = 0.00 (0.00 SE; 0.00 SD)

Year 83
     N[Extinct] =    5000, P[E] =  1.000
     N[Surviving] =  0, P[S] =  0.000
     N[1st extinct] =  0, P[1st extinct] =  0.000
     Mean size (all populations) = 0.00 (0.00 SE; 0.00 SD)

Year 84
     N[Extinct] =    5000, P[E] =  1.000
     N[Surviving] =  0, P[S] =  0.000
     N[1st extinct] =  0, P[1st extinct] =  0.000
     Mean size (all populations) = 0.00 (0.00 SE; 0.00 SD)

Year 85
     N[Extinct] =    5000, P[E] =  1.000
     N[Surviving] =  0, P[S] =  0.000
     N[1st extinct] =  0, P[1st extinct] =  0.000
     Mean size (all populations) = 0.00 (0.00 SE; 0.00 SD)

Year 86
     N[Extinct] =    5000, P[E] =  1.000
     N[Surviving] =  0, P[S] =  0.000
     N[1st extinct] =  0, P[1st extinct] =  0.000
     Mean size (all populations) = 0.00 (0.00 SE; 0.00 SD)

Year 87
     N[Extinct] =    5000, P[E] =  1.000
     N[Surviving] =  0, P[S] =  0.000
     N[1st extinct] =  0, P[1st extinct] =  0.000
     Mean size (all populations) = 0.00 (0.00 SE; 0.00 SD)

Year 88
     N[Extinct] =    5000, P[E] =  1.000
     N[Surviving] =  0, P[S] =  0.000
     N[1st extinct] =  0, P[1st extinct] =  0.000
     Mean size (all populations) = 0.00 (0.00 SE; 0.00 SD)

Year 89
     N[Extinct] =    5000, P[E] =  1.000
     N[Surviving] =  0, P[S] =  0.000
     N[1st extinct] =  0, P[1st extinct] =  0.000
     Mean size (all populations) = 0.00 (0.00 SE; 0.00 SD)

Year 90
     N[Extinct] =    5000, P[E] =  1.000
     N[Surviving] =  0, P[S] =  0.000
     N[1st extinct] =  0, P[1st extinct] =  0.000
     Mean size (all populations) = 0.00 (0.00 SE; 0.00 SD)

Year 91
     N[Extinct] =    5000, P[E] =  1.000
     N[Surviving] =  0, P[S] =  0.000
     N[1st extinct] =  0, P[1st extinct] =  0.000
     Mean size (all populations) = 0.00 (0.00 SE; 0.00 SD)

Year 92
     N[Extinct] =    5000, P[E] =  1.000
     N[Surviving] =  0, P[S] =  0.000
     N[1st extinct] =  0, P[1st extinct] =  0.000
     Mean size (all populations) = 0.00 (0.00 SE; 0.00 SD)

Year 93
     N[Extinct] =    5000, P[E] =  1.000
     N[Surviving] =  0, P[S] =  0.000
     N[1st extinct] =  0, P[1st extinct] =  0.000
     Mean size (all populations) = 0.00 (0.00 SE; 0.00 SD)

Year 94
     N[Extinct] =    5000, P[E] =  1.000
     N[Surviving] =  0, P[S] =  0.000
     N[1st extinct] =  0, P[1st extinct] =  0.000
     Mean size (all populations) = 0.00 (0.00 SE; 0.00 SD)

Year 95
     N[Extinct] =    5000, P[E] =  1.000
     N[Surviving] =  0, P[S] =  0.000
     N[1st extinct] =  0, P[1st extinct] =  0.000
     Mean size (all populations) = 0.00 (0.00 SE; 0.00 SD)

Year 96
     N[Extinct] =    5000, P[E] =  1.000
     N[Surviving] =  0, P[S] =  0.000
     N[1st extinct] =  0, P[1st extinct] =  0.000
     Mean size (all populations) = 0.00 (0.00 SE; 0.00 SD)

Year 97
     N[Extinct] =    5000, P[E] =  1.000
     N[Surviving] =  0, P[S] =  0.000
     N[1st extinct] =  0, P[1st extinct] =  0.000
     Mean size (all populations) = 0.00 (0.00 SE; 0.00 SD)

Year 98
     N[Extinct] =    5000, P[E] =  1.000
     N[Surviving] =  0, P[S] =  0.000
     N[1st extinct] =  0, P[1st extinct] =  0.000
     Mean size (all populations) = 0.00 (0.00 SE; 0.00 SD)

Year 99
     N[Extinct] =    5000, P[E] =  1.000
     N[Surviving] =  0, P[S] =  0.000
     N[1st extinct] =  0, P[1st extinct] =  0.000
     Mean size (all populations) = 0.00 (0.00 SE; 0.00 SD)

Year 100
     N[Extinct] =    5000, P[E] =  1.000
     N[Surviving] =  0, P[S] =  0.000
     N[1st extinct] =  0, P[1st extinct] =  0.000
     Mean size (all populations) = 0.00 (0.00 SE; 0.00 SD)



In 5000 simulations of Default Scenario for 100 years:
  5000 went extinct and 0 survived.

This gives a probability of extinction of 1.00000 (0.00000 SE),
  or a probability of success of          0.00000 (0.00000 SE).

5000 simulations went extinct at least once.
Median time to first extinction was 9 years.

Of those going extinct,
    mean time to first extinction was 9.82 years (0.05 SE, 3.52 SD).

Means across all populations (extant and extinct) ...
Mean final population was 0.00 (0.00 SE; 0.00 SD).
   Age 0   Adults    Total
    0.00    0.00      0.00 Males
    0.00    0.00      0.00 Females

During 39122 simulation-years of harvest and/or supplementation
  mean growth rate (r) was -0.2528 (0.0027 SE, 0.5247 SD)

During 5000 simulation-years without harvest or supplementation
  mean growth rate (r) was 0.3084 (0.0016 SE, 0.1153 SD)

Across all years, prior to carrying capacity truncation,
  mean growth rate (r) was -0.1892 (0.0025 SE, 0.5266 SD)

1025573399 of 1911490408 harvests of females could not be completed because of insufficient animals.
1025573391 of 1911490408 harvests of males could not be completed because of insufficient animals.
*************************************************************************

