Results from VORTEX 10.5.4.0
Project: Caprimulgus_madagascariensis
Scenario: Default Scenario

Population 1: Population1

Year 0
     N[Extinct] =    0, P[E] =  0.000
     N[Surviving] =  5000, P[S] =  1.000
     N[1st extinct] =  0, P[1st extinct] =  0.000
     Mean size (all populations) = 30950.00 (0.00 SE; 0.00 SD)
  Means across extant populations only:
     Population size =          30950.00 (0.00 SE; 0.00 SD)

Year 1
     N[Extinct] =    0, P[E] =  0.000
     N[Surviving] =  5000, P[S] =  1.000
     N[1st extinct] =  0, P[1st extinct] =  0.000
     Mean size (all populations) = 30919.89 (43.54 SE; 3079.01 SD)
  Means across extant populations only:
     Population size =          30919.89 (43.54 SE; 3079.01 SD)

Year 2
     N[Extinct] =    0, P[E] =  0.000
     N[Surviving] =  5000, P[S] =  1.000
     N[1st extinct] =  0, P[1st extinct] =  0.000
     Mean size (all populations) = 30905.34 (43.19 SE; 3054.22 SD)
  Means across extant populations only:
     Population size =          30905.34 (43.19 SE; 3054.22 SD)

Year 3
     N[Extinct] =    0, P[E] =  0.000
     N[Surviving] =  5000, P[S] =  1.000
     N[1st extinct] =  0, P[1st extinct] =  0.000
     Mean size (all populations) = 30882.29 (43.50 SE; 3076.24 SD)
  Means across extant populations only:
     Population size =          30882.29 (43.50 SE; 3076.24 SD)

Year 4
     N[Extinct] =    0, P[E] =  0.000
     N[Surviving] =  5000, P[S] =  1.000
     N[1st extinct] =  0, P[1st extinct] =  0.000
     Mean size (all populations) = 30870.87 (43.09 SE; 3046.92 SD)
  Means across extant populations only:
     Population size =          30870.87 (43.09 SE; 3046.92 SD)

Year 5
     N[Extinct] =    0, P[E] =  0.000
     N[Surviving] =  5000, P[S] =  1.000
     N[1st extinct] =  0, P[1st extinct] =  0.000
     Mean size (all populations) = 30937.84 (43.42 SE; 3070.48 SD)
  Means across extant populations only:
     Population size =          30937.84 (43.42 SE; 3070.48 SD)

Year 6
     N[Extinct] =    0, P[E] =  0.000
     N[Surviving] =  5000, P[S] =  1.000
     N[1st extinct] =  0, P[1st extinct] =  0.000
     Mean size (all populations) = 31031.10 (42.34 SE; 2993.67 SD)
  Means across extant populations only:
     Population size =          31031.10 (42.34 SE; 2993.67 SD)

Year 7
     N[Extinct] =    0, P[E] =  0.000
     N[Surviving] =  5000, P[S] =  1.000
     N[1st extinct] =  0, P[1st extinct] =  0.000
     Mean size (all populations) = 30951.32 (43.48 SE; 3074.33 SD)
  Means across extant populations only:
     Population size =          30951.32 (43.48 SE; 3074.33 SD)

Year 8
     N[Extinct] =    0, P[E] =  0.000
     N[Surviving] =  5000, P[S] =  1.000
     N[1st extinct] =  0, P[1st extinct] =  0.000
     Mean size (all populations) = 30957.12 (43.70 SE; 3089.83 SD)
  Means across extant populations only:
     Population size =          30957.12 (43.70 SE; 3089.83 SD)

Year 9
     N[Extinct] =    0, P[E] =  0.000
     N[Surviving] =  5000, P[S] =  1.000
     N[1st extinct] =  0, P[1st extinct] =  0.000
     Mean size (all populations) = 30901.50 (43.54 SE; 3079.05 SD)
  Means across extant populations only:
     Population size =          30901.50 (43.54 SE; 3079.05 SD)

Year 10
     N[Extinct] =    0, P[E] =  0.000
     N[Surviving] =  5000, P[S] =  1.000
     N[1st extinct] =  0, P[1st extinct] =  0.000
     Mean size (all populations) = 30874.48 (42.92 SE; 3035.19 SD)
  Means across extant populations only:
     Population size =          30874.48 (42.92 SE; 3035.19 SD)

Year 11
     N[Extinct] =    0, P[E] =  0.000
     N[Surviving] =  5000, P[S] =  1.000
     N[1st extinct] =  0, P[1st extinct] =  0.000
     Mean size (all populations) = 30928.52 (42.74 SE; 3022.43 SD)
  Means across extant populations only:
     Population size =          30928.52 (42.74 SE; 3022.43 SD)

Year 12
     N[Extinct] =    0, P[E] =  0.000
     N[Surviving] =  5000, P[S] =  1.000
     N[1st extinct] =  0, P[1st extinct] =  0.000
     Mean size (all populations) = 30952.71 (43.04 SE; 3043.19 SD)
  Means across extant populations only:
     Population size =          30952.71 (43.04 SE; 3043.19 SD)

Year 13
     N[Extinct] =    0, P[E] =  0.000
     N[Surviving] =  5000, P[S] =  1.000
     N[1st extinct] =  0, P[1st extinct] =  0.000
     Mean size (all populations) = 31019.06 (43.98 SE; 3109.95 SD)
  Means across extant populations only:
     Population size =          31019.06 (43.98 SE; 3109.95 SD)

Year 14
     N[Extinct] =    0, P[E] =  0.000
     N[Surviving] =  5000, P[S] =  1.000
     N[1st extinct] =  0, P[1st extinct] =  0.000
     Mean size (all populations) = 30964.86 (43.29 SE; 3061.38 SD)
  Means across extant populations only:
     Population size =          30964.86 (43.29 SE; 3061.38 SD)

Year 15
     N[Extinct] =    0, P[E] =  0.000
     N[Surviving] =  5000, P[S] =  1.000
     N[1st extinct] =  0, P[1st extinct] =  0.000
     Mean size (all populations) = 30969.34 (43.37 SE; 3066.62 SD)
  Means across extant populations only:
     Population size =          30969.34 (43.37 SE; 3066.62 SD)

Year 16
     N[Extinct] =    0, P[E] =  0.000
     N[Surviving] =  5000, P[S] =  1.000
     N[1st extinct] =  0, P[1st extinct] =  0.000
     Mean size (all populations) = 30955.80 (43.54 SE; 3078.75 SD)
  Means across extant populations only:
     Population size =          30955.80 (43.54 SE; 3078.75 SD)

Year 17
     N[Extinct] =    0, P[E] =  0.000
     N[Surviving] =  5000, P[S] =  1.000
     N[1st extinct] =  0, P[1st extinct] =  0.000
     Mean size (all populations) = 30872.83 (43.39 SE; 3068.28 SD)
  Means across extant populations only:
     Population size =          30872.83 (43.39 SE; 3068.28 SD)

Year 18
     N[Extinct] =    0, P[E] =  0.000
     N[Surviving] =  5000, P[S] =  1.000
     N[1st extinct] =  0, P[1st extinct] =  0.000
     Mean size (all populations) = 30925.22 (43.61 SE; 3083.88 SD)
  Means across extant populations only:
     Population size =          30925.22 (43.61 SE; 3083.88 SD)

Year 19
     N[Extinct] =    0, P[E] =  0.000
     N[Surviving] =  5000, P[S] =  1.000
     N[1st extinct] =  0, P[1st extinct] =  0.000
     Mean size (all populations) = 30968.65 (43.18 SE; 3053.40 SD)
  Means across extant populations only:
     Population size =          30968.65 (43.18 SE; 3053.40 SD)

Year 20
     N[Extinct] =    0, P[E] =  0.000
     N[Surviving] =  5000, P[S] =  1.000
     N[1st extinct] =  0, P[1st extinct] =  0.000
     Mean size (all populations) = 30932.73 (43.50 SE; 3075.83 SD)
  Means across extant populations only:
     Population size =          30932.73 (43.50 SE; 3075.83 SD)

Year 21
     N[Extinct] =    0, P[E] =  0.000
     N[Surviving] =  5000, P[S] =  1.000
     N[1st extinct] =  0, P[1st extinct] =  0.000
     Mean size (all populations) = 30938.63 (43.05 SE; 3044.42 SD)
  Means across extant populations only:
     Population size =          30938.63 (43.05 SE; 3044.42 SD)

Year 22
     N[Extinct] =    0, P[E] =  0.000
     N[Surviving] =  5000, P[S] =  1.000
     N[1st extinct] =  0, P[1st extinct] =  0.000
     Mean size (all populations) = 30904.46 (42.96 SE; 3037.63 SD)
  Means across extant populations only:
     Population size =          30904.46 (42.96 SE; 3037.63 SD)

Year 23
     N[Extinct] =    0, P[E] =  0.000
     N[Surviving] =  5000, P[S] =  1.000
     N[1st extinct] =  0, P[1st extinct] =  0.000
     Mean size (all populations) = 30950.19 (43.27 SE; 3059.45 SD)
  Means across extant populations only:
     Population size =          30950.19 (43.27 SE; 3059.45 SD)

Year 24
     N[Extinct] =    0, P[E] =  0.000
     N[Surviving] =  5000, P[S] =  1.000
     N[1st extinct] =  0, P[1st extinct] =  0.000
     Mean size (all populations) = 30932.46 (43.65 SE; 3086.52 SD)
  Means across extant populations only:
     Population size =          30932.46 (43.65 SE; 3086.52 SD)

Year 25
     N[Extinct] =    0, P[E] =  0.000
     N[Surviving] =  5000, P[S] =  1.000
     N[1st extinct] =  0, P[1st extinct] =  0.000
     Mean size (all populations) = 30989.43 (42.75 SE; 3022.71 SD)
  Means across extant populations only:
     Population size =          30989.43 (42.75 SE; 3022.71 SD)

Year 26
     N[Extinct] =    0, P[E] =  0.000
     N[Surviving] =  5000, P[S] =  1.000
     N[1st extinct] =  0, P[1st extinct] =  0.000
     Mean size (all populations) = 30912.08 (43.62 SE; 3084.47 SD)
  Means across extant populations only:
     Population size =          30912.08 (43.62 SE; 3084.47 SD)

Year 27
     N[Extinct] =    0, P[E] =  0.000
     N[Surviving] =  5000, P[S] =  1.000
     N[1st extinct] =  0, P[1st extinct] =  0.000
     Mean size (all populations) = 30876.27 (42.79 SE; 3026.00 SD)
  Means across extant populations only:
     Population size =          30876.27 (42.79 SE; 3026.00 SD)

Year 28
     N[Extinct] =    0, P[E] =  0.000
     N[Surviving] =  5000, P[S] =  1.000
     N[1st extinct] =  0, P[1st extinct] =  0.000
     Mean size (all populations) = 30932.53 (43.03 SE; 3042.89 SD)
  Means across extant populations only:
     Population size =          30932.53 (43.03 SE; 3042.89 SD)

Year 29
     N[Extinct] =    0, P[E] =  0.000
     N[Surviving] =  5000, P[S] =  1.000
     N[1st extinct] =  0, P[1st extinct] =  0.000
     Mean size (all populations) = 30884.98 (42.79 SE; 3025.53 SD)
  Means across extant populations only:
     Population size =          30884.98 (42.79 SE; 3025.53 SD)

Year 30
     N[Extinct] =    0, P[E] =  0.000
     N[Surviving] =  5000, P[S] =  1.000
     N[1st extinct] =  0, P[1st extinct] =  0.000
     Mean size (all populations) = 30971.48 (43.62 SE; 3084.10 SD)
  Means across extant populations only:
     Population size =          30971.48 (43.62 SE; 3084.10 SD)

Year 31
     N[Extinct] =    0, P[E] =  0.000
     N[Surviving] =  5000, P[S] =  1.000
     N[1st extinct] =  0, P[1st extinct] =  0.000
     Mean size (all populations) = 30899.58 (43.48 SE; 3074.18 SD)
  Means across extant populations only:
     Population size =          30899.58 (43.48 SE; 3074.18 SD)

Year 32
     N[Extinct] =    0, P[E] =  0.000
     N[Surviving] =  5000, P[S] =  1.000
     N[1st extinct] =  0, P[1st extinct] =  0.000
     Mean size (all populations) = 30931.48 (42.73 SE; 3021.49 SD)
  Means across extant populations only:
     Population size =          30931.48 (42.73 SE; 3021.49 SD)

Year 33
     N[Extinct] =    0, P[E] =  0.000
     N[Surviving] =  5000, P[S] =  1.000
     N[1st extinct] =  0, P[1st extinct] =  0.000
     Mean size (all populations) = 30930.01 (43.40 SE; 3068.89 SD)
  Means across extant populations only:
     Population size =          30930.01 (43.40 SE; 3068.89 SD)

Year 34
     N[Extinct] =    0, P[E] =  0.000
     N[Surviving] =  5000, P[S] =  1.000
     N[1st extinct] =  0, P[1st extinct] =  0.000
     Mean size (all populations) = 30844.63 (42.95 SE; 3037.24 SD)
  Means across extant populations only:
     Population size =          30844.63 (42.95 SE; 3037.24 SD)

Year 35
     N[Extinct] =    0, P[E] =  0.000
     N[Surviving] =  5000, P[S] =  1.000
     N[1st extinct] =  0, P[1st extinct] =  0.000
     Mean size (all populations) = 30896.71 (43.77 SE; 3094.76 SD)
  Means across extant populations only:
     Population size =          30896.71 (43.77 SE; 3094.76 SD)

Year 36
     N[Extinct] =    0, P[E] =  0.000
     N[Surviving] =  5000, P[S] =  1.000
     N[1st extinct] =  0, P[1st extinct] =  0.000
     Mean size (all populations) = 30922.06 (43.40 SE; 3069.09 SD)
  Means across extant populations only:
     Population size =          30922.06 (43.40 SE; 3069.09 SD)

Year 37
     N[Extinct] =    0, P[E] =  0.000
     N[Surviving] =  5000, P[S] =  1.000
     N[1st extinct] =  0, P[1st extinct] =  0.000
     Mean size (all populations) = 30867.11 (42.94 SE; 3036.61 SD)
  Means across extant populations only:
     Population size =          30867.11 (42.94 SE; 3036.61 SD)

Year 38
     N[Extinct] =    0, P[E] =  0.000
     N[Surviving] =  5000, P[S] =  1.000
     N[1st extinct] =  0, P[1st extinct] =  0.000
     Mean size (all populations) = 31044.74 (43.07 SE; 3045.54 SD)
  Means across extant populations only:
     Population size =          31044.74 (43.07 SE; 3045.54 SD)

Year 39
     N[Extinct] =    0, P[E] =  0.000
     N[Surviving] =  5000, P[S] =  1.000
     N[1st extinct] =  0, P[1st extinct] =  0.000
     Mean size (all populations) = 30962.96 (42.71 SE; 3020.14 SD)
  Means across extant populations only:
     Population size =          30962.96 (42.71 SE; 3020.14 SD)

Year 40
     N[Extinct] =    0, P[E] =  0.000
     N[Surviving] =  5000, P[S] =  1.000
     N[1st extinct] =  0, P[1st extinct] =  0.000
     Mean size (all populations) = 30910.54 (44.14 SE; 3121.14 SD)
  Means across extant populations only:
     Population size =          30910.54 (44.14 SE; 3121.14 SD)

Year 41
     N[Extinct] =    0, P[E] =  0.000
     N[Surviving] =  5000, P[S] =  1.000
     N[1st extinct] =  0, P[1st extinct] =  0.000
     Mean size (all populations) = 30949.51 (43.70 SE; 3090.22 SD)
  Means across extant populations only:
     Population size =          30949.51 (43.70 SE; 3090.22 SD)

Year 42
     N[Extinct] =    0, P[E] =  0.000
     N[Surviving] =  5000, P[S] =  1.000
     N[1st extinct] =  0, P[1st extinct] =  0.000
     Mean size (all populations) = 30913.68 (43.15 SE; 3051.13 SD)
  Means across extant populations only:
     Population size =          30913.68 (43.15 SE; 3051.13 SD)

Year 43
     N[Extinct] =    0, P[E] =  0.000
     N[Surviving] =  5000, P[S] =  1.000
     N[1st extinct] =  0, P[1st extinct] =  0.000
     Mean size (all populations) = 30959.51 (43.74 SE; 3093.13 SD)
  Means across extant populations only:
     Population size =          30959.51 (43.74 SE; 3093.13 SD)

Year 44
     N[Extinct] =    0, P[E] =  0.000
     N[Surviving] =  5000, P[S] =  1.000
     N[1st extinct] =  0, P[1st extinct] =  0.000
     Mean size (all populations) = 30879.97 (42.78 SE; 3025.23 SD)
  Means across extant populations only:
     Population size =          30879.97 (42.78 SE; 3025.23 SD)

Year 45
     N[Extinct] =    0, P[E] =  0.000
     N[Surviving] =  5000, P[S] =  1.000
     N[1st extinct] =  0, P[1st extinct] =  0.000
     Mean size (all populations) = 30930.31 (43.79 SE; 3096.68 SD)
  Means across extant populations only:
     Population size =          30930.31 (43.79 SE; 3096.68 SD)

Year 46
     N[Extinct] =    0, P[E] =  0.000
     N[Surviving] =  5000, P[S] =  1.000
     N[1st extinct] =  0, P[1st extinct] =  0.000
     Mean size (all populations) = 30986.31 (43.33 SE; 3063.88 SD)
  Means across extant populations only:
     Population size =          30986.31 (43.33 SE; 3063.88 SD)

Year 47
     N[Extinct] =    0, P[E] =  0.000
     N[Surviving] =  5000, P[S] =  1.000
     N[1st extinct] =  0, P[1st extinct] =  0.000
     Mean size (all populations) = 30929.89 (42.41 SE; 2999.19 SD)
  Means across extant populations only:
     Population size =          30929.89 (42.41 SE; 2999.19 SD)

Year 48
     N[Extinct] =    0, P[E] =  0.000
     N[Surviving] =  5000, P[S] =  1.000
     N[1st extinct] =  0, P[1st extinct] =  0.000
     Mean size (all populations) = 30939.39 (43.35 SE; 3065.07 SD)
  Means across extant populations only:
     Population size =          30939.39 (43.35 SE; 3065.07 SD)

Year 49
     N[Extinct] =    0, P[E] =  0.000
     N[Surviving] =  5000, P[S] =  1.000
     N[1st extinct] =  0, P[1st extinct] =  0.000
     Mean size (all populations) = 30909.44 (43.26 SE; 3059.14 SD)
  Means across extant populations only:
     Population size =          30909.44 (43.26 SE; 3059.14 SD)

Year 50
     N[Extinct] =    0, P[E] =  0.000
     N[Surviving] =  5000, P[S] =  1.000
     N[1st extinct] =  0, P[1st extinct] =  0.000
     Mean size (all populations) = 30917.41 (43.53 SE; 3078.36 SD)
  Means across extant populations only:
     Population size =          30917.41 (43.53 SE; 3078.36 SD)

Year 51
     N[Extinct] =    0, P[E] =  0.000
     N[Surviving] =  5000, P[S] =  1.000
     N[1st extinct] =  0, P[1st extinct] =  0.000
     Mean size (all populations) = 30921.95 (43.85 SE; 3100.95 SD)
  Means across extant populations only:
     Population size =          30921.95 (43.85 SE; 3100.95 SD)

Year 52
     N[Extinct] =    0, P[E] =  0.000
     N[Surviving] =  5000, P[S] =  1.000
     N[1st extinct] =  0, P[1st extinct] =  0.000
     Mean size (all populations) = 30959.54 (43.84 SE; 3100.18 SD)
  Means across extant populations only:
     Population size =          30959.54 (43.84 SE; 3100.18 SD)

Year 53
     N[Extinct] =    0, P[E] =  0.000
     N[Surviving] =  5000, P[S] =  1.000
     N[1st extinct] =  0, P[1st extinct] =  0.000
     Mean size (all populations) = 30847.28 (43.23 SE; 3056.58 SD)
  Means across extant populations only:
     Population size =          30847.28 (43.23 SE; 3056.58 SD)

Year 54
     N[Extinct] =    0, P[E] =  0.000
     N[Surviving] =  5000, P[S] =  1.000
     N[1st extinct] =  0, P[1st extinct] =  0.000
     Mean size (all populations) = 30877.43 (43.35 SE; 3065.14 SD)
  Means across extant populations only:
     Population size =          30877.43 (43.35 SE; 3065.14 SD)

Year 55
     N[Extinct] =    0, P[E] =  0.000
     N[Surviving] =  5000, P[S] =  1.000
     N[1st extinct] =  0, P[1st extinct] =  0.000
     Mean size (all populations) = 30970.00 (43.59 SE; 3082.61 SD)
  Means across extant populations only:
     Population size =          30970.00 (43.59 SE; 3082.61 SD)

Year 56
     N[Extinct] =    0, P[E] =  0.000
     N[Surviving] =  5000, P[S] =  1.000
     N[1st extinct] =  0, P[1st extinct] =  0.000
     Mean size (all populations) = 30848.51 (43.41 SE; 3069.72 SD)
  Means across extant populations only:
     Population size =          30848.51 (43.41 SE; 3069.72 SD)

Year 57
     N[Extinct] =    0, P[E] =  0.000
     N[Surviving] =  5000, P[S] =  1.000
     N[1st extinct] =  0, P[1st extinct] =  0.000
     Mean size (all populations) = 30992.13 (42.72 SE; 3021.07 SD)
  Means across extant populations only:
     Population size =          30992.13 (42.72 SE; 3021.07 SD)

Year 58
     N[Extinct] =    0, P[E] =  0.000
     N[Surviving] =  5000, P[S] =  1.000
     N[1st extinct] =  0, P[1st extinct] =  0.000
     Mean size (all populations) = 30869.82 (43.40 SE; 3068.58 SD)
  Means across extant populations only:
     Population size =          30869.82 (43.40 SE; 3068.58 SD)

Year 59
     N[Extinct] =    0, P[E] =  0.000
     N[Surviving] =  5000, P[S] =  1.000
     N[1st extinct] =  0, P[1st extinct] =  0.000
     Mean size (all populations) = 30909.09 (42.98 SE; 3039.47 SD)
  Means across extant populations only:
     Population size =          30909.09 (42.98 SE; 3039.47 SD)

Year 60
     N[Extinct] =    0, P[E] =  0.000
     N[Surviving] =  5000, P[S] =  1.000
     N[1st extinct] =  0, P[1st extinct] =  0.000
     Mean size (all populations) = 30926.74 (42.59 SE; 3011.83 SD)
  Means across extant populations only:
     Population size =          30926.74 (42.59 SE; 3011.83 SD)

Year 61
     N[Extinct] =    0, P[E] =  0.000
     N[Surviving] =  5000, P[S] =  1.000
     N[1st extinct] =  0, P[1st extinct] =  0.000
     Mean size (all populations) = 31004.38 (43.65 SE; 3086.52 SD)
  Means across extant populations only:
     Population size =          31004.38 (43.65 SE; 3086.52 SD)

Year 62
     N[Extinct] =    0, P[E] =  0.000
     N[Surviving] =  5000, P[S] =  1.000
     N[1st extinct] =  0, P[1st extinct] =  0.000
     Mean size (all populations) = 30975.08 (43.28 SE; 3060.31 SD)
  Means across extant populations only:
     Population size =          30975.08 (43.28 SE; 3060.31 SD)

Year 63
     N[Extinct] =    0, P[E] =  0.000
     N[Surviving] =  5000, P[S] =  1.000
     N[1st extinct] =  0, P[1st extinct] =  0.000
     Mean size (all populations) = 30850.95 (42.89 SE; 3032.64 SD)
  Means across extant populations only:
     Population size =          30850.95 (42.89 SE; 3032.64 SD)

Year 64
     N[Extinct] =    0, P[E] =  0.000
     N[Surviving] =  5000, P[S] =  1.000
     N[1st extinct] =  0, P[1st extinct] =  0.000
     Mean size (all populations) = 30888.31 (43.40 SE; 3068.69 SD)
  Means across extant populations only:
     Population size =          30888.31 (43.40 SE; 3068.69 SD)

Year 65
     N[Extinct] =    0, P[E] =  0.000
     N[Surviving] =  5000, P[S] =  1.000
     N[1st extinct] =  0, P[1st extinct] =  0.000
     Mean size (all populations) = 30957.32 (43.06 SE; 3045.01 SD)
  Means across extant populations only:
     Population size =          30957.32 (43.06 SE; 3045.01 SD)

Year 66
     N[Extinct] =    0, P[E] =  0.000
     N[Surviving] =  5000, P[S] =  1.000
     N[1st extinct] =  0, P[1st extinct] =  0.000
     Mean size (all populations) = 30954.13 (42.80 SE; 3026.70 SD)
  Means across extant populations only:
     Population size =          30954.13 (42.80 SE; 3026.70 SD)

Year 67
     N[Extinct] =    0, P[E] =  0.000
     N[Surviving] =  5000, P[S] =  1.000
     N[1st extinct] =  0, P[1st extinct] =  0.000
     Mean size (all populations) = 30964.17 (42.43 SE; 3000.17 SD)
  Means across extant populations only:
     Population size =          30964.17 (42.43 SE; 3000.17 SD)

Year 68
     N[Extinct] =    0, P[E] =  0.000
     N[Surviving] =  5000, P[S] =  1.000
     N[1st extinct] =  0, P[1st extinct] =  0.000
     Mean size (all populations) = 30940.53 (42.59 SE; 3011.28 SD)
  Means across extant populations only:
     Population size =          30940.53 (42.59 SE; 3011.28 SD)

Year 69
     N[Extinct] =    0, P[E] =  0.000
     N[Surviving] =  5000, P[S] =  1.000
     N[1st extinct] =  0, P[1st extinct] =  0.000
     Mean size (all populations) = 30893.73 (43.12 SE; 3048.98 SD)
  Means across extant populations only:
     Population size =          30893.73 (43.12 SE; 3048.98 SD)

Year 70
     N[Extinct] =    0, P[E] =  0.000
     N[Surviving] =  5000, P[S] =  1.000
     N[1st extinct] =  0, P[1st extinct] =  0.000
     Mean size (all populations) = 30941.67 (42.90 SE; 3033.46 SD)
  Means across extant populations only:
     Population size =          30941.67 (42.90 SE; 3033.46 SD)

Year 71
     N[Extinct] =    0, P[E] =  0.000
     N[Surviving] =  5000, P[S] =  1.000
     N[1st extinct] =  0, P[1st extinct] =  0.000
     Mean size (all populations) = 30994.47 (44.02 SE; 3112.65 SD)
  Means across extant populations only:
     Population size =          30994.47 (44.02 SE; 3112.65 SD)

Year 72
     N[Extinct] =    0, P[E] =  0.000
     N[Surviving] =  5000, P[S] =  1.000
     N[1st extinct] =  0, P[1st extinct] =  0.000
     Mean size (all populations) = 30950.69 (42.75 SE; 3023.00 SD)
  Means across extant populations only:
     Population size =          30950.69 (42.75 SE; 3023.00 SD)

Year 73
     N[Extinct] =    0, P[E] =  0.000
     N[Surviving] =  5000, P[S] =  1.000
     N[1st extinct] =  0, P[1st extinct] =  0.000
     Mean size (all populations) = 30963.39 (43.04 SE; 3043.61 SD)
  Means across extant populations only:
     Population size =          30963.39 (43.04 SE; 3043.61 SD)

Year 74
     N[Extinct] =    0, P[E] =  0.000
     N[Surviving] =  5000, P[S] =  1.000
     N[1st extinct] =  0, P[1st extinct] =  0.000
     Mean size (all populations) = 30971.26 (42.86 SE; 3030.76 SD)
  Means across extant populations only:
     Population size =          30971.26 (42.86 SE; 3030.76 SD)

Year 75
     N[Extinct] =    0, P[E] =  0.000
     N[Surviving] =  5000, P[S] =  1.000
     N[1st extinct] =  0, P[1st extinct] =  0.000
     Mean size (all populations) = 30924.99 (43.58 SE; 3081.22 SD)
  Means across extant populations only:
     Population size =          30924.99 (43.58 SE; 3081.22 SD)

Year 76
     N[Extinct] =    0, P[E] =  0.000
     N[Surviving] =  5000, P[S] =  1.000
     N[1st extinct] =  0, P[1st extinct] =  0.000
     Mean size (all populations) = 30920.95 (43.32 SE; 3063.11 SD)
  Means across extant populations only:
     Population size =          30920.95 (43.32 SE; 3063.11 SD)

Year 77
     N[Extinct] =    0, P[E] =  0.000
     N[Surviving] =  5000, P[S] =  1.000
     N[1st extinct] =  0, P[1st extinct] =  0.000
     Mean size (all populations) = 30886.51 (43.38 SE; 3067.75 SD)
  Means across extant populations only:
     Population size =          30886.51 (43.38 SE; 3067.75 SD)

Year 78
     N[Extinct] =    0, P[E] =  0.000
     N[Surviving] =  5000, P[S] =  1.000
     N[1st extinct] =  0, P[1st extinct] =  0.000
     Mean size (all populations) = 30917.99 (43.23 SE; 3056.93 SD)
  Means across extant populations only:
     Population size =          30917.99 (43.23 SE; 3056.93 SD)

Year 79
     N[Extinct] =    0, P[E] =  0.000
     N[Surviving] =  5000, P[S] =  1.000
     N[1st extinct] =  0, P[1st extinct] =  0.000
     Mean size (all populations) = 30963.22 (42.97 SE; 3038.31 SD)
  Means across extant populations only:
     Population size =          30963.22 (42.97 SE; 3038.31 SD)

Year 80
     N[Extinct] =    0, P[E] =  0.000
     N[Surviving] =  5000, P[S] =  1.000
     N[1st extinct] =  0, P[1st extinct] =  0.000
     Mean size (all populations) = 30934.33 (42.50 SE; 3005.44 SD)
  Means across extant populations only:
     Population size =          30934.33 (42.50 SE; 3005.44 SD)

Year 81
     N[Extinct] =    0, P[E] =  0.000
     N[Surviving] =  5000, P[S] =  1.000
     N[1st extinct] =  0, P[1st extinct] =  0.000
     Mean size (all populations) = 30920.54 (44.30 SE; 3132.20 SD)
  Means across extant populations only:
     Population size =          30920.54 (44.30 SE; 3132.20 SD)

Year 82
     N[Extinct] =    0, P[E] =  0.000
     N[Surviving] =  5000, P[S] =  1.000
     N[1st extinct] =  0, P[1st extinct] =  0.000
     Mean size (all populations) = 30831.73 (43.87 SE; 3102.38 SD)
  Means across extant populations only:
     Population size =          30831.73 (43.87 SE; 3102.38 SD)

Year 83
     N[Extinct] =    0, P[E] =  0.000
     N[Surviving] =  5000, P[S] =  1.000
     N[1st extinct] =  0, P[1st extinct] =  0.000
     Mean size (all populations) = 30939.67 (43.58 SE; 3081.91 SD)
  Means across extant populations only:
     Population size =          30939.67 (43.58 SE; 3081.91 SD)

Year 84
     N[Extinct] =    0, P[E] =  0.000
     N[Surviving] =  5000, P[S] =  1.000
     N[1st extinct] =  0, P[1st extinct] =  0.000
     Mean size (all populations) = 30941.88 (42.85 SE; 3029.64 SD)
  Means across extant populations only:
     Population size =          30941.88 (42.85 SE; 3029.64 SD)

Year 85
     N[Extinct] =    0, P[E] =  0.000
     N[Surviving] =  5000, P[S] =  1.000
     N[1st extinct] =  0, P[1st extinct] =  0.000
     Mean size (all populations) = 30946.16 (43.67 SE; 3087.66 SD)
  Means across extant populations only:
     Population size =          30946.16 (43.67 SE; 3087.66 SD)

Year 86
     N[Extinct] =    0, P[E] =  0.000
     N[Surviving] =  5000, P[S] =  1.000
     N[1st extinct] =  0, P[1st extinct] =  0.000
     Mean size (all populations) = 30923.89 (43.44 SE; 3071.49 SD)
  Means across extant populations only:
     Population size =          30923.89 (43.44 SE; 3071.49 SD)

Year 87
     N[Extinct] =    0, P[E] =  0.000
     N[Surviving] =  5000, P[S] =  1.000
     N[1st extinct] =  0, P[1st extinct] =  0.000
     Mean size (all populations) = 30942.38 (43.49 SE; 3075.46 SD)
  Means across extant populations only:
     Population size =          30942.38 (43.49 SE; 3075.46 SD)

Year 88
     N[Extinct] =    0, P[E] =  0.000
     N[Surviving] =  5000, P[S] =  1.000
     N[1st extinct] =  0, P[1st extinct] =  0.000
     Mean size (all populations) = 30911.34 (43.24 SE; 3057.73 SD)
  Means across extant populations only:
     Population size =          30911.34 (43.24 SE; 3057.73 SD)

Year 89
     N[Extinct] =    0, P[E] =  0.000
     N[Surviving] =  5000, P[S] =  1.000
     N[1st extinct] =  0, P[1st extinct] =  0.000
     Mean size (all populations) = 30936.73 (43.57 SE; 3080.88 SD)
  Means across extant populations only:
     Population size =          30936.73 (43.57 SE; 3080.88 SD)

Year 90
     N[Extinct] =    0, P[E] =  0.000
     N[Surviving] =  5000, P[S] =  1.000
     N[1st extinct] =  0, P[1st extinct] =  0.000
     Mean size (all populations) = 30856.84 (43.43 SE; 3071.00 SD)
  Means across extant populations only:
     Population size =          30856.84 (43.43 SE; 3071.00 SD)

Year 91
     N[Extinct] =    0, P[E] =  0.000
     N[Surviving] =  5000, P[S] =  1.000
     N[1st extinct] =  0, P[1st extinct] =  0.000
     Mean size (all populations) = 30918.26 (43.55 SE; 3079.38 SD)
  Means across extant populations only:
     Population size =          30918.26 (43.55 SE; 3079.38 SD)

Year 92
     N[Extinct] =    0, P[E] =  0.000
     N[Surviving] =  5000, P[S] =  1.000
     N[1st extinct] =  0, P[1st extinct] =  0.000
     Mean size (all populations) = 30870.14 (43.45 SE; 3072.10 SD)
  Means across extant populations only:
     Population size =          30870.14 (43.45 SE; 3072.10 SD)

Year 93
     N[Extinct] =    0, P[E] =  0.000
     N[Surviving] =  5000, P[S] =  1.000
     N[1st extinct] =  0, P[1st extinct] =  0.000
     Mean size (all populations) = 30931.88 (43.10 SE; 3047.80 SD)
  Means across extant populations only:
     Population size =          30931.88 (43.10 SE; 3047.80 SD)

Year 94
     N[Extinct] =    0, P[E] =  0.000
     N[Surviving] =  5000, P[S] =  1.000
     N[1st extinct] =  0, P[1st extinct] =  0.000
     Mean size (all populations) = 31001.25 (43.20 SE; 3054.96 SD)
  Means across extant populations only:
     Population size =          31001.25 (43.20 SE; 3054.96 SD)

Year 95
     N[Extinct] =    0, P[E] =  0.000
     N[Surviving] =  5000, P[S] =  1.000
     N[1st extinct] =  0, P[1st extinct] =  0.000
     Mean size (all populations) = 30941.71 (43.00 SE; 3040.52 SD)
  Means across extant populations only:
     Population size =          30941.71 (43.00 SE; 3040.52 SD)

Year 96
     N[Extinct] =    0, P[E] =  0.000
     N[Surviving] =  5000, P[S] =  1.000
     N[1st extinct] =  0, P[1st extinct] =  0.000
     Mean size (all populations) = 30846.89 (43.56 SE; 3079.91 SD)
  Means across extant populations only:
     Population size =          30846.89 (43.56 SE; 3079.91 SD)

Year 97
     N[Extinct] =    0, P[E] =  0.000
     N[Surviving] =  5000, P[S] =  1.000
     N[1st extinct] =  0, P[1st extinct] =  0.000
     Mean size (all populations) = 30922.02 (42.98 SE; 3039.37 SD)
  Means across extant populations only:
     Population size =          30922.02 (42.98 SE; 3039.37 SD)

Year 98
     N[Extinct] =    0, P[E] =  0.000
     N[Surviving] =  5000, P[S] =  1.000
     N[1st extinct] =  0, P[1st extinct] =  0.000
     Mean size (all populations) = 30985.51 (43.03 SE; 3042.44 SD)
  Means across extant populations only:
     Population size =          30985.51 (43.03 SE; 3042.44 SD)

Year 99
     N[Extinct] =    0, P[E] =  0.000
     N[Surviving] =  5000, P[S] =  1.000
     N[1st extinct] =  0, P[1st extinct] =  0.000
     Mean size (all populations) = 30956.40 (43.17 SE; 3052.83 SD)
  Means across extant populations only:
     Population size =          30956.40 (43.17 SE; 3052.83 SD)

Year 100
     N[Extinct] =    0, P[E] =  0.000
     N[Surviving] =  5000, P[S] =  1.000
     N[1st extinct] =  0, P[1st extinct] =  0.000
     Mean size (all populations) = 30888.62 (43.29 SE; 3061.38 SD)
  Means across extant populations only:
     Population size =          30888.62 (43.29 SE; 3061.38 SD)



In 5000 simulations of Default Scenario for 100 years:
  0 went extinct and 5000 survived.

This gives a probability of extinction of 0.00000 (0.00000 SE),
  or a probability of success of          1.00000 (0.00000 SE).

Means across all populations (extant and extinct) ...
Mean final population was 30888.62 (43.29 SE; 3061.38 SD).
   Age 0   Adults    Total
    0.0015444.35  15444.35 Males
    0.0015444.28  15444.28 Females

Across all years, prior to carrying capacity truncation,
  mean growth rate (r) was 0.4363 (0.0001 SE, 0.1024 SD)

0 of 0 harvests of females could not be completed because of insufficient animals.
0 of 0 harvests of males could not be completed because of insufficient animals.
*************************************************************************

