Results from VORTEX 10.5.4.0
Project: Treron_australis
Scenario: Default Scenario

Population 1: Population1

Year 0
     N[Extinct] =    0, P[E] =  0.000
     N[Surviving] =  5000, P[S] =  1.000
     N[1st extinct] =  0, P[1st extinct] =  0.000
     Mean size (all populations) = 90516.00 (0.00 SE; 0.00 SD)
  Means across extant populations only:
     Population size =          90516.00 (0.00 SE; 0.00 SD)

Year 1
     N[Extinct] =    0, P[E] =  0.000
     N[Surviving] =  5000, P[S] =  1.000
     N[1st extinct] =  0, P[1st extinct] =  0.000
     Mean size (all populations) = 84412.25 (101.26 SE; 7160.34 SD)
  Means across extant populations only:
     Population size =          84412.25 (101.26 SE; 7160.34 SD)

Year 2
     N[Extinct] =    0, P[E] =  0.000
     N[Surviving] =  5000, P[S] =  1.000
     N[1st extinct] =  0, P[1st extinct] =  0.000
     Mean size (all populations) = 59412.55 (106.40 SE; 7523.46 SD)
  Means across extant populations only:
     Population size =          59412.55 (106.40 SE; 7523.46 SD)

Year 3
     N[Extinct] =    0, P[E] =  0.000
     N[Surviving] =  5000, P[S] =  1.000
     N[1st extinct] =  0, P[1st extinct] =  0.000
     Mean size (all populations) = 36257.37 (71.64 SE; 5065.40 SD)
  Means across extant populations only:
     Population size =          36257.37 (71.64 SE; 5065.40 SD)

Year 4
     N[Extinct] =    0, P[E] =  0.000
     N[Surviving] =  5000, P[S] =  1.000
     N[1st extinct] =  0, P[1st extinct] =  0.000
     Mean size (all populations) = 24379.13 (58.81 SE; 4158.23 SD)
  Means across extant populations only:
     Population size =          24379.13 (58.81 SE; 4158.23 SD)

Year 5
     N[Extinct] =    0, P[E] =  0.000
     N[Surviving] =  5000, P[S] =  1.000
     N[1st extinct] =  0, P[1st extinct] =  0.000
     Mean size (all populations) = 15323.92 (39.25 SE; 2775.54 SD)
  Means across extant populations only:
     Population size =          15323.92 (39.25 SE; 2775.54 SD)

Year 6
     N[Extinct] =    0, P[E] =  0.000
     N[Surviving] =  5000, P[S] =  1.000
     N[1st extinct] =  0, P[1st extinct] =  0.000
     Mean size (all populations) = 10100.94 (29.27 SE; 2069.64 SD)
  Means across extant populations only:
     Population size =          10100.94 (29.27 SE; 2069.64 SD)

Year 7
     N[Extinct] =    0, P[E] =  0.000
     N[Surviving] =  5000, P[S] =  1.000
     N[1st extinct] =  0, P[1st extinct] =  0.000
     Mean size (all populations) = 6439.96 (19.77 SE; 1397.81 SD)
  Means across extant populations only:
     Population size =          6439.96 (19.77 SE; 1397.81 SD)

Year 8
     N[Extinct] =    0, P[E] =  0.000
     N[Surviving] =  5000, P[S] =  1.000
     N[1st extinct] =  0, P[1st extinct] =  0.000
     Mean size (all populations) = 4208.34 (13.96 SE; 987.15 SD)
  Means across extant populations only:
     Population size =          4208.34 (13.96 SE; 987.15 SD)

Year 9
     N[Extinct] =    0, P[E] =  0.000
     N[Surviving] =  5000, P[S] =  1.000
     N[1st extinct] =  0, P[1st extinct] =  0.000
     Mean size (all populations) = 2705.19 (9.41 SE; 665.64 SD)
  Means across extant populations only:
     Population size =          2705.19 (9.41 SE; 665.64 SD)

Year 10
     N[Extinct] =    0, P[E] =  0.000
     N[Surviving] =  5000, P[S] =  1.000
     N[1st extinct] =  0, P[1st extinct] =  0.000
     Mean size (all populations) = 1758.97 (6.52 SE; 460.89 SD)
  Means across extant populations only:
     Population size =          1758.97 (6.52 SE; 460.89 SD)

Year 11
     N[Extinct] =    0, P[E] =  0.000
     N[Surviving] =  5000, P[S] =  1.000
     N[1st extinct] =  0, P[1st extinct] =  0.000
     Mean size (all populations) = 1132.28 (4.34 SE; 307.06 SD)
  Means across extant populations only:
     Population size =          1132.28 (4.34 SE; 307.06 SD)

Year 12
     N[Extinct] =    0, P[E] =  0.000
     N[Surviving] =  5000, P[S] =  1.000
     N[1st extinct] =  0, P[1st extinct] =  0.000
     Mean size (all populations) = 734.99 (2.99 SE; 211.12 SD)
  Means across extant populations only:
     Population size =          734.99 (2.99 SE; 211.12 SD)

Year 13
     N[Extinct] =    0, P[E] =  0.000
     N[Surviving] =  5000, P[S] =  1.000
     N[1st extinct] =  0, P[1st extinct] =  0.000
     Mean size (all populations) = 474.46 (1.99 SE; 140.96 SD)
  Means across extant populations only:
     Population size =          474.46 (1.99 SE; 140.96 SD)

Year 14
     N[Extinct] =    0, P[E] =  0.000
     N[Surviving] =  5000, P[S] =  1.000
     N[1st extinct] =  0, P[1st extinct] =  0.000
     Mean size (all populations) = 307.71 (1.34 SE; 94.91 SD)
  Means across extant populations only:
     Population size =          307.71 (1.34 SE; 94.91 SD)

Year 15
     N[Extinct] =    0, P[E] =  0.000
     N[Surviving] =  5000, P[S] =  1.000
     N[1st extinct] =  0, P[1st extinct] =  0.000
     Mean size (all populations) = 198.90 (0.89 SE; 63.12 SD)
  Means across extant populations only:
     Population size =          198.90 (0.89 SE; 63.12 SD)

Year 16
     N[Extinct] =    0, P[E] =  0.000
     N[Surviving] =  5000, P[S] =  1.000
     N[1st extinct] =  0, P[1st extinct] =  0.000
     Mean size (all populations) = 129.51 (0.61 SE; 42.91 SD)
  Means across extant populations only:
     Population size =          129.51 (0.61 SE; 42.91 SD)

Year 17
     N[Extinct] =    0, P[E] =  0.000
     N[Surviving] =  5000, P[S] =  1.000
     N[1st extinct] =  0, P[1st extinct] =  0.000
     Mean size (all populations) = 83.72 (0.40 SE; 28.46 SD)
  Means across extant populations only:
     Population size =          83.72 (0.40 SE; 28.46 SD)

Year 18
     N[Extinct] =    0, P[E] =  0.000
     N[Surviving] =  5000, P[S] =  1.000
     N[1st extinct] =  0, P[1st extinct] =  0.000
     Mean size (all populations) = 54.37 (0.27 SE; 19.25 SD)
  Means across extant populations only:
     Population size =          54.37 (0.27 SE; 19.25 SD)

Year 19
     N[Extinct] =    0, P[E] =  0.000
     N[Surviving] =  5000, P[S] =  1.000
     N[1st extinct] =  0, P[1st extinct] =  0.000
     Mean size (all populations) = 35.13 (0.18 SE; 12.93 SD)
  Means across extant populations only:
     Population size =          35.13 (0.18 SE; 12.93 SD)

Year 20
     N[Extinct] =    0, P[E] =  0.000
     N[Surviving] =  5000, P[S] =  1.000
     N[1st extinct] =  0, P[1st extinct] =  0.000
     Mean size (all populations) = 22.80 (0.12 SE; 8.82 SD)
  Means across extant populations only:
     Population size =          22.80 (0.12 SE; 8.82 SD)

Year 21
     N[Extinct] =    19, P[E] =  0.004
     N[Surviving] =  4981, P[S] =  0.996
     N[1st extinct] =  19, P[1st extinct] =  0.004
     Mean size (all populations) = 14.68 (0.09 SE; 6.03 SD)
  Means across extant populations only:
     Population size =          14.73 (0.08 SE; 6.00 SD)

Year 22
     N[Extinct] =    151, P[E] =  0.030
     N[Surviving] =  4849, P[S] =  0.970
     N[1st extinct] =  132, P[1st extinct] =  0.026
     Mean size (all populations) = 9.49 (0.06 SE; 4.34 SD)
  Means across extant populations only:
     Population size =          9.72 (0.06 SE; 4.21 SD)

Year 23
     N[Extinct] =    631, P[E] =  0.126
     N[Surviving] =  4369, P[S] =  0.874
     N[1st extinct] =  480, P[1st extinct] =  0.096
     Mean size (all populations) = 6.03 (0.05 SE; 3.30 SD)
  Means across extant populations only:
     Population size =          6.64 (0.05 SE; 3.05 SD)

Year 24
     N[Extinct] =    1543, P[E] =  0.309
     N[Surviving] =  3457, P[S] =  0.691
     N[1st extinct] =  912, P[1st extinct] =  0.182
     Mean size (all populations) = 3.79 (0.04 SE; 2.54 SD)
  Means across extant populations only:
     Population size =          4.88 (0.04 SE; 2.24 SD)

Year 25
     N[Extinct] =    2677, P[E] =  0.535
     N[Surviving] =  2323, P[S] =  0.465
     N[1st extinct] =  1134, P[1st extinct] =  0.227
     Mean size (all populations) = 2.33 (0.03 SE; 1.95 SD)
  Means across extant populations only:
     Population size =          3.87 (0.03 SE; 1.68 SD)

Year 26
     N[Extinct] =    3676, P[E] =  0.735
     N[Surviving] =  1324, P[S] =  0.265
     N[1st extinct] =  999, P[1st extinct] =  0.200
     Mean size (all populations) = 1.38 (0.02 SE; 1.50 SD)
  Means across extant populations only:
     Population size =          3.31 (0.04 SE; 1.35 SD)

Year 27
     N[Extinct] =    4309, P[E] =  0.862
     N[Surviving] =  691, P[S] =  0.138
     N[1st extinct] =  633, P[1st extinct] =  0.127
     Mean size (all populations) = 0.81 (0.02 SE; 1.13 SD)
  Means across extant populations only:
     Population size =          2.97 (0.04 SE; 1.08 SD)

Year 28
     N[Extinct] =    4653, P[E] =  0.931
     N[Surviving] =  347, P[S] =  0.069
     N[1st extinct] =  344, P[1st extinct] =  0.069
     Mean size (all populations) = 0.46 (0.01 SE; 0.87 SD)
  Means across extant populations only:
     Population size =          2.88 (0.05 SE; 0.97 SD)

Year 29
     N[Extinct] =    4847, P[E] =  0.969
     N[Surviving] =  153, P[S] =  0.031
     N[1st extinct] =  194, P[1st extinct] =  0.039
     Mean size (all populations) = 0.25 (0.01 SE; 0.62 SD)
  Means across extant populations only:
     Population size =          2.73 (0.07 SE; 0.83 SD)

Year 30
     N[Extinct] =    4926, P[E] =  0.985
     N[Surviving] =  74, P[S] =  0.015
     N[1st extinct] =  79, P[1st extinct] =  0.016
     Mean size (all populations) = 0.14 (0.01 SE; 0.48 SD)
  Means across extant populations only:
     Population size =          2.93 (0.12 SE; 1.02 SD)

Year 31
     N[Extinct] =    4966, P[E] =  0.993
     N[Surviving] =  34, P[S] =  0.007
     N[1st extinct] =  40, P[1st extinct] =  0.008
     Mean size (all populations) = 0.07 (0.00 SE; 0.31 SD)
  Means across extant populations only:
     Population size =          2.50 (0.11 SE; 0.66 SD)

Year 32
     N[Extinct] =    4986, P[E] =  0.997
     N[Surviving] =  14, P[S] =  0.003
     N[1st extinct] =  20, P[1st extinct] =  0.004
     Mean size (all populations) = 0.04 (0.00 SE; 0.24 SD)
  Means across extant populations only:
     Population size =          2.71 (0.29 SE; 1.07 SD)

Year 33
     N[Extinct] =    4997, P[E] =  0.999
     N[Surviving] =  3, P[S] =  0.001
     N[1st extinct] =  11, P[1st extinct] =  0.002
     Mean size (all populations) = 0.02 (0.00 SE; 0.15 SD)
  Means across extant populations only:
     Population size =          2.67 (0.67 SE; 1.15 SD)

Year 34
     N[Extinct] =    4998, P[E] =  1.000
     N[Surviving] =  2, P[S] =  0.000
     N[1st extinct] =  1, P[1st extinct] =  0.000
     Mean size (all populations) = 0.01 (0.00 SE; 0.10 SD)
  Means across extant populations only:
     Population size =          2.00 (0.00 SE; 0.00 SD)

Year 35
     N[Extinct] =    4999, P[E] =  1.000
     N[Surviving] =  1, P[S] =  0.000
     N[1st extinct] =  1, P[1st extinct] =  0.000
     Mean size (all populations) = 0.00 (0.00 SE; 0.06 SD)
  Means across extant populations only:
     Population size =          2.00 (0.00 SE; 0.00 SD)

Year 36
     N[Extinct] =    4999, P[E] =  1.000
     N[Surviving] =  1, P[S] =  0.000
     N[1st extinct] =  0, P[1st extinct] =  0.000
     Mean size (all populations) = 0.00 (0.00 SE; 0.05 SD)
  Means across extant populations only:
     Population size =          2.00 (0.00 SE; 0.00 SD)

Year 37
     N[Extinct] =    5000, P[E] =  1.000
     N[Surviving] =  0, P[S] =  0.000
     N[1st extinct] =  1, P[1st extinct] =  0.000
     Mean size (all populations) = 0.00 (0.00 SE; 0.02 SD)

Year 38
     N[Extinct] =    5000, P[E] =  1.000
     N[Surviving] =  0, P[S] =  0.000
     N[1st extinct] =  0, P[1st extinct] =  0.000
     Mean size (all populations) = 0.00 (0.00 SE; 0.01 SD)

Year 39
     N[Extinct] =    5000, P[E] =  1.000
     N[Surviving] =  0, P[S] =  0.000
     N[1st extinct] =  0, P[1st extinct] =  0.000
     Mean size (all populations) = 0.00 (0.00 SE; 0.00 SD)

Year 40
     N[Extinct] =    5000, P[E] =  1.000
     N[Surviving] =  0, P[S] =  0.000
     N[1st extinct] =  0, P[1st extinct] =  0.000
     Mean size (all populations) = 0.00 (0.00 SE; 0.00 SD)

Year 41
     N[Extinct] =    5000, P[E] =  1.000
     N[Surviving] =  0, P[S] =  0.000
     N[1st extinct] =  0, P[1st extinct] =  0.000
     Mean size (all populations) = 0.00 (0.00 SE; 0.00 SD)

Year 42
     N[Extinct] =    5000, P[E] =  1.000
     N[Surviving] =  0, P[S] =  0.000
     N[1st extinct] =  0, P[1st extinct] =  0.000
     Mean size (all populations) = 0.00 (0.00 SE; 0.00 SD)

Year 43
     N[Extinct] =    5000, P[E] =  1.000
     N[Surviving] =  0, P[S] =  0.000
     N[1st extinct] =  0, P[1st extinct] =  0.000
     Mean size (all populations) = 0.00 (0.00 SE; 0.00 SD)

Year 44
     N[Extinct] =    5000, P[E] =  1.000
     N[Surviving] =  0, P[S] =  0.000
     N[1st extinct] =  0, P[1st extinct] =  0.000
     Mean size (all populations) = 0.00 (0.00 SE; 0.00 SD)

Year 45
     N[Extinct] =    5000, P[E] =  1.000
     N[Surviving] =  0, P[S] =  0.000
     N[1st extinct] =  0, P[1st extinct] =  0.000
     Mean size (all populations) = 0.00 (0.00 SE; 0.00 SD)

Year 46
     N[Extinct] =    5000, P[E] =  1.000
     N[Surviving] =  0, P[S] =  0.000
     N[1st extinct] =  0, P[1st extinct] =  0.000
     Mean size (all populations) = 0.00 (0.00 SE; 0.00 SD)

Year 47
     N[Extinct] =    5000, P[E] =  1.000
     N[Surviving] =  0, P[S] =  0.000
     N[1st extinct] =  0, P[1st extinct] =  0.000
     Mean size (all populations) = 0.00 (0.00 SE; 0.00 SD)

Year 48
     N[Extinct] =    5000, P[E] =  1.000
     N[Surviving] =  0, P[S] =  0.000
     N[1st extinct] =  0, P[1st extinct] =  0.000
     Mean size (all populations) = 0.00 (0.00 SE; 0.00 SD)

Year 49
     N[Extinct] =    5000, P[E] =  1.000
     N[Surviving] =  0, P[S] =  0.000
     N[1st extinct] =  0, P[1st extinct] =  0.000
     Mean size (all populations) = 0.00 (0.00 SE; 0.00 SD)

Year 50
     N[Extinct] =    5000, P[E] =  1.000
     N[Surviving] =  0, P[S] =  0.000
     N[1st extinct] =  0, P[1st extinct] =  0.000
     Mean size (all populations) = 0.00 (0.00 SE; 0.00 SD)

Year 51
     N[Extinct] =    5000, P[E] =  1.000
     N[Surviving] =  0, P[S] =  0.000
     N[1st extinct] =  0, P[1st extinct] =  0.000
     Mean size (all populations) = 0.00 (0.00 SE; 0.00 SD)

Year 52
     N[Extinct] =    5000, P[E] =  1.000
     N[Surviving] =  0, P[S] =  0.000
     N[1st extinct] =  0, P[1st extinct] =  0.000
     Mean size (all populations) = 0.00 (0.00 SE; 0.00 SD)

Year 53
     N[Extinct] =    5000, P[E] =  1.000
     N[Surviving] =  0, P[S] =  0.000
     N[1st extinct] =  0, P[1st extinct] =  0.000
     Mean size (all populations) = 0.00 (0.00 SE; 0.00 SD)

Year 54
     N[Extinct] =    5000, P[E] =  1.000
     N[Surviving] =  0, P[S] =  0.000
     N[1st extinct] =  0, P[1st extinct] =  0.000
     Mean size (all populations) = 0.00 (0.00 SE; 0.00 SD)

Year 55
     N[Extinct] =    5000, P[E] =  1.000
     N[Surviving] =  0, P[S] =  0.000
     N[1st extinct] =  0, P[1st extinct] =  0.000
     Mean size (all populations) = 0.00 (0.00 SE; 0.00 SD)

Year 56
     N[Extinct] =    5000, P[E] =  1.000
     N[Surviving] =  0, P[S] =  0.000
     N[1st extinct] =  0, P[1st extinct] =  0.000
     Mean size (all populations) = 0.00 (0.00 SE; 0.00 SD)

Year 57
     N[Extinct] =    5000, P[E] =  1.000
     N[Surviving] =  0, P[S] =  0.000
     N[1st extinct] =  0, P[1st extinct] =  0.000
     Mean size (all populations) = 0.00 (0.00 SE; 0.00 SD)

Year 58
     N[Extinct] =    5000, P[E] =  1.000
     N[Surviving] =  0, P[S] =  0.000
     N[1st extinct] =  0, P[1st extinct] =  0.000
     Mean size (all populations) = 0.00 (0.00 SE; 0.00 SD)

Year 59
     N[Extinct] =    5000, P[E] =  1.000
     N[Surviving] =  0, P[S] =  0.000
     N[1st extinct] =  0, P[1st extinct] =  0.000
     Mean size (all populations) = 0.00 (0.00 SE; 0.00 SD)

Year 60
     N[Extinct] =    5000, P[E] =  1.000
     N[Surviving] =  0, P[S] =  0.000
     N[1st extinct] =  0, P[1st extinct] =  0.000
     Mean size (all populations) = 0.00 (0.00 SE; 0.00 SD)

Year 61
     N[Extinct] =    5000, P[E] =  1.000
     N[Surviving] =  0, P[S] =  0.000
     N[1st extinct] =  0, P[1st extinct] =  0.000
     Mean size (all populations) = 0.00 (0.00 SE; 0.00 SD)

Year 62
     N[Extinct] =    5000, P[E] =  1.000
     N[Surviving] =  0, P[S] =  0.000
     N[1st extinct] =  0, P[1st extinct] =  0.000
     Mean size (all populations) = 0.00 (0.00 SE; 0.00 SD)

Year 63
     N[Extinct] =    5000, P[E] =  1.000
     N[Surviving] =  0, P[S] =  0.000
     N[1st extinct] =  0, P[1st extinct] =  0.000
     Mean size (all populations) = 0.00 (0.00 SE; 0.00 SD)

Year 64
     N[Extinct] =    5000, P[E] =  1.000
     N[Surviving] =  0, P[S] =  0.000
     N[1st extinct] =  0, P[1st extinct] =  0.000
     Mean size (all populations) = 0.00 (0.00 SE; 0.00 SD)

Year 65
     N[Extinct] =    5000, P[E] =  1.000
     N[Surviving] =  0, P[S] =  0.000
     N[1st extinct] =  0, P[1st extinct] =  0.000
     Mean size (all populations) = 0.00 (0.00 SE; 0.00 SD)

Year 66
     N[Extinct] =    5000, P[E] =  1.000
     N[Surviving] =  0, P[S] =  0.000
     N[1st extinct] =  0, P[1st extinct] =  0.000
     Mean size (all populations) = 0.00 (0.00 SE; 0.00 SD)

Year 67
     N[Extinct] =    5000, P[E] =  1.000
     N[Surviving] =  0, P[S] =  0.000
     N[1st extinct] =  0, P[1st extinct] =  0.000
     Mean size (all populations) = 0.00 (0.00 SE; 0.00 SD)

Year 68
     N[Extinct] =    5000, P[E] =  1.000
     N[Surviving] =  0, P[S] =  0.000
     N[1st extinct] =  0, P[1st extinct] =  0.000
     Mean size (all populations) = 0.00 (0.00 SE; 0.00 SD)

Year 69
     N[Extinct] =    5000, P[E] =  1.000
     N[Surviving] =  0, P[S] =  0.000
     N[1st extinct] =  0, P[1st extinct] =  0.000
     Mean size (all populations) = 0.00 (0.00 SE; 0.00 SD)

Year 70
     N[Extinct] =    5000, P[E] =  1.000
     N[Surviving] =  0, P[S] =  0.000
     N[1st extinct] =  0, P[1st extinct] =  0.000
     Mean size (all populations) = 0.00 (0.00 SE; 0.00 SD)

Year 71
     N[Extinct] =    5000, P[E] =  1.000
     N[Surviving] =  0, P[S] =  0.000
     N[1st extinct] =  0, P[1st extinct] =  0.000
     Mean size (all populations) = 0.00 (0.00 SE; 0.00 SD)

Year 72
     N[Extinct] =    5000, P[E] =  1.000
     N[Surviving] =  0, P[S] =  0.000
     N[1st extinct] =  0, P[1st extinct] =  0.000
     Mean size (all populations) = 0.00 (0.00 SE; 0.00 SD)

Year 73
     N[Extinct] =    5000, P[E] =  1.000
     N[Surviving] =  0, P[S] =  0.000
     N[1st extinct] =  0, P[1st extinct] =  0.000
     Mean size (all populations) = 0.00 (0.00 SE; 0.00 SD)

Year 74
     N[Extinct] =    5000, P[E] =  1.000
     N[Surviving] =  0, P[S] =  0.000
     N[1st extinct] =  0, P[1st extinct] =  0.000
     Mean size (all populations) = 0.00 (0.00 SE; 0.00 SD)

Year 75
     N[Extinct] =    5000, P[E] =  1.000
     N[Surviving] =  0, P[S] =  0.000
     N[1st extinct] =  0, P[1st extinct] =  0.000
     Mean size (all populations) = 0.00 (0.00 SE; 0.00 SD)

Year 76
     N[Extinct] =    5000, P[E] =  1.000
     N[Surviving] =  0, P[S] =  0.000
     N[1st extinct] =  0, P[1st extinct] =  0.000
     Mean size (all populations) = 0.00 (0.00 SE; 0.00 SD)

Year 77
     N[Extinct] =    5000, P[E] =  1.000
     N[Surviving] =  0, P[S] =  0.000
     N[1st extinct] =  0, P[1st extinct] =  0.000
     Mean size (all populations) = 0.00 (0.00 SE; 0.00 SD)

Year 78
     N[Extinct] =    5000, P[E] =  1.000
     N[Surviving] =  0, P[S] =  0.000
     N[1st extinct] =  0, P[1st extinct] =  0.000
     Mean size (all populations) = 0.00 (0.00 SE; 0.00 SD)

Year 79
     N[Extinct] =    5000, P[E] =  1.000
     N[Surviving] =  0, P[S] =  0.000
     N[1st extinct] =  0, P[1st extinct] =  0.000
     Mean size (all populations) = 0.00 (0.00 SE; 0.00 SD)

Year 80
     N[Extinct] =    5000, P[E] =  1.000
     N[Surviving] =  0, P[S] =  0.000
     N[1st extinct] =  0, P[1st extinct] =  0.000
     Mean size (all populations) = 0.00 (0.00 SE; 0.00 SD)

Year 81
     N[Extinct] =    5000, P[E] =  1.000
     N[Surviving] =  0, P[S] =  0.000
     N[1st extinct] =  0, P[1st extinct] =  0.000
     Mean size (all populations) = 0.00 (0.00 SE; 0.00 SD)

Year 82
     N[Extinct] =    5000, P[E] =  1.000
     N[Surviving] =  0, P[S] =  0.000
     N[1st extinct] =  0, P[1st extinct] =  0.000
     Mean size (all populations) = 0.00 (0.00 SE; 0.00 SD)

Year 83
     N[Extinct] =    5000, P[E] =  1.000
     N[Surviving] =  0, P[S] =  0.000
     N[1st extinct] =  0, P[1st extinct] =  0.000
     Mean size (all populations) = 0.00 (0.00 SE; 0.00 SD)

Year 84
     N[Extinct] =    5000, P[E] =  1.000
     N[Surviving] =  0, P[S] =  0.000
     N[1st extinct] =  0, P[1st extinct] =  0.000
     Mean size (all populations) = 0.00 (0.00 SE; 0.00 SD)

Year 85
     N[Extinct] =    5000, P[E] =  1.000
     N[Surviving] =  0, P[S] =  0.000
     N[1st extinct] =  0, P[1st extinct] =  0.000
     Mean size (all populations) = 0.00 (0.00 SE; 0.00 SD)

Year 86
     N[Extinct] =    5000, P[E] =  1.000
     N[Surviving] =  0, P[S] =  0.000
     N[1st extinct] =  0, P[1st extinct] =  0.000
     Mean size (all populations) = 0.00 (0.00 SE; 0.00 SD)

Year 87
     N[Extinct] =    5000, P[E] =  1.000
     N[Surviving] =  0, P[S] =  0.000
     N[1st extinct] =  0, P[1st extinct] =  0.000
     Mean size (all populations) = 0.00 (0.00 SE; 0.00 SD)

Year 88
     N[Extinct] =    5000, P[E] =  1.000
     N[Surviving] =  0, P[S] =  0.000
     N[1st extinct] =  0, P[1st extinct] =  0.000
     Mean size (all populations) = 0.00 (0.00 SE; 0.00 SD)

Year 89
     N[Extinct] =    5000, P[E] =  1.000
     N[Surviving] =  0, P[S] =  0.000
     N[1st extinct] =  0, P[1st extinct] =  0.000
     Mean size (all populations) = 0.00 (0.00 SE; 0.00 SD)

Year 90
     N[Extinct] =    5000, P[E] =  1.000
     N[Surviving] =  0, P[S] =  0.000
     N[1st extinct] =  0, P[1st extinct] =  0.000
     Mean size (all populations) = 0.00 (0.00 SE; 0.00 SD)

Year 91
     N[Extinct] =    5000, P[E] =  1.000
     N[Surviving] =  0, P[S] =  0.000
     N[1st extinct] =  0, P[1st extinct] =  0.000
     Mean size (all populations) = 0.00 (0.00 SE; 0.00 SD)

Year 92
     N[Extinct] =    5000, P[E] =  1.000
     N[Surviving] =  0, P[S] =  0.000
     N[1st extinct] =  0, P[1st extinct] =  0.000
     Mean size (all populations) = 0.00 (0.00 SE; 0.00 SD)

Year 93
     N[Extinct] =    5000, P[E] =  1.000
     N[Surviving] =  0, P[S] =  0.000
     N[1st extinct] =  0, P[1st extinct] =  0.000
     Mean size (all populations) = 0.00 (0.00 SE; 0.00 SD)

Year 94
     N[Extinct] =    5000, P[E] =  1.000
     N[Surviving] =  0, P[S] =  0.000
     N[1st extinct] =  0, P[1st extinct] =  0.000
     Mean size (all populations) = 0.00 (0.00 SE; 0.00 SD)

Year 95
     N[Extinct] =    5000, P[E] =  1.000
     N[Surviving] =  0, P[S] =  0.000
     N[1st extinct] =  0, P[1st extinct] =  0.000
     Mean size (all populations) = 0.00 (0.00 SE; 0.00 SD)

Year 96
     N[Extinct] =    5000, P[E] =  1.000
     N[Surviving] =  0, P[S] =  0.000
     N[1st extinct] =  0, P[1st extinct] =  0.000
     Mean size (all populations) = 0.00 (0.00 SE; 0.00 SD)

Year 97
     N[Extinct] =    5000, P[E] =  1.000
     N[Surviving] =  0, P[S] =  0.000
     N[1st extinct] =  0, P[1st extinct] =  0.000
     Mean size (all populations) = 0.00 (0.00 SE; 0.00 SD)

Year 98
     N[Extinct] =    5000, P[E] =  1.000
     N[Surviving] =  0, P[S] =  0.000
     N[1st extinct] =  0, P[1st extinct] =  0.000
     Mean size (all populations) = 0.00 (0.00 SE; 0.00 SD)

Year 99
     N[Extinct] =    5000, P[E] =  1.000
     N[Surviving] =  0, P[S] =  0.000
     N[1st extinct] =  0, P[1st extinct] =  0.000
     Mean size (all populations) = 0.00 (0.00 SE; 0.00 SD)

Year 100
     N[Extinct] =    5000, P[E] =  1.000
     N[Surviving] =  0, P[S] =  0.000
     N[1st extinct] =  0, P[1st extinct] =  0.000
     Mean size (all populations) = 0.00 (0.00 SE; 0.00 SD)



In 5000 simulations of Default Scenario for 100 years:
  5000 went extinct and 0 survived.

This gives a probability of extinction of 1.00000 (0.00000 SE),
  or a probability of success of          0.00000 (0.00000 SE).

5000 simulations went extinct at least once.
Median time to first extinction was 25 years.

Of those going extinct,
    mean time to first extinction was 25.52 years (0.03 SE, 1.90 SD).

Means across all populations (extant and extinct) ...
Mean final population was 0.00 (0.00 SE; 0.00 SD).
   Age 0       1   Adults    Total
    0.00    0.00    0.00      0.00 Males
    0.00    0.00    0.00      0.00 Females

During 117623 simulation-years of harvest and/or supplementation
  mean growth rate (r) was -0.4287 (0.0005 SE, 0.1681 SD)

During 5000 simulation-years without harvest or supplementation
  mean growth rate (r) was -0.0120 (0.0015 SE, 0.1054 SD)

Across all years, prior to carrying capacity truncation,
  mean growth rate (r) was -0.4117 (0.0005 SE, 0.1854 SD)

1476 of 171184532 harvests of females could not be completed because of insufficient animals.
1435 of 171184159 harvests of males could not be completed because of insufficient animals.
*************************************************************************

