Results from VORTEX 10.5.4.0
Project: Falco_newtoni
Scenario: Default Scenario

Population 1: Population1

Year 0
     N[Extinct] =    0, P[E] =  0.000
     N[Surviving] =  5000, P[S] =  1.000
     N[1st extinct] =  0, P[1st extinct] =  0.000
     Mean size (all populations) = 15613.00 (0.00 SE; 0.00 SD)
  Means across extant populations only:
     Population size =          15613.00 (0.00 SE; 0.00 SD)

Year 1
     N[Extinct] =    0, P[E] =  0.000
     N[Surviving] =  5000, P[S] =  1.000
     N[1st extinct] =  0, P[1st extinct] =  0.000
     Mean size (all populations) = 15604.64 (21.52 SE; 1521.91 SD)
  Means across extant populations only:
     Population size =          15604.64 (21.52 SE; 1521.91 SD)

Year 2
     N[Extinct] =    0, P[E] =  0.000
     N[Surviving] =  5000, P[S] =  1.000
     N[1st extinct] =  0, P[1st extinct] =  0.000
     Mean size (all populations) = 15579.31 (21.76 SE; 1538.89 SD)
  Means across extant populations only:
     Population size =          15579.31 (21.76 SE; 1538.89 SD)

Year 3
     N[Extinct] =    0, P[E] =  0.000
     N[Surviving] =  5000, P[S] =  1.000
     N[1st extinct] =  0, P[1st extinct] =  0.000
     Mean size (all populations) = 15562.94 (21.13 SE; 1494.20 SD)
  Means across extant populations only:
     Population size =          15562.94 (21.13 SE; 1494.20 SD)

Year 4
     N[Extinct] =    0, P[E] =  0.000
     N[Surviving] =  5000, P[S] =  1.000
     N[1st extinct] =  0, P[1st extinct] =  0.000
     Mean size (all populations) = 15588.15 (21.55 SE; 1523.98 SD)
  Means across extant populations only:
     Population size =          15588.15 (21.55 SE; 1523.98 SD)

Year 5
     N[Extinct] =    0, P[E] =  0.000
     N[Surviving] =  5000, P[S] =  1.000
     N[1st extinct] =  0, P[1st extinct] =  0.000
     Mean size (all populations) = 15560.27 (21.45 SE; 1516.41 SD)
  Means across extant populations only:
     Population size =          15560.27 (21.45 SE; 1516.41 SD)

Year 6
     N[Extinct] =    0, P[E] =  0.000
     N[Surviving] =  5000, P[S] =  1.000
     N[1st extinct] =  0, P[1st extinct] =  0.000
     Mean size (all populations) = 15585.71 (21.39 SE; 1512.18 SD)
  Means across extant populations only:
     Population size =          15585.71 (21.39 SE; 1512.18 SD)

Year 7
     N[Extinct] =    0, P[E] =  0.000
     N[Surviving] =  5000, P[S] =  1.000
     N[1st extinct] =  0, P[1st extinct] =  0.000
     Mean size (all populations) = 15564.65 (21.45 SE; 1516.97 SD)
  Means across extant populations only:
     Population size =          15564.65 (21.45 SE; 1516.97 SD)

Year 8
     N[Extinct] =    0, P[E] =  0.000
     N[Surviving] =  5000, P[S] =  1.000
     N[1st extinct] =  0, P[1st extinct] =  0.000
     Mean size (all populations) = 15569.63 (21.68 SE; 1532.83 SD)
  Means across extant populations only:
     Population size =          15569.63 (21.68 SE; 1532.83 SD)

Year 9
     N[Extinct] =    0, P[E] =  0.000
     N[Surviving] =  5000, P[S] =  1.000
     N[1st extinct] =  0, P[1st extinct] =  0.000
     Mean size (all populations) = 15564.85 (21.43 SE; 1515.02 SD)
  Means across extant populations only:
     Population size =          15564.85 (21.43 SE; 1515.02 SD)

Year 10
     N[Extinct] =    0, P[E] =  0.000
     N[Surviving] =  5000, P[S] =  1.000
     N[1st extinct] =  0, P[1st extinct] =  0.000
     Mean size (all populations) = 15603.46 (21.45 SE; 1517.06 SD)
  Means across extant populations only:
     Population size =          15603.46 (21.45 SE; 1517.06 SD)

Year 11
     N[Extinct] =    0, P[E] =  0.000
     N[Surviving] =  5000, P[S] =  1.000
     N[1st extinct] =  0, P[1st extinct] =  0.000
     Mean size (all populations) = 15543.06 (21.65 SE; 1530.97 SD)
  Means across extant populations only:
     Population size =          15543.06 (21.65 SE; 1530.97 SD)

Year 12
     N[Extinct] =    0, P[E] =  0.000
     N[Surviving] =  5000, P[S] =  1.000
     N[1st extinct] =  0, P[1st extinct] =  0.000
     Mean size (all populations) = 15552.91 (21.56 SE; 1524.64 SD)
  Means across extant populations only:
     Population size =          15552.91 (21.56 SE; 1524.64 SD)

Year 13
     N[Extinct] =    0, P[E] =  0.000
     N[Surviving] =  5000, P[S] =  1.000
     N[1st extinct] =  0, P[1st extinct] =  0.000
     Mean size (all populations) = 15568.81 (21.26 SE; 1503.58 SD)
  Means across extant populations only:
     Population size =          15568.81 (21.26 SE; 1503.58 SD)

Year 14
     N[Extinct] =    0, P[E] =  0.000
     N[Surviving] =  5000, P[S] =  1.000
     N[1st extinct] =  0, P[1st extinct] =  0.000
     Mean size (all populations) = 15540.51 (21.74 SE; 1537.56 SD)
  Means across extant populations only:
     Population size =          15540.51 (21.74 SE; 1537.56 SD)

Year 15
     N[Extinct] =    0, P[E] =  0.000
     N[Surviving] =  5000, P[S] =  1.000
     N[1st extinct] =  0, P[1st extinct] =  0.000
     Mean size (all populations) = 15537.40 (21.64 SE; 1530.29 SD)
  Means across extant populations only:
     Population size =          15537.40 (21.64 SE; 1530.29 SD)

Year 16
     N[Extinct] =    0, P[E] =  0.000
     N[Surviving] =  5000, P[S] =  1.000
     N[1st extinct] =  0, P[1st extinct] =  0.000
     Mean size (all populations) = 15561.90 (21.75 SE; 1538.23 SD)
  Means across extant populations only:
     Population size =          15561.90 (21.75 SE; 1538.23 SD)

Year 17
     N[Extinct] =    0, P[E] =  0.000
     N[Surviving] =  5000, P[S] =  1.000
     N[1st extinct] =  0, P[1st extinct] =  0.000
     Mean size (all populations) = 15587.38 (21.24 SE; 1501.89 SD)
  Means across extant populations only:
     Population size =          15587.38 (21.24 SE; 1501.89 SD)

Year 18
     N[Extinct] =    0, P[E] =  0.000
     N[Surviving] =  5000, P[S] =  1.000
     N[1st extinct] =  0, P[1st extinct] =  0.000
     Mean size (all populations) = 15575.23 (21.82 SE; 1543.08 SD)
  Means across extant populations only:
     Population size =          15575.23 (21.82 SE; 1543.08 SD)

Year 19
     N[Extinct] =    0, P[E] =  0.000
     N[Surviving] =  5000, P[S] =  1.000
     N[1st extinct] =  0, P[1st extinct] =  0.000
     Mean size (all populations) = 15583.01 (21.76 SE; 1538.35 SD)
  Means across extant populations only:
     Population size =          15583.01 (21.76 SE; 1538.35 SD)

Year 20
     N[Extinct] =    0, P[E] =  0.000
     N[Surviving] =  5000, P[S] =  1.000
     N[1st extinct] =  0, P[1st extinct] =  0.000
     Mean size (all populations) = 15538.87 (21.39 SE; 1512.17 SD)
  Means across extant populations only:
     Population size =          15538.87 (21.39 SE; 1512.17 SD)

Year 21
     N[Extinct] =    0, P[E] =  0.000
     N[Surviving] =  5000, P[S] =  1.000
     N[1st extinct] =  0, P[1st extinct] =  0.000
     Mean size (all populations) = 15582.56 (21.87 SE; 1546.66 SD)
  Means across extant populations only:
     Population size =          15582.56 (21.87 SE; 1546.66 SD)

Year 22
     N[Extinct] =    0, P[E] =  0.000
     N[Surviving] =  5000, P[S] =  1.000
     N[1st extinct] =  0, P[1st extinct] =  0.000
     Mean size (all populations) = 15570.90 (21.17 SE; 1496.84 SD)
  Means across extant populations only:
     Population size =          15570.90 (21.17 SE; 1496.84 SD)

Year 23
     N[Extinct] =    0, P[E] =  0.000
     N[Surviving] =  5000, P[S] =  1.000
     N[1st extinct] =  0, P[1st extinct] =  0.000
     Mean size (all populations) = 15576.03 (21.43 SE; 1515.08 SD)
  Means across extant populations only:
     Population size =          15576.03 (21.43 SE; 1515.08 SD)

Year 24
     N[Extinct] =    0, P[E] =  0.000
     N[Surviving] =  5000, P[S] =  1.000
     N[1st extinct] =  0, P[1st extinct] =  0.000
     Mean size (all populations) = 15567.08 (21.54 SE; 1523.42 SD)
  Means across extant populations only:
     Population size =          15567.08 (21.54 SE; 1523.42 SD)

Year 25
     N[Extinct] =    0, P[E] =  0.000
     N[Surviving] =  5000, P[S] =  1.000
     N[1st extinct] =  0, P[1st extinct] =  0.000
     Mean size (all populations) = 15574.76 (21.62 SE; 1529.00 SD)
  Means across extant populations only:
     Population size =          15574.76 (21.62 SE; 1529.00 SD)

Year 26
     N[Extinct] =    0, P[E] =  0.000
     N[Surviving] =  5000, P[S] =  1.000
     N[1st extinct] =  0, P[1st extinct] =  0.000
     Mean size (all populations) = 15583.07 (21.61 SE; 1528.15 SD)
  Means across extant populations only:
     Population size =          15583.07 (21.61 SE; 1528.15 SD)

Year 27
     N[Extinct] =    0, P[E] =  0.000
     N[Surviving] =  5000, P[S] =  1.000
     N[1st extinct] =  0, P[1st extinct] =  0.000
     Mean size (all populations) = 15596.42 (21.57 SE; 1525.17 SD)
  Means across extant populations only:
     Population size =          15596.42 (21.57 SE; 1525.17 SD)

Year 28
     N[Extinct] =    0, P[E] =  0.000
     N[Surviving] =  5000, P[S] =  1.000
     N[1st extinct] =  0, P[1st extinct] =  0.000
     Mean size (all populations) = 15566.88 (21.50 SE; 1520.50 SD)
  Means across extant populations only:
     Population size =          15566.88 (21.50 SE; 1520.50 SD)

Year 29
     N[Extinct] =    0, P[E] =  0.000
     N[Surviving] =  5000, P[S] =  1.000
     N[1st extinct] =  0, P[1st extinct] =  0.000
     Mean size (all populations) = 15557.81 (21.55 SE; 1523.62 SD)
  Means across extant populations only:
     Population size =          15557.81 (21.55 SE; 1523.62 SD)

Year 30
     N[Extinct] =    0, P[E] =  0.000
     N[Surviving] =  5000, P[S] =  1.000
     N[1st extinct] =  0, P[1st extinct] =  0.000
     Mean size (all populations) = 15585.84 (21.60 SE; 1527.58 SD)
  Means across extant populations only:
     Population size =          15585.84 (21.60 SE; 1527.58 SD)

Year 31
     N[Extinct] =    0, P[E] =  0.000
     N[Surviving] =  5000, P[S] =  1.000
     N[1st extinct] =  0, P[1st extinct] =  0.000
     Mean size (all populations) = 15572.17 (21.41 SE; 1513.62 SD)
  Means across extant populations only:
     Population size =          15572.17 (21.41 SE; 1513.62 SD)

Year 32
     N[Extinct] =    0, P[E] =  0.000
     N[Surviving] =  5000, P[S] =  1.000
     N[1st extinct] =  0, P[1st extinct] =  0.000
     Mean size (all populations) = 15542.33 (21.13 SE; 1493.85 SD)
  Means across extant populations only:
     Population size =          15542.33 (21.13 SE; 1493.85 SD)

Year 33
     N[Extinct] =    0, P[E] =  0.000
     N[Surviving] =  5000, P[S] =  1.000
     N[1st extinct] =  0, P[1st extinct] =  0.000
     Mean size (all populations) = 15565.23 (21.88 SE; 1547.44 SD)
  Means across extant populations only:
     Population size =          15565.23 (21.88 SE; 1547.44 SD)

Year 34
     N[Extinct] =    0, P[E] =  0.000
     N[Surviving] =  5000, P[S] =  1.000
     N[1st extinct] =  0, P[1st extinct] =  0.000
     Mean size (all populations) = 15547.61 (21.51 SE; 1520.74 SD)
  Means across extant populations only:
     Population size =          15547.61 (21.51 SE; 1520.74 SD)

Year 35
     N[Extinct] =    0, P[E] =  0.000
     N[Surviving] =  5000, P[S] =  1.000
     N[1st extinct] =  0, P[1st extinct] =  0.000
     Mean size (all populations) = 15589.64 (21.01 SE; 1485.87 SD)
  Means across extant populations only:
     Population size =          15589.64 (21.01 SE; 1485.87 SD)

Year 36
     N[Extinct] =    0, P[E] =  0.000
     N[Surviving] =  5000, P[S] =  1.000
     N[1st extinct] =  0, P[1st extinct] =  0.000
     Mean size (all populations) = 15556.23 (21.95 SE; 1552.09 SD)
  Means across extant populations only:
     Population size =          15556.23 (21.95 SE; 1552.09 SD)

Year 37
     N[Extinct] =    0, P[E] =  0.000
     N[Surviving] =  5000, P[S] =  1.000
     N[1st extinct] =  0, P[1st extinct] =  0.000
     Mean size (all populations) = 15575.13 (21.80 SE; 1541.82 SD)
  Means across extant populations only:
     Population size =          15575.13 (21.80 SE; 1541.82 SD)

Year 38
     N[Extinct] =    0, P[E] =  0.000
     N[Surviving] =  5000, P[S] =  1.000
     N[1st extinct] =  0, P[1st extinct] =  0.000
     Mean size (all populations) = 15580.13 (22.01 SE; 1556.12 SD)
  Means across extant populations only:
     Population size =          15580.13 (22.01 SE; 1556.12 SD)

Year 39
     N[Extinct] =    0, P[E] =  0.000
     N[Surviving] =  5000, P[S] =  1.000
     N[1st extinct] =  0, P[1st extinct] =  0.000
     Mean size (all populations) = 15635.14 (20.94 SE; 1480.88 SD)
  Means across extant populations only:
     Population size =          15635.14 (20.94 SE; 1480.88 SD)

Year 40
     N[Extinct] =    0, P[E] =  0.000
     N[Surviving] =  5000, P[S] =  1.000
     N[1st extinct] =  0, P[1st extinct] =  0.000
     Mean size (all populations) = 15589.83 (21.41 SE; 1513.66 SD)
  Means across extant populations only:
     Population size =          15589.83 (21.41 SE; 1513.66 SD)

Year 41
     N[Extinct] =    0, P[E] =  0.000
     N[Surviving] =  5000, P[S] =  1.000
     N[1st extinct] =  0, P[1st extinct] =  0.000
     Mean size (all populations) = 15539.52 (21.52 SE; 1522.01 SD)
  Means across extant populations only:
     Population size =          15539.52 (21.52 SE; 1522.01 SD)

Year 42
     N[Extinct] =    0, P[E] =  0.000
     N[Surviving] =  5000, P[S] =  1.000
     N[1st extinct] =  0, P[1st extinct] =  0.000
     Mean size (all populations) = 15535.57 (21.35 SE; 1509.67 SD)
  Means across extant populations only:
     Population size =          15535.57 (21.35 SE; 1509.67 SD)

Year 43
     N[Extinct] =    0, P[E] =  0.000
     N[Surviving] =  5000, P[S] =  1.000
     N[1st extinct] =  0, P[1st extinct] =  0.000
     Mean size (all populations) = 15571.51 (21.32 SE; 1507.45 SD)
  Means across extant populations only:
     Population size =          15571.51 (21.32 SE; 1507.45 SD)

Year 44
     N[Extinct] =    0, P[E] =  0.000
     N[Surviving] =  5000, P[S] =  1.000
     N[1st extinct] =  0, P[1st extinct] =  0.000
     Mean size (all populations) = 15565.63 (21.61 SE; 1527.74 SD)
  Means across extant populations only:
     Population size =          15565.63 (21.61 SE; 1527.74 SD)

Year 45
     N[Extinct] =    0, P[E] =  0.000
     N[Surviving] =  5000, P[S] =  1.000
     N[1st extinct] =  0, P[1st extinct] =  0.000
     Mean size (all populations) = 15593.84 (21.59 SE; 1526.36 SD)
  Means across extant populations only:
     Population size =          15593.84 (21.59 SE; 1526.36 SD)

Year 46
     N[Extinct] =    0, P[E] =  0.000
     N[Surviving] =  5000, P[S] =  1.000
     N[1st extinct] =  0, P[1st extinct] =  0.000
     Mean size (all populations) = 15561.18 (22.01 SE; 1556.33 SD)
  Means across extant populations only:
     Population size =          15561.18 (22.01 SE; 1556.33 SD)

Year 47
     N[Extinct] =    0, P[E] =  0.000
     N[Surviving] =  5000, P[S] =  1.000
     N[1st extinct] =  0, P[1st extinct] =  0.000
     Mean size (all populations) = 15580.49 (21.30 SE; 1505.86 SD)
  Means across extant populations only:
     Population size =          15580.49 (21.30 SE; 1505.86 SD)

Year 48
     N[Extinct] =    0, P[E] =  0.000
     N[Surviving] =  5000, P[S] =  1.000
     N[1st extinct] =  0, P[1st extinct] =  0.000
     Mean size (all populations) = 15612.46 (22.00 SE; 1555.86 SD)
  Means across extant populations only:
     Population size =          15612.46 (22.00 SE; 1555.86 SD)

Year 49
     N[Extinct] =    0, P[E] =  0.000
     N[Surviving] =  5000, P[S] =  1.000
     N[1st extinct] =  0, P[1st extinct] =  0.000
     Mean size (all populations) = 15565.26 (21.89 SE; 1547.53 SD)
  Means across extant populations only:
     Population size =          15565.26 (21.89 SE; 1547.53 SD)

Year 50
     N[Extinct] =    0, P[E] =  0.000
     N[Surviving] =  5000, P[S] =  1.000
     N[1st extinct] =  0, P[1st extinct] =  0.000
     Mean size (all populations) = 15572.48 (21.18 SE; 1497.79 SD)
  Means across extant populations only:
     Population size =          15572.48 (21.18 SE; 1497.79 SD)

Year 51
     N[Extinct] =    0, P[E] =  0.000
     N[Surviving] =  5000, P[S] =  1.000
     N[1st extinct] =  0, P[1st extinct] =  0.000
     Mean size (all populations) = 15594.59 (21.42 SE; 1514.52 SD)
  Means across extant populations only:
     Population size =          15594.59 (21.42 SE; 1514.52 SD)

Year 52
     N[Extinct] =    0, P[E] =  0.000
     N[Surviving] =  5000, P[S] =  1.000
     N[1st extinct] =  0, P[1st extinct] =  0.000
     Mean size (all populations) = 15578.17 (22.06 SE; 1559.76 SD)
  Means across extant populations only:
     Population size =          15578.17 (22.06 SE; 1559.76 SD)

Year 53
     N[Extinct] =    0, P[E] =  0.000
     N[Surviving] =  5000, P[S] =  1.000
     N[1st extinct] =  0, P[1st extinct] =  0.000
     Mean size (all populations) = 15564.25 (21.99 SE; 1554.71 SD)
  Means across extant populations only:
     Population size =          15564.25 (21.99 SE; 1554.71 SD)

Year 54
     N[Extinct] =    0, P[E] =  0.000
     N[Surviving] =  5000, P[S] =  1.000
     N[1st extinct] =  0, P[1st extinct] =  0.000
     Mean size (all populations) = 15570.19 (21.62 SE; 1529.03 SD)
  Means across extant populations only:
     Population size =          15570.19 (21.62 SE; 1529.03 SD)

Year 55
     N[Extinct] =    0, P[E] =  0.000
     N[Surviving] =  5000, P[S] =  1.000
     N[1st extinct] =  0, P[1st extinct] =  0.000
     Mean size (all populations) = 15587.14 (21.41 SE; 1513.95 SD)
  Means across extant populations only:
     Population size =          15587.14 (21.41 SE; 1513.95 SD)

Year 56
     N[Extinct] =    0, P[E] =  0.000
     N[Surviving] =  5000, P[S] =  1.000
     N[1st extinct] =  0, P[1st extinct] =  0.000
     Mean size (all populations) = 15593.75 (21.36 SE; 1510.43 SD)
  Means across extant populations only:
     Population size =          15593.75 (21.36 SE; 1510.43 SD)

Year 57
     N[Extinct] =    0, P[E] =  0.000
     N[Surviving] =  5000, P[S] =  1.000
     N[1st extinct] =  0, P[1st extinct] =  0.000
     Mean size (all populations) = 15611.59 (21.39 SE; 1512.60 SD)
  Means across extant populations only:
     Population size =          15611.59 (21.39 SE; 1512.60 SD)

Year 58
     N[Extinct] =    0, P[E] =  0.000
     N[Surviving] =  5000, P[S] =  1.000
     N[1st extinct] =  0, P[1st extinct] =  0.000
     Mean size (all populations) = 15591.64 (21.84 SE; 1544.17 SD)
  Means across extant populations only:
     Population size =          15591.64 (21.84 SE; 1544.17 SD)

Year 59
     N[Extinct] =    0, P[E] =  0.000
     N[Surviving] =  5000, P[S] =  1.000
     N[1st extinct] =  0, P[1st extinct] =  0.000
     Mean size (all populations) = 15586.18 (21.35 SE; 1509.50 SD)
  Means across extant populations only:
     Population size =          15586.18 (21.35 SE; 1509.50 SD)

Year 60
     N[Extinct] =    0, P[E] =  0.000
     N[Surviving] =  5000, P[S] =  1.000
     N[1st extinct] =  0, P[1st extinct] =  0.000
     Mean size (all populations) = 15586.68 (21.13 SE; 1494.02 SD)
  Means across extant populations only:
     Population size =          15586.68 (21.13 SE; 1494.02 SD)

Year 61
     N[Extinct] =    0, P[E] =  0.000
     N[Surviving] =  5000, P[S] =  1.000
     N[1st extinct] =  0, P[1st extinct] =  0.000
     Mean size (all populations) = 15566.43 (21.54 SE; 1522.77 SD)
  Means across extant populations only:
     Population size =          15566.43 (21.54 SE; 1522.77 SD)

Year 62
     N[Extinct] =    0, P[E] =  0.000
     N[Surviving] =  5000, P[S] =  1.000
     N[1st extinct] =  0, P[1st extinct] =  0.000
     Mean size (all populations) = 15549.55 (21.89 SE; 1547.76 SD)
  Means across extant populations only:
     Population size =          15549.55 (21.89 SE; 1547.76 SD)

Year 63
     N[Extinct] =    0, P[E] =  0.000
     N[Surviving] =  5000, P[S] =  1.000
     N[1st extinct] =  0, P[1st extinct] =  0.000
     Mean size (all populations) = 15576.64 (21.00 SE; 1484.75 SD)
  Means across extant populations only:
     Population size =          15576.64 (21.00 SE; 1484.75 SD)

Year 64
     N[Extinct] =    0, P[E] =  0.000
     N[Surviving] =  5000, P[S] =  1.000
     N[1st extinct] =  0, P[1st extinct] =  0.000
     Mean size (all populations) = 15581.64 (21.62 SE; 1528.80 SD)
  Means across extant populations only:
     Population size =          15581.64 (21.62 SE; 1528.80 SD)

Year 65
     N[Extinct] =    0, P[E] =  0.000
     N[Surviving] =  5000, P[S] =  1.000
     N[1st extinct] =  0, P[1st extinct] =  0.000
     Mean size (all populations) = 15596.19 (21.43 SE; 1515.17 SD)
  Means across extant populations only:
     Population size =          15596.19 (21.43 SE; 1515.17 SD)

Year 66
     N[Extinct] =    0, P[E] =  0.000
     N[Surviving] =  5000, P[S] =  1.000
     N[1st extinct] =  0, P[1st extinct] =  0.000
     Mean size (all populations) = 15583.61 (21.77 SE; 1539.15 SD)
  Means across extant populations only:
     Population size =          15583.61 (21.77 SE; 1539.15 SD)

Year 67
     N[Extinct] =    0, P[E] =  0.000
     N[Surviving] =  5000, P[S] =  1.000
     N[1st extinct] =  0, P[1st extinct] =  0.000
     Mean size (all populations) = 15545.59 (21.24 SE; 1502.24 SD)
  Means across extant populations only:
     Population size =          15545.59 (21.24 SE; 1502.24 SD)

Year 68
     N[Extinct] =    0, P[E] =  0.000
     N[Surviving] =  5000, P[S] =  1.000
     N[1st extinct] =  0, P[1st extinct] =  0.000
     Mean size (all populations) = 15569.36 (21.82 SE; 1542.64 SD)
  Means across extant populations only:
     Population size =          15569.36 (21.82 SE; 1542.64 SD)

Year 69
     N[Extinct] =    0, P[E] =  0.000
     N[Surviving] =  5000, P[S] =  1.000
     N[1st extinct] =  0, P[1st extinct] =  0.000
     Mean size (all populations) = 15580.63 (21.58 SE; 1526.06 SD)
  Means across extant populations only:
     Population size =          15580.63 (21.58 SE; 1526.06 SD)

Year 70
     N[Extinct] =    0, P[E] =  0.000
     N[Surviving] =  5000, P[S] =  1.000
     N[1st extinct] =  0, P[1st extinct] =  0.000
     Mean size (all populations) = 15592.95 (21.62 SE; 1528.59 SD)
  Means across extant populations only:
     Population size =          15592.95 (21.62 SE; 1528.59 SD)

Year 71
     N[Extinct] =    0, P[E] =  0.000
     N[Surviving] =  5000, P[S] =  1.000
     N[1st extinct] =  0, P[1st extinct] =  0.000
     Mean size (all populations) = 15575.91 (21.07 SE; 1490.16 SD)
  Means across extant populations only:
     Population size =          15575.91 (21.07 SE; 1490.16 SD)

Year 72
     N[Extinct] =    0, P[E] =  0.000
     N[Surviving] =  5000, P[S] =  1.000
     N[1st extinct] =  0, P[1st extinct] =  0.000
     Mean size (all populations) = 15521.07 (21.51 SE; 1520.97 SD)
  Means across extant populations only:
     Population size =          15521.07 (21.51 SE; 1520.97 SD)

Year 73
     N[Extinct] =    0, P[E] =  0.000
     N[Surviving] =  5000, P[S] =  1.000
     N[1st extinct] =  0, P[1st extinct] =  0.000
     Mean size (all populations) = 15594.98 (21.22 SE; 1500.14 SD)
  Means across extant populations only:
     Population size =          15594.98 (21.22 SE; 1500.14 SD)

Year 74
     N[Extinct] =    0, P[E] =  0.000
     N[Surviving] =  5000, P[S] =  1.000
     N[1st extinct] =  0, P[1st extinct] =  0.000
     Mean size (all populations) = 15585.31 (21.37 SE; 1511.16 SD)
  Means across extant populations only:
     Population size =          15585.31 (21.37 SE; 1511.16 SD)

Year 75
     N[Extinct] =    0, P[E] =  0.000
     N[Surviving] =  5000, P[S] =  1.000
     N[1st extinct] =  0, P[1st extinct] =  0.000
     Mean size (all populations) = 15587.56 (22.01 SE; 1556.06 SD)
  Means across extant populations only:
     Population size =          15587.56 (22.01 SE; 1556.06 SD)

Year 76
     N[Extinct] =    0, P[E] =  0.000
     N[Surviving] =  5000, P[S] =  1.000
     N[1st extinct] =  0, P[1st extinct] =  0.000
     Mean size (all populations) = 15561.51 (21.88 SE; 1547.25 SD)
  Means across extant populations only:
     Population size =          15561.51 (21.88 SE; 1547.25 SD)

Year 77
     N[Extinct] =    0, P[E] =  0.000
     N[Surviving] =  5000, P[S] =  1.000
     N[1st extinct] =  0, P[1st extinct] =  0.000
     Mean size (all populations) = 15578.11 (21.60 SE; 1527.29 SD)
  Means across extant populations only:
     Population size =          15578.11 (21.60 SE; 1527.29 SD)

Year 78
     N[Extinct] =    0, P[E] =  0.000
     N[Surviving] =  5000, P[S] =  1.000
     N[1st extinct] =  0, P[1st extinct] =  0.000
     Mean size (all populations) = 15525.54 (21.38 SE; 1511.97 SD)
  Means across extant populations only:
     Population size =          15525.54 (21.38 SE; 1511.97 SD)

Year 79
     N[Extinct] =    0, P[E] =  0.000
     N[Surviving] =  5000, P[S] =  1.000
     N[1st extinct] =  0, P[1st extinct] =  0.000
     Mean size (all populations) = 15614.77 (21.58 SE; 1526.13 SD)
  Means across extant populations only:
     Population size =          15614.77 (21.58 SE; 1526.13 SD)

Year 80
     N[Extinct] =    0, P[E] =  0.000
     N[Surviving] =  5000, P[S] =  1.000
     N[1st extinct] =  0, P[1st extinct] =  0.000
     Mean size (all populations) = 15572.48 (21.30 SE; 1506.03 SD)
  Means across extant populations only:
     Population size =          15572.48 (21.30 SE; 1506.03 SD)

Year 81
     N[Extinct] =    0, P[E] =  0.000
     N[Surviving] =  5000, P[S] =  1.000
     N[1st extinct] =  0, P[1st extinct] =  0.000
     Mean size (all populations) = 15570.03 (21.55 SE; 1524.17 SD)
  Means across extant populations only:
     Population size =          15570.03 (21.55 SE; 1524.17 SD)

Year 82
     N[Extinct] =    0, P[E] =  0.000
     N[Surviving] =  5000, P[S] =  1.000
     N[1st extinct] =  0, P[1st extinct] =  0.000
     Mean size (all populations) = 15554.31 (21.68 SE; 1533.05 SD)
  Means across extant populations only:
     Population size =          15554.31 (21.68 SE; 1533.05 SD)

Year 83
     N[Extinct] =    0, P[E] =  0.000
     N[Surviving] =  5000, P[S] =  1.000
     N[1st extinct] =  0, P[1st extinct] =  0.000
     Mean size (all populations) = 15597.32 (21.39 SE; 1512.57 SD)
  Means across extant populations only:
     Population size =          15597.32 (21.39 SE; 1512.57 SD)

Year 84
     N[Extinct] =    0, P[E] =  0.000
     N[Surviving] =  5000, P[S] =  1.000
     N[1st extinct] =  0, P[1st extinct] =  0.000
     Mean size (all populations) = 15563.61 (21.73 SE; 1536.39 SD)
  Means across extant populations only:
     Population size =          15563.61 (21.73 SE; 1536.39 SD)

Year 85
     N[Extinct] =    0, P[E] =  0.000
     N[Surviving] =  5000, P[S] =  1.000
     N[1st extinct] =  0, P[1st extinct] =  0.000
     Mean size (all populations) = 15576.80 (21.55 SE; 1523.84 SD)
  Means across extant populations only:
     Population size =          15576.80 (21.55 SE; 1523.84 SD)

Year 86
     N[Extinct] =    0, P[E] =  0.000
     N[Surviving] =  5000, P[S] =  1.000
     N[1st extinct] =  0, P[1st extinct] =  0.000
     Mean size (all populations) = 15597.33 (21.82 SE; 1543.09 SD)
  Means across extant populations only:
     Population size =          15597.33 (21.82 SE; 1543.09 SD)

Year 87
     N[Extinct] =    0, P[E] =  0.000
     N[Surviving] =  5000, P[S] =  1.000
     N[1st extinct] =  0, P[1st extinct] =  0.000
     Mean size (all populations) = 15556.70 (21.51 SE; 1521.09 SD)
  Means across extant populations only:
     Population size =          15556.70 (21.51 SE; 1521.09 SD)

Year 88
     N[Extinct] =    0, P[E] =  0.000
     N[Surviving] =  5000, P[S] =  1.000
     N[1st extinct] =  0, P[1st extinct] =  0.000
     Mean size (all populations) = 15558.63 (21.56 SE; 1524.39 SD)
  Means across extant populations only:
     Population size =          15558.63 (21.56 SE; 1524.39 SD)

Year 89
     N[Extinct] =    0, P[E] =  0.000
     N[Surviving] =  5000, P[S] =  1.000
     N[1st extinct] =  0, P[1st extinct] =  0.000
     Mean size (all populations) = 15594.46 (21.41 SE; 1514.04 SD)
  Means across extant populations only:
     Population size =          15594.46 (21.41 SE; 1514.04 SD)

Year 90
     N[Extinct] =    0, P[E] =  0.000
     N[Surviving] =  5000, P[S] =  1.000
     N[1st extinct] =  0, P[1st extinct] =  0.000
     Mean size (all populations) = 15543.30 (21.47 SE; 1518.47 SD)
  Means across extant populations only:
     Population size =          15543.30 (21.47 SE; 1518.47 SD)

Year 91
     N[Extinct] =    0, P[E] =  0.000
     N[Surviving] =  5000, P[S] =  1.000
     N[1st extinct] =  0, P[1st extinct] =  0.000
     Mean size (all populations) = 15549.76 (21.42 SE; 1514.47 SD)
  Means across extant populations only:
     Population size =          15549.76 (21.42 SE; 1514.47 SD)

Year 92
     N[Extinct] =    0, P[E] =  0.000
     N[Surviving] =  5000, P[S] =  1.000
     N[1st extinct] =  0, P[1st extinct] =  0.000
     Mean size (all populations) = 15626.13 (21.59 SE; 1526.66 SD)
  Means across extant populations only:
     Population size =          15626.13 (21.59 SE; 1526.66 SD)

Year 93
     N[Extinct] =    0, P[E] =  0.000
     N[Surviving] =  5000, P[S] =  1.000
     N[1st extinct] =  0, P[1st extinct] =  0.000
     Mean size (all populations) = 15571.20 (21.58 SE; 1526.28 SD)
  Means across extant populations only:
     Population size =          15571.20 (21.58 SE; 1526.28 SD)

Year 94
     N[Extinct] =    0, P[E] =  0.000
     N[Surviving] =  5000, P[S] =  1.000
     N[1st extinct] =  0, P[1st extinct] =  0.000
     Mean size (all populations) = 15602.75 (21.53 SE; 1522.63 SD)
  Means across extant populations only:
     Population size =          15602.75 (21.53 SE; 1522.63 SD)

Year 95
     N[Extinct] =    0, P[E] =  0.000
     N[Surviving] =  5000, P[S] =  1.000
     N[1st extinct] =  0, P[1st extinct] =  0.000
     Mean size (all populations) = 15595.65 (22.00 SE; 1555.64 SD)
  Means across extant populations only:
     Population size =          15595.65 (22.00 SE; 1555.64 SD)

Year 96
     N[Extinct] =    0, P[E] =  0.000
     N[Surviving] =  5000, P[S] =  1.000
     N[1st extinct] =  0, P[1st extinct] =  0.000
     Mean size (all populations) = 15571.15 (21.63 SE; 1529.12 SD)
  Means across extant populations only:
     Population size =          15571.15 (21.63 SE; 1529.12 SD)

Year 97
     N[Extinct] =    0, P[E] =  0.000
     N[Surviving] =  5000, P[S] =  1.000
     N[1st extinct] =  0, P[1st extinct] =  0.000
     Mean size (all populations) = 15585.77 (21.67 SE; 1532.13 SD)
  Means across extant populations only:
     Population size =          15585.77 (21.67 SE; 1532.13 SD)

Year 98
     N[Extinct] =    0, P[E] =  0.000
     N[Surviving] =  5000, P[S] =  1.000
     N[1st extinct] =  0, P[1st extinct] =  0.000
     Mean size (all populations) = 15567.00 (21.68 SE; 1533.24 SD)
  Means across extant populations only:
     Population size =          15567.00 (21.68 SE; 1533.24 SD)

Year 99
     N[Extinct] =    0, P[E] =  0.000
     N[Surviving] =  5000, P[S] =  1.000
     N[1st extinct] =  0, P[1st extinct] =  0.000
     Mean size (all populations) = 15545.24 (21.51 SE; 1521.16 SD)
  Means across extant populations only:
     Population size =          15545.24 (21.51 SE; 1521.16 SD)

Year 100
     N[Extinct] =    0, P[E] =  0.000
     N[Surviving] =  5000, P[S] =  1.000
     N[1st extinct] =  0, P[1st extinct] =  0.000
     Mean size (all populations) = 15580.19 (21.66 SE; 1531.88 SD)
  Means across extant populations only:
     Population size =          15580.19 (21.66 SE; 1531.88 SD)



In 5000 simulations of Default Scenario for 100 years:
  0 went extinct and 5000 survived.

This gives a probability of extinction of 0.00000 (0.00000 SE),
  or a probability of success of          1.00000 (0.00000 SE).

Means across all populations (extant and extinct) ...
Mean final population was 15580.19 (21.66 SE; 1531.88 SD).
   Age 0   Adults    Total
    0.00 7790.08   7790.08 Males
    0.00 7790.11   7790.11 Females

Across all years, prior to carrying capacity truncation,
  mean growth rate (r) was 0.3657 (0.0002 SE, 0.1089 SD)

0 of 0 harvests of females could not be completed because of insufficient animals.
0 of 0 harvests of males could not be completed because of insufficient animals.
*************************************************************************

