Results from VORTEX 10.5.4.0
Project: Tyto_alba
Scenario: Default Scenario

Population 1: Population1

Year 0
     N[Extinct] =    0, P[E] =  0.000
     N[Surviving] =  5000, P[S] =  1.000
     N[1st extinct] =  0, P[1st extinct] =  0.000
     Mean size (all populations) = 16238.00 (0.00 SE; 0.00 SD)
  Means across extant populations only:
     Population size =          16238.00 (0.00 SE; 0.00 SD)

Year 1
     N[Extinct] =    0, P[E] =  0.000
     N[Surviving] =  5000, P[S] =  1.000
     N[1st extinct] =  0, P[1st extinct] =  0.000
     Mean size (all populations) = 16217.62 (22.95 SE; 1622.70 SD)
  Means across extant populations only:
     Population size =          16217.62 (22.95 SE; 1622.70 SD)

Year 2
     N[Extinct] =    0, P[E] =  0.000
     N[Surviving] =  5000, P[S] =  1.000
     N[1st extinct] =  0, P[1st extinct] =  0.000
     Mean size (all populations) = 16207.43 (22.44 SE; 1586.67 SD)
  Means across extant populations only:
     Population size =          16207.43 (22.44 SE; 1586.67 SD)

Year 3
     N[Extinct] =    0, P[E] =  0.000
     N[Surviving] =  5000, P[S] =  1.000
     N[1st extinct] =  0, P[1st extinct] =  0.000
     Mean size (all populations) = 16176.14 (22.59 SE; 1597.05 SD)
  Means across extant populations only:
     Population size =          16176.14 (22.59 SE; 1597.05 SD)

Year 4
     N[Extinct] =    0, P[E] =  0.000
     N[Surviving] =  5000, P[S] =  1.000
     N[1st extinct] =  0, P[1st extinct] =  0.000
     Mean size (all populations) = 16180.30 (22.44 SE; 1586.61 SD)
  Means across extant populations only:
     Population size =          16180.30 (22.44 SE; 1586.61 SD)

Year 5
     N[Extinct] =    0, P[E] =  0.000
     N[Surviving] =  5000, P[S] =  1.000
     N[1st extinct] =  0, P[1st extinct] =  0.000
     Mean size (all populations) = 16198.43 (22.41 SE; 1584.60 SD)
  Means across extant populations only:
     Population size =          16198.43 (22.41 SE; 1584.60 SD)

Year 6
     N[Extinct] =    0, P[E] =  0.000
     N[Surviving] =  5000, P[S] =  1.000
     N[1st extinct] =  0, P[1st extinct] =  0.000
     Mean size (all populations) = 16199.42 (22.62 SE; 1599.23 SD)
  Means across extant populations only:
     Population size =          16199.42 (22.62 SE; 1599.23 SD)

Year 7
     N[Extinct] =    0, P[E] =  0.000
     N[Surviving] =  5000, P[S] =  1.000
     N[1st extinct] =  0, P[1st extinct] =  0.000
     Mean size (all populations) = 16208.71 (22.50 SE; 1591.12 SD)
  Means across extant populations only:
     Population size =          16208.71 (22.50 SE; 1591.12 SD)

Year 8
     N[Extinct] =    0, P[E] =  0.000
     N[Surviving] =  5000, P[S] =  1.000
     N[1st extinct] =  0, P[1st extinct] =  0.000
     Mean size (all populations) = 16231.52 (22.37 SE; 1581.48 SD)
  Means across extant populations only:
     Population size =          16231.52 (22.37 SE; 1581.48 SD)

Year 9
     N[Extinct] =    0, P[E] =  0.000
     N[Surviving] =  5000, P[S] =  1.000
     N[1st extinct] =  0, P[1st extinct] =  0.000
     Mean size (all populations) = 16218.85 (22.42 SE; 1585.33 SD)
  Means across extant populations only:
     Population size =          16218.85 (22.42 SE; 1585.33 SD)

Year 10
     N[Extinct] =    0, P[E] =  0.000
     N[Surviving] =  5000, P[S] =  1.000
     N[1st extinct] =  0, P[1st extinct] =  0.000
     Mean size (all populations) = 16185.71 (22.28 SE; 1575.31 SD)
  Means across extant populations only:
     Population size =          16185.71 (22.28 SE; 1575.31 SD)

Year 11
     N[Extinct] =    0, P[E] =  0.000
     N[Surviving] =  5000, P[S] =  1.000
     N[1st extinct] =  0, P[1st extinct] =  0.000
     Mean size (all populations) = 16202.14 (22.72 SE; 1606.78 SD)
  Means across extant populations only:
     Population size =          16202.14 (22.72 SE; 1606.78 SD)

Year 12
     N[Extinct] =    0, P[E] =  0.000
     N[Surviving] =  5000, P[S] =  1.000
     N[1st extinct] =  0, P[1st extinct] =  0.000
     Mean size (all populations) = 16206.63 (22.42 SE; 1585.61 SD)
  Means across extant populations only:
     Population size =          16206.63 (22.42 SE; 1585.61 SD)

Year 13
     N[Extinct] =    0, P[E] =  0.000
     N[Surviving] =  5000, P[S] =  1.000
     N[1st extinct] =  0, P[1st extinct] =  0.000
     Mean size (all populations) = 16205.70 (22.71 SE; 1605.87 SD)
  Means across extant populations only:
     Population size =          16205.70 (22.71 SE; 1605.87 SD)

Year 14
     N[Extinct] =    0, P[E] =  0.000
     N[Surviving] =  5000, P[S] =  1.000
     N[1st extinct] =  0, P[1st extinct] =  0.000
     Mean size (all populations) = 16175.41 (22.76 SE; 1609.53 SD)
  Means across extant populations only:
     Population size =          16175.41 (22.76 SE; 1609.53 SD)

Year 15
     N[Extinct] =    0, P[E] =  0.000
     N[Surviving] =  5000, P[S] =  1.000
     N[1st extinct] =  0, P[1st extinct] =  0.000
     Mean size (all populations) = 16176.84 (22.25 SE; 1573.03 SD)
  Means across extant populations only:
     Population size =          16176.84 (22.25 SE; 1573.03 SD)

Year 16
     N[Extinct] =    0, P[E] =  0.000
     N[Surviving] =  5000, P[S] =  1.000
     N[1st extinct] =  0, P[1st extinct] =  0.000
     Mean size (all populations) = 16158.54 (22.52 SE; 1592.53 SD)
  Means across extant populations only:
     Population size =          16158.54 (22.52 SE; 1592.53 SD)

Year 17
     N[Extinct] =    0, P[E] =  0.000
     N[Surviving] =  5000, P[S] =  1.000
     N[1st extinct] =  0, P[1st extinct] =  0.000
     Mean size (all populations) = 16189.75 (22.38 SE; 1582.64 SD)
  Means across extant populations only:
     Population size =          16189.75 (22.38 SE; 1582.64 SD)

Year 18
     N[Extinct] =    0, P[E] =  0.000
     N[Surviving] =  5000, P[S] =  1.000
     N[1st extinct] =  0, P[1st extinct] =  0.000
     Mean size (all populations) = 16227.02 (22.66 SE; 1601.96 SD)
  Means across extant populations only:
     Population size =          16227.02 (22.66 SE; 1601.96 SD)

Year 19
     N[Extinct] =    0, P[E] =  0.000
     N[Surviving] =  5000, P[S] =  1.000
     N[1st extinct] =  0, P[1st extinct] =  0.000
     Mean size (all populations) = 16146.09 (22.84 SE; 1615.05 SD)
  Means across extant populations only:
     Population size =          16146.09 (22.84 SE; 1615.05 SD)

Year 20
     N[Extinct] =    0, P[E] =  0.000
     N[Surviving] =  5000, P[S] =  1.000
     N[1st extinct] =  0, P[1st extinct] =  0.000
     Mean size (all populations) = 16213.79 (22.66 SE; 1602.27 SD)
  Means across extant populations only:
     Population size =          16213.79 (22.66 SE; 1602.27 SD)

Year 21
     N[Extinct] =    0, P[E] =  0.000
     N[Surviving] =  5000, P[S] =  1.000
     N[1st extinct] =  0, P[1st extinct] =  0.000
     Mean size (all populations) = 16173.53 (22.92 SE; 1620.70 SD)
  Means across extant populations only:
     Population size =          16173.53 (22.92 SE; 1620.70 SD)

Year 22
     N[Extinct] =    0, P[E] =  0.000
     N[Surviving] =  5000, P[S] =  1.000
     N[1st extinct] =  0, P[1st extinct] =  0.000
     Mean size (all populations) = 16184.28 (22.46 SE; 1588.04 SD)
  Means across extant populations only:
     Population size =          16184.28 (22.46 SE; 1588.04 SD)

Year 23
     N[Extinct] =    0, P[E] =  0.000
     N[Surviving] =  5000, P[S] =  1.000
     N[1st extinct] =  0, P[1st extinct] =  0.000
     Mean size (all populations) = 16254.99 (22.46 SE; 1588.30 SD)
  Means across extant populations only:
     Population size =          16254.99 (22.46 SE; 1588.30 SD)

Year 24
     N[Extinct] =    0, P[E] =  0.000
     N[Surviving] =  5000, P[S] =  1.000
     N[1st extinct] =  0, P[1st extinct] =  0.000
     Mean size (all populations) = 16214.04 (22.47 SE; 1589.03 SD)
  Means across extant populations only:
     Population size =          16214.04 (22.47 SE; 1589.03 SD)

Year 25
     N[Extinct] =    0, P[E] =  0.000
     N[Surviving] =  5000, P[S] =  1.000
     N[1st extinct] =  0, P[1st extinct] =  0.000
     Mean size (all populations) = 16181.63 (22.21 SE; 1570.40 SD)
  Means across extant populations only:
     Population size =          16181.63 (22.21 SE; 1570.40 SD)

Year 26
     N[Extinct] =    0, P[E] =  0.000
     N[Surviving] =  5000, P[S] =  1.000
     N[1st extinct] =  0, P[1st extinct] =  0.000
     Mean size (all populations) = 16172.89 (22.32 SE; 1578.23 SD)
  Means across extant populations only:
     Population size =          16172.89 (22.32 SE; 1578.23 SD)

Year 27
     N[Extinct] =    0, P[E] =  0.000
     N[Surviving] =  5000, P[S] =  1.000
     N[1st extinct] =  0, P[1st extinct] =  0.000
     Mean size (all populations) = 16168.51 (22.56 SE; 1595.38 SD)
  Means across extant populations only:
     Population size =          16168.51 (22.56 SE; 1595.38 SD)

Year 28
     N[Extinct] =    0, P[E] =  0.000
     N[Surviving] =  5000, P[S] =  1.000
     N[1st extinct] =  0, P[1st extinct] =  0.000
     Mean size (all populations) = 16186.45 (22.22 SE; 1571.26 SD)
  Means across extant populations only:
     Population size =          16186.45 (22.22 SE; 1571.26 SD)

Year 29
     N[Extinct] =    0, P[E] =  0.000
     N[Surviving] =  5000, P[S] =  1.000
     N[1st extinct] =  0, P[1st extinct] =  0.000
     Mean size (all populations) = 16167.14 (22.26 SE; 1574.34 SD)
  Means across extant populations only:
     Population size =          16167.14 (22.26 SE; 1574.34 SD)

Year 30
     N[Extinct] =    0, P[E] =  0.000
     N[Surviving] =  5000, P[S] =  1.000
     N[1st extinct] =  0, P[1st extinct] =  0.000
     Mean size (all populations) = 16201.78 (22.56 SE; 1595.18 SD)
  Means across extant populations only:
     Population size =          16201.78 (22.56 SE; 1595.18 SD)

Year 31
     N[Extinct] =    0, P[E] =  0.000
     N[Surviving] =  5000, P[S] =  1.000
     N[1st extinct] =  0, P[1st extinct] =  0.000
     Mean size (all populations) = 16196.19 (22.74 SE; 1608.24 SD)
  Means across extant populations only:
     Population size =          16196.19 (22.74 SE; 1608.24 SD)

Year 32
     N[Extinct] =    0, P[E] =  0.000
     N[Surviving] =  5000, P[S] =  1.000
     N[1st extinct] =  0, P[1st extinct] =  0.000
     Mean size (all populations) = 16167.27 (22.49 SE; 1590.11 SD)
  Means across extant populations only:
     Population size =          16167.27 (22.49 SE; 1590.11 SD)

Year 33
     N[Extinct] =    0, P[E] =  0.000
     N[Surviving] =  5000, P[S] =  1.000
     N[1st extinct] =  0, P[1st extinct] =  0.000
     Mean size (all populations) = 16209.52 (22.64 SE; 1600.64 SD)
  Means across extant populations only:
     Population size =          16209.52 (22.64 SE; 1600.64 SD)

Year 34
     N[Extinct] =    0, P[E] =  0.000
     N[Surviving] =  5000, P[S] =  1.000
     N[1st extinct] =  0, P[1st extinct] =  0.000
     Mean size (all populations) = 16214.32 (22.49 SE; 1590.42 SD)
  Means across extant populations only:
     Population size =          16214.32 (22.49 SE; 1590.42 SD)

Year 35
     N[Extinct] =    0, P[E] =  0.000
     N[Surviving] =  5000, P[S] =  1.000
     N[1st extinct] =  0, P[1st extinct] =  0.000
     Mean size (all populations) = 16207.81 (22.43 SE; 1585.90 SD)
  Means across extant populations only:
     Population size =          16207.81 (22.43 SE; 1585.90 SD)

Year 36
     N[Extinct] =    0, P[E] =  0.000
     N[Surviving] =  5000, P[S] =  1.000
     N[1st extinct] =  0, P[1st extinct] =  0.000
     Mean size (all populations) = 16172.87 (22.28 SE; 1575.35 SD)
  Means across extant populations only:
     Population size =          16172.87 (22.28 SE; 1575.35 SD)

Year 37
     N[Extinct] =    0, P[E] =  0.000
     N[Surviving] =  5000, P[S] =  1.000
     N[1st extinct] =  0, P[1st extinct] =  0.000
     Mean size (all populations) = 16209.69 (22.44 SE; 1586.93 SD)
  Means across extant populations only:
     Population size =          16209.69 (22.44 SE; 1586.93 SD)

Year 38
     N[Extinct] =    0, P[E] =  0.000
     N[Surviving] =  5000, P[S] =  1.000
     N[1st extinct] =  0, P[1st extinct] =  0.000
     Mean size (all populations) = 16214.51 (22.98 SE; 1625.22 SD)
  Means across extant populations only:
     Population size =          16214.51 (22.98 SE; 1625.22 SD)

Year 39
     N[Extinct] =    0, P[E] =  0.000
     N[Surviving] =  5000, P[S] =  1.000
     N[1st extinct] =  0, P[1st extinct] =  0.000
     Mean size (all populations) = 16164.34 (22.87 SE; 1616.86 SD)
  Means across extant populations only:
     Population size =          16164.34 (22.87 SE; 1616.86 SD)

Year 40
     N[Extinct] =    0, P[E] =  0.000
     N[Surviving] =  5000, P[S] =  1.000
     N[1st extinct] =  0, P[1st extinct] =  0.000
     Mean size (all populations) = 16185.86 (22.50 SE; 1591.33 SD)
  Means across extant populations only:
     Population size =          16185.86 (22.50 SE; 1591.33 SD)

Year 41
     N[Extinct] =    0, P[E] =  0.000
     N[Surviving] =  5000, P[S] =  1.000
     N[1st extinct] =  0, P[1st extinct] =  0.000
     Mean size (all populations) = 16198.43 (22.39 SE; 1583.21 SD)
  Means across extant populations only:
     Population size =          16198.43 (22.39 SE; 1583.21 SD)

Year 42
     N[Extinct] =    0, P[E] =  0.000
     N[Surviving] =  5000, P[S] =  1.000
     N[1st extinct] =  0, P[1st extinct] =  0.000
     Mean size (all populations) = 16195.44 (22.57 SE; 1595.59 SD)
  Means across extant populations only:
     Population size =          16195.44 (22.57 SE; 1595.59 SD)

Year 43
     N[Extinct] =    0, P[E] =  0.000
     N[Surviving] =  5000, P[S] =  1.000
     N[1st extinct] =  0, P[1st extinct] =  0.000
     Mean size (all populations) = 16197.30 (22.84 SE; 1614.73 SD)
  Means across extant populations only:
     Population size =          16197.30 (22.84 SE; 1614.73 SD)

Year 44
     N[Extinct] =    0, P[E] =  0.000
     N[Surviving] =  5000, P[S] =  1.000
     N[1st extinct] =  0, P[1st extinct] =  0.000
     Mean size (all populations) = 16198.10 (22.50 SE; 1590.89 SD)
  Means across extant populations only:
     Population size =          16198.10 (22.50 SE; 1590.89 SD)

Year 45
     N[Extinct] =    0, P[E] =  0.000
     N[Surviving] =  5000, P[S] =  1.000
     N[1st extinct] =  0, P[1st extinct] =  0.000
     Mean size (all populations) = 16192.39 (22.18 SE; 1568.69 SD)
  Means across extant populations only:
     Population size =          16192.39 (22.18 SE; 1568.69 SD)

Year 46
     N[Extinct] =    0, P[E] =  0.000
     N[Surviving] =  5000, P[S] =  1.000
     N[1st extinct] =  0, P[1st extinct] =  0.000
     Mean size (all populations) = 16164.65 (22.58 SE; 1596.34 SD)
  Means across extant populations only:
     Population size =          16164.65 (22.58 SE; 1596.34 SD)

Year 47
     N[Extinct] =    0, P[E] =  0.000
     N[Surviving] =  5000, P[S] =  1.000
     N[1st extinct] =  0, P[1st extinct] =  0.000
     Mean size (all populations) = 16174.83 (22.35 SE; 1580.07 SD)
  Means across extant populations only:
     Population size =          16174.83 (22.35 SE; 1580.07 SD)

Year 48
     N[Extinct] =    0, P[E] =  0.000
     N[Surviving] =  5000, P[S] =  1.000
     N[1st extinct] =  0, P[1st extinct] =  0.000
     Mean size (all populations) = 16226.00 (22.44 SE; 1586.99 SD)
  Means across extant populations only:
     Population size =          16226.00 (22.44 SE; 1586.99 SD)

Year 49
     N[Extinct] =    0, P[E] =  0.000
     N[Surviving] =  5000, P[S] =  1.000
     N[1st extinct] =  0, P[1st extinct] =  0.000
     Mean size (all populations) = 16182.20 (22.28 SE; 1575.25 SD)
  Means across extant populations only:
     Population size =          16182.20 (22.28 SE; 1575.25 SD)

Year 50
     N[Extinct] =    0, P[E] =  0.000
     N[Surviving] =  5000, P[S] =  1.000
     N[1st extinct] =  0, P[1st extinct] =  0.000
     Mean size (all populations) = 16221.69 (22.35 SE; 1580.50 SD)
  Means across extant populations only:
     Population size =          16221.69 (22.35 SE; 1580.50 SD)

Year 51
     N[Extinct] =    0, P[E] =  0.000
     N[Surviving] =  5000, P[S] =  1.000
     N[1st extinct] =  0, P[1st extinct] =  0.000
     Mean size (all populations) = 16195.83 (22.79 SE; 1611.19 SD)
  Means across extant populations only:
     Population size =          16195.83 (22.79 SE; 1611.19 SD)

Year 52
     N[Extinct] =    0, P[E] =  0.000
     N[Surviving] =  5000, P[S] =  1.000
     N[1st extinct] =  0, P[1st extinct] =  0.000
     Mean size (all populations) = 16151.49 (22.41 SE; 1584.77 SD)
  Means across extant populations only:
     Population size =          16151.49 (22.41 SE; 1584.77 SD)

Year 53
     N[Extinct] =    0, P[E] =  0.000
     N[Surviving] =  5000, P[S] =  1.000
     N[1st extinct] =  0, P[1st extinct] =  0.000
     Mean size (all populations) = 16203.77 (22.34 SE; 1579.60 SD)
  Means across extant populations only:
     Population size =          16203.77 (22.34 SE; 1579.60 SD)

Year 54
     N[Extinct] =    0, P[E] =  0.000
     N[Surviving] =  5000, P[S] =  1.000
     N[1st extinct] =  0, P[1st extinct] =  0.000
     Mean size (all populations) = 16200.36 (22.59 SE; 1597.43 SD)
  Means across extant populations only:
     Population size =          16200.36 (22.59 SE; 1597.43 SD)

Year 55
     N[Extinct] =    0, P[E] =  0.000
     N[Surviving] =  5000, P[S] =  1.000
     N[1st extinct] =  0, P[1st extinct] =  0.000
     Mean size (all populations) = 16233.24 (23.07 SE; 1631.31 SD)
  Means across extant populations only:
     Population size =          16233.24 (23.07 SE; 1631.31 SD)

Year 56
     N[Extinct] =    0, P[E] =  0.000
     N[Surviving] =  5000, P[S] =  1.000
     N[1st extinct] =  0, P[1st extinct] =  0.000
     Mean size (all populations) = 16179.31 (22.57 SE; 1596.01 SD)
  Means across extant populations only:
     Population size =          16179.31 (22.57 SE; 1596.01 SD)

Year 57
     N[Extinct] =    0, P[E] =  0.000
     N[Surviving] =  5000, P[S] =  1.000
     N[1st extinct] =  0, P[1st extinct] =  0.000
     Mean size (all populations) = 16196.29 (22.75 SE; 1608.43 SD)
  Means across extant populations only:
     Population size =          16196.29 (22.75 SE; 1608.43 SD)

Year 58
     N[Extinct] =    0, P[E] =  0.000
     N[Surviving] =  5000, P[S] =  1.000
     N[1st extinct] =  0, P[1st extinct] =  0.000
     Mean size (all populations) = 16214.82 (22.85 SE; 1615.98 SD)
  Means across extant populations only:
     Population size =          16214.82 (22.85 SE; 1615.98 SD)

Year 59
     N[Extinct] =    0, P[E] =  0.000
     N[Surviving] =  5000, P[S] =  1.000
     N[1st extinct] =  0, P[1st extinct] =  0.000
     Mean size (all populations) = 16198.66 (22.67 SE; 1602.94 SD)
  Means across extant populations only:
     Population size =          16198.66 (22.67 SE; 1602.94 SD)

Year 60
     N[Extinct] =    0, P[E] =  0.000
     N[Surviving] =  5000, P[S] =  1.000
     N[1st extinct] =  0, P[1st extinct] =  0.000
     Mean size (all populations) = 16181.04 (22.41 SE; 1584.63 SD)
  Means across extant populations only:
     Population size =          16181.04 (22.41 SE; 1584.63 SD)

Year 61
     N[Extinct] =    0, P[E] =  0.000
     N[Surviving] =  5000, P[S] =  1.000
     N[1st extinct] =  0, P[1st extinct] =  0.000
     Mean size (all populations) = 16243.48 (22.22 SE; 1571.29 SD)
  Means across extant populations only:
     Population size =          16243.48 (22.22 SE; 1571.29 SD)

Year 62
     N[Extinct] =    0, P[E] =  0.000
     N[Surviving] =  5000, P[S] =  1.000
     N[1st extinct] =  0, P[1st extinct] =  0.000
     Mean size (all populations) = 16233.60 (22.43 SE; 1585.91 SD)
  Means across extant populations only:
     Population size =          16233.60 (22.43 SE; 1585.91 SD)

Year 63
     N[Extinct] =    0, P[E] =  0.000
     N[Surviving] =  5000, P[S] =  1.000
     N[1st extinct] =  0, P[1st extinct] =  0.000
     Mean size (all populations) = 16179.53 (22.93 SE; 1621.35 SD)
  Means across extant populations only:
     Population size =          16179.53 (22.93 SE; 1621.35 SD)

Year 64
     N[Extinct] =    0, P[E] =  0.000
     N[Surviving] =  5000, P[S] =  1.000
     N[1st extinct] =  0, P[1st extinct] =  0.000
     Mean size (all populations) = 16205.12 (22.49 SE; 1590.54 SD)
  Means across extant populations only:
     Population size =          16205.12 (22.49 SE; 1590.54 SD)

Year 65
     N[Extinct] =    0, P[E] =  0.000
     N[Surviving] =  5000, P[S] =  1.000
     N[1st extinct] =  0, P[1st extinct] =  0.000
     Mean size (all populations) = 16150.81 (22.66 SE; 1602.57 SD)
  Means across extant populations only:
     Population size =          16150.81 (22.66 SE; 1602.57 SD)

Year 66
     N[Extinct] =    0, P[E] =  0.000
     N[Surviving] =  5000, P[S] =  1.000
     N[1st extinct] =  0, P[1st extinct] =  0.000
     Mean size (all populations) = 16194.09 (22.17 SE; 1567.46 SD)
  Means across extant populations only:
     Population size =          16194.09 (22.17 SE; 1567.46 SD)

Year 67
     N[Extinct] =    0, P[E] =  0.000
     N[Surviving] =  5000, P[S] =  1.000
     N[1st extinct] =  0, P[1st extinct] =  0.000
     Mean size (all populations) = 16167.23 (22.59 SE; 1597.37 SD)
  Means across extant populations only:
     Population size =          16167.23 (22.59 SE; 1597.37 SD)

Year 68
     N[Extinct] =    0, P[E] =  0.000
     N[Surviving] =  5000, P[S] =  1.000
     N[1st extinct] =  0, P[1st extinct] =  0.000
     Mean size (all populations) = 16207.15 (22.60 SE; 1597.84 SD)
  Means across extant populations only:
     Population size =          16207.15 (22.60 SE; 1597.84 SD)

Year 69
     N[Extinct] =    0, P[E] =  0.000
     N[Surviving] =  5000, P[S] =  1.000
     N[1st extinct] =  0, P[1st extinct] =  0.000
     Mean size (all populations) = 16186.14 (22.34 SE; 1579.45 SD)
  Means across extant populations only:
     Population size =          16186.14 (22.34 SE; 1579.45 SD)

Year 70
     N[Extinct] =    0, P[E] =  0.000
     N[Surviving] =  5000, P[S] =  1.000
     N[1st extinct] =  0, P[1st extinct] =  0.000
     Mean size (all populations) = 16196.44 (22.59 SE; 1597.55 SD)
  Means across extant populations only:
     Population size =          16196.44 (22.59 SE; 1597.55 SD)

Year 71
     N[Extinct] =    0, P[E] =  0.000
     N[Surviving] =  5000, P[S] =  1.000
     N[1st extinct] =  0, P[1st extinct] =  0.000
     Mean size (all populations) = 16174.86 (22.76 SE; 1609.27 SD)
  Means across extant populations only:
     Population size =          16174.86 (22.76 SE; 1609.27 SD)

Year 72
     N[Extinct] =    0, P[E] =  0.000
     N[Surviving] =  5000, P[S] =  1.000
     N[1st extinct] =  0, P[1st extinct] =  0.000
     Mean size (all populations) = 16211.21 (22.33 SE; 1578.83 SD)
  Means across extant populations only:
     Population size =          16211.21 (22.33 SE; 1578.83 SD)

Year 73
     N[Extinct] =    0, P[E] =  0.000
     N[Surviving] =  5000, P[S] =  1.000
     N[1st extinct] =  0, P[1st extinct] =  0.000
     Mean size (all populations) = 16214.84 (22.36 SE; 1581.36 SD)
  Means across extant populations only:
     Population size =          16214.84 (22.36 SE; 1581.36 SD)

Year 74
     N[Extinct] =    0, P[E] =  0.000
     N[Surviving] =  5000, P[S] =  1.000
     N[1st extinct] =  0, P[1st extinct] =  0.000
     Mean size (all populations) = 16205.44 (22.98 SE; 1625.08 SD)
  Means across extant populations only:
     Population size =          16205.44 (22.98 SE; 1625.08 SD)

Year 75
     N[Extinct] =    0, P[E] =  0.000
     N[Surviving] =  5000, P[S] =  1.000
     N[1st extinct] =  0, P[1st extinct] =  0.000
     Mean size (all populations) = 16199.55 (22.76 SE; 1609.05 SD)
  Means across extant populations only:
     Population size =          16199.55 (22.76 SE; 1609.05 SD)

Year 76
     N[Extinct] =    0, P[E] =  0.000
     N[Surviving] =  5000, P[S] =  1.000
     N[1st extinct] =  0, P[1st extinct] =  0.000
     Mean size (all populations) = 16253.90 (22.55 SE; 1594.58 SD)
  Means across extant populations only:
     Population size =          16253.90 (22.55 SE; 1594.58 SD)

Year 77
     N[Extinct] =    0, P[E] =  0.000
     N[Surviving] =  5000, P[S] =  1.000
     N[1st extinct] =  0, P[1st extinct] =  0.000
     Mean size (all populations) = 16192.23 (22.56 SE; 1594.99 SD)
  Means across extant populations only:
     Population size =          16192.23 (22.56 SE; 1594.99 SD)

Year 78
     N[Extinct] =    0, P[E] =  0.000
     N[Surviving] =  5000, P[S] =  1.000
     N[1st extinct] =  0, P[1st extinct] =  0.000
     Mean size (all populations) = 16179.29 (22.29 SE; 1576.11 SD)
  Means across extant populations only:
     Population size =          16179.29 (22.29 SE; 1576.11 SD)

Year 79
     N[Extinct] =    0, P[E] =  0.000
     N[Surviving] =  5000, P[S] =  1.000
     N[1st extinct] =  0, P[1st extinct] =  0.000
     Mean size (all populations) = 16196.22 (22.37 SE; 1581.77 SD)
  Means across extant populations only:
     Population size =          16196.22 (22.37 SE; 1581.77 SD)

Year 80
     N[Extinct] =    0, P[E] =  0.000
     N[Surviving] =  5000, P[S] =  1.000
     N[1st extinct] =  0, P[1st extinct] =  0.000
     Mean size (all populations) = 16226.56 (22.31 SE; 1577.35 SD)
  Means across extant populations only:
     Population size =          16226.56 (22.31 SE; 1577.35 SD)

Year 81
     N[Extinct] =    0, P[E] =  0.000
     N[Surviving] =  5000, P[S] =  1.000
     N[1st extinct] =  0, P[1st extinct] =  0.000
     Mean size (all populations) = 16184.64 (22.39 SE; 1583.39 SD)
  Means across extant populations only:
     Population size =          16184.64 (22.39 SE; 1583.39 SD)

Year 82
     N[Extinct] =    0, P[E] =  0.000
     N[Surviving] =  5000, P[S] =  1.000
     N[1st extinct] =  0, P[1st extinct] =  0.000
     Mean size (all populations) = 16223.17 (22.72 SE; 1606.69 SD)
  Means across extant populations only:
     Population size =          16223.17 (22.72 SE; 1606.69 SD)

Year 83
     N[Extinct] =    0, P[E] =  0.000
     N[Surviving] =  5000, P[S] =  1.000
     N[1st extinct] =  0, P[1st extinct] =  0.000
     Mean size (all populations) = 16200.72 (22.27 SE; 1574.66 SD)
  Means across extant populations only:
     Population size =          16200.72 (22.27 SE; 1574.66 SD)

Year 84
     N[Extinct] =    0, P[E] =  0.000
     N[Surviving] =  5000, P[S] =  1.000
     N[1st extinct] =  0, P[1st extinct] =  0.000
     Mean size (all populations) = 16172.34 (22.69 SE; 1604.60 SD)
  Means across extant populations only:
     Population size =          16172.34 (22.69 SE; 1604.60 SD)

Year 85
     N[Extinct] =    0, P[E] =  0.000
     N[Surviving] =  5000, P[S] =  1.000
     N[1st extinct] =  0, P[1st extinct] =  0.000
     Mean size (all populations) = 16165.01 (22.29 SE; 1575.94 SD)
  Means across extant populations only:
     Population size =          16165.01 (22.29 SE; 1575.94 SD)

Year 86
     N[Extinct] =    0, P[E] =  0.000
     N[Surviving] =  5000, P[S] =  1.000
     N[1st extinct] =  0, P[1st extinct] =  0.000
     Mean size (all populations) = 16141.84 (22.18 SE; 1568.53 SD)
  Means across extant populations only:
     Population size =          16141.84 (22.18 SE; 1568.53 SD)

Year 87
     N[Extinct] =    0, P[E] =  0.000
     N[Surviving] =  5000, P[S] =  1.000
     N[1st extinct] =  0, P[1st extinct] =  0.000
     Mean size (all populations) = 16210.05 (22.37 SE; 1582.03 SD)
  Means across extant populations only:
     Population size =          16210.05 (22.37 SE; 1582.03 SD)

Year 88
     N[Extinct] =    0, P[E] =  0.000
     N[Surviving] =  5000, P[S] =  1.000
     N[1st extinct] =  0, P[1st extinct] =  0.000
     Mean size (all populations) = 16162.54 (22.53 SE; 1593.45 SD)
  Means across extant populations only:
     Population size =          16162.54 (22.53 SE; 1593.45 SD)

Year 89
     N[Extinct] =    0, P[E] =  0.000
     N[Surviving] =  5000, P[S] =  1.000
     N[1st extinct] =  0, P[1st extinct] =  0.000
     Mean size (all populations) = 16211.48 (22.12 SE; 1564.03 SD)
  Means across extant populations only:
     Population size =          16211.48 (22.12 SE; 1564.03 SD)

Year 90
     N[Extinct] =    0, P[E] =  0.000
     N[Surviving] =  5000, P[S] =  1.000
     N[1st extinct] =  0, P[1st extinct] =  0.000
     Mean size (all populations) = 16176.82 (22.14 SE; 1565.63 SD)
  Means across extant populations only:
     Population size =          16176.82 (22.14 SE; 1565.63 SD)

Year 91
     N[Extinct] =    0, P[E] =  0.000
     N[Surviving] =  5000, P[S] =  1.000
     N[1st extinct] =  0, P[1st extinct] =  0.000
     Mean size (all populations) = 16219.35 (22.45 SE; 1587.48 SD)
  Means across extant populations only:
     Population size =          16219.35 (22.45 SE; 1587.48 SD)

Year 92
     N[Extinct] =    0, P[E] =  0.000
     N[Surviving] =  5000, P[S] =  1.000
     N[1st extinct] =  0, P[1st extinct] =  0.000
     Mean size (all populations) = 16233.98 (22.87 SE; 1616.90 SD)
  Means across extant populations only:
     Population size =          16233.98 (22.87 SE; 1616.90 SD)

Year 93
     N[Extinct] =    0, P[E] =  0.000
     N[Surviving] =  5000, P[S] =  1.000
     N[1st extinct] =  0, P[1st extinct] =  0.000
     Mean size (all populations) = 16180.34 (22.56 SE; 1595.22 SD)
  Means across extant populations only:
     Population size =          16180.34 (22.56 SE; 1595.22 SD)

Year 94
     N[Extinct] =    0, P[E] =  0.000
     N[Surviving] =  5000, P[S] =  1.000
     N[1st extinct] =  0, P[1st extinct] =  0.000
     Mean size (all populations) = 16183.47 (22.84 SE; 1615.11 SD)
  Means across extant populations only:
     Population size =          16183.47 (22.84 SE; 1615.11 SD)

Year 95
     N[Extinct] =    0, P[E] =  0.000
     N[Surviving] =  5000, P[S] =  1.000
     N[1st extinct] =  0, P[1st extinct] =  0.000
     Mean size (all populations) = 16188.26 (22.77 SE; 1609.98 SD)
  Means across extant populations only:
     Population size =          16188.26 (22.77 SE; 1609.98 SD)

Year 96
     N[Extinct] =    0, P[E] =  0.000
     N[Surviving] =  5000, P[S] =  1.000
     N[1st extinct] =  0, P[1st extinct] =  0.000
     Mean size (all populations) = 16179.29 (22.36 SE; 1581.38 SD)
  Means across extant populations only:
     Population size =          16179.29 (22.36 SE; 1581.38 SD)

Year 97
     N[Extinct] =    0, P[E] =  0.000
     N[Surviving] =  5000, P[S] =  1.000
     N[1st extinct] =  0, P[1st extinct] =  0.000
     Mean size (all populations) = 16214.09 (22.58 SE; 1596.60 SD)
  Means across extant populations only:
     Population size =          16214.09 (22.58 SE; 1596.60 SD)

Year 98
     N[Extinct] =    0, P[E] =  0.000
     N[Surviving] =  5000, P[S] =  1.000
     N[1st extinct] =  0, P[1st extinct] =  0.000
     Mean size (all populations) = 16202.28 (22.49 SE; 1589.93 SD)
  Means across extant populations only:
     Population size =          16202.28 (22.49 SE; 1589.93 SD)

Year 99
     N[Extinct] =    0, P[E] =  0.000
     N[Surviving] =  5000, P[S] =  1.000
     N[1st extinct] =  0, P[1st extinct] =  0.000
     Mean size (all populations) = 16233.68 (22.34 SE; 1579.95 SD)
  Means across extant populations only:
     Population size =          16233.68 (22.34 SE; 1579.95 SD)

Year 100
     N[Extinct] =    0, P[E] =  0.000
     N[Surviving] =  5000, P[S] =  1.000
     N[1st extinct] =  0, P[1st extinct] =  0.000
     Mean size (all populations) = 16179.49 (22.57 SE; 1596.25 SD)
  Means across extant populations only:
     Population size =          16179.49 (22.57 SE; 1596.25 SD)



In 5000 simulations of Default Scenario for 100 years:
  0 went extinct and 5000 survived.

This gives a probability of extinction of 0.00000 (0.00000 SE),
  or a probability of success of          1.00000 (0.00000 SE).

Means across all populations (extant and extinct) ...
Mean final population was 16179.49 (22.57 SE; 1596.25 SD).
   Age 0   Adults    Total
    0.00 8089.69   8089.69 Males
    0.00 8089.80   8089.80 Females

Across all years, prior to carrying capacity truncation,
  mean growth rate (r) was 0.3692 (0.0002 SE, 0.1082 SD)

0 of 0 harvests of females could not be completed because of insufficient animals.
0 of 0 harvests of males could not be completed because of insufficient animals.
*************************************************************************

