Results from VORTEX 10.5.4.0
Project: Nesoenas_picturatus
Scenario: Default Scenario

Population 1: Population1

Year 0
     N[Extinct] =    0, P[E] =  0.000
     N[Surviving] =  5000, P[S] =  1.000
     N[1st extinct] =  0, P[1st extinct] =  0.000
     Mean size (all populations) = 103324.00 (0.00 SE; 0.00 SD)
  Means across extant populations only:
     Population size =          103324.00 (0.00 SE; 0.00 SD)

Year 1
     N[Extinct] =    0, P[E] =  0.000
     N[Surviving] =  5000, P[S] =  1.000
     N[1st extinct] =  0, P[1st extinct] =  0.000
     Mean size (all populations) = 103040.79 (144.74 SE; 10234.82 SD)
  Means across extant populations only:
     Population size =          103040.79 (144.74 SE; 10234.82 SD)

Year 2
     N[Extinct] =    0, P[E] =  0.000
     N[Surviving] =  5000, P[S] =  1.000
     N[1st extinct] =  0, P[1st extinct] =  0.000
     Mean size (all populations) = 96572.93 (132.82 SE; 9391.89 SD)
  Means across extant populations only:
     Population size =          96572.93 (132.82 SE; 9391.89 SD)

Year 3
     N[Extinct] =    0, P[E] =  0.000
     N[Surviving] =  5000, P[S] =  1.000
     N[1st extinct] =  0, P[1st extinct] =  0.000
     Mean size (all populations) = 87301.31 (128.73 SE; 9102.73 SD)
  Means across extant populations only:
     Population size =          87301.31 (128.73 SE; 9102.73 SD)

Year 4
     N[Extinct] =    0, P[E] =  0.000
     N[Surviving] =  5000, P[S] =  1.000
     N[1st extinct] =  0, P[1st extinct] =  0.000
     Mean size (all populations) = 84204.22 (134.39 SE; 9502.82 SD)
  Means across extant populations only:
     Population size =          84204.22 (134.39 SE; 9502.82 SD)

Year 5
     N[Extinct] =    0, P[E] =  0.000
     N[Surviving] =  5000, P[S] =  1.000
     N[1st extinct] =  0, P[1st extinct] =  0.000
     Mean size (all populations) = 78774.89 (136.43 SE; 9647.15 SD)
  Means across extant populations only:
     Population size =          78774.89 (136.43 SE; 9647.15 SD)

Year 6
     N[Extinct] =    0, P[E] =  0.000
     N[Surviving] =  5000, P[S] =  1.000
     N[1st extinct] =  0, P[1st extinct] =  0.000
     Mean size (all populations) = 75585.30 (142.52 SE; 10077.64 SD)
  Means across extant populations only:
     Population size =          75585.30 (142.52 SE; 10077.64 SD)

Year 7
     N[Extinct] =    0, P[E] =  0.000
     N[Surviving] =  5000, P[S] =  1.000
     N[1st extinct] =  0, P[1st extinct] =  0.000
     Mean size (all populations) = 71577.12 (145.97 SE; 10321.35 SD)
  Means across extant populations only:
     Population size =          71577.12 (145.97 SE; 10321.35 SD)

Year 8
     N[Extinct] =    0, P[E] =  0.000
     N[Surviving] =  5000, P[S] =  1.000
     N[1st extinct] =  0, P[1st extinct] =  0.000
     Mean size (all populations) = 68529.27 (151.37 SE; 10703.70 SD)
  Means across extant populations only:
     Population size =          68529.27 (151.37 SE; 10703.70 SD)

Year 9
     N[Extinct] =    0, P[E] =  0.000
     N[Surviving] =  5000, P[S] =  1.000
     N[1st extinct] =  0, P[1st extinct] =  0.000
     Mean size (all populations) = 65095.07 (152.70 SE; 10797.18 SD)
  Means across extant populations only:
     Population size =          65095.07 (152.70 SE; 10797.18 SD)

Year 10
     N[Extinct] =    0, P[E] =  0.000
     N[Surviving] =  5000, P[S] =  1.000
     N[1st extinct] =  0, P[1st extinct] =  0.000
     Mean size (all populations) = 62277.93 (155.42 SE; 10989.96 SD)
  Means across extant populations only:
     Population size =          62277.93 (155.42 SE; 10989.96 SD)

Year 11
     N[Extinct] =    0, P[E] =  0.000
     N[Surviving] =  5000, P[S] =  1.000
     N[1st extinct] =  0, P[1st extinct] =  0.000
     Mean size (all populations) = 59240.97 (156.38 SE; 11057.98 SD)
  Means across extant populations only:
     Population size =          59240.97 (156.38 SE; 11057.98 SD)

Year 12
     N[Extinct] =    0, P[E] =  0.000
     N[Surviving] =  5000, P[S] =  1.000
     N[1st extinct] =  0, P[1st extinct] =  0.000
     Mean size (all populations) = 56549.47 (158.45 SE; 11203.83 SD)
  Means across extant populations only:
     Population size =          56549.47 (158.45 SE; 11203.83 SD)

Year 13
     N[Extinct] =    0, P[E] =  0.000
     N[Surviving] =  5000, P[S] =  1.000
     N[1st extinct] =  0, P[1st extinct] =  0.000
     Mean size (all populations) = 53885.29 (158.21 SE; 11186.91 SD)
  Means across extant populations only:
     Population size =          53885.29 (158.21 SE; 11186.91 SD)

Year 14
     N[Extinct] =    0, P[E] =  0.000
     N[Surviving] =  5000, P[S] =  1.000
     N[1st extinct] =  0, P[1st extinct] =  0.000
     Mean size (all populations) = 51441.85 (156.56 SE; 11070.28 SD)
  Means across extant populations only:
     Population size =          51441.85 (156.56 SE; 11070.28 SD)

Year 15
     N[Extinct] =    0, P[E] =  0.000
     N[Surviving] =  5000, P[S] =  1.000
     N[1st extinct] =  0, P[1st extinct] =  0.000
     Mean size (all populations) = 49096.65 (157.07 SE; 11106.41 SD)
  Means across extant populations only:
     Population size =          49096.65 (157.07 SE; 11106.41 SD)

Year 16
     N[Extinct] =    0, P[E] =  0.000
     N[Surviving] =  5000, P[S] =  1.000
     N[1st extinct] =  0, P[1st extinct] =  0.000
     Mean size (all populations) = 46833.93 (155.04 SE; 10962.68 SD)
  Means across extant populations only:
     Population size =          46833.93 (155.04 SE; 10962.68 SD)

Year 17
     N[Extinct] =    0, P[E] =  0.000
     N[Surviving] =  5000, P[S] =  1.000
     N[1st extinct] =  0, P[1st extinct] =  0.000
     Mean size (all populations) = 44681.88 (154.53 SE; 10926.67 SD)
  Means across extant populations only:
     Population size =          44681.88 (154.53 SE; 10926.67 SD)

Year 18
     N[Extinct] =    0, P[E] =  0.000
     N[Surviving] =  5000, P[S] =  1.000
     N[1st extinct] =  0, P[1st extinct] =  0.000
     Mean size (all populations) = 42615.30 (151.82 SE; 10735.16 SD)
  Means across extant populations only:
     Population size =          42615.30 (151.82 SE; 10735.16 SD)

Year 19
     N[Extinct] =    0, P[E] =  0.000
     N[Surviving] =  5000, P[S] =  1.000
     N[1st extinct] =  0, P[1st extinct] =  0.000
     Mean size (all populations) = 40655.49 (148.51 SE; 10501.45 SD)
  Means across extant populations only:
     Population size =          40655.49 (148.51 SE; 10501.45 SD)

Year 20
     N[Extinct] =    0, P[E] =  0.000
     N[Surviving] =  5000, P[S] =  1.000
     N[1st extinct] =  0, P[1st extinct] =  0.000
     Mean size (all populations) = 38722.13 (145.45 SE; 10285.02 SD)
  Means across extant populations only:
     Population size =          38722.13 (145.45 SE; 10285.02 SD)

Year 21
     N[Extinct] =    0, P[E] =  0.000
     N[Surviving] =  5000, P[S] =  1.000
     N[1st extinct] =  0, P[1st extinct] =  0.000
     Mean size (all populations) = 36945.79 (142.65 SE; 10086.77 SD)
  Means across extant populations only:
     Population size =          36945.79 (142.65 SE; 10086.77 SD)

Year 22
     N[Extinct] =    0, P[E] =  0.000
     N[Surviving] =  5000, P[S] =  1.000
     N[1st extinct] =  0, P[1st extinct] =  0.000
     Mean size (all populations) = 35282.34 (138.93 SE; 9823.70 SD)
  Means across extant populations only:
     Population size =          35282.34 (138.93 SE; 9823.70 SD)

Year 23
     N[Extinct] =    0, P[E] =  0.000
     N[Surviving] =  5000, P[S] =  1.000
     N[1st extinct] =  0, P[1st extinct] =  0.000
     Mean size (all populations) = 33656.76 (135.62 SE; 9589.93 SD)
  Means across extant populations only:
     Population size =          33656.76 (135.62 SE; 9589.93 SD)

Year 24
     N[Extinct] =    0, P[E] =  0.000
     N[Surviving] =  5000, P[S] =  1.000
     N[1st extinct] =  0, P[1st extinct] =  0.000
     Mean size (all populations) = 32112.66 (132.99 SE; 9403.54 SD)
  Means across extant populations only:
     Population size =          32112.66 (132.99 SE; 9403.54 SD)

Year 25
     N[Extinct] =    0, P[E] =  0.000
     N[Surviving] =  5000, P[S] =  1.000
     N[1st extinct] =  0, P[1st extinct] =  0.000
     Mean size (all populations) = 30679.07 (129.49 SE; 9156.51 SD)
  Means across extant populations only:
     Population size =          30679.07 (129.49 SE; 9156.51 SD)

Year 26
     N[Extinct] =    0, P[E] =  0.000
     N[Surviving] =  5000, P[S] =  1.000
     N[1st extinct] =  0, P[1st extinct] =  0.000
     Mean size (all populations) = 29244.39 (126.48 SE; 8943.43 SD)
  Means across extant populations only:
     Population size =          29244.39 (126.48 SE; 8943.43 SD)

Year 27
     N[Extinct] =    0, P[E] =  0.000
     N[Surviving] =  5000, P[S] =  1.000
     N[1st extinct] =  0, P[1st extinct] =  0.000
     Mean size (all populations) = 27882.58 (122.70 SE; 8675.87 SD)
  Means across extant populations only:
     Population size =          27882.58 (122.70 SE; 8675.87 SD)

Year 28
     N[Extinct] =    0, P[E] =  0.000
     N[Surviving] =  5000, P[S] =  1.000
     N[1st extinct] =  0, P[1st extinct] =  0.000
     Mean size (all populations) = 26578.15 (119.80 SE; 8471.10 SD)
  Means across extant populations only:
     Population size =          26578.15 (119.80 SE; 8471.10 SD)

Year 29
     N[Extinct] =    0, P[E] =  0.000
     N[Surviving] =  5000, P[S] =  1.000
     N[1st extinct] =  0, P[1st extinct] =  0.000
     Mean size (all populations) = 25369.49 (116.87 SE; 8264.30 SD)
  Means across extant populations only:
     Population size =          25369.49 (116.87 SE; 8264.30 SD)

Year 30
     N[Extinct] =    0, P[E] =  0.000
     N[Surviving] =  5000, P[S] =  1.000
     N[1st extinct] =  0, P[1st extinct] =  0.000
     Mean size (all populations) = 24193.72 (113.72 SE; 8041.11 SD)
  Means across extant populations only:
     Population size =          24193.72 (113.72 SE; 8041.11 SD)

Year 31
     N[Extinct] =    0, P[E] =  0.000
     N[Surviving] =  5000, P[S] =  1.000
     N[1st extinct] =  0, P[1st extinct] =  0.000
     Mean size (all populations) = 23077.32 (110.54 SE; 7816.46 SD)
  Means across extant populations only:
     Population size =          23077.32 (110.54 SE; 7816.46 SD)

Year 32
     N[Extinct] =    0, P[E] =  0.000
     N[Surviving] =  5000, P[S] =  1.000
     N[1st extinct] =  0, P[1st extinct] =  0.000
     Mean size (all populations) = 22034.17 (108.06 SE; 7641.12 SD)
  Means across extant populations only:
     Population size =          22034.17 (108.06 SE; 7641.12 SD)

Year 33
     N[Extinct] =    0, P[E] =  0.000
     N[Surviving] =  5000, P[S] =  1.000
     N[1st extinct] =  0, P[1st extinct] =  0.000
     Mean size (all populations) = 21014.04 (104.79 SE; 7409.76 SD)
  Means across extant populations only:
     Population size =          21014.04 (104.79 SE; 7409.76 SD)

Year 34
     N[Extinct] =    0, P[E] =  0.000
     N[Surviving] =  5000, P[S] =  1.000
     N[1st extinct] =  0, P[1st extinct] =  0.000
     Mean size (all populations) = 20057.13 (101.98 SE; 7210.86 SD)
  Means across extant populations only:
     Population size =          20057.13 (101.98 SE; 7210.86 SD)

Year 35
     N[Extinct] =    0, P[E] =  0.000
     N[Surviving] =  5000, P[S] =  1.000
     N[1st extinct] =  0, P[1st extinct] =  0.000
     Mean size (all populations) = 19131.83 (98.59 SE; 6971.29 SD)
  Means across extant populations only:
     Population size =          19131.83 (98.59 SE; 6971.29 SD)

Year 36
     N[Extinct] =    0, P[E] =  0.000
     N[Surviving] =  5000, P[S] =  1.000
     N[1st extinct] =  0, P[1st extinct] =  0.000
     Mean size (all populations) = 18242.92 (95.96 SE; 6785.13 SD)
  Means across extant populations only:
     Population size =          18242.92 (95.96 SE; 6785.13 SD)

Year 37
     N[Extinct] =    0, P[E] =  0.000
     N[Surviving] =  5000, P[S] =  1.000
     N[1st extinct] =  0, P[1st extinct] =  0.000
     Mean size (all populations) = 17398.19 (93.01 SE; 6577.09 SD)
  Means across extant populations only:
     Population size =          17398.19 (93.01 SE; 6577.09 SD)

Year 38
     N[Extinct] =    0, P[E] =  0.000
     N[Surviving] =  5000, P[S] =  1.000
     N[1st extinct] =  0, P[1st extinct] =  0.000
     Mean size (all populations) = 16618.04 (90.00 SE; 6363.98 SD)
  Means across extant populations only:
     Population size =          16618.04 (90.00 SE; 6363.98 SD)

Year 39
     N[Extinct] =    0, P[E] =  0.000
     N[Surviving] =  5000, P[S] =  1.000
     N[1st extinct] =  0, P[1st extinct] =  0.000
     Mean size (all populations) = 15832.48 (86.74 SE; 6133.18 SD)
  Means across extant populations only:
     Population size =          15832.48 (86.74 SE; 6133.18 SD)

Year 40
     N[Extinct] =    0, P[E] =  0.000
     N[Surviving] =  5000, P[S] =  1.000
     N[1st extinct] =  0, P[1st extinct] =  0.000
     Mean size (all populations) = 15098.06 (83.87 SE; 5930.64 SD)
  Means across extant populations only:
     Population size =          15098.06 (83.87 SE; 5930.64 SD)

Year 41
     N[Extinct] =    0, P[E] =  0.000
     N[Surviving] =  5000, P[S] =  1.000
     N[1st extinct] =  0, P[1st extinct] =  0.000
     Mean size (all populations) = 14390.79 (80.52 SE; 5693.71 SD)
  Means across extant populations only:
     Population size =          14390.79 (80.52 SE; 5693.71 SD)

Year 42
     N[Extinct] =    0, P[E] =  0.000
     N[Surviving] =  5000, P[S] =  1.000
     N[1st extinct] =  0, P[1st extinct] =  0.000
     Mean size (all populations) = 13741.21 (78.01 SE; 5516.29 SD)
  Means across extant populations only:
     Population size =          13741.21 (78.01 SE; 5516.29 SD)

Year 43
     N[Extinct] =    0, P[E] =  0.000
     N[Surviving] =  5000, P[S] =  1.000
     N[1st extinct] =  0, P[1st extinct] =  0.000
     Mean size (all populations) = 13116.06 (75.03 SE; 5305.55 SD)
  Means across extant populations only:
     Population size =          13116.06 (75.03 SE; 5305.55 SD)

Year 44
     N[Extinct] =    0, P[E] =  0.000
     N[Surviving] =  5000, P[S] =  1.000
     N[1st extinct] =  0, P[1st extinct] =  0.000
     Mean size (all populations) = 12535.39 (73.08 SE; 5167.20 SD)
  Means across extant populations only:
     Population size =          12535.39 (73.08 SE; 5167.20 SD)

Year 45
     N[Extinct] =    0, P[E] =  0.000
     N[Surviving] =  5000, P[S] =  1.000
     N[1st extinct] =  0, P[1st extinct] =  0.000
     Mean size (all populations) = 11961.54 (70.10 SE; 4956.70 SD)
  Means across extant populations only:
     Population size =          11961.54 (70.10 SE; 4956.70 SD)

Year 46
     N[Extinct] =    0, P[E] =  0.000
     N[Surviving] =  5000, P[S] =  1.000
     N[1st extinct] =  0, P[1st extinct] =  0.000
     Mean size (all populations) = 11408.69 (67.95 SE; 4805.00 SD)
  Means across extant populations only:
     Population size =          11408.69 (67.95 SE; 4805.00 SD)

Year 47
     N[Extinct] =    0, P[E] =  0.000
     N[Surviving] =  5000, P[S] =  1.000
     N[1st extinct] =  0, P[1st extinct] =  0.000
     Mean size (all populations) = 10902.47 (65.71 SE; 4646.49 SD)
  Means across extant populations only:
     Population size =          10902.47 (65.71 SE; 4646.49 SD)

Year 48
     N[Extinct] =    0, P[E] =  0.000
     N[Surviving] =  5000, P[S] =  1.000
     N[1st extinct] =  0, P[1st extinct] =  0.000
     Mean size (all populations) = 10391.02 (63.50 SE; 4489.80 SD)
  Means across extant populations only:
     Population size =          10391.02 (63.50 SE; 4489.80 SD)

Year 49
     N[Extinct] =    0, P[E] =  0.000
     N[Surviving] =  5000, P[S] =  1.000
     N[1st extinct] =  0, P[1st extinct] =  0.000
     Mean size (all populations) = 9894.15 (61.08 SE; 4318.92 SD)
  Means across extant populations only:
     Population size =          9894.15 (61.08 SE; 4318.92 SD)

Year 50
     N[Extinct] =    0, P[E] =  0.000
     N[Surviving] =  5000, P[S] =  1.000
     N[1st extinct] =  0, P[1st extinct] =  0.000
     Mean size (all populations) = 9445.50 (59.11 SE; 4179.84 SD)
  Means across extant populations only:
     Population size =          9445.50 (59.11 SE; 4179.84 SD)

Year 51
     N[Extinct] =    0, P[E] =  0.000
     N[Surviving] =  5000, P[S] =  1.000
     N[1st extinct] =  0, P[1st extinct] =  0.000
     Mean size (all populations) = 9003.64 (56.89 SE; 4022.50 SD)
  Means across extant populations only:
     Population size =          9003.64 (56.89 SE; 4022.50 SD)

Year 52
     N[Extinct] =    0, P[E] =  0.000
     N[Surviving] =  5000, P[S] =  1.000
     N[1st extinct] =  0, P[1st extinct] =  0.000
     Mean size (all populations) = 8579.62 (54.83 SE; 3877.28 SD)
  Means across extant populations only:
     Population size =          8579.62 (54.83 SE; 3877.28 SD)

Year 53
     N[Extinct] =    0, P[E] =  0.000
     N[Surviving] =  5000, P[S] =  1.000
     N[1st extinct] =  0, P[1st extinct] =  0.000
     Mean size (all populations) = 8178.61 (52.78 SE; 3732.06 SD)
  Means across extant populations only:
     Population size =          8178.61 (52.78 SE; 3732.06 SD)

Year 54
     N[Extinct] =    0, P[E] =  0.000
     N[Surviving] =  5000, P[S] =  1.000
     N[1st extinct] =  0, P[1st extinct] =  0.000
     Mean size (all populations) = 7794.17 (50.64 SE; 3580.46 SD)
  Means across extant populations only:
     Population size =          7794.17 (50.64 SE; 3580.46 SD)

Year 55
     N[Extinct] =    0, P[E] =  0.000
     N[Surviving] =  5000, P[S] =  1.000
     N[1st extinct] =  0, P[1st extinct] =  0.000
     Mean size (all populations) = 7448.22 (48.97 SE; 3462.69 SD)
  Means across extant populations only:
     Population size =          7448.22 (48.97 SE; 3462.69 SD)

Year 56
     N[Extinct] =    0, P[E] =  0.000
     N[Surviving] =  5000, P[S] =  1.000
     N[1st extinct] =  0, P[1st extinct] =  0.000
     Mean size (all populations) = 7103.17 (47.13 SE; 3332.39 SD)
  Means across extant populations only:
     Population size =          7103.17 (47.13 SE; 3332.39 SD)

Year 57
     N[Extinct] =    0, P[E] =  0.000
     N[Surviving] =  5000, P[S] =  1.000
     N[1st extinct] =  0, P[1st extinct] =  0.000
     Mean size (all populations) = 6791.30 (45.55 SE; 3220.99 SD)
  Means across extant populations only:
     Population size =          6791.30 (45.55 SE; 3220.99 SD)

Year 58
     N[Extinct] =    0, P[E] =  0.000
     N[Surviving] =  5000, P[S] =  1.000
     N[1st extinct] =  0, P[1st extinct] =  0.000
     Mean size (all populations) = 6458.66 (43.99 SE; 3110.88 SD)
  Means across extant populations only:
     Population size =          6458.66 (43.99 SE; 3110.88 SD)

Year 59
     N[Extinct] =    0, P[E] =  0.000
     N[Surviving] =  5000, P[S] =  1.000
     N[1st extinct] =  0, P[1st extinct] =  0.000
     Mean size (all populations) = 6160.87 (42.12 SE; 2978.27 SD)
  Means across extant populations only:
     Population size =          6160.87 (42.12 SE; 2978.27 SD)

Year 60
     N[Extinct] =    0, P[E] =  0.000
     N[Surviving] =  5000, P[S] =  1.000
     N[1st extinct] =  0, P[1st extinct] =  0.000
     Mean size (all populations) = 5870.35 (40.47 SE; 2861.84 SD)
  Means across extant populations only:
     Population size =          5870.35 (40.47 SE; 2861.84 SD)

Year 61
     N[Extinct] =    0, P[E] =  0.000
     N[Surviving] =  5000, P[S] =  1.000
     N[1st extinct] =  0, P[1st extinct] =  0.000
     Mean size (all populations) = 5602.61 (39.17 SE; 2769.90 SD)
  Means across extant populations only:
     Population size =          5602.61 (39.17 SE; 2769.90 SD)

Year 62
     N[Extinct] =    0, P[E] =  0.000
     N[Surviving] =  5000, P[S] =  1.000
     N[1st extinct] =  0, P[1st extinct] =  0.000
     Mean size (all populations) = 5341.92 (37.78 SE; 2671.48 SD)
  Means across extant populations only:
     Population size =          5341.92 (37.78 SE; 2671.48 SD)

Year 63
     N[Extinct] =    0, P[E] =  0.000
     N[Surviving] =  5000, P[S] =  1.000
     N[1st extinct] =  0, P[1st extinct] =  0.000
     Mean size (all populations) = 5088.56 (36.44 SE; 2576.43 SD)
  Means across extant populations only:
     Population size =          5088.56 (36.44 SE; 2576.43 SD)

Year 64
     N[Extinct] =    0, P[E] =  0.000
     N[Surviving] =  5000, P[S] =  1.000
     N[1st extinct] =  0, P[1st extinct] =  0.000
     Mean size (all populations) = 4837.64 (34.71 SE; 2454.61 SD)
  Means across extant populations only:
     Population size =          4837.64 (34.71 SE; 2454.61 SD)

Year 65
     N[Extinct] =    0, P[E] =  0.000
     N[Surviving] =  5000, P[S] =  1.000
     N[1st extinct] =  0, P[1st extinct] =  0.000
     Mean size (all populations) = 4619.88 (33.59 SE; 2375.11 SD)
  Means across extant populations only:
     Population size =          4619.88 (33.59 SE; 2375.11 SD)

Year 66
     N[Extinct] =    0, P[E] =  0.000
     N[Surviving] =  5000, P[S] =  1.000
     N[1st extinct] =  0, P[1st extinct] =  0.000
     Mean size (all populations) = 4393.49 (31.89 SE; 2254.78 SD)
  Means across extant populations only:
     Population size =          4393.49 (31.89 SE; 2254.78 SD)

Year 67
     N[Extinct] =    0, P[E] =  0.000
     N[Surviving] =  5000, P[S] =  1.000
     N[1st extinct] =  0, P[1st extinct] =  0.000
     Mean size (all populations) = 4193.78 (30.96 SE; 2188.97 SD)
  Means across extant populations only:
     Population size =          4193.78 (30.96 SE; 2188.97 SD)

Year 68
     N[Extinct] =    0, P[E] =  0.000
     N[Surviving] =  5000, P[S] =  1.000
     N[1st extinct] =  0, P[1st extinct] =  0.000
     Mean size (all populations) = 3992.85 (29.50 SE; 2086.04 SD)
  Means across extant populations only:
     Population size =          3992.85 (29.50 SE; 2086.04 SD)

Year 69
     N[Extinct] =    0, P[E] =  0.000
     N[Surviving] =  5000, P[S] =  1.000
     N[1st extinct] =  0, P[1st extinct] =  0.000
     Mean size (all populations) = 3807.31 (28.50 SE; 2014.96 SD)
  Means across extant populations only:
     Population size =          3807.31 (28.50 SE; 2014.96 SD)

Year 70
     N[Extinct] =    0, P[E] =  0.000
     N[Surviving] =  5000, P[S] =  1.000
     N[1st extinct] =  0, P[1st extinct] =  0.000
     Mean size (all populations) = 3629.66 (27.26 SE; 1927.63 SD)
  Means across extant populations only:
     Population size =          3629.66 (27.26 SE; 1927.63 SD)

Year 71
     N[Extinct] =    0, P[E] =  0.000
     N[Surviving] =  5000, P[S] =  1.000
     N[1st extinct] =  0, P[1st extinct] =  0.000
     Mean size (all populations) = 3466.21 (26.31 SE; 1860.50 SD)
  Means across extant populations only:
     Population size =          3466.21 (26.31 SE; 1860.50 SD)

Year 72
     N[Extinct] =    0, P[E] =  0.000
     N[Surviving] =  5000, P[S] =  1.000
     N[1st extinct] =  0, P[1st extinct] =  0.000
     Mean size (all populations) = 3305.62 (25.44 SE; 1798.74 SD)
  Means across extant populations only:
     Population size =          3305.62 (25.44 SE; 1798.74 SD)

Year 73
     N[Extinct] =    0, P[E] =  0.000
     N[Surviving] =  5000, P[S] =  1.000
     N[1st extinct] =  0, P[1st extinct] =  0.000
     Mean size (all populations) = 3155.68 (24.34 SE; 1721.31 SD)
  Means across extant populations only:
     Population size =          3155.68 (24.34 SE; 1721.31 SD)

Year 74
     N[Extinct] =    0, P[E] =  0.000
     N[Surviving] =  5000, P[S] =  1.000
     N[1st extinct] =  0, P[1st extinct] =  0.000
     Mean size (all populations) = 3009.61 (23.42 SE; 1656.24 SD)
  Means across extant populations only:
     Population size =          3009.61 (23.42 SE; 1656.24 SD)

Year 75
     N[Extinct] =    0, P[E] =  0.000
     N[Surviving] =  5000, P[S] =  1.000
     N[1st extinct] =  0, P[1st extinct] =  0.000
     Mean size (all populations) = 2868.82 (22.43 SE; 1586.20 SD)
  Means across extant populations only:
     Population size =          2868.82 (22.43 SE; 1586.20 SD)

Year 76
     N[Extinct] =    0, P[E] =  0.000
     N[Surviving] =  5000, P[S] =  1.000
     N[1st extinct] =  0, P[1st extinct] =  0.000
     Mean size (all populations) = 2738.50 (21.68 SE; 1532.71 SD)
  Means across extant populations only:
     Population size =          2738.50 (21.68 SE; 1532.71 SD)

Year 77
     N[Extinct] =    0, P[E] =  0.000
     N[Surviving] =  5000, P[S] =  1.000
     N[1st extinct] =  0, P[1st extinct] =  0.000
     Mean size (all populations) = 2613.01 (20.75 SE; 1467.12 SD)
  Means across extant populations only:
     Population size =          2613.01 (20.75 SE; 1467.12 SD)

Year 78
     N[Extinct] =    0, P[E] =  0.000
     N[Surviving] =  5000, P[S] =  1.000
     N[1st extinct] =  0, P[1st extinct] =  0.000
     Mean size (all populations) = 2491.09 (19.87 SE; 1405.22 SD)
  Means across extant populations only:
     Population size =          2491.09 (19.87 SE; 1405.22 SD)

Year 79
     N[Extinct] =    0, P[E] =  0.000
     N[Surviving] =  5000, P[S] =  1.000
     N[1st extinct] =  0, P[1st extinct] =  0.000
     Mean size (all populations) = 2382.24 (19.25 SE; 1361.24 SD)
  Means across extant populations only:
     Population size =          2382.24 (19.25 SE; 1361.24 SD)

Year 80
     N[Extinct] =    0, P[E] =  0.000
     N[Surviving] =  5000, P[S] =  1.000
     N[1st extinct] =  0, P[1st extinct] =  0.000
     Mean size (all populations) = 2273.11 (18.46 SE; 1305.31 SD)
  Means across extant populations only:
     Population size =          2273.11 (18.46 SE; 1305.31 SD)

Year 81
     N[Extinct] =    0, P[E] =  0.000
     N[Surviving] =  5000, P[S] =  1.000
     N[1st extinct] =  0, P[1st extinct] =  0.000
     Mean size (all populations) = 2168.34 (17.77 SE; 1256.53 SD)
  Means across extant populations only:
     Population size =          2168.34 (17.77 SE; 1256.53 SD)

Year 82
     N[Extinct] =    0, P[E] =  0.000
     N[Surviving] =  5000, P[S] =  1.000
     N[1st extinct] =  0, P[1st extinct] =  0.000
     Mean size (all populations) = 2069.16 (17.02 SE; 1203.71 SD)
  Means across extant populations only:
     Population size =          2069.16 (17.02 SE; 1203.71 SD)

Year 83
     N[Extinct] =    0, P[E] =  0.000
     N[Surviving] =  5000, P[S] =  1.000
     N[1st extinct] =  0, P[1st extinct] =  0.000
     Mean size (all populations) = 1973.07 (16.30 SE; 1152.71 SD)
  Means across extant populations only:
     Population size =          1973.07 (16.30 SE; 1152.71 SD)

Year 84
     N[Extinct] =    0, P[E] =  0.000
     N[Surviving] =  5000, P[S] =  1.000
     N[1st extinct] =  0, P[1st extinct] =  0.000
     Mean size (all populations) = 1883.42 (15.58 SE; 1101.44 SD)
  Means across extant populations only:
     Population size =          1883.42 (15.58 SE; 1101.44 SD)

Year 85
     N[Extinct] =    0, P[E] =  0.000
     N[Surviving] =  5000, P[S] =  1.000
     N[1st extinct] =  0, P[1st extinct] =  0.000
     Mean size (all populations) = 1796.04 (15.05 SE; 1064.03 SD)
  Means across extant populations only:
     Population size =          1796.04 (15.05 SE; 1064.03 SD)

Year 86
     N[Extinct] =    0, P[E] =  0.000
     N[Surviving] =  5000, P[S] =  1.000
     N[1st extinct] =  0, P[1st extinct] =  0.000
     Mean size (all populations) = 1712.92 (14.41 SE; 1019.27 SD)
  Means across extant populations only:
     Population size =          1712.92 (14.41 SE; 1019.27 SD)

Year 87
     N[Extinct] =    0, P[E] =  0.000
     N[Surviving] =  5000, P[S] =  1.000
     N[1st extinct] =  0, P[1st extinct] =  0.000
     Mean size (all populations) = 1632.27 (13.79 SE; 975.06 SD)
  Means across extant populations only:
     Population size =          1632.27 (13.79 SE; 975.06 SD)

Year 88
     N[Extinct] =    0, P[E] =  0.000
     N[Surviving] =  5000, P[S] =  1.000
     N[1st extinct] =  0, P[1st extinct] =  0.000
     Mean size (all populations) = 1558.97 (13.23 SE; 935.63 SD)
  Means across extant populations only:
     Population size =          1558.97 (13.23 SE; 935.63 SD)

Year 89
     N[Extinct] =    0, P[E] =  0.000
     N[Surviving] =  5000, P[S] =  1.000
     N[1st extinct] =  0, P[1st extinct] =  0.000
     Mean size (all populations) = 1487.46 (12.74 SE; 900.63 SD)
  Means across extant populations only:
     Population size =          1487.46 (12.74 SE; 900.63 SD)

Year 90
     N[Extinct] =    0, P[E] =  0.000
     N[Surviving] =  5000, P[S] =  1.000
     N[1st extinct] =  0, P[1st extinct] =  0.000
     Mean size (all populations) = 1421.47 (12.25 SE; 866.39 SD)
  Means across extant populations only:
     Population size =          1421.47 (12.25 SE; 866.39 SD)

Year 91
     N[Extinct] =    0, P[E] =  0.000
     N[Surviving] =  5000, P[S] =  1.000
     N[1st extinct] =  0, P[1st extinct] =  0.000
     Mean size (all populations) = 1355.73 (11.74 SE; 829.93 SD)
  Means across extant populations only:
     Population size =          1355.73 (11.74 SE; 829.93 SD)

Year 92
     N[Extinct] =    0, P[E] =  0.000
     N[Surviving] =  5000, P[S] =  1.000
     N[1st extinct] =  0, P[1st extinct] =  0.000
     Mean size (all populations) = 1291.08 (11.20 SE; 792.17 SD)
  Means across extant populations only:
     Population size =          1291.08 (11.20 SE; 792.17 SD)

Year 93
     N[Extinct] =    0, P[E] =  0.000
     N[Surviving] =  5000, P[S] =  1.000
     N[1st extinct] =  0, P[1st extinct] =  0.000
     Mean size (all populations) = 1229.30 (10.74 SE; 759.44 SD)
  Means across extant populations only:
     Population size =          1229.30 (10.74 SE; 759.44 SD)

Year 94
     N[Extinct] =    0, P[E] =  0.000
     N[Surviving] =  5000, P[S] =  1.000
     N[1st extinct] =  0, P[1st extinct] =  0.000
     Mean size (all populations) = 1172.80 (10.34 SE; 730.90 SD)
  Means across extant populations only:
     Population size =          1172.80 (10.34 SE; 730.90 SD)

Year 95
     N[Extinct] =    0, P[E] =  0.000
     N[Surviving] =  5000, P[S] =  1.000
     N[1st extinct] =  0, P[1st extinct] =  0.000
     Mean size (all populations) = 1118.06 (9.86 SE; 696.92 SD)
  Means across extant populations only:
     Population size =          1118.06 (9.86 SE; 696.92 SD)

Year 96
     N[Extinct] =    0, P[E] =  0.000
     N[Surviving] =  5000, P[S] =  1.000
     N[1st extinct] =  0, P[1st extinct] =  0.000
     Mean size (all populations) = 1064.66 (9.49 SE; 670.96 SD)
  Means across extant populations only:
     Population size =          1064.66 (9.49 SE; 670.96 SD)

Year 97
     N[Extinct] =    0, P[E] =  0.000
     N[Surviving] =  5000, P[S] =  1.000
     N[1st extinct] =  0, P[1st extinct] =  0.000
     Mean size (all populations) = 1015.81 (9.09 SE; 642.98 SD)
  Means across extant populations only:
     Population size =          1015.81 (9.09 SE; 642.98 SD)

Year 98
     N[Extinct] =    0, P[E] =  0.000
     N[Surviving] =  5000, P[S] =  1.000
     N[1st extinct] =  0, P[1st extinct] =  0.000
     Mean size (all populations) = 967.48 (8.70 SE; 615.41 SD)
  Means across extant populations only:
     Population size =          967.48 (8.70 SE; 615.41 SD)

Year 99
     N[Extinct] =    0, P[E] =  0.000
     N[Surviving] =  5000, P[S] =  1.000
     N[1st extinct] =  0, P[1st extinct] =  0.000
     Mean size (all populations) = 923.87 (8.36 SE; 591.06 SD)
  Means across extant populations only:
     Population size =          923.87 (8.36 SE; 591.06 SD)

Year 100
     N[Extinct] =    0, P[E] =  0.000
     N[Surviving] =  5000, P[S] =  1.000
     N[1st extinct] =  0, P[1st extinct] =  0.000
     Mean size (all populations) = 879.81 (7.98 SE; 564.24 SD)
  Means across extant populations only:
     Population size =          879.81 (7.98 SE; 564.24 SD)



In 5000 simulations of Default Scenario for 100 years:
  0 went extinct and 5000 survived.

This gives a probability of extinction of 0.00000 (0.00000 SE),
  or a probability of success of          1.00000 (0.00000 SE).

Means across all populations (extant and extinct) ...
Mean final population was 879.81 (7.98 SE; 564.24 SD).
   Age 0       1   Adults    Total
    0.00  220.04  219.93    439.96 Males
    0.00  219.99  219.85    439.84 Females

During 495000 simulation-years of harvest and/or supplementation
  mean growth rate (r) was -0.0487 (0.0001 SE, 0.0807 SD)

During 5000 simulation-years without harvest or supplementation
  mean growth rate (r) was 0.2746 (0.0011 SE, 0.0799 SD)

Across all years, prior to carrying capacity truncation,
  mean growth rate (r) was -0.0455 (0.0001 SE, 0.0869 SD)

0 of 1498364276 harvests of females could not be completed because of insufficient animals.
0 of 1498364385 harvests of males could not be completed because of insufficient animals.
*************************************************************************

