Results from VORTEX 10.5.4.0
Project: Copsychus_albospecularis
Scenario: Default Scenario

Population 1: Population1

Year 0
     N[Extinct] =    0, P[E] =  0.000
     N[Surviving] =  5000, P[S] =  1.000
     N[1st extinct] =  0, P[1st extinct] =  0.000
     Mean size (all populations) = 310794.00 (0.00 SE; 0.00 SD)
  Means across extant populations only:
     Population size =          310794.00 (0.00 SE; 0.00 SD)

Year 1
     N[Extinct] =    0, P[E] =  0.000
     N[Surviving] =  5000, P[S] =  1.000
     N[1st extinct] =  0, P[1st extinct] =  0.000
     Mean size (all populations) = 309166.66 (417.76 SE; 29540.16 SD)
  Means across extant populations only:
     Population size =          309166.66 (417.76 SE; 29540.16 SD)

Year 2
     N[Extinct] =    0, P[E] =  0.000
     N[Surviving] =  5000, P[S] =  1.000
     N[1st extinct] =  0, P[1st extinct] =  0.000
     Mean size (all populations) = 308151.71 (407.59 SE; 28821.18 SD)
  Means across extant populations only:
     Population size =          308151.71 (407.59 SE; 28821.18 SD)

Year 3
     N[Extinct] =    0, P[E] =  0.000
     N[Surviving] =  5000, P[S] =  1.000
     N[1st extinct] =  0, P[1st extinct] =  0.000
     Mean size (all populations) = 308561.04 (409.35 SE; 28945.53 SD)
  Means across extant populations only:
     Population size =          308561.04 (409.35 SE; 28945.53 SD)

Year 4
     N[Extinct] =    0, P[E] =  0.000
     N[Surviving] =  5000, P[S] =  1.000
     N[1st extinct] =  0, P[1st extinct] =  0.000
     Mean size (all populations) = 308018.68 (425.07 SE; 30057.13 SD)
  Means across extant populations only:
     Population size =          308018.68 (425.07 SE; 30057.13 SD)

Year 5
     N[Extinct] =    0, P[E] =  0.000
     N[Surviving] =  5000, P[S] =  1.000
     N[1st extinct] =  0, P[1st extinct] =  0.000
     Mean size (all populations) = 307462.69 (421.05 SE; 29772.79 SD)
  Means across extant populations only:
     Population size =          307462.69 (421.05 SE; 29772.79 SD)

Year 6
     N[Extinct] =    0, P[E] =  0.000
     N[Surviving] =  5000, P[S] =  1.000
     N[1st extinct] =  0, P[1st extinct] =  0.000
     Mean size (all populations) = 308189.53 (418.06 SE; 29561.34 SD)
  Means across extant populations only:
     Population size =          308189.53 (418.06 SE; 29561.34 SD)

Year 7
     N[Extinct] =    0, P[E] =  0.000
     N[Surviving] =  5000, P[S] =  1.000
     N[1st extinct] =  0, P[1st extinct] =  0.000
     Mean size (all populations) = 307783.83 (421.24 SE; 29786.03 SD)
  Means across extant populations only:
     Population size =          307783.83 (421.24 SE; 29786.03 SD)

Year 8
     N[Extinct] =    0, P[E] =  0.000
     N[Surviving] =  5000, P[S] =  1.000
     N[1st extinct] =  0, P[1st extinct] =  0.000
     Mean size (all populations) = 307580.92 (420.36 SE; 29723.69 SD)
  Means across extant populations only:
     Population size =          307580.92 (420.36 SE; 29723.69 SD)

Year 9
     N[Extinct] =    0, P[E] =  0.000
     N[Surviving] =  5000, P[S] =  1.000
     N[1st extinct] =  0, P[1st extinct] =  0.000
     Mean size (all populations) = 307730.22 (420.17 SE; 29710.71 SD)
  Means across extant populations only:
     Population size =          307730.22 (420.17 SE; 29710.71 SD)

Year 10
     N[Extinct] =    0, P[E] =  0.000
     N[Surviving] =  5000, P[S] =  1.000
     N[1st extinct] =  0, P[1st extinct] =  0.000
     Mean size (all populations) = 307799.68 (420.46 SE; 29731.21 SD)
  Means across extant populations only:
     Population size =          307799.68 (420.46 SE; 29731.21 SD)

Year 11
     N[Extinct] =    0, P[E] =  0.000
     N[Surviving] =  5000, P[S] =  1.000
     N[1st extinct] =  0, P[1st extinct] =  0.000
     Mean size (all populations) = 307526.05 (430.14 SE; 30415.16 SD)
  Means across extant populations only:
     Population size =          307526.05 (430.14 SE; 30415.16 SD)

Year 12
     N[Extinct] =    0, P[E] =  0.000
     N[Surviving] =  5000, P[S] =  1.000
     N[1st extinct] =  0, P[1st extinct] =  0.000
     Mean size (all populations) = 308001.83 (426.29 SE; 30143.47 SD)
  Means across extant populations only:
     Population size =          308001.83 (426.29 SE; 30143.47 SD)

Year 13
     N[Extinct] =    0, P[E] =  0.000
     N[Surviving] =  5000, P[S] =  1.000
     N[1st extinct] =  0, P[1st extinct] =  0.000
     Mean size (all populations) = 307784.89 (418.17 SE; 29569.12 SD)
  Means across extant populations only:
     Population size =          307784.89 (418.17 SE; 29569.12 SD)

Year 14
     N[Extinct] =    0, P[E] =  0.000
     N[Surviving] =  5000, P[S] =  1.000
     N[1st extinct] =  0, P[1st extinct] =  0.000
     Mean size (all populations) = 308644.88 (418.27 SE; 29576.50 SD)
  Means across extant populations only:
     Population size =          308644.88 (418.27 SE; 29576.50 SD)

Year 15
     N[Extinct] =    0, P[E] =  0.000
     N[Surviving] =  5000, P[S] =  1.000
     N[1st extinct] =  0, P[1st extinct] =  0.000
     Mean size (all populations) = 308304.33 (415.30 SE; 29366.33 SD)
  Means across extant populations only:
     Population size =          308304.33 (415.30 SE; 29366.33 SD)

Year 16
     N[Extinct] =    0, P[E] =  0.000
     N[Surviving] =  5000, P[S] =  1.000
     N[1st extinct] =  0, P[1st extinct] =  0.000
     Mean size (all populations) = 307963.81 (425.67 SE; 30099.50 SD)
  Means across extant populations only:
     Population size =          307963.81 (425.67 SE; 30099.50 SD)

Year 17
     N[Extinct] =    0, P[E] =  0.000
     N[Surviving] =  5000, P[S] =  1.000
     N[1st extinct] =  0, P[1st extinct] =  0.000
     Mean size (all populations) = 308015.71 (419.09 SE; 29634.01 SD)
  Means across extant populations only:
     Population size =          308015.71 (419.09 SE; 29634.01 SD)

Year 18
     N[Extinct] =    0, P[E] =  0.000
     N[Surviving] =  5000, P[S] =  1.000
     N[1st extinct] =  0, P[1st extinct] =  0.000
     Mean size (all populations) = 307527.39 (420.61 SE; 29741.31 SD)
  Means across extant populations only:
     Population size =          307527.39 (420.61 SE; 29741.31 SD)

Year 19
     N[Extinct] =    0, P[E] =  0.000
     N[Surviving] =  5000, P[S] =  1.000
     N[1st extinct] =  0, P[1st extinct] =  0.000
     Mean size (all populations) = 307813.44 (419.32 SE; 29650.34 SD)
  Means across extant populations only:
     Population size =          307813.44 (419.32 SE; 29650.34 SD)

Year 20
     N[Extinct] =    0, P[E] =  0.000
     N[Surviving] =  5000, P[S] =  1.000
     N[1st extinct] =  0, P[1st extinct] =  0.000
     Mean size (all populations) = 308331.36 (408.98 SE; 28919.00 SD)
  Means across extant populations only:
     Population size =          308331.36 (408.98 SE; 28919.00 SD)

Year 21
     N[Extinct] =    0, P[E] =  0.000
     N[Surviving] =  5000, P[S] =  1.000
     N[1st extinct] =  0, P[1st extinct] =  0.000
     Mean size (all populations) = 308173.23 (422.20 SE; 29853.98 SD)
  Means across extant populations only:
     Population size =          308173.23 (422.20 SE; 29853.98 SD)

Year 22
     N[Extinct] =    0, P[E] =  0.000
     N[Surviving] =  5000, P[S] =  1.000
     N[1st extinct] =  0, P[1st extinct] =  0.000
     Mean size (all populations) = 308645.51 (425.07 SE; 30057.20 SD)
  Means across extant populations only:
     Population size =          308645.51 (425.07 SE; 30057.20 SD)

Year 23
     N[Extinct] =    0, P[E] =  0.000
     N[Surviving] =  5000, P[S] =  1.000
     N[1st extinct] =  0, P[1st extinct] =  0.000
     Mean size (all populations) = 307244.27 (424.58 SE; 30022.57 SD)
  Means across extant populations only:
     Population size =          307244.27 (424.58 SE; 30022.57 SD)

Year 24
     N[Extinct] =    0, P[E] =  0.000
     N[Surviving] =  5000, P[S] =  1.000
     N[1st extinct] =  0, P[1st extinct] =  0.000
     Mean size (all populations) = 308304.19 (418.47 SE; 29590.04 SD)
  Means across extant populations only:
     Population size =          308304.19 (418.47 SE; 29590.04 SD)

Year 25
     N[Extinct] =    0, P[E] =  0.000
     N[Surviving] =  5000, P[S] =  1.000
     N[1st extinct] =  0, P[1st extinct] =  0.000
     Mean size (all populations) = 308364.20 (418.34 SE; 29580.86 SD)
  Means across extant populations only:
     Population size =          308364.20 (418.34 SE; 29580.86 SD)

Year 26
     N[Extinct] =    0, P[E] =  0.000
     N[Surviving] =  5000, P[S] =  1.000
     N[1st extinct] =  0, P[1st extinct] =  0.000
     Mean size (all populations) = 308297.79 (420.52 SE; 29735.27 SD)
  Means across extant populations only:
     Population size =          308297.79 (420.52 SE; 29735.27 SD)

Year 27
     N[Extinct] =    0, P[E] =  0.000
     N[Surviving] =  5000, P[S] =  1.000
     N[1st extinct] =  0, P[1st extinct] =  0.000
     Mean size (all populations) = 308148.29 (416.49 SE; 29449.96 SD)
  Means across extant populations only:
     Population size =          308148.29 (416.49 SE; 29449.96 SD)

Year 28
     N[Extinct] =    0, P[E] =  0.000
     N[Surviving] =  5000, P[S] =  1.000
     N[1st extinct] =  0, P[1st extinct] =  0.000
     Mean size (all populations) = 307414.12 (411.70 SE; 29111.66 SD)
  Means across extant populations only:
     Population size =          307414.12 (411.70 SE; 29111.66 SD)

Year 29
     N[Extinct] =    0, P[E] =  0.000
     N[Surviving] =  5000, P[S] =  1.000
     N[1st extinct] =  0, P[1st extinct] =  0.000
     Mean size (all populations) = 307760.69 (419.87 SE; 29689.61 SD)
  Means across extant populations only:
     Population size =          307760.69 (419.87 SE; 29689.61 SD)

Year 30
     N[Extinct] =    0, P[E] =  0.000
     N[Surviving] =  5000, P[S] =  1.000
     N[1st extinct] =  0, P[1st extinct] =  0.000
     Mean size (all populations) = 308190.40 (413.97 SE; 29271.81 SD)
  Means across extant populations only:
     Population size =          308190.40 (413.97 SE; 29271.81 SD)

Year 31
     N[Extinct] =    0, P[E] =  0.000
     N[Surviving] =  5000, P[S] =  1.000
     N[1st extinct] =  0, P[1st extinct] =  0.000
     Mean size (all populations) = 308833.11 (423.59 SE; 29952.10 SD)
  Means across extant populations only:
     Population size =          308833.11 (423.59 SE; 29952.10 SD)

Year 32
     N[Extinct] =    0, P[E] =  0.000
     N[Surviving] =  5000, P[S] =  1.000
     N[1st extinct] =  0, P[1st extinct] =  0.000
     Mean size (all populations) = 307921.15 (428.82 SE; 30322.06 SD)
  Means across extant populations only:
     Population size =          307921.15 (428.82 SE; 30322.06 SD)

Year 33
     N[Extinct] =    0, P[E] =  0.000
     N[Surviving] =  5000, P[S] =  1.000
     N[1st extinct] =  0, P[1st extinct] =  0.000
     Mean size (all populations) = 307453.56 (419.30 SE; 29648.64 SD)
  Means across extant populations only:
     Population size =          307453.56 (419.30 SE; 29648.64 SD)

Year 34
     N[Extinct] =    0, P[E] =  0.000
     N[Surviving] =  5000, P[S] =  1.000
     N[1st extinct] =  0, P[1st extinct] =  0.000
     Mean size (all populations) = 307748.53 (409.57 SE; 28960.79 SD)
  Means across extant populations only:
     Population size =          307748.53 (409.57 SE; 28960.79 SD)

Year 35
     N[Extinct] =    0, P[E] =  0.000
     N[Surviving] =  5000, P[S] =  1.000
     N[1st extinct] =  0, P[1st extinct] =  0.000
     Mean size (all populations) = 308769.22 (416.49 SE; 29450.10 SD)
  Means across extant populations only:
     Population size =          308769.22 (416.49 SE; 29450.10 SD)

Year 36
     N[Extinct] =    0, P[E] =  0.000
     N[Surviving] =  5000, P[S] =  1.000
     N[1st extinct] =  0, P[1st extinct] =  0.000
     Mean size (all populations) = 307913.48 (423.00 SE; 29910.89 SD)
  Means across extant populations only:
     Population size =          307913.48 (423.00 SE; 29910.89 SD)

Year 37
     N[Extinct] =    0, P[E] =  0.000
     N[Surviving] =  5000, P[S] =  1.000
     N[1st extinct] =  0, P[1st extinct] =  0.000
     Mean size (all populations) = 307580.92 (420.45 SE; 29730.23 SD)
  Means across extant populations only:
     Population size =          307580.92 (420.45 SE; 29730.23 SD)

Year 38
     N[Extinct] =    0, P[E] =  0.000
     N[Surviving] =  5000, P[S] =  1.000
     N[1st extinct] =  0, P[1st extinct] =  0.000
     Mean size (all populations) = 307717.38 (418.01 SE; 29558.08 SD)
  Means across extant populations only:
     Population size =          307717.38 (418.01 SE; 29558.08 SD)

Year 39
     N[Extinct] =    0, P[E] =  0.000
     N[Surviving] =  5000, P[S] =  1.000
     N[1st extinct] =  0, P[1st extinct] =  0.000
     Mean size (all populations) = 307378.01 (418.33 SE; 29580.23 SD)
  Means across extant populations only:
     Population size =          307378.01 (418.33 SE; 29580.23 SD)

Year 40
     N[Extinct] =    0, P[E] =  0.000
     N[Surviving] =  5000, P[S] =  1.000
     N[1st extinct] =  0, P[1st extinct] =  0.000
     Mean size (all populations) = 307875.41 (421.61 SE; 29812.05 SD)
  Means across extant populations only:
     Population size =          307875.41 (421.61 SE; 29812.05 SD)

Year 41
     N[Extinct] =    0, P[E] =  0.000
     N[Surviving] =  5000, P[S] =  1.000
     N[1st extinct] =  0, P[1st extinct] =  0.000
     Mean size (all populations) = 307998.98 (415.41 SE; 29373.83 SD)
  Means across extant populations only:
     Population size =          307998.98 (415.41 SE; 29373.83 SD)

Year 42
     N[Extinct] =    0, P[E] =  0.000
     N[Surviving] =  5000, P[S] =  1.000
     N[1st extinct] =  0, P[1st extinct] =  0.000
     Mean size (all populations) = 308116.24 (421.31 SE; 29790.91 SD)
  Means across extant populations only:
     Population size =          308116.24 (421.31 SE; 29790.91 SD)

Year 43
     N[Extinct] =    0, P[E] =  0.000
     N[Surviving] =  5000, P[S] =  1.000
     N[1st extinct] =  0, P[1st extinct] =  0.000
     Mean size (all populations) = 307717.64 (423.44 SE; 29941.84 SD)
  Means across extant populations only:
     Population size =          307717.64 (423.44 SE; 29941.84 SD)

Year 44
     N[Extinct] =    0, P[E] =  0.000
     N[Surviving] =  5000, P[S] =  1.000
     N[1st extinct] =  0, P[1st extinct] =  0.000
     Mean size (all populations) = 307654.33 (418.64 SE; 29602.26 SD)
  Means across extant populations only:
     Population size =          307654.33 (418.64 SE; 29602.26 SD)

Year 45
     N[Extinct] =    0, P[E] =  0.000
     N[Surviving] =  5000, P[S] =  1.000
     N[1st extinct] =  0, P[1st extinct] =  0.000
     Mean size (all populations) = 306993.40 (422.76 SE; 29893.74 SD)
  Means across extant populations only:
     Population size =          306993.40 (422.76 SE; 29893.74 SD)

Year 46
     N[Extinct] =    0, P[E] =  0.000
     N[Surviving] =  5000, P[S] =  1.000
     N[1st extinct] =  0, P[1st extinct] =  0.000
     Mean size (all populations) = 308557.82 (420.42 SE; 29728.09 SD)
  Means across extant populations only:
     Population size =          308557.82 (420.42 SE; 29728.09 SD)

Year 47
     N[Extinct] =    0, P[E] =  0.000
     N[Surviving] =  5000, P[S] =  1.000
     N[1st extinct] =  0, P[1st extinct] =  0.000
     Mean size (all populations) = 308384.51 (418.10 SE; 29564.34 SD)
  Means across extant populations only:
     Population size =          308384.51 (418.10 SE; 29564.34 SD)

Year 48
     N[Extinct] =    0, P[E] =  0.000
     N[Surviving] =  5000, P[S] =  1.000
     N[1st extinct] =  0, P[1st extinct] =  0.000
     Mean size (all populations) = 307374.71 (425.82 SE; 30110.00 SD)
  Means across extant populations only:
     Population size =          307374.71 (425.82 SE; 30110.00 SD)

Year 49
     N[Extinct] =    0, P[E] =  0.000
     N[Surviving] =  5000, P[S] =  1.000
     N[1st extinct] =  0, P[1st extinct] =  0.000
     Mean size (all populations) = 307581.15 (419.24 SE; 29644.46 SD)
  Means across extant populations only:
     Population size =          307581.15 (419.24 SE; 29644.46 SD)

Year 50
     N[Extinct] =    0, P[E] =  0.000
     N[Surviving] =  5000, P[S] =  1.000
     N[1st extinct] =  0, P[1st extinct] =  0.000
     Mean size (all populations) = 307257.48 (418.09 SE; 29563.17 SD)
  Means across extant populations only:
     Population size =          307257.48 (418.09 SE; 29563.17 SD)

Year 51
     N[Extinct] =    0, P[E] =  0.000
     N[Surviving] =  5000, P[S] =  1.000
     N[1st extinct] =  0, P[1st extinct] =  0.000
     Mean size (all populations) = 308098.05 (425.70 SE; 30101.58 SD)
  Means across extant populations only:
     Population size =          308098.05 (425.70 SE; 30101.58 SD)

Year 52
     N[Extinct] =    0, P[E] =  0.000
     N[Surviving] =  5000, P[S] =  1.000
     N[1st extinct] =  0, P[1st extinct] =  0.000
     Mean size (all populations) = 308527.35 (416.58 SE; 29456.37 SD)
  Means across extant populations only:
     Population size =          308527.35 (416.58 SE; 29456.37 SD)

Year 53
     N[Extinct] =    0, P[E] =  0.000
     N[Surviving] =  5000, P[S] =  1.000
     N[1st extinct] =  0, P[1st extinct] =  0.000
     Mean size (all populations) = 308176.91 (416.80 SE; 29472.34 SD)
  Means across extant populations only:
     Population size =          308176.91 (416.80 SE; 29472.34 SD)

Year 54
     N[Extinct] =    0, P[E] =  0.000
     N[Surviving] =  5000, P[S] =  1.000
     N[1st extinct] =  0, P[1st extinct] =  0.000
     Mean size (all populations) = 308569.91 (415.69 SE; 29393.48 SD)
  Means across extant populations only:
     Population size =          308569.91 (415.69 SE; 29393.48 SD)

Year 55
     N[Extinct] =    0, P[E] =  0.000
     N[Surviving] =  5000, P[S] =  1.000
     N[1st extinct] =  0, P[1st extinct] =  0.000
     Mean size (all populations) = 307879.92 (415.96 SE; 29412.97 SD)
  Means across extant populations only:
     Population size =          307879.92 (415.96 SE; 29412.97 SD)

Year 56
     N[Extinct] =    0, P[E] =  0.000
     N[Surviving] =  5000, P[S] =  1.000
     N[1st extinct] =  0, P[1st extinct] =  0.000
     Mean size (all populations) = 308333.96 (415.32 SE; 29367.27 SD)
  Means across extant populations only:
     Population size =          308333.96 (415.32 SE; 29367.27 SD)

Year 57
     N[Extinct] =    0, P[E] =  0.000
     N[Surviving] =  5000, P[S] =  1.000
     N[1st extinct] =  0, P[1st extinct] =  0.000
     Mean size (all populations) = 308202.42 (424.84 SE; 30040.64 SD)
  Means across extant populations only:
     Population size =          308202.42 (424.84 SE; 30040.64 SD)

Year 58
     N[Extinct] =    0, P[E] =  0.000
     N[Surviving] =  5000, P[S] =  1.000
     N[1st extinct] =  0, P[1st extinct] =  0.000
     Mean size (all populations) = 307458.99 (423.86 SE; 29971.70 SD)
  Means across extant populations only:
     Population size =          307458.99 (423.86 SE; 29971.70 SD)

Year 59
     N[Extinct] =    0, P[E] =  0.000
     N[Surviving] =  5000, P[S] =  1.000
     N[1st extinct] =  0, P[1st extinct] =  0.000
     Mean size (all populations) = 307833.85 (417.26 SE; 29504.63 SD)
  Means across extant populations only:
     Population size =          307833.85 (417.26 SE; 29504.63 SD)

Year 60
     N[Extinct] =    0, P[E] =  0.000
     N[Surviving] =  5000, P[S] =  1.000
     N[1st extinct] =  0, P[1st extinct] =  0.000
     Mean size (all populations) = 308295.00 (418.51 SE; 29592.98 SD)
  Means across extant populations only:
     Population size =          308295.00 (418.51 SE; 29592.98 SD)

Year 61
     N[Extinct] =    0, P[E] =  0.000
     N[Surviving] =  5000, P[S] =  1.000
     N[1st extinct] =  0, P[1st extinct] =  0.000
     Mean size (all populations) = 308042.44 (417.51 SE; 29522.57 SD)
  Means across extant populations only:
     Population size =          308042.44 (417.51 SE; 29522.57 SD)

Year 62
     N[Extinct] =    0, P[E] =  0.000
     N[Surviving] =  5000, P[S] =  1.000
     N[1st extinct] =  0, P[1st extinct] =  0.000
     Mean size (all populations) = 308336.11 (414.12 SE; 29282.48 SD)
  Means across extant populations only:
     Population size =          308336.11 (414.12 SE; 29282.48 SD)

Year 63
     N[Extinct] =    0, P[E] =  0.000
     N[Surviving] =  5000, P[S] =  1.000
     N[1st extinct] =  0, P[1st extinct] =  0.000
     Mean size (all populations) = 308119.96 (423.97 SE; 29979.15 SD)
  Means across extant populations only:
     Population size =          308119.96 (423.97 SE; 29979.15 SD)

Year 64
     N[Extinct] =    0, P[E] =  0.000
     N[Surviving] =  5000, P[S] =  1.000
     N[1st extinct] =  0, P[1st extinct] =  0.000
     Mean size (all populations) = 308022.44 (422.77 SE; 29894.01 SD)
  Means across extant populations only:
     Population size =          308022.44 (422.77 SE; 29894.01 SD)

Year 65
     N[Extinct] =    0, P[E] =  0.000
     N[Surviving] =  5000, P[S] =  1.000
     N[1st extinct] =  0, P[1st extinct] =  0.000
     Mean size (all populations) = 308201.91 (412.17 SE; 29144.60 SD)
  Means across extant populations only:
     Population size =          308201.91 (412.17 SE; 29144.60 SD)

Year 66
     N[Extinct] =    0, P[E] =  0.000
     N[Surviving] =  5000, P[S] =  1.000
     N[1st extinct] =  0, P[1st extinct] =  0.000
     Mean size (all populations) = 307072.99 (421.92 SE; 29834.53 SD)
  Means across extant populations only:
     Population size =          307072.99 (421.92 SE; 29834.53 SD)

Year 67
     N[Extinct] =    0, P[E] =  0.000
     N[Surviving] =  5000, P[S] =  1.000
     N[1st extinct] =  0, P[1st extinct] =  0.000
     Mean size (all populations) = 308156.93 (416.81 SE; 29472.78 SD)
  Means across extant populations only:
     Population size =          308156.93 (416.81 SE; 29472.78 SD)

Year 68
     N[Extinct] =    0, P[E] =  0.000
     N[Surviving] =  5000, P[S] =  1.000
     N[1st extinct] =  0, P[1st extinct] =  0.000
     Mean size (all populations) = 307664.56 (414.61 SE; 29317.40 SD)
  Means across extant populations only:
     Population size =          307664.56 (414.61 SE; 29317.40 SD)

Year 69
     N[Extinct] =    0, P[E] =  0.000
     N[Surviving] =  5000, P[S] =  1.000
     N[1st extinct] =  0, P[1st extinct] =  0.000
     Mean size (all populations) = 307014.65 (416.29 SE; 29436.47 SD)
  Means across extant populations only:
     Population size =          307014.65 (416.29 SE; 29436.47 SD)

Year 70
     N[Extinct] =    0, P[E] =  0.000
     N[Surviving] =  5000, P[S] =  1.000
     N[1st extinct] =  0, P[1st extinct] =  0.000
     Mean size (all populations) = 308452.15 (416.35 SE; 29440.05 SD)
  Means across extant populations only:
     Population size =          308452.15 (416.35 SE; 29440.05 SD)

Year 71
     N[Extinct] =    0, P[E] =  0.000
     N[Surviving] =  5000, P[S] =  1.000
     N[1st extinct] =  0, P[1st extinct] =  0.000
     Mean size (all populations) = 308411.32 (418.58 SE; 29598.29 SD)
  Means across extant populations only:
     Population size =          308411.32 (418.58 SE; 29598.29 SD)

Year 72
     N[Extinct] =    0, P[E] =  0.000
     N[Surviving] =  5000, P[S] =  1.000
     N[1st extinct] =  0, P[1st extinct] =  0.000
     Mean size (all populations) = 307716.32 (433.71 SE; 30667.88 SD)
  Means across extant populations only:
     Population size =          307716.32 (433.71 SE; 30667.88 SD)

Year 73
     N[Extinct] =    0, P[E] =  0.000
     N[Surviving] =  5000, P[S] =  1.000
     N[1st extinct] =  0, P[1st extinct] =  0.000
     Mean size (all populations) = 307900.77 (417.22 SE; 29501.65 SD)
  Means across extant populations only:
     Population size =          307900.77 (417.22 SE; 29501.65 SD)

Year 74
     N[Extinct] =    0, P[E] =  0.000
     N[Surviving] =  5000, P[S] =  1.000
     N[1st extinct] =  0, P[1st extinct] =  0.000
     Mean size (all populations) = 307888.81 (419.46 SE; 29660.64 SD)
  Means across extant populations only:
     Population size =          307888.81 (419.46 SE; 29660.64 SD)

Year 75
     N[Extinct] =    0, P[E] =  0.000
     N[Surviving] =  5000, P[S] =  1.000
     N[1st extinct] =  0, P[1st extinct] =  0.000
     Mean size (all populations) = 308221.78 (419.27 SE; 29646.90 SD)
  Means across extant populations only:
     Population size =          308221.78 (419.27 SE; 29646.90 SD)

Year 76
     N[Extinct] =    0, P[E] =  0.000
     N[Surviving] =  5000, P[S] =  1.000
     N[1st extinct] =  0, P[1st extinct] =  0.000
     Mean size (all populations) = 307971.77 (410.67 SE; 29038.89 SD)
  Means across extant populations only:
     Population size =          307971.77 (410.67 SE; 29038.89 SD)

Year 77
     N[Extinct] =    0, P[E] =  0.000
     N[Surviving] =  5000, P[S] =  1.000
     N[1st extinct] =  0, P[1st extinct] =  0.000
     Mean size (all populations) = 308128.48 (415.64 SE; 29390.25 SD)
  Means across extant populations only:
     Population size =          308128.48 (415.64 SE; 29390.25 SD)

Year 78
     N[Extinct] =    0, P[E] =  0.000
     N[Surviving] =  5000, P[S] =  1.000
     N[1st extinct] =  0, P[1st extinct] =  0.000
     Mean size (all populations) = 308346.37 (414.28 SE; 29293.96 SD)
  Means across extant populations only:
     Population size =          308346.37 (414.28 SE; 29293.96 SD)

Year 79
     N[Extinct] =    0, P[E] =  0.000
     N[Surviving] =  5000, P[S] =  1.000
     N[1st extinct] =  0, P[1st extinct] =  0.000
     Mean size (all populations) = 308096.53 (414.47 SE; 29307.56 SD)
  Means across extant populations only:
     Population size =          308096.53 (414.47 SE; 29307.56 SD)

Year 80
     N[Extinct] =    0, P[E] =  0.000
     N[Surviving] =  5000, P[S] =  1.000
     N[1st extinct] =  0, P[1st extinct] =  0.000
     Mean size (all populations) = 307751.89 (420.21 SE; 29713.17 SD)
  Means across extant populations only:
     Population size =          307751.89 (420.21 SE; 29713.17 SD)

Year 81
     N[Extinct] =    0, P[E] =  0.000
     N[Surviving] =  5000, P[S] =  1.000
     N[1st extinct] =  0, P[1st extinct] =  0.000
     Mean size (all populations) = 308025.18 (422.29 SE; 29860.68 SD)
  Means across extant populations only:
     Population size =          308025.18 (422.29 SE; 29860.68 SD)

Year 82
     N[Extinct] =    0, P[E] =  0.000
     N[Surviving] =  5000, P[S] =  1.000
     N[1st extinct] =  0, P[1st extinct] =  0.000
     Mean size (all populations) = 308537.82 (409.58 SE; 28961.48 SD)
  Means across extant populations only:
     Population size =          308537.82 (409.58 SE; 28961.48 SD)

Year 83
     N[Extinct] =    0, P[E] =  0.000
     N[Surviving] =  5000, P[S] =  1.000
     N[1st extinct] =  0, P[1st extinct] =  0.000
     Mean size (all populations) = 308169.31 (420.35 SE; 29723.51 SD)
  Means across extant populations only:
     Population size =          308169.31 (420.35 SE; 29723.51 SD)

Year 84
     N[Extinct] =    0, P[E] =  0.000
     N[Surviving] =  5000, P[S] =  1.000
     N[1st extinct] =  0, P[1st extinct] =  0.000
     Mean size (all populations) = 308020.04 (421.95 SE; 29836.67 SD)
  Means across extant populations only:
     Population size =          308020.04 (421.95 SE; 29836.67 SD)

Year 85
     N[Extinct] =    0, P[E] =  0.000
     N[Surviving] =  5000, P[S] =  1.000
     N[1st extinct] =  0, P[1st extinct] =  0.000
     Mean size (all populations) = 307539.60 (421.23 SE; 29785.79 SD)
  Means across extant populations only:
     Population size =          307539.60 (421.23 SE; 29785.79 SD)

Year 86
     N[Extinct] =    0, P[E] =  0.000
     N[Surviving] =  5000, P[S] =  1.000
     N[1st extinct] =  0, P[1st extinct] =  0.000
     Mean size (all populations) = 308251.97 (420.65 SE; 29744.75 SD)
  Means across extant populations only:
     Population size =          308251.97 (420.65 SE; 29744.75 SD)

Year 87
     N[Extinct] =    0, P[E] =  0.000
     N[Surviving] =  5000, P[S] =  1.000
     N[1st extinct] =  0, P[1st extinct] =  0.000
     Mean size (all populations) = 307216.13 (424.56 SE; 30020.67 SD)
  Means across extant populations only:
     Population size =          307216.13 (424.56 SE; 30020.67 SD)

Year 88
     N[Extinct] =    0, P[E] =  0.000
     N[Surviving] =  5000, P[S] =  1.000
     N[1st extinct] =  0, P[1st extinct] =  0.000
     Mean size (all populations) = 308010.91 (417.69 SE; 29535.06 SD)
  Means across extant populations only:
     Population size =          308010.91 (417.69 SE; 29535.06 SD)

Year 89
     N[Extinct] =    0, P[E] =  0.000
     N[Surviving] =  5000, P[S] =  1.000
     N[1st extinct] =  0, P[1st extinct] =  0.000
     Mean size (all populations) = 307856.53 (425.89 SE; 30114.82 SD)
  Means across extant populations only:
     Population size =          307856.53 (425.89 SE; 30114.82 SD)

Year 90
     N[Extinct] =    0, P[E] =  0.000
     N[Surviving] =  5000, P[S] =  1.000
     N[1st extinct] =  0, P[1st extinct] =  0.000
     Mean size (all populations) = 307500.86 (429.29 SE; 30355.57 SD)
  Means across extant populations only:
     Population size =          307500.86 (429.29 SE; 30355.57 SD)

Year 91
     N[Extinct] =    0, P[E] =  0.000
     N[Surviving] =  5000, P[S] =  1.000
     N[1st extinct] =  0, P[1st extinct] =  0.000
     Mean size (all populations) = 307609.30 (411.81 SE; 29119.30 SD)
  Means across extant populations only:
     Population size =          307609.30 (411.81 SE; 29119.30 SD)

Year 92
     N[Extinct] =    0, P[E] =  0.000
     N[Surviving] =  5000, P[S] =  1.000
     N[1st extinct] =  0, P[1st extinct] =  0.000
     Mean size (all populations) = 308074.89 (420.35 SE; 29723.10 SD)
  Means across extant populations only:
     Population size =          308074.89 (420.35 SE; 29723.10 SD)

Year 93
     N[Extinct] =    0, P[E] =  0.000
     N[Surviving] =  5000, P[S] =  1.000
     N[1st extinct] =  0, P[1st extinct] =  0.000
     Mean size (all populations) = 307832.05 (425.53 SE; 30089.50 SD)
  Means across extant populations only:
     Population size =          307832.05 (425.53 SE; 30089.50 SD)

Year 94
     N[Extinct] =    0, P[E] =  0.000
     N[Surviving] =  5000, P[S] =  1.000
     N[1st extinct] =  0, P[1st extinct] =  0.000
     Mean size (all populations) = 308193.12 (420.12 SE; 29706.75 SD)
  Means across extant populations only:
     Population size =          308193.12 (420.12 SE; 29706.75 SD)

Year 95
     N[Extinct] =    0, P[E] =  0.000
     N[Surviving] =  5000, P[S] =  1.000
     N[1st extinct] =  0, P[1st extinct] =  0.000
     Mean size (all populations) = 307773.59 (422.57 SE; 29880.09 SD)
  Means across extant populations only:
     Population size =          307773.59 (422.57 SE; 29880.09 SD)

Year 96
     N[Extinct] =    0, P[E] =  0.000
     N[Surviving] =  5000, P[S] =  1.000
     N[1st extinct] =  0, P[1st extinct] =  0.000
     Mean size (all populations) = 308497.24 (420.08 SE; 29704.30 SD)
  Means across extant populations only:
     Population size =          308497.24 (420.08 SE; 29704.30 SD)

Year 97
     N[Extinct] =    0, P[E] =  0.000
     N[Surviving] =  5000, P[S] =  1.000
     N[1st extinct] =  0, P[1st extinct] =  0.000
     Mean size (all populations) = 307560.87 (414.11 SE; 29281.95 SD)
  Means across extant populations only:
     Population size =          307560.87 (414.11 SE; 29281.95 SD)

Year 98
     N[Extinct] =    0, P[E] =  0.000
     N[Surviving] =  5000, P[S] =  1.000
     N[1st extinct] =  0, P[1st extinct] =  0.000
     Mean size (all populations) = 307754.25 (415.77 SE; 29399.29 SD)
  Means across extant populations only:
     Population size =          307754.25 (415.77 SE; 29399.29 SD)

Year 99
     N[Extinct] =    0, P[E] =  0.000
     N[Surviving] =  5000, P[S] =  1.000
     N[1st extinct] =  0, P[1st extinct] =  0.000
     Mean size (all populations) = 308139.54 (423.37 SE; 29936.79 SD)
  Means across extant populations only:
     Population size =          308139.54 (423.37 SE; 29936.79 SD)

Year 100
     N[Extinct] =    0, P[E] =  0.000
     N[Surviving] =  5000, P[S] =  1.000
     N[1st extinct] =  0, P[1st extinct] =  0.000
     Mean size (all populations) = 307610.56 (418.06 SE; 29561.38 SD)
  Means across extant populations only:
     Population size =          307610.56 (418.06 SE; 29561.38 SD)



In 5000 simulations of Default Scenario for 100 years:
  0 went extinct and 5000 survived.

This gives a probability of extinction of 0.00000 (0.00000 SE),
  or a probability of success of          1.00000 (0.00000 SE).

Means across all populations (extant and extinct) ...
Mean final population was 307610.56 (418.06 SE; 29561.38 SD).
   Age 0   Adults    Total
    0.00153805.28 153805.28 Males
    0.00153805.28 153805.28 Females

Across all years, prior to carrying capacity truncation,
  mean growth rate (r) was 0.2761 (0.0002 SE, 0.1196 SD)

0 of 0 harvests of females could not be completed because of insufficient animals.
0 of 0 harvests of males could not be completed because of insufficient animals.
*************************************************************************

