Results from VORTEX 10.5.4.0
Project: Falco_newtoni
Scenario: Default Scenario

Population 1: Population1

Year 0
     N[Extinct] =    0, P[E] =  0.000
     N[Surviving] =  5000, P[S] =  1.000
     N[1st extinct] =  0, P[1st extinct] =  0.000
     Mean size (all populations) = 15613.00 (0.00 SE; 0.00 SD)
  Means across extant populations only:
     Population size =          15613.00 (0.00 SE; 0.00 SD)

Year 1
     N[Extinct] =    0, P[E] =  0.000
     N[Surviving] =  5000, P[S] =  1.000
     N[1st extinct] =  0, P[1st extinct] =  0.000
     Mean size (all populations) = 15607.33 (21.61 SE; 1527.84 SD)
  Means across extant populations only:
     Population size =          15607.33 (21.61 SE; 1527.84 SD)

Year 2
     N[Extinct] =    0, P[E] =  0.000
     N[Surviving] =  5000, P[S] =  1.000
     N[1st extinct] =  0, P[1st extinct] =  0.000
     Mean size (all populations) = 15558.86 (21.44 SE; 1516.25 SD)
  Means across extant populations only:
     Population size =          15558.86 (21.44 SE; 1516.25 SD)

Year 3
     N[Extinct] =    0, P[E] =  0.000
     N[Surviving] =  5000, P[S] =  1.000
     N[1st extinct] =  0, P[1st extinct] =  0.000
     Mean size (all populations) = 15564.51 (21.95 SE; 1552.45 SD)
  Means across extant populations only:
     Population size =          15564.51 (21.95 SE; 1552.45 SD)

Year 4
     N[Extinct] =    0, P[E] =  0.000
     N[Surviving] =  5000, P[S] =  1.000
     N[1st extinct] =  0, P[1st extinct] =  0.000
     Mean size (all populations) = 15552.22 (21.65 SE; 1531.09 SD)
  Means across extant populations only:
     Population size =          15552.22 (21.65 SE; 1531.09 SD)

Year 5
     N[Extinct] =    0, P[E] =  0.000
     N[Surviving] =  5000, P[S] =  1.000
     N[1st extinct] =  0, P[1st extinct] =  0.000
     Mean size (all populations) = 15588.38 (21.93 SE; 1551.03 SD)
  Means across extant populations only:
     Population size =          15588.38 (21.93 SE; 1551.03 SD)

Year 6
     N[Extinct] =    0, P[E] =  0.000
     N[Surviving] =  5000, P[S] =  1.000
     N[1st extinct] =  0, P[1st extinct] =  0.000
     Mean size (all populations) = 15555.52 (21.94 SE; 1551.67 SD)
  Means across extant populations only:
     Population size =          15555.52 (21.94 SE; 1551.67 SD)

Year 7
     N[Extinct] =    0, P[E] =  0.000
     N[Surviving] =  5000, P[S] =  1.000
     N[1st extinct] =  0, P[1st extinct] =  0.000
     Mean size (all populations) = 15567.93 (21.76 SE; 1538.34 SD)
  Means across extant populations only:
     Population size =          15567.93 (21.76 SE; 1538.34 SD)

Year 8
     N[Extinct] =    0, P[E] =  0.000
     N[Surviving] =  5000, P[S] =  1.000
     N[1st extinct] =  0, P[1st extinct] =  0.000
     Mean size (all populations) = 15584.49 (21.44 SE; 1515.91 SD)
  Means across extant populations only:
     Population size =          15584.49 (21.44 SE; 1515.91 SD)

Year 9
     N[Extinct] =    0, P[E] =  0.000
     N[Surviving] =  5000, P[S] =  1.000
     N[1st extinct] =  0, P[1st extinct] =  0.000
     Mean size (all populations) = 15614.46 (21.67 SE; 1532.42 SD)
  Means across extant populations only:
     Population size =          15614.46 (21.67 SE; 1532.42 SD)

Year 10
     N[Extinct] =    0, P[E] =  0.000
     N[Surviving] =  5000, P[S] =  1.000
     N[1st extinct] =  0, P[1st extinct] =  0.000
     Mean size (all populations) = 15566.18 (21.54 SE; 1522.86 SD)
  Means across extant populations only:
     Population size =          15566.18 (21.54 SE; 1522.86 SD)

Year 11
     N[Extinct] =    0, P[E] =  0.000
     N[Surviving] =  5000, P[S] =  1.000
     N[1st extinct] =  0, P[1st extinct] =  0.000
     Mean size (all populations) = 15607.26 (21.14 SE; 1494.94 SD)
  Means across extant populations only:
     Population size =          15607.26 (21.14 SE; 1494.94 SD)

Year 12
     N[Extinct] =    0, P[E] =  0.000
     N[Surviving] =  5000, P[S] =  1.000
     N[1st extinct] =  0, P[1st extinct] =  0.000
     Mean size (all populations) = 15619.55 (21.39 SE; 1512.41 SD)
  Means across extant populations only:
     Population size =          15619.55 (21.39 SE; 1512.41 SD)

Year 13
     N[Extinct] =    0, P[E] =  0.000
     N[Surviving] =  5000, P[S] =  1.000
     N[1st extinct] =  0, P[1st extinct] =  0.000
     Mean size (all populations) = 15563.18 (21.04 SE; 1488.03 SD)
  Means across extant populations only:
     Population size =          15563.18 (21.04 SE; 1488.03 SD)

Year 14
     N[Extinct] =    0, P[E] =  0.000
     N[Surviving] =  5000, P[S] =  1.000
     N[1st extinct] =  0, P[1st extinct] =  0.000
     Mean size (all populations) = 15581.01 (21.76 SE; 1538.88 SD)
  Means across extant populations only:
     Population size =          15581.01 (21.76 SE; 1538.88 SD)

Year 15
     N[Extinct] =    0, P[E] =  0.000
     N[Surviving] =  5000, P[S] =  1.000
     N[1st extinct] =  0, P[1st extinct] =  0.000
     Mean size (all populations) = 15603.80 (21.39 SE; 1512.19 SD)
  Means across extant populations only:
     Population size =          15603.80 (21.39 SE; 1512.19 SD)

Year 16
     N[Extinct] =    0, P[E] =  0.000
     N[Surviving] =  5000, P[S] =  1.000
     N[1st extinct] =  0, P[1st extinct] =  0.000
     Mean size (all populations) = 15538.04 (21.66 SE; 1531.82 SD)
  Means across extant populations only:
     Population size =          15538.04 (21.66 SE; 1531.82 SD)

Year 17
     N[Extinct] =    0, P[E] =  0.000
     N[Surviving] =  5000, P[S] =  1.000
     N[1st extinct] =  0, P[1st extinct] =  0.000
     Mean size (all populations) = 15570.63 (21.82 SE; 1542.65 SD)
  Means across extant populations only:
     Population size =          15570.63 (21.82 SE; 1542.65 SD)

Year 18
     N[Extinct] =    0, P[E] =  0.000
     N[Surviving] =  5000, P[S] =  1.000
     N[1st extinct] =  0, P[1st extinct] =  0.000
     Mean size (all populations) = 15588.27 (21.38 SE; 1511.86 SD)
  Means across extant populations only:
     Population size =          15588.27 (21.38 SE; 1511.86 SD)

Year 19
     N[Extinct] =    0, P[E] =  0.000
     N[Surviving] =  5000, P[S] =  1.000
     N[1st extinct] =  0, P[1st extinct] =  0.000
     Mean size (all populations) = 15597.22 (21.43 SE; 1515.11 SD)
  Means across extant populations only:
     Population size =          15597.22 (21.43 SE; 1515.11 SD)

Year 20
     N[Extinct] =    0, P[E] =  0.000
     N[Surviving] =  5000, P[S] =  1.000
     N[1st extinct] =  0, P[1st extinct] =  0.000
     Mean size (all populations) = 15572.65 (21.52 SE; 1521.52 SD)
  Means across extant populations only:
     Population size =          15572.65 (21.52 SE; 1521.52 SD)

Year 21
     N[Extinct] =    0, P[E] =  0.000
     N[Surviving] =  5000, P[S] =  1.000
     N[1st extinct] =  0, P[1st extinct] =  0.000
     Mean size (all populations) = 15574.62 (21.78 SE; 1540.12 SD)
  Means across extant populations only:
     Population size =          15574.62 (21.78 SE; 1540.12 SD)

Year 22
     N[Extinct] =    0, P[E] =  0.000
     N[Surviving] =  5000, P[S] =  1.000
     N[1st extinct] =  0, P[1st extinct] =  0.000
     Mean size (all populations) = 15591.06 (21.59 SE; 1526.49 SD)
  Means across extant populations only:
     Population size =          15591.06 (21.59 SE; 1526.49 SD)

Year 23
     N[Extinct] =    0, P[E] =  0.000
     N[Surviving] =  5000, P[S] =  1.000
     N[1st extinct] =  0, P[1st extinct] =  0.000
     Mean size (all populations) = 15585.66 (21.15 SE; 1495.59 SD)
  Means across extant populations only:
     Population size =          15585.66 (21.15 SE; 1495.59 SD)

Year 24
     N[Extinct] =    0, P[E] =  0.000
     N[Surviving] =  5000, P[S] =  1.000
     N[1st extinct] =  0, P[1st extinct] =  0.000
     Mean size (all populations) = 15566.02 (21.73 SE; 1536.24 SD)
  Means across extant populations only:
     Population size =          15566.02 (21.73 SE; 1536.24 SD)

Year 25
     N[Extinct] =    0, P[E] =  0.000
     N[Surviving] =  5000, P[S] =  1.000
     N[1st extinct] =  0, P[1st extinct] =  0.000
     Mean size (all populations) = 15554.62 (21.52 SE; 1521.56 SD)
  Means across extant populations only:
     Population size =          15554.62 (21.52 SE; 1521.56 SD)

Year 26
     N[Extinct] =    0, P[E] =  0.000
     N[Surviving] =  5000, P[S] =  1.000
     N[1st extinct] =  0, P[1st extinct] =  0.000
     Mean size (all populations) = 15563.65 (21.41 SE; 1514.14 SD)
  Means across extant populations only:
     Population size =          15563.65 (21.41 SE; 1514.14 SD)

Year 27
     N[Extinct] =    0, P[E] =  0.000
     N[Surviving] =  5000, P[S] =  1.000
     N[1st extinct] =  0, P[1st extinct] =  0.000
     Mean size (all populations) = 15603.31 (21.61 SE; 1528.20 SD)
  Means across extant populations only:
     Population size =          15603.31 (21.61 SE; 1528.20 SD)

Year 28
     N[Extinct] =    0, P[E] =  0.000
     N[Surviving] =  5000, P[S] =  1.000
     N[1st extinct] =  0, P[1st extinct] =  0.000
     Mean size (all populations) = 15582.31 (21.89 SE; 1548.11 SD)
  Means across extant populations only:
     Population size =          15582.31 (21.89 SE; 1548.11 SD)

Year 29
     N[Extinct] =    0, P[E] =  0.000
     N[Surviving] =  5000, P[S] =  1.000
     N[1st extinct] =  0, P[1st extinct] =  0.000
     Mean size (all populations) = 15589.47 (21.63 SE; 1529.30 SD)
  Means across extant populations only:
     Population size =          15589.47 (21.63 SE; 1529.30 SD)

Year 30
     N[Extinct] =    0, P[E] =  0.000
     N[Surviving] =  5000, P[S] =  1.000
     N[1st extinct] =  0, P[1st extinct] =  0.000
     Mean size (all populations) = 15578.50 (21.82 SE; 1542.56 SD)
  Means across extant populations only:
     Population size =          15578.50 (21.82 SE; 1542.56 SD)

Year 31
     N[Extinct] =    0, P[E] =  0.000
     N[Surviving] =  5000, P[S] =  1.000
     N[1st extinct] =  0, P[1st extinct] =  0.000
     Mean size (all populations) = 15560.48 (21.50 SE; 1520.27 SD)
  Means across extant populations only:
     Population size =          15560.48 (21.50 SE; 1520.27 SD)

Year 32
     N[Extinct] =    0, P[E] =  0.000
     N[Surviving] =  5000, P[S] =  1.000
     N[1st extinct] =  0, P[1st extinct] =  0.000
     Mean size (all populations) = 15578.60 (21.82 SE; 1543.21 SD)
  Means across extant populations only:
     Population size =          15578.60 (21.82 SE; 1543.21 SD)

Year 33
     N[Extinct] =    0, P[E] =  0.000
     N[Surviving] =  5000, P[S] =  1.000
     N[1st extinct] =  0, P[1st extinct] =  0.000
     Mean size (all populations) = 15586.59 (21.49 SE; 1519.74 SD)
  Means across extant populations only:
     Population size =          15586.59 (21.49 SE; 1519.74 SD)

Year 34
     N[Extinct] =    0, P[E] =  0.000
     N[Surviving] =  5000, P[S] =  1.000
     N[1st extinct] =  0, P[1st extinct] =  0.000
     Mean size (all populations) = 15578.92 (21.53 SE; 1522.21 SD)
  Means across extant populations only:
     Population size =          15578.92 (21.53 SE; 1522.21 SD)

Year 35
     N[Extinct] =    0, P[E] =  0.000
     N[Surviving] =  5000, P[S] =  1.000
     N[1st extinct] =  0, P[1st extinct] =  0.000
     Mean size (all populations) = 15605.61 (21.44 SE; 1515.69 SD)
  Means across extant populations only:
     Population size =          15605.61 (21.44 SE; 1515.69 SD)

Year 36
     N[Extinct] =    0, P[E] =  0.000
     N[Surviving] =  5000, P[S] =  1.000
     N[1st extinct] =  0, P[1st extinct] =  0.000
     Mean size (all populations) = 15552.25 (21.53 SE; 1522.62 SD)
  Means across extant populations only:
     Population size =          15552.25 (21.53 SE; 1522.62 SD)

Year 37
     N[Extinct] =    0, P[E] =  0.000
     N[Surviving] =  5000, P[S] =  1.000
     N[1st extinct] =  0, P[1st extinct] =  0.000
     Mean size (all populations) = 15541.31 (21.52 SE; 1522.03 SD)
  Means across extant populations only:
     Population size =          15541.31 (21.52 SE; 1522.03 SD)

Year 38
     N[Extinct] =    0, P[E] =  0.000
     N[Surviving] =  5000, P[S] =  1.000
     N[1st extinct] =  0, P[1st extinct] =  0.000
     Mean size (all populations) = 15589.49 (21.82 SE; 1542.62 SD)
  Means across extant populations only:
     Population size =          15589.49 (21.82 SE; 1542.62 SD)

Year 39
     N[Extinct] =    0, P[E] =  0.000
     N[Surviving] =  5000, P[S] =  1.000
     N[1st extinct] =  0, P[1st extinct] =  0.000
     Mean size (all populations) = 15548.63 (21.83 SE; 1543.82 SD)
  Means across extant populations only:
     Population size =          15548.63 (21.83 SE; 1543.82 SD)

Year 40
     N[Extinct] =    0, P[E] =  0.000
     N[Surviving] =  5000, P[S] =  1.000
     N[1st extinct] =  0, P[1st extinct] =  0.000
     Mean size (all populations) = 15603.18 (21.60 SE; 1527.37 SD)
  Means across extant populations only:
     Population size =          15603.18 (21.60 SE; 1527.37 SD)

Year 41
     N[Extinct] =    0, P[E] =  0.000
     N[Surviving] =  5000, P[S] =  1.000
     N[1st extinct] =  0, P[1st extinct] =  0.000
     Mean size (all populations) = 15604.41 (21.46 SE; 1517.19 SD)
  Means across extant populations only:
     Population size =          15604.41 (21.46 SE; 1517.19 SD)

Year 42
     N[Extinct] =    0, P[E] =  0.000
     N[Surviving] =  5000, P[S] =  1.000
     N[1st extinct] =  0, P[1st extinct] =  0.000
     Mean size (all populations) = 15554.10 (21.68 SE; 1532.84 SD)
  Means across extant populations only:
     Population size =          15554.10 (21.68 SE; 1532.84 SD)

Year 43
     N[Extinct] =    0, P[E] =  0.000
     N[Surviving] =  5000, P[S] =  1.000
     N[1st extinct] =  0, P[1st extinct] =  0.000
     Mean size (all populations) = 15567.94 (21.84 SE; 1544.27 SD)
  Means across extant populations only:
     Population size =          15567.94 (21.84 SE; 1544.27 SD)

Year 44
     N[Extinct] =    0, P[E] =  0.000
     N[Surviving] =  5000, P[S] =  1.000
     N[1st extinct] =  0, P[1st extinct] =  0.000
     Mean size (all populations) = 15580.16 (21.68 SE; 1532.98 SD)
  Means across extant populations only:
     Population size =          15580.16 (21.68 SE; 1532.98 SD)

Year 45
     N[Extinct] =    0, P[E] =  0.000
     N[Surviving] =  5000, P[S] =  1.000
     N[1st extinct] =  0, P[1st extinct] =  0.000
     Mean size (all populations) = 15567.61 (21.51 SE; 1520.73 SD)
  Means across extant populations only:
     Population size =          15567.61 (21.51 SE; 1520.73 SD)

Year 46
     N[Extinct] =    0, P[E] =  0.000
     N[Surviving] =  5000, P[S] =  1.000
     N[1st extinct] =  0, P[1st extinct] =  0.000
     Mean size (all populations) = 15532.56 (21.59 SE; 1526.33 SD)
  Means across extant populations only:
     Population size =          15532.56 (21.59 SE; 1526.33 SD)

Year 47
     N[Extinct] =    0, P[E] =  0.000
     N[Surviving] =  5000, P[S] =  1.000
     N[1st extinct] =  0, P[1st extinct] =  0.000
     Mean size (all populations) = 15602.71 (21.80 SE; 1541.28 SD)
  Means across extant populations only:
     Population size =          15602.71 (21.80 SE; 1541.28 SD)

Year 48
     N[Extinct] =    0, P[E] =  0.000
     N[Surviving] =  5000, P[S] =  1.000
     N[1st extinct] =  0, P[1st extinct] =  0.000
     Mean size (all populations) = 15572.74 (21.81 SE; 1542.41 SD)
  Means across extant populations only:
     Population size =          15572.74 (21.81 SE; 1542.41 SD)

Year 49
     N[Extinct] =    0, P[E] =  0.000
     N[Surviving] =  5000, P[S] =  1.000
     N[1st extinct] =  0, P[1st extinct] =  0.000
     Mean size (all populations) = 15548.66 (21.68 SE; 1532.80 SD)
  Means across extant populations only:
     Population size =          15548.66 (21.68 SE; 1532.80 SD)

Year 50
     N[Extinct] =    0, P[E] =  0.000
     N[Surviving] =  5000, P[S] =  1.000
     N[1st extinct] =  0, P[1st extinct] =  0.000
     Mean size (all populations) = 15591.37 (21.54 SE; 1523.25 SD)
  Means across extant populations only:
     Population size =          15591.37 (21.54 SE; 1523.25 SD)

Year 51
     N[Extinct] =    0, P[E] =  0.000
     N[Surviving] =  5000, P[S] =  1.000
     N[1st extinct] =  0, P[1st extinct] =  0.000
     Mean size (all populations) = 15566.11 (21.78 SE; 1539.92 SD)
  Means across extant populations only:
     Population size =          15566.11 (21.78 SE; 1539.92 SD)

Year 52
     N[Extinct] =    0, P[E] =  0.000
     N[Surviving] =  5000, P[S] =  1.000
     N[1st extinct] =  0, P[1st extinct] =  0.000
     Mean size (all populations) = 15553.08 (21.08 SE; 1490.75 SD)
  Means across extant populations only:
     Population size =          15553.08 (21.08 SE; 1490.75 SD)

Year 53
     N[Extinct] =    0, P[E] =  0.000
     N[Surviving] =  5000, P[S] =  1.000
     N[1st extinct] =  0, P[1st extinct] =  0.000
     Mean size (all populations) = 15583.01 (21.49 SE; 1519.24 SD)
  Means across extant populations only:
     Population size =          15583.01 (21.49 SE; 1519.24 SD)

Year 54
     N[Extinct] =    0, P[E] =  0.000
     N[Surviving] =  5000, P[S] =  1.000
     N[1st extinct] =  0, P[1st extinct] =  0.000
     Mean size (all populations) = 15609.48 (21.44 SE; 1515.89 SD)
  Means across extant populations only:
     Population size =          15609.48 (21.44 SE; 1515.89 SD)

Year 55
     N[Extinct] =    0, P[E] =  0.000
     N[Surviving] =  5000, P[S] =  1.000
     N[1st extinct] =  0, P[1st extinct] =  0.000
     Mean size (all populations) = 15578.90 (21.62 SE; 1528.73 SD)
  Means across extant populations only:
     Population size =          15578.90 (21.62 SE; 1528.73 SD)

Year 56
     N[Extinct] =    0, P[E] =  0.000
     N[Surviving] =  5000, P[S] =  1.000
     N[1st extinct] =  0, P[1st extinct] =  0.000
     Mean size (all populations) = 15573.07 (21.71 SE; 1534.85 SD)
  Means across extant populations only:
     Population size =          15573.07 (21.71 SE; 1534.85 SD)

Year 57
     N[Extinct] =    0, P[E] =  0.000
     N[Surviving] =  5000, P[S] =  1.000
     N[1st extinct] =  0, P[1st extinct] =  0.000
     Mean size (all populations) = 15526.61 (21.48 SE; 1518.89 SD)
  Means across extant populations only:
     Population size =          15526.61 (21.48 SE; 1518.89 SD)

Year 58
     N[Extinct] =    0, P[E] =  0.000
     N[Surviving] =  5000, P[S] =  1.000
     N[1st extinct] =  0, P[1st extinct] =  0.000
     Mean size (all populations) = 15604.02 (21.56 SE; 1524.29 SD)
  Means across extant populations only:
     Population size =          15604.02 (21.56 SE; 1524.29 SD)

Year 59
     N[Extinct] =    0, P[E] =  0.000
     N[Surviving] =  5000, P[S] =  1.000
     N[1st extinct] =  0, P[1st extinct] =  0.000
     Mean size (all populations) = 15603.40 (21.49 SE; 1519.65 SD)
  Means across extant populations only:
     Population size =          15603.40 (21.49 SE; 1519.65 SD)

Year 60
     N[Extinct] =    0, P[E] =  0.000
     N[Surviving] =  5000, P[S] =  1.000
     N[1st extinct] =  0, P[1st extinct] =  0.000
     Mean size (all populations) = 15560.20 (21.62 SE; 1528.99 SD)
  Means across extant populations only:
     Population size =          15560.20 (21.62 SE; 1528.99 SD)

Year 61
     N[Extinct] =    0, P[E] =  0.000
     N[Surviving] =  5000, P[S] =  1.000
     N[1st extinct] =  0, P[1st extinct] =  0.000
     Mean size (all populations) = 15536.28 (21.60 SE; 1527.69 SD)
  Means across extant populations only:
     Population size =          15536.28 (21.60 SE; 1527.69 SD)

Year 62
     N[Extinct] =    0, P[E] =  0.000
     N[Surviving] =  5000, P[S] =  1.000
     N[1st extinct] =  0, P[1st extinct] =  0.000
     Mean size (all populations) = 15546.33 (21.15 SE; 1495.44 SD)
  Means across extant populations only:
     Population size =          15546.33 (21.15 SE; 1495.44 SD)

Year 63
     N[Extinct] =    0, P[E] =  0.000
     N[Surviving] =  5000, P[S] =  1.000
     N[1st extinct] =  0, P[1st extinct] =  0.000
     Mean size (all populations) = 15611.21 (21.65 SE; 1531.23 SD)
  Means across extant populations only:
     Population size =          15611.21 (21.65 SE; 1531.23 SD)

Year 64
     N[Extinct] =    0, P[E] =  0.000
     N[Surviving] =  5000, P[S] =  1.000
     N[1st extinct] =  0, P[1st extinct] =  0.000
     Mean size (all populations) = 15584.03 (21.77 SE; 1539.23 SD)
  Means across extant populations only:
     Population size =          15584.03 (21.77 SE; 1539.23 SD)

Year 65
     N[Extinct] =    0, P[E] =  0.000
     N[Surviving] =  5000, P[S] =  1.000
     N[1st extinct] =  0, P[1st extinct] =  0.000
     Mean size (all populations) = 15596.33 (21.77 SE; 1539.39 SD)
  Means across extant populations only:
     Population size =          15596.33 (21.77 SE; 1539.39 SD)

Year 66
     N[Extinct] =    0, P[E] =  0.000
     N[Surviving] =  5000, P[S] =  1.000
     N[1st extinct] =  0, P[1st extinct] =  0.000
     Mean size (all populations) = 15540.35 (21.52 SE; 1521.37 SD)
  Means across extant populations only:
     Population size =          15540.35 (21.52 SE; 1521.37 SD)

Year 67
     N[Extinct] =    0, P[E] =  0.000
     N[Surviving] =  5000, P[S] =  1.000
     N[1st extinct] =  0, P[1st extinct] =  0.000
     Mean size (all populations) = 15579.84 (21.60 SE; 1527.10 SD)
  Means across extant populations only:
     Population size =          15579.84 (21.60 SE; 1527.10 SD)

Year 68
     N[Extinct] =    0, P[E] =  0.000
     N[Surviving] =  5000, P[S] =  1.000
     N[1st extinct] =  0, P[1st extinct] =  0.000
     Mean size (all populations) = 15586.50 (21.58 SE; 1526.26 SD)
  Means across extant populations only:
     Population size =          15586.50 (21.58 SE; 1526.26 SD)

Year 69
     N[Extinct] =    0, P[E] =  0.000
     N[Surviving] =  5000, P[S] =  1.000
     N[1st extinct] =  0, P[1st extinct] =  0.000
     Mean size (all populations) = 15548.98 (21.59 SE; 1526.92 SD)
  Means across extant populations only:
     Population size =          15548.98 (21.59 SE; 1526.92 SD)

Year 70
     N[Extinct] =    0, P[E] =  0.000
     N[Surviving] =  5000, P[S] =  1.000
     N[1st extinct] =  0, P[1st extinct] =  0.000
     Mean size (all populations) = 15550.29 (21.65 SE; 1531.04 SD)
  Means across extant populations only:
     Population size =          15550.29 (21.65 SE; 1531.04 SD)

Year 71
     N[Extinct] =    0, P[E] =  0.000
     N[Surviving] =  5000, P[S] =  1.000
     N[1st extinct] =  0, P[1st extinct] =  0.000
     Mean size (all populations) = 15555.82 (21.65 SE; 1531.10 SD)
  Means across extant populations only:
     Population size =          15555.82 (21.65 SE; 1531.10 SD)

Year 72
     N[Extinct] =    0, P[E] =  0.000
     N[Surviving] =  5000, P[S] =  1.000
     N[1st extinct] =  0, P[1st extinct] =  0.000
     Mean size (all populations) = 15547.78 (21.66 SE; 1531.77 SD)
  Means across extant populations only:
     Population size =          15547.78 (21.66 SE; 1531.77 SD)

Year 73
     N[Extinct] =    0, P[E] =  0.000
     N[Surviving] =  5000, P[S] =  1.000
     N[1st extinct] =  0, P[1st extinct] =  0.000
     Mean size (all populations) = 15601.45 (21.57 SE; 1525.46 SD)
  Means across extant populations only:
     Population size =          15601.45 (21.57 SE; 1525.46 SD)

Year 74
     N[Extinct] =    0, P[E] =  0.000
     N[Surviving] =  5000, P[S] =  1.000
     N[1st extinct] =  0, P[1st extinct] =  0.000
     Mean size (all populations) = 15584.81 (21.53 SE; 1522.24 SD)
  Means across extant populations only:
     Population size =          15584.81 (21.53 SE; 1522.24 SD)

Year 75
     N[Extinct] =    0, P[E] =  0.000
     N[Surviving] =  5000, P[S] =  1.000
     N[1st extinct] =  0, P[1st extinct] =  0.000
     Mean size (all populations) = 15573.89 (21.61 SE; 1528.16 SD)
  Means across extant populations only:
     Population size =          15573.89 (21.61 SE; 1528.16 SD)

Year 76
     N[Extinct] =    0, P[E] =  0.000
     N[Surviving] =  5000, P[S] =  1.000
     N[1st extinct] =  0, P[1st extinct] =  0.000
     Mean size (all populations) = 15560.68 (21.77 SE; 1539.42 SD)
  Means across extant populations only:
     Population size =          15560.68 (21.77 SE; 1539.42 SD)

Year 77
     N[Extinct] =    0, P[E] =  0.000
     N[Surviving] =  5000, P[S] =  1.000
     N[1st extinct] =  0, P[1st extinct] =  0.000
     Mean size (all populations) = 15598.92 (21.73 SE; 1536.50 SD)
  Means across extant populations only:
     Population size =          15598.92 (21.73 SE; 1536.50 SD)

Year 78
     N[Extinct] =    0, P[E] =  0.000
     N[Surviving] =  5000, P[S] =  1.000
     N[1st extinct] =  0, P[1st extinct] =  0.000
     Mean size (all populations) = 15574.54 (21.89 SE; 1548.14 SD)
  Means across extant populations only:
     Population size =          15574.54 (21.89 SE; 1548.14 SD)

Year 79
     N[Extinct] =    0, P[E] =  0.000
     N[Surviving] =  5000, P[S] =  1.000
     N[1st extinct] =  0, P[1st extinct] =  0.000
     Mean size (all populations) = 15550.78 (21.80 SE; 1541.30 SD)
  Means across extant populations only:
     Population size =          15550.78 (21.80 SE; 1541.30 SD)

Year 80
     N[Extinct] =    0, P[E] =  0.000
     N[Surviving] =  5000, P[S] =  1.000
     N[1st extinct] =  0, P[1st extinct] =  0.000
     Mean size (all populations) = 15517.27 (21.69 SE; 1533.78 SD)
  Means across extant populations only:
     Population size =          15517.27 (21.69 SE; 1533.78 SD)

Year 81
     N[Extinct] =    0, P[E] =  0.000
     N[Surviving] =  5000, P[S] =  1.000
     N[1st extinct] =  0, P[1st extinct] =  0.000
     Mean size (all populations) = 15595.52 (21.81 SE; 1542.46 SD)
  Means across extant populations only:
     Population size =          15595.52 (21.81 SE; 1542.46 SD)

Year 82
     N[Extinct] =    0, P[E] =  0.000
     N[Surviving] =  5000, P[S] =  1.000
     N[1st extinct] =  0, P[1st extinct] =  0.000
     Mean size (all populations) = 15602.03 (21.62 SE; 1528.43 SD)
  Means across extant populations only:
     Population size =          15602.03 (21.62 SE; 1528.43 SD)

Year 83
     N[Extinct] =    0, P[E] =  0.000
     N[Surviving] =  5000, P[S] =  1.000
     N[1st extinct] =  0, P[1st extinct] =  0.000
     Mean size (all populations) = 15535.27 (21.89 SE; 1548.10 SD)
  Means across extant populations only:
     Population size =          15535.27 (21.89 SE; 1548.10 SD)

Year 84
     N[Extinct] =    0, P[E] =  0.000
     N[Surviving] =  5000, P[S] =  1.000
     N[1st extinct] =  0, P[1st extinct] =  0.000
     Mean size (all populations) = 15571.65 (21.63 SE; 1529.28 SD)
  Means across extant populations only:
     Population size =          15571.65 (21.63 SE; 1529.28 SD)

Year 85
     N[Extinct] =    0, P[E] =  0.000
     N[Surviving] =  5000, P[S] =  1.000
     N[1st extinct] =  0, P[1st extinct] =  0.000
     Mean size (all populations) = 15583.16 (21.06 SE; 1489.34 SD)
  Means across extant populations only:
     Population size =          15583.16 (21.06 SE; 1489.34 SD)

Year 86
     N[Extinct] =    0, P[E] =  0.000
     N[Surviving] =  5000, P[S] =  1.000
     N[1st extinct] =  0, P[1st extinct] =  0.000
     Mean size (all populations) = 15613.16 (21.60 SE; 1527.10 SD)
  Means across extant populations only:
     Population size =          15613.16 (21.60 SE; 1527.10 SD)

Year 87
     N[Extinct] =    0, P[E] =  0.000
     N[Surviving] =  5000, P[S] =  1.000
     N[1st extinct] =  0, P[1st extinct] =  0.000
     Mean size (all populations) = 15600.46 (21.51 SE; 1521.02 SD)
  Means across extant populations only:
     Population size =          15600.46 (21.51 SE; 1521.02 SD)

Year 88
     N[Extinct] =    0, P[E] =  0.000
     N[Surviving] =  5000, P[S] =  1.000
     N[1st extinct] =  0, P[1st extinct] =  0.000
     Mean size (all populations) = 15578.13 (21.73 SE; 1536.27 SD)
  Means across extant populations only:
     Population size =          15578.13 (21.73 SE; 1536.27 SD)

Year 89
     N[Extinct] =    0, P[E] =  0.000
     N[Surviving] =  5000, P[S] =  1.000
     N[1st extinct] =  0, P[1st extinct] =  0.000
     Mean size (all populations) = 15552.13 (21.29 SE; 1505.22 SD)
  Means across extant populations only:
     Population size =          15552.13 (21.29 SE; 1505.22 SD)

Year 90
     N[Extinct] =    0, P[E] =  0.000
     N[Surviving] =  5000, P[S] =  1.000
     N[1st extinct] =  0, P[1st extinct] =  0.000
     Mean size (all populations) = 15607.07 (21.89 SE; 1547.81 SD)
  Means across extant populations only:
     Population size =          15607.07 (21.89 SE; 1547.81 SD)

Year 91
     N[Extinct] =    0, P[E] =  0.000
     N[Surviving] =  5000, P[S] =  1.000
     N[1st extinct] =  0, P[1st extinct] =  0.000
     Mean size (all populations) = 15616.87 (21.58 SE; 1525.79 SD)
  Means across extant populations only:
     Population size =          15616.87 (21.58 SE; 1525.79 SD)

Year 92
     N[Extinct] =    0, P[E] =  0.000
     N[Surviving] =  5000, P[S] =  1.000
     N[1st extinct] =  0, P[1st extinct] =  0.000
     Mean size (all populations) = 15587.47 (21.65 SE; 1530.65 SD)
  Means across extant populations only:
     Population size =          15587.47 (21.65 SE; 1530.65 SD)

Year 93
     N[Extinct] =    0, P[E] =  0.000
     N[Surviving] =  5000, P[S] =  1.000
     N[1st extinct] =  0, P[1st extinct] =  0.000
     Mean size (all populations) = 15597.45 (21.71 SE; 1535.01 SD)
  Means across extant populations only:
     Population size =          15597.45 (21.71 SE; 1535.01 SD)

Year 94
     N[Extinct] =    0, P[E] =  0.000
     N[Surviving] =  5000, P[S] =  1.000
     N[1st extinct] =  0, P[1st extinct] =  0.000
     Mean size (all populations) = 15602.84 (21.58 SE; 1526.22 SD)
  Means across extant populations only:
     Population size =          15602.84 (21.58 SE; 1526.22 SD)

Year 95
     N[Extinct] =    0, P[E] =  0.000
     N[Surviving] =  5000, P[S] =  1.000
     N[1st extinct] =  0, P[1st extinct] =  0.000
     Mean size (all populations) = 15594.23 (21.61 SE; 1527.99 SD)
  Means across extant populations only:
     Population size =          15594.23 (21.61 SE; 1527.99 SD)

Year 96
     N[Extinct] =    0, P[E] =  0.000
     N[Surviving] =  5000, P[S] =  1.000
     N[1st extinct] =  0, P[1st extinct] =  0.000
     Mean size (all populations) = 15549.03 (21.19 SE; 1498.53 SD)
  Means across extant populations only:
     Population size =          15549.03 (21.19 SE; 1498.53 SD)

Year 97
     N[Extinct] =    0, P[E] =  0.000
     N[Surviving] =  5000, P[S] =  1.000
     N[1st extinct] =  0, P[1st extinct] =  0.000
     Mean size (all populations) = 15546.43 (21.77 SE; 1539.28 SD)
  Means across extant populations only:
     Population size =          15546.43 (21.77 SE; 1539.28 SD)

Year 98
     N[Extinct] =    0, P[E] =  0.000
     N[Surviving] =  5000, P[S] =  1.000
     N[1st extinct] =  0, P[1st extinct] =  0.000
     Mean size (all populations) = 15561.58 (21.86 SE; 1545.46 SD)
  Means across extant populations only:
     Population size =          15561.58 (21.86 SE; 1545.46 SD)

Year 99
     N[Extinct] =    0, P[E] =  0.000
     N[Surviving] =  5000, P[S] =  1.000
     N[1st extinct] =  0, P[1st extinct] =  0.000
     Mean size (all populations) = 15562.81 (21.64 SE; 1529.91 SD)
  Means across extant populations only:
     Population size =          15562.81 (21.64 SE; 1529.91 SD)

Year 100
     N[Extinct] =    0, P[E] =  0.000
     N[Surviving] =  5000, P[S] =  1.000
     N[1st extinct] =  0, P[1st extinct] =  0.000
     Mean size (all populations) = 15550.54 (21.49 SE; 1519.85 SD)
  Means across extant populations only:
     Population size =          15550.54 (21.49 SE; 1519.85 SD)



In 5000 simulations of Default Scenario for 100 years:
  0 went extinct and 5000 survived.

This gives a probability of extinction of 0.00000 (0.00000 SE),
  or a probability of success of          1.00000 (0.00000 SE).

Means across all populations (extant and extinct) ...
Mean final population was 15550.54 (21.49 SE; 1519.85 SD).
   Age 0   Adults    Total
    0.00 7775.27   7775.27 Males
    0.00 7775.27   7775.27 Females

Across all years, prior to carrying capacity truncation,
  mean growth rate (r) was 0.3653 (0.0002 SE, 0.1087 SD)

0 of 0 harvests of females could not be completed because of insufficient animals.
0 of 0 harvests of males could not be completed because of insufficient animals.
*************************************************************************

