Results from VORTEX 10.5.4.0
Project: Rostratula_benghalensis
Scenario: Default Scenario

Population 1: Population1

Year 0
     N[Extinct] =    0, P[E] =  0.000
     N[Surviving] =  5000, P[S] =  1.000
     N[1st extinct] =  0, P[1st extinct] =  0.000
     Mean size (all populations) = 69569.00 (0.00 SE; 0.00 SD)
  Means across extant populations only:
     Population size =          69569.00 (0.00 SE; 0.00 SD)

Year 1
     N[Extinct] =    0, P[E] =  0.000
     N[Surviving] =  5000, P[S] =  1.000
     N[1st extinct] =  0, P[1st extinct] =  0.000
     Mean size (all populations) = 69528.62 (98.70 SE; 6978.99 SD)
  Means across extant populations only:
     Population size =          69528.62 (98.70 SE; 6978.99 SD)

Year 2
     N[Extinct] =    0, P[E] =  0.000
     N[Surviving] =  5000, P[S] =  1.000
     N[1st extinct] =  0, P[1st extinct] =  0.000
     Mean size (all populations) = 69419.59 (98.24 SE; 6946.42 SD)
  Means across extant populations only:
     Population size =          69419.59 (98.24 SE; 6946.42 SD)

Year 3
     N[Extinct] =    0, P[E] =  0.000
     N[Surviving] =  5000, P[S] =  1.000
     N[1st extinct] =  0, P[1st extinct] =  0.000
     Mean size (all populations) = 69702.28 (97.24 SE; 6876.12 SD)
  Means across extant populations only:
     Population size =          69702.28 (97.24 SE; 6876.12 SD)

Year 4
     N[Extinct] =    0, P[E] =  0.000
     N[Surviving] =  5000, P[S] =  1.000
     N[1st extinct] =  0, P[1st extinct] =  0.000
     Mean size (all populations) = 69655.14 (98.46 SE; 6961.89 SD)
  Means across extant populations only:
     Population size =          69655.14 (98.46 SE; 6961.89 SD)

Year 5
     N[Extinct] =    0, P[E] =  0.000
     N[Surviving] =  5000, P[S] =  1.000
     N[1st extinct] =  0, P[1st extinct] =  0.000
     Mean size (all populations) = 69655.19 (98.84 SE; 6989.13 SD)
  Means across extant populations only:
     Population size =          69655.19 (98.84 SE; 6989.13 SD)

Year 6
     N[Extinct] =    0, P[E] =  0.000
     N[Surviving] =  5000, P[S] =  1.000
     N[1st extinct] =  0, P[1st extinct] =  0.000
     Mean size (all populations) = 69675.36 (98.91 SE; 6993.72 SD)
  Means across extant populations only:
     Population size =          69675.36 (98.91 SE; 6993.72 SD)

Year 7
     N[Extinct] =    0, P[E] =  0.000
     N[Surviving] =  5000, P[S] =  1.000
     N[1st extinct] =  0, P[1st extinct] =  0.000
     Mean size (all populations) = 69519.01 (99.27 SE; 7019.13 SD)
  Means across extant populations only:
     Population size =          69519.01 (99.27 SE; 7019.13 SD)

Year 8
     N[Extinct] =    0, P[E] =  0.000
     N[Surviving] =  5000, P[S] =  1.000
     N[1st extinct] =  0, P[1st extinct] =  0.000
     Mean size (all populations) = 69719.04 (98.25 SE; 6947.34 SD)
  Means across extant populations only:
     Population size =          69719.04 (98.25 SE; 6947.34 SD)

Year 9
     N[Extinct] =    0, P[E] =  0.000
     N[Surviving] =  5000, P[S] =  1.000
     N[1st extinct] =  0, P[1st extinct] =  0.000
     Mean size (all populations) = 69613.62 (97.88 SE; 6920.86 SD)
  Means across extant populations only:
     Population size =          69613.62 (97.88 SE; 6920.86 SD)

Year 10
     N[Extinct] =    0, P[E] =  0.000
     N[Surviving] =  5000, P[S] =  1.000
     N[1st extinct] =  0, P[1st extinct] =  0.000
     Mean size (all populations) = 69563.14 (98.36 SE; 6954.78 SD)
  Means across extant populations only:
     Population size =          69563.14 (98.36 SE; 6954.78 SD)

Year 11
     N[Extinct] =    0, P[E] =  0.000
     N[Surviving] =  5000, P[S] =  1.000
     N[1st extinct] =  0, P[1st extinct] =  0.000
     Mean size (all populations) = 69428.30 (100.21 SE; 7085.92 SD)
  Means across extant populations only:
     Population size =          69428.30 (100.21 SE; 7085.92 SD)

Year 12
     N[Extinct] =    0, P[E] =  0.000
     N[Surviving] =  5000, P[S] =  1.000
     N[1st extinct] =  0, P[1st extinct] =  0.000
     Mean size (all populations) = 69548.27 (97.75 SE; 6912.09 SD)
  Means across extant populations only:
     Population size =          69548.27 (97.75 SE; 6912.09 SD)

Year 13
     N[Extinct] =    0, P[E] =  0.000
     N[Surviving] =  5000, P[S] =  1.000
     N[1st extinct] =  0, P[1st extinct] =  0.000
     Mean size (all populations) = 69414.47 (99.11 SE; 7008.04 SD)
  Means across extant populations only:
     Population size =          69414.47 (99.11 SE; 7008.04 SD)

Year 14
     N[Extinct] =    0, P[E] =  0.000
     N[Surviving] =  5000, P[S] =  1.000
     N[1st extinct] =  0, P[1st extinct] =  0.000
     Mean size (all populations) = 69602.07 (98.86 SE; 6990.70 SD)
  Means across extant populations only:
     Population size =          69602.07 (98.86 SE; 6990.70 SD)

Year 15
     N[Extinct] =    0, P[E] =  0.000
     N[Surviving] =  5000, P[S] =  1.000
     N[1st extinct] =  0, P[1st extinct] =  0.000
     Mean size (all populations) = 69836.74 (97.15 SE; 6869.20 SD)
  Means across extant populations only:
     Population size =          69836.74 (97.15 SE; 6869.20 SD)

Year 16
     N[Extinct] =    0, P[E] =  0.000
     N[Surviving] =  5000, P[S] =  1.000
     N[1st extinct] =  0, P[1st extinct] =  0.000
     Mean size (all populations) = 69366.17 (98.66 SE; 6976.31 SD)
  Means across extant populations only:
     Population size =          69366.17 (98.66 SE; 6976.31 SD)

Year 17
     N[Extinct] =    0, P[E] =  0.000
     N[Surviving] =  5000, P[S] =  1.000
     N[1st extinct] =  0, P[1st extinct] =  0.000
     Mean size (all populations) = 69413.36 (96.29 SE; 6808.93 SD)
  Means across extant populations only:
     Population size =          69413.36 (96.29 SE; 6808.93 SD)

Year 18
     N[Extinct] =    0, P[E] =  0.000
     N[Surviving] =  5000, P[S] =  1.000
     N[1st extinct] =  0, P[1st extinct] =  0.000
     Mean size (all populations) = 69565.84 (99.71 SE; 7050.61 SD)
  Means across extant populations only:
     Population size =          69565.84 (99.71 SE; 7050.61 SD)

Year 19
     N[Extinct] =    0, P[E] =  0.000
     N[Surviving] =  5000, P[S] =  1.000
     N[1st extinct] =  0, P[1st extinct] =  0.000
     Mean size (all populations) = 69528.45 (98.81 SE; 6986.76 SD)
  Means across extant populations only:
     Population size =          69528.45 (98.81 SE; 6986.76 SD)

Year 20
     N[Extinct] =    0, P[E] =  0.000
     N[Surviving] =  5000, P[S] =  1.000
     N[1st extinct] =  0, P[1st extinct] =  0.000
     Mean size (all populations) = 69672.84 (97.91 SE; 6923.45 SD)
  Means across extant populations only:
     Population size =          69672.84 (97.91 SE; 6923.45 SD)

Year 21
     N[Extinct] =    0, P[E] =  0.000
     N[Surviving] =  5000, P[S] =  1.000
     N[1st extinct] =  0, P[1st extinct] =  0.000
     Mean size (all populations) = 69600.34 (97.35 SE; 6883.69 SD)
  Means across extant populations only:
     Population size =          69600.34 (97.35 SE; 6883.69 SD)

Year 22
     N[Extinct] =    0, P[E] =  0.000
     N[Surviving] =  5000, P[S] =  1.000
     N[1st extinct] =  0, P[1st extinct] =  0.000
     Mean size (all populations) = 69551.20 (97.77 SE; 6913.24 SD)
  Means across extant populations only:
     Population size =          69551.20 (97.77 SE; 6913.24 SD)

Year 23
     N[Extinct] =    0, P[E] =  0.000
     N[Surviving] =  5000, P[S] =  1.000
     N[1st extinct] =  0, P[1st extinct] =  0.000
     Mean size (all populations) = 69597.42 (98.38 SE; 6956.63 SD)
  Means across extant populations only:
     Population size =          69597.42 (98.38 SE; 6956.63 SD)

Year 24
     N[Extinct] =    0, P[E] =  0.000
     N[Surviving] =  5000, P[S] =  1.000
     N[1st extinct] =  0, P[1st extinct] =  0.000
     Mean size (all populations) = 69567.74 (98.55 SE; 6968.62 SD)
  Means across extant populations only:
     Population size =          69567.74 (98.55 SE; 6968.62 SD)

Year 25
     N[Extinct] =    0, P[E] =  0.000
     N[Surviving] =  5000, P[S] =  1.000
     N[1st extinct] =  0, P[1st extinct] =  0.000
     Mean size (all populations) = 69442.95 (98.58 SE; 6971.00 SD)
  Means across extant populations only:
     Population size =          69442.95 (98.58 SE; 6971.00 SD)

Year 26
     N[Extinct] =    0, P[E] =  0.000
     N[Surviving] =  5000, P[S] =  1.000
     N[1st extinct] =  0, P[1st extinct] =  0.000
     Mean size (all populations) = 69630.05 (98.67 SE; 6976.80 SD)
  Means across extant populations only:
     Population size =          69630.05 (98.67 SE; 6976.80 SD)

Year 27
     N[Extinct] =    0, P[E] =  0.000
     N[Surviving] =  5000, P[S] =  1.000
     N[1st extinct] =  0, P[1st extinct] =  0.000
     Mean size (all populations) = 69417.05 (98.61 SE; 6972.97 SD)
  Means across extant populations only:
     Population size =          69417.05 (98.61 SE; 6972.97 SD)

Year 28
     N[Extinct] =    0, P[E] =  0.000
     N[Surviving] =  5000, P[S] =  1.000
     N[1st extinct] =  0, P[1st extinct] =  0.000
     Mean size (all populations) = 69478.44 (98.02 SE; 6931.20 SD)
  Means across extant populations only:
     Population size =          69478.44 (98.02 SE; 6931.20 SD)

Year 29
     N[Extinct] =    0, P[E] =  0.000
     N[Surviving] =  5000, P[S] =  1.000
     N[1st extinct] =  0, P[1st extinct] =  0.000
     Mean size (all populations) = 69502.53 (98.46 SE; 6962.50 SD)
  Means across extant populations only:
     Population size =          69502.53 (98.46 SE; 6962.50 SD)

Year 30
     N[Extinct] =    0, P[E] =  0.000
     N[Surviving] =  5000, P[S] =  1.000
     N[1st extinct] =  0, P[1st extinct] =  0.000
     Mean size (all populations) = 69470.66 (98.37 SE; 6956.10 SD)
  Means across extant populations only:
     Population size =          69470.66 (98.37 SE; 6956.10 SD)

Year 31
     N[Extinct] =    0, P[E] =  0.000
     N[Surviving] =  5000, P[S] =  1.000
     N[1st extinct] =  0, P[1st extinct] =  0.000
     Mean size (all populations) = 69555.20 (97.06 SE; 6862.99 SD)
  Means across extant populations only:
     Population size =          69555.20 (97.06 SE; 6862.99 SD)

Year 32
     N[Extinct] =    0, P[E] =  0.000
     N[Surviving] =  5000, P[S] =  1.000
     N[1st extinct] =  0, P[1st extinct] =  0.000
     Mean size (all populations) = 69571.83 (98.97 SE; 6998.50 SD)
  Means across extant populations only:
     Population size =          69571.83 (98.97 SE; 6998.50 SD)

Year 33
     N[Extinct] =    0, P[E] =  0.000
     N[Surviving] =  5000, P[S] =  1.000
     N[1st extinct] =  0, P[1st extinct] =  0.000
     Mean size (all populations) = 69359.16 (99.83 SE; 7058.85 SD)
  Means across extant populations only:
     Population size =          69359.16 (99.83 SE; 7058.85 SD)

Year 34
     N[Extinct] =    0, P[E] =  0.000
     N[Surviving] =  5000, P[S] =  1.000
     N[1st extinct] =  0, P[1st extinct] =  0.000
     Mean size (all populations) = 69612.65 (97.24 SE; 6875.85 SD)
  Means across extant populations only:
     Population size =          69612.65 (97.24 SE; 6875.85 SD)

Year 35
     N[Extinct] =    0, P[E] =  0.000
     N[Surviving] =  5000, P[S] =  1.000
     N[1st extinct] =  0, P[1st extinct] =  0.000
     Mean size (all populations) = 69637.55 (98.43 SE; 6960.17 SD)
  Means across extant populations only:
     Population size =          69637.55 (98.43 SE; 6960.17 SD)

Year 36
     N[Extinct] =    0, P[E] =  0.000
     N[Surviving] =  5000, P[S] =  1.000
     N[1st extinct] =  0, P[1st extinct] =  0.000
     Mean size (all populations) = 69659.24 (97.45 SE; 6890.79 SD)
  Means across extant populations only:
     Population size =          69659.24 (97.45 SE; 6890.79 SD)

Year 37
     N[Extinct] =    0, P[E] =  0.000
     N[Surviving] =  5000, P[S] =  1.000
     N[1st extinct] =  0, P[1st extinct] =  0.000
     Mean size (all populations) = 69447.57 (99.73 SE; 7051.94 SD)
  Means across extant populations only:
     Population size =          69447.57 (99.73 SE; 7051.94 SD)

Year 38
     N[Extinct] =    0, P[E] =  0.000
     N[Surviving] =  5000, P[S] =  1.000
     N[1st extinct] =  0, P[1st extinct] =  0.000
     Mean size (all populations) = 69729.56 (98.60 SE; 6972.37 SD)
  Means across extant populations only:
     Population size =          69729.56 (98.60 SE; 6972.37 SD)

Year 39
     N[Extinct] =    0, P[E] =  0.000
     N[Surviving] =  5000, P[S] =  1.000
     N[1st extinct] =  0, P[1st extinct] =  0.000
     Mean size (all populations) = 69830.82 (98.31 SE; 6951.82 SD)
  Means across extant populations only:
     Population size =          69830.82 (98.31 SE; 6951.82 SD)

Year 40
     N[Extinct] =    0, P[E] =  0.000
     N[Surviving] =  5000, P[S] =  1.000
     N[1st extinct] =  0, P[1st extinct] =  0.000
     Mean size (all populations) = 69774.81 (96.14 SE; 6797.98 SD)
  Means across extant populations only:
     Population size =          69774.81 (96.14 SE; 6797.98 SD)

Year 41
     N[Extinct] =    0, P[E] =  0.000
     N[Surviving] =  5000, P[S] =  1.000
     N[1st extinct] =  0, P[1st extinct] =  0.000
     Mean size (all populations) = 69558.01 (96.06 SE; 6792.44 SD)
  Means across extant populations only:
     Population size =          69558.01 (96.06 SE; 6792.44 SD)

Year 42
     N[Extinct] =    0, P[E] =  0.000
     N[Surviving] =  5000, P[S] =  1.000
     N[1st extinct] =  0, P[1st extinct] =  0.000
     Mean size (all populations) = 69512.04 (97.99 SE; 6928.69 SD)
  Means across extant populations only:
     Population size =          69512.04 (97.99 SE; 6928.69 SD)

Year 43
     N[Extinct] =    0, P[E] =  0.000
     N[Surviving] =  5000, P[S] =  1.000
     N[1st extinct] =  0, P[1st extinct] =  0.000
     Mean size (all populations) = 69669.93 (98.48 SE; 6963.56 SD)
  Means across extant populations only:
     Population size =          69669.93 (98.48 SE; 6963.56 SD)

Year 44
     N[Extinct] =    0, P[E] =  0.000
     N[Surviving] =  5000, P[S] =  1.000
     N[1st extinct] =  0, P[1st extinct] =  0.000
     Mean size (all populations) = 69735.59 (98.09 SE; 6936.24 SD)
  Means across extant populations only:
     Population size =          69735.59 (98.09 SE; 6936.24 SD)

Year 45
     N[Extinct] =    0, P[E] =  0.000
     N[Surviving] =  5000, P[S] =  1.000
     N[1st extinct] =  0, P[1st extinct] =  0.000
     Mean size (all populations) = 69609.59 (98.55 SE; 6968.38 SD)
  Means across extant populations only:
     Population size =          69609.59 (98.55 SE; 6968.38 SD)

Year 46
     N[Extinct] =    0, P[E] =  0.000
     N[Surviving] =  5000, P[S] =  1.000
     N[1st extinct] =  0, P[1st extinct] =  0.000
     Mean size (all populations) = 69515.52 (96.26 SE; 6806.54 SD)
  Means across extant populations only:
     Population size =          69515.52 (96.26 SE; 6806.54 SD)

Year 47
     N[Extinct] =    0, P[E] =  0.000
     N[Surviving] =  5000, P[S] =  1.000
     N[1st extinct] =  0, P[1st extinct] =  0.000
     Mean size (all populations) = 69457.48 (99.19 SE; 7014.05 SD)
  Means across extant populations only:
     Population size =          69457.48 (99.19 SE; 7014.05 SD)

Year 48
     N[Extinct] =    0, P[E] =  0.000
     N[Surviving] =  5000, P[S] =  1.000
     N[1st extinct] =  0, P[1st extinct] =  0.000
     Mean size (all populations) = 69619.38 (96.89 SE; 6850.94 SD)
  Means across extant populations only:
     Population size =          69619.38 (96.89 SE; 6850.94 SD)

Year 49
     N[Extinct] =    0, P[E] =  0.000
     N[Surviving] =  5000, P[S] =  1.000
     N[1st extinct] =  0, P[1st extinct] =  0.000
     Mean size (all populations) = 69510.25 (98.73 SE; 6981.39 SD)
  Means across extant populations only:
     Population size =          69510.25 (98.73 SE; 6981.39 SD)

Year 50
     N[Extinct] =    0, P[E] =  0.000
     N[Surviving] =  5000, P[S] =  1.000
     N[1st extinct] =  0, P[1st extinct] =  0.000
     Mean size (all populations) = 69539.78 (97.46 SE; 6891.26 SD)
  Means across extant populations only:
     Population size =          69539.78 (97.46 SE; 6891.26 SD)

Year 51
     N[Extinct] =    0, P[E] =  0.000
     N[Surviving] =  5000, P[S] =  1.000
     N[1st extinct] =  0, P[1st extinct] =  0.000
     Mean size (all populations) = 69570.63 (96.69 SE; 6836.86 SD)
  Means across extant populations only:
     Population size =          69570.63 (96.69 SE; 6836.86 SD)

Year 52
     N[Extinct] =    0, P[E] =  0.000
     N[Surviving] =  5000, P[S] =  1.000
     N[1st extinct] =  0, P[1st extinct] =  0.000
     Mean size (all populations) = 69438.23 (96.98 SE; 6857.61 SD)
  Means across extant populations only:
     Population size =          69438.23 (96.98 SE; 6857.61 SD)

Year 53
     N[Extinct] =    0, P[E] =  0.000
     N[Surviving] =  5000, P[S] =  1.000
     N[1st extinct] =  0, P[1st extinct] =  0.000
     Mean size (all populations) = 69613.33 (98.23 SE; 6945.98 SD)
  Means across extant populations only:
     Population size =          69613.33 (98.23 SE; 6945.98 SD)

Year 54
     N[Extinct] =    0, P[E] =  0.000
     N[Surviving] =  5000, P[S] =  1.000
     N[1st extinct] =  0, P[1st extinct] =  0.000
     Mean size (all populations) = 69483.56 (98.70 SE; 6978.86 SD)
  Means across extant populations only:
     Population size =          69483.56 (98.70 SE; 6978.86 SD)

Year 55
     N[Extinct] =    0, P[E] =  0.000
     N[Surviving] =  5000, P[S] =  1.000
     N[1st extinct] =  0, P[1st extinct] =  0.000
     Mean size (all populations) = 69401.50 (97.69 SE; 6907.98 SD)
  Means across extant populations only:
     Population size =          69401.50 (97.69 SE; 6907.98 SD)

Year 56
     N[Extinct] =    0, P[E] =  0.000
     N[Surviving] =  5000, P[S] =  1.000
     N[1st extinct] =  0, P[1st extinct] =  0.000
     Mean size (all populations) = 69680.01 (99.01 SE; 7001.18 SD)
  Means across extant populations only:
     Population size =          69680.01 (99.01 SE; 7001.18 SD)

Year 57
     N[Extinct] =    0, P[E] =  0.000
     N[Surviving] =  5000, P[S] =  1.000
     N[1st extinct] =  0, P[1st extinct] =  0.000
     Mean size (all populations) = 69558.75 (99.26 SE; 7018.40 SD)
  Means across extant populations only:
     Population size =          69558.75 (99.26 SE; 7018.40 SD)

Year 58
     N[Extinct] =    0, P[E] =  0.000
     N[Surviving] =  5000, P[S] =  1.000
     N[1st extinct] =  0, P[1st extinct] =  0.000
     Mean size (all populations) = 69643.27 (98.61 SE; 6972.87 SD)
  Means across extant populations only:
     Population size =          69643.27 (98.61 SE; 6972.87 SD)

Year 59
     N[Extinct] =    0, P[E] =  0.000
     N[Surviving] =  5000, P[S] =  1.000
     N[1st extinct] =  0, P[1st extinct] =  0.000
     Mean size (all populations) = 69459.43 (98.48 SE; 6963.50 SD)
  Means across extant populations only:
     Population size =          69459.43 (98.48 SE; 6963.50 SD)

Year 60
     N[Extinct] =    0, P[E] =  0.000
     N[Surviving] =  5000, P[S] =  1.000
     N[1st extinct] =  0, P[1st extinct] =  0.000
     Mean size (all populations) = 69488.67 (98.76 SE; 6983.19 SD)
  Means across extant populations only:
     Population size =          69488.67 (98.76 SE; 6983.19 SD)

Year 61
     N[Extinct] =    0, P[E] =  0.000
     N[Surviving] =  5000, P[S] =  1.000
     N[1st extinct] =  0, P[1st extinct] =  0.000
     Mean size (all populations) = 69559.50 (97.62 SE; 6902.76 SD)
  Means across extant populations only:
     Population size =          69559.50 (97.62 SE; 6902.76 SD)

Year 62
     N[Extinct] =    0, P[E] =  0.000
     N[Surviving] =  5000, P[S] =  1.000
     N[1st extinct] =  0, P[1st extinct] =  0.000
     Mean size (all populations) = 69536.19 (98.25 SE; 6947.22 SD)
  Means across extant populations only:
     Population size =          69536.19 (98.25 SE; 6947.22 SD)

Year 63
     N[Extinct] =    0, P[E] =  0.000
     N[Surviving] =  5000, P[S] =  1.000
     N[1st extinct] =  0, P[1st extinct] =  0.000
     Mean size (all populations) = 69469.33 (98.63 SE; 6973.97 SD)
  Means across extant populations only:
     Population size =          69469.33 (98.63 SE; 6973.97 SD)

Year 64
     N[Extinct] =    0, P[E] =  0.000
     N[Surviving] =  5000, P[S] =  1.000
     N[1st extinct] =  0, P[1st extinct] =  0.000
     Mean size (all populations) = 69498.86 (97.99 SE; 6928.60 SD)
  Means across extant populations only:
     Population size =          69498.86 (97.99 SE; 6928.60 SD)

Year 65
     N[Extinct] =    0, P[E] =  0.000
     N[Surviving] =  5000, P[S] =  1.000
     N[1st extinct] =  0, P[1st extinct] =  0.000
     Mean size (all populations) = 69542.01 (97.61 SE; 6901.89 SD)
  Means across extant populations only:
     Population size =          69542.01 (97.61 SE; 6901.89 SD)

Year 66
     N[Extinct] =    0, P[E] =  0.000
     N[Surviving] =  5000, P[S] =  1.000
     N[1st extinct] =  0, P[1st extinct] =  0.000
     Mean size (all populations) = 69492.72 (97.75 SE; 6912.25 SD)
  Means across extant populations only:
     Population size =          69492.72 (97.75 SE; 6912.25 SD)

Year 67
     N[Extinct] =    0, P[E] =  0.000
     N[Surviving] =  5000, P[S] =  1.000
     N[1st extinct] =  0, P[1st extinct] =  0.000
     Mean size (all populations) = 69738.38 (97.03 SE; 6861.35 SD)
  Means across extant populations only:
     Population size =          69738.38 (97.03 SE; 6861.35 SD)

Year 68
     N[Extinct] =    0, P[E] =  0.000
     N[Surviving] =  5000, P[S] =  1.000
     N[1st extinct] =  0, P[1st extinct] =  0.000
     Mean size (all populations) = 69455.85 (97.68 SE; 6907.24 SD)
  Means across extant populations only:
     Population size =          69455.85 (97.68 SE; 6907.24 SD)

Year 69
     N[Extinct] =    0, P[E] =  0.000
     N[Surviving] =  5000, P[S] =  1.000
     N[1st extinct] =  0, P[1st extinct] =  0.000
     Mean size (all populations) = 69496.17 (97.37 SE; 6885.09 SD)
  Means across extant populations only:
     Population size =          69496.17 (97.37 SE; 6885.09 SD)

Year 70
     N[Extinct] =    0, P[E] =  0.000
     N[Surviving] =  5000, P[S] =  1.000
     N[1st extinct] =  0, P[1st extinct] =  0.000
     Mean size (all populations) = 69502.79 (97.79 SE; 6915.01 SD)
  Means across extant populations only:
     Population size =          69502.79 (97.79 SE; 6915.01 SD)

Year 71
     N[Extinct] =    0, P[E] =  0.000
     N[Surviving] =  5000, P[S] =  1.000
     N[1st extinct] =  0, P[1st extinct] =  0.000
     Mean size (all populations) = 69595.20 (98.02 SE; 6931.15 SD)
  Means across extant populations only:
     Population size =          69595.20 (98.02 SE; 6931.15 SD)

Year 72
     N[Extinct] =    0, P[E] =  0.000
     N[Surviving] =  5000, P[S] =  1.000
     N[1st extinct] =  0, P[1st extinct] =  0.000
     Mean size (all populations) = 69571.37 (96.69 SE; 6836.97 SD)
  Means across extant populations only:
     Population size =          69571.37 (96.69 SE; 6836.97 SD)

Year 73
     N[Extinct] =    0, P[E] =  0.000
     N[Surviving] =  5000, P[S] =  1.000
     N[1st extinct] =  0, P[1st extinct] =  0.000
     Mean size (all populations) = 69629.99 (98.94 SE; 6995.89 SD)
  Means across extant populations only:
     Population size =          69629.99 (98.94 SE; 6995.89 SD)

Year 74
     N[Extinct] =    0, P[E] =  0.000
     N[Surviving] =  5000, P[S] =  1.000
     N[1st extinct] =  0, P[1st extinct] =  0.000
     Mean size (all populations) = 69616.26 (98.75 SE; 6982.39 SD)
  Means across extant populations only:
     Population size =          69616.26 (98.75 SE; 6982.39 SD)

Year 75
     N[Extinct] =    0, P[E] =  0.000
     N[Surviving] =  5000, P[S] =  1.000
     N[1st extinct] =  0, P[1st extinct] =  0.000
     Mean size (all populations) = 69610.07 (97.87 SE; 6920.64 SD)
  Means across extant populations only:
     Population size =          69610.07 (97.87 SE; 6920.64 SD)

Year 76
     N[Extinct] =    0, P[E] =  0.000
     N[Surviving] =  5000, P[S] =  1.000
     N[1st extinct] =  0, P[1st extinct] =  0.000
     Mean size (all populations) = 69727.98 (99.50 SE; 7035.87 SD)
  Means across extant populations only:
     Population size =          69727.98 (99.50 SE; 7035.87 SD)

Year 77
     N[Extinct] =    0, P[E] =  0.000
     N[Surviving] =  5000, P[S] =  1.000
     N[1st extinct] =  0, P[1st extinct] =  0.000
     Mean size (all populations) = 69536.85 (99.92 SE; 7065.51 SD)
  Means across extant populations only:
     Population size =          69536.85 (99.92 SE; 7065.51 SD)

Year 78
     N[Extinct] =    0, P[E] =  0.000
     N[Surviving] =  5000, P[S] =  1.000
     N[1st extinct] =  0, P[1st extinct] =  0.000
     Mean size (all populations) = 69472.37 (99.95 SE; 7067.31 SD)
  Means across extant populations only:
     Population size =          69472.37 (99.95 SE; 7067.31 SD)

Year 79
     N[Extinct] =    0, P[E] =  0.000
     N[Surviving] =  5000, P[S] =  1.000
     N[1st extinct] =  0, P[1st extinct] =  0.000
     Mean size (all populations) = 69311.94 (97.72 SE; 6909.65 SD)
  Means across extant populations only:
     Population size =          69311.94 (97.72 SE; 6909.65 SD)

Year 80
     N[Extinct] =    0, P[E] =  0.000
     N[Surviving] =  5000, P[S] =  1.000
     N[1st extinct] =  0, P[1st extinct] =  0.000
     Mean size (all populations) = 69559.10 (100.14 SE; 7081.10 SD)
  Means across extant populations only:
     Population size =          69559.10 (100.14 SE; 7081.10 SD)

Year 81
     N[Extinct] =    0, P[E] =  0.000
     N[Surviving] =  5000, P[S] =  1.000
     N[1st extinct] =  0, P[1st extinct] =  0.000
     Mean size (all populations) = 69649.43 (98.10 SE; 6936.68 SD)
  Means across extant populations only:
     Population size =          69649.43 (98.10 SE; 6936.68 SD)

Year 82
     N[Extinct] =    0, P[E] =  0.000
     N[Surviving] =  5000, P[S] =  1.000
     N[1st extinct] =  0, P[1st extinct] =  0.000
     Mean size (all populations) = 69407.34 (99.12 SE; 7008.94 SD)
  Means across extant populations only:
     Population size =          69407.34 (99.12 SE; 7008.94 SD)

Year 83
     N[Extinct] =    0, P[E] =  0.000
     N[Surviving] =  5000, P[S] =  1.000
     N[1st extinct] =  0, P[1st extinct] =  0.000
     Mean size (all populations) = 69537.97 (99.56 SE; 7040.24 SD)
  Means across extant populations only:
     Population size =          69537.97 (99.56 SE; 7040.24 SD)

Year 84
     N[Extinct] =    0, P[E] =  0.000
     N[Surviving] =  5000, P[S] =  1.000
     N[1st extinct] =  0, P[1st extinct] =  0.000
     Mean size (all populations) = 69650.53 (99.40 SE; 7028.86 SD)
  Means across extant populations only:
     Population size =          69650.53 (99.40 SE; 7028.86 SD)

Year 85
     N[Extinct] =    0, P[E] =  0.000
     N[Surviving] =  5000, P[S] =  1.000
     N[1st extinct] =  0, P[1st extinct] =  0.000
     Mean size (all populations) = 69495.27 (98.09 SE; 6936.26 SD)
  Means across extant populations only:
     Population size =          69495.27 (98.09 SE; 6936.26 SD)

Year 86
     N[Extinct] =    0, P[E] =  0.000
     N[Surviving] =  5000, P[S] =  1.000
     N[1st extinct] =  0, P[1st extinct] =  0.000
     Mean size (all populations) = 69548.16 (98.35 SE; 6954.53 SD)
  Means across extant populations only:
     Population size =          69548.16 (98.35 SE; 6954.53 SD)

Year 87
     N[Extinct] =    0, P[E] =  0.000
     N[Surviving] =  5000, P[S] =  1.000
     N[1st extinct] =  0, P[1st extinct] =  0.000
     Mean size (all populations) = 69712.66 (98.46 SE; 6962.27 SD)
  Means across extant populations only:
     Population size =          69712.66 (98.46 SE; 6962.27 SD)

Year 88
     N[Extinct] =    0, P[E] =  0.000
     N[Surviving] =  5000, P[S] =  1.000
     N[1st extinct] =  0, P[1st extinct] =  0.000
     Mean size (all populations) = 69474.06 (98.91 SE; 6994.10 SD)
  Means across extant populations only:
     Population size =          69474.06 (98.91 SE; 6994.10 SD)

Year 89
     N[Extinct] =    0, P[E] =  0.000
     N[Surviving] =  5000, P[S] =  1.000
     N[1st extinct] =  0, P[1st extinct] =  0.000
     Mean size (all populations) = 69570.27 (98.94 SE; 6995.80 SD)
  Means across extant populations only:
     Population size =          69570.27 (98.94 SE; 6995.80 SD)

Year 90
     N[Extinct] =    0, P[E] =  0.000
     N[Surviving] =  5000, P[S] =  1.000
     N[1st extinct] =  0, P[1st extinct] =  0.000
     Mean size (all populations) = 69717.04 (98.24 SE; 6946.29 SD)
  Means across extant populations only:
     Population size =          69717.04 (98.24 SE; 6946.29 SD)

Year 91
     N[Extinct] =    0, P[E] =  0.000
     N[Surviving] =  5000, P[S] =  1.000
     N[1st extinct] =  0, P[1st extinct] =  0.000
     Mean size (all populations) = 69556.03 (97.61 SE; 6901.80 SD)
  Means across extant populations only:
     Population size =          69556.03 (97.61 SE; 6901.80 SD)

Year 92
     N[Extinct] =    0, P[E] =  0.000
     N[Surviving] =  5000, P[S] =  1.000
     N[1st extinct] =  0, P[1st extinct] =  0.000
     Mean size (all populations) = 69570.01 (95.81 SE; 6774.58 SD)
  Means across extant populations only:
     Population size =          69570.01 (95.81 SE; 6774.58 SD)

Year 93
     N[Extinct] =    0, P[E] =  0.000
     N[Surviving] =  5000, P[S] =  1.000
     N[1st extinct] =  0, P[1st extinct] =  0.000
     Mean size (all populations) = 69631.51 (98.63 SE; 6974.47 SD)
  Means across extant populations only:
     Population size =          69631.51 (98.63 SE; 6974.47 SD)

Year 94
     N[Extinct] =    0, P[E] =  0.000
     N[Surviving] =  5000, P[S] =  1.000
     N[1st extinct] =  0, P[1st extinct] =  0.000
     Mean size (all populations) = 69582.38 (98.09 SE; 6935.96 SD)
  Means across extant populations only:
     Population size =          69582.38 (98.09 SE; 6935.96 SD)

Year 95
     N[Extinct] =    0, P[E] =  0.000
     N[Surviving] =  5000, P[S] =  1.000
     N[1st extinct] =  0, P[1st extinct] =  0.000
     Mean size (all populations) = 69554.69 (97.52 SE; 6895.98 SD)
  Means across extant populations only:
     Population size =          69554.69 (97.52 SE; 6895.98 SD)

Year 96
     N[Extinct] =    0, P[E] =  0.000
     N[Surviving] =  5000, P[S] =  1.000
     N[1st extinct] =  0, P[1st extinct] =  0.000
     Mean size (all populations) = 69676.68 (97.86 SE; 6919.86 SD)
  Means across extant populations only:
     Population size =          69676.68 (97.86 SE; 6919.86 SD)

Year 97
     N[Extinct] =    0, P[E] =  0.000
     N[Surviving] =  5000, P[S] =  1.000
     N[1st extinct] =  0, P[1st extinct] =  0.000
     Mean size (all populations) = 69641.59 (99.80 SE; 7056.68 SD)
  Means across extant populations only:
     Population size =          69641.59 (99.80 SE; 7056.68 SD)

Year 98
     N[Extinct] =    0, P[E] =  0.000
     N[Surviving] =  5000, P[S] =  1.000
     N[1st extinct] =  0, P[1st extinct] =  0.000
     Mean size (all populations) = 69417.27 (98.11 SE; 6937.11 SD)
  Means across extant populations only:
     Population size =          69417.27 (98.11 SE; 6937.11 SD)

Year 99
     N[Extinct] =    0, P[E] =  0.000
     N[Surviving] =  5000, P[S] =  1.000
     N[1st extinct] =  0, P[1st extinct] =  0.000
     Mean size (all populations) = 69537.94 (98.17 SE; 6941.37 SD)
  Means across extant populations only:
     Population size =          69537.94 (98.17 SE; 6941.37 SD)

Year 100
     N[Extinct] =    0, P[E] =  0.000
     N[Surviving] =  5000, P[S] =  1.000
     N[1st extinct] =  0, P[1st extinct] =  0.000
     Mean size (all populations) = 69449.66 (99.33 SE; 7023.64 SD)
  Means across extant populations only:
     Population size =          69449.66 (99.33 SE; 7023.64 SD)



In 5000 simulations of Default Scenario for 100 years:
  0 went extinct and 5000 survived.

This gives a probability of extinction of 0.00000 (0.00000 SE),
  or a probability of success of          1.00000 (0.00000 SE).

Means across all populations (extant and extinct) ...
Mean final population was 69449.66 (99.33 SE; 7023.64 SD).
   Age 0   Adults    Total
    0.0034724.84  34724.84 Males
    0.0034724.81  34724.81 Females

Across all years, prior to carrying capacity truncation,
  mean growth rate (r) was 0.5507 (0.0001 SE, 0.0918 SD)

0 of 0 harvests of females could not be completed because of insufficient animals.
0 of 0 harvests of males could not be completed because of insufficient animals.
*************************************************************************

